#
# There is insufficient memory for the Java Runtime Environment to continue.
# Native memory allocation (mmap) failed to map 52428800 bytes for G1 virtual space
# Possible reasons:
#   The system is out of physical RAM or swap space
#   The process is running with CompressedOops enabled, and the Java Heap may be blocking the growth of the native heap
# Possible solutions:
#   Reduce memory load on the system
#   Increase physical memory or swap space
#   Check if swap backing store is full
#   Decrease Java heap size (-Xmx/-Xms)
#   Decrease number of Java threads
#   Decrease Java thread stack sizes (-Xss)
#   Set larger code cache with -XX:ReservedCodeCacheSize=
#   JVM is running with Unscaled Compressed Oops mode in which the Java heap is
#     placed in the first 4GB address space. The Java Heap base address is the
#     maximum limit for the native heap growth. Please use -XX:HeapBaseMinAddress
#     to set the Java Heap base and to place the Java Heap above 4GB virtual address.
# This output file may be truncated or incomplete.
#
#  Out of Memory Error (os_windows.cpp:3769), pid=23960, tid=19220
#
# JRE version: OpenJDK Runtime Environment (17.0.6) (build 17.0.6+0-b2043.56-9586694)
# Java VM: OpenJDK 64-Bit Server VM (17.0.6+0-b2043.56-9586694, mixed mode, tiered, compressed oops, compressed class ptrs, g1 gc, windows-amd64)
# No core dump will be written. Minidumps are not enabled by default on client versions of Windows
#

---------------  S U M M A R Y ------------

Command Line: --add-opens=java.base/java.util=ALL-UNNAMED --add-opens=java.base/java.lang=ALL-UNNAMED --add-opens=java.base/java.lang.invoke=ALL-UNNAMED --add-opens=java.base/java.util=ALL-UNNAMED --add-opens=java.prefs/java.util.prefs=ALL-UNNAMED --add-opens=java.prefs/java.util.prefs=ALL-UNNAMED --add-opens=java.base/java.nio.charset=ALL-UNNAMED --add-opens=java.base/java.net=ALL-UNNAMED --add-opens=java.base/java.util.concurrent.atomic=ALL-UNNAMED -Xmx2048m -Dfile.encoding=UTF-8 -Duser.country=US -Duser.language=en -Duser.variant org.gradle.launcher.daemon.bootstrap.GradleDaemon 7.5

Host: 11th Gen Intel(R) Core(TM) i7-1185G7 @ 3.00GHz, 8 cores, 15G,  Windows 11 , 64 bit Build 22621 (10.0.22621.1485)
Time: Sun May  7 22:17:34 2023 FLE Daylight Time elapsed time: 15.476032 seconds (0d 0h 0m 15s)

---------------  T H R E A D  ---------------

Current thread (0x000002a8547ded10):  VMThread "VM Thread" [stack: 0x000000f3ed200000,0x000000f3ed300000] [id=19220]

Stack: [0x000000f3ed200000,0x000000f3ed300000]
Native frames: (J=compiled Java code, j=interpreted, Vv=VM code, C=native code)
V  [jvm.dll+0x683b4a]
V  [jvm.dll+0x842654]
V  [jvm.dll+0x843dfe]
V  [jvm.dll+0x844463]
V  [jvm.dll+0x249b75]
V  [jvm.dll+0x680a19]
V  [jvm.dll+0x674f0a]
V  [jvm.dll+0x309acb]
V  [jvm.dll+0x310f86]
V  [jvm.dll+0x3608ee]
V  [jvm.dll+0x360b1f]
V  [jvm.dll+0x2dfbf8]
V  [jvm.dll+0x2ddec4]
V  [jvm.dll+0x2dd4cc]
V  [jvm.dll+0x322261]
V  [jvm.dll+0x84893b]
V  [jvm.dll+0x849674]
V  [jvm.dll+0x849b8d]
V  [jvm.dll+0x849f64]
V  [jvm.dll+0x84a030]
V  [jvm.dll+0x7f25fa]
V  [jvm.dll+0x682985]
C  [ucrtbase.dll+0x29363]
C  [KERNEL32.DLL+0x1269d]
C  [ntdll.dll+0x5a9f8]

VM_Operation (0x000000f3f5bf9000): G1TryInitiateConcMark, mode: safepoint, requested by thread 0x000002a85a709860


---------------  P R O C E S S  ---------------

Threads class SMR info:
_java_thread_list=0x000002a85cf17e90, length=136, elements={
0x000002a83a96b080, 0x000002a8547cc640, 0x000002a855038660, 0x000002a855084d90,
0x000002a855085650, 0x000002a855087f20, 0x000002a8550887e0, 0x000002a8550893d0,
0x000002a855089d80, 0x000002a85508fb90, 0x000002a85521e350, 0x000002a85521e820,
0x000002a855258b20, 0x000002a857ab4900, 0x000002a856b0f370, 0x000002a85657c270,
0x000002a856b358e0, 0x000002a858756420, 0x000002a856235b00, 0x000002a856238180,
0x000002a856235fd0, 0x000002a856236970, 0x000002a856238b20, 0x000002a856236e40,
0x000002a856237310, 0x000002a8562377e0, 0x000002a85a6ecaa0, 0x000002a856237cb0,
0x000002a856238650, 0x000002a856235160, 0x000002a858bc0140, 0x000002a858bc3b00,
0x000002a858bc6180, 0x000002a858bc3fd0, 0x000002a858bc0610, 0x000002a858bc0fb0,
0x000002a858bc6ff0, 0x000002a858bc4970, 0x000002a858bc3630, 0x000002a858bc0ae0,
0x000002a858bc22f0, 0x000002a858bc1e20, 0x000002a858bc6650, 0x000002a858bc57e0,
0x000002a858bc5310, 0x000002a858bc6b20, 0x000002a858bc2c90, 0x000002a85afc69f0,
0x000002a85afc2690, 0x000002a85afc39d0, 0x000002a85afc09b0, 0x000002a85afc21c0,
0x000002a85afc2b60, 0x000002a85afc51e0, 0x000002a85afc7390, 0x000002a85afc0e80,
0x000002a85afc56b0, 0x000002a85afc6ec0, 0x000002a85afc3030, 0x000002a85afc3ea0,
0x000002a85afc7860, 0x000002a85afc1350, 0x000002a85afc4840, 0x000002a85afc0010,
0x000002a85afc1cf0, 0x000002a85afc04e0, 0x000002a85afc4370, 0x000002a85afc1820,
0x000002a85afc4d10, 0x000002a85afc3500, 0x000002a85afc5b80, 0x000002a85afc6050,
0x000002a85afc6520, 0x000002a85ada2080, 0x000002a85ada1bb0, 0x000002a85ada5570,
0x000002a85ada3d60, 0x000002a85ada2ef0, 0x000002a85ad9fed0, 0x000002a85ada0870,
0x000002a85ada5a40, 0x000002a85ada2550, 0x000002a85ada0d40, 0x000002a85ada4700,
0x000002a85ada2a20, 0x000002a85ada5f10, 0x000002a85ada16e0, 0x000002a85ada33c0,
0x000002a85ada4230, 0x000002a85ada3890, 0x000002a85ada4bd0, 0x000002a85ada1210,
0x000002a85ada03a0, 0x000002a85ada50a0, 0x000002a85ada63e0, 0x000002a85ada68b0,
0x000002a85ad9f060, 0x000002a85ad9fa00, 0x000002a85ad9f530, 0x000002a85584e0e0,
0x000002a85584e5b0, 0x000002a85584f420, 0x000002a8558498b0, 0x000002a855848570,
0x000002a85584ea80, 0x000002a85584cda0, 0x000002a85584fdc0, 0x000002a85584f8f0,
0x000002a8558493e0, 0x000002a855848a40, 0x000002a85584ef50, 0x000002a85584dc10,
0x000002a855848f10, 0x000002a855849d80, 0x000002a85584a250, 0x000002a85584a720,
0x000002a85584ba60, 0x000002a85584abf0, 0x000002a85584b0c0, 0x000002a85584b590,
0x000002a85584bf30, 0x000002a85584c400, 0x000002a85584c8d0, 0x000002a85584d270,
0x000002a85584d740, 0x000002a85a70a200, 0x000002a85a70b070, 0x000002a85a709860,
0x000002a85a70c880, 0x000002a85a706d10, 0x000002a85a70aba0, 0x000002a85a7076b0,
0x000002a85a707b80, 0x000002a85a70b540, 0x000002a85a706370, 0x000002a85a708050
}

Java Threads: ( => current thread )
  0x000002a83a96b080 JavaThread "main" [_thread_blocked, id=13088, stack(0x000000f3ecc00000,0x000000f3ecd00000)]
  0x000002a8547cc640 JavaThread "Reference Handler" daemon [_thread_blocked, id=22360, stack(0x000000f3ed300000,0x000000f3ed400000)]
  0x000002a855038660 JavaThread "Finalizer" daemon [_thread_blocked, id=7416, stack(0x000000f3ed400000,0x000000f3ed500000)]
  0x000002a855084d90 JavaThread "Signal Dispatcher" daemon [_thread_blocked, id=15660, stack(0x000000f3ed500000,0x000000f3ed600000)]
  0x000002a855085650 JavaThread "Attach Listener" daemon [_thread_blocked, id=18384, stack(0x000000f3ed600000,0x000000f3ed700000)]
  0x000002a855087f20 JavaThread "Service Thread" daemon [_thread_blocked, id=17732, stack(0x000000f3ed700000,0x000000f3ed800000)]
  0x000002a8550887e0 JavaThread "Monitor Deflation Thread" daemon [_thread_blocked, id=10220, stack(0x000000f3ed800000,0x000000f3ed900000)]
  0x000002a8550893d0 JavaThread "C2 CompilerThread0" daemon [_thread_in_native, id=6752, stack(0x000000f3ed900000,0x000000f3eda00000)]
  0x000002a855089d80 JavaThread "C1 CompilerThread0" daemon [_thread_blocked, id=5296, stack(0x000000f3eda00000,0x000000f3edb00000)]
  0x000002a85508fb90 JavaThread "Sweeper thread" daemon [_thread_blocked, id=23068, stack(0x000000f3edb00000,0x000000f3edc00000)]
  0x000002a85521e350 JavaThread "Common-Cleaner" daemon [_thread_blocked, id=14168, stack(0x000000f3edc00000,0x000000f3edd00000)]
  0x000002a85521e820 JavaThread "Notification Thread" daemon [_thread_blocked, id=1240, stack(0x000000f3edd00000,0x000000f3ede00000)]
  0x000002a855258b20 JavaThread "C2 CompilerThread1" daemon [_thread_in_native, id=1008, stack(0x000000f3edf00000,0x000000f3ee000000)]
  0x000002a857ab4900 JavaThread "Daemon health stats" [_thread_blocked, id=20580, stack(0x000000f3ee600000,0x000000f3ee700000)]
  0x000002a856b0f370 JavaThread "Incoming local TCP Connector on port 59339" [_thread_in_native, id=572, stack(0x000000f3ee700000,0x000000f3ee800000)]
  0x000002a85657c270 JavaThread "Daemon periodic checks" [_thread_blocked, id=18060, stack(0x000000f3ee800000,0x000000f3ee900000)]
  0x000002a856b358e0 JavaThread "Daemon" [_thread_blocked, id=23528, stack(0x000000f3ee900000,0x000000f3eea00000)]
  0x000002a858756420 JavaThread "Handler for socket connection from /127.0.0.1:59339 to /127.0.0.1:59340" [_thread_in_native, id=9584, stack(0x000000f3eea00000,0x000000f3eeb00000)]
  0x000002a856235b00 JavaThread "Cancel handler" [_thread_blocked, id=12284, stack(0x000000f3eeb00000,0x000000f3eec00000)]
  0x000002a856238180 JavaThread "Daemon worker" [_thread_blocked, id=3520, stack(0x000000f3eec00000,0x000000f3eed00000)]
  0x000002a856235fd0 JavaThread "Asynchronous log dispatcher for DefaultDaemonConnection: socket connection from /127.0.0.1:59339 to /127.0.0.1:59340" [_thread_blocked, id=18800, stack(0x000000f3eed00000,0x000000f3eee00000)]
  0x000002a856236970 JavaThread "Stdin handler" [_thread_blocked, id=24120, stack(0x000000f3eee00000,0x000000f3eef00000)]
  0x000002a856238b20 JavaThread "Daemon client event forwarder" [_thread_blocked, id=8016, stack(0x000000f3eef00000,0x000000f3ef000000)]
  0x000002a856236e40 JavaThread "Cache worker for journal cache (C:\Users\georg\Documents\edistynytmobiiliohjelmointi-master (1)\edistynytmobiiliohjelmointi-master\caches\journal-1)" [_thread_blocked, id=12584, stack(0x000000f3ef000000,0x000000f3ef100000)]
  0x000002a856237310 JavaThread "File lock request listener" [_thread_in_native, id=10104, stack(0x000000f3ef100000,0x000000f3ef200000)]
  0x000002a8562377e0 JavaThread "Cache worker for file hash cache (C:\Users\georg\Documents\edistynytmobiiliohjelmointi-master (1)\edistynytmobiiliohjelmointi-master\caches\7.5\fileHashes)" [_thread_blocked, id=17768, stack(0x000000f3ef400000,0x000000f3ef500000)]
  0x000002a85a6ecaa0 JavaThread "C2 CompilerThread2" daemon [_thread_blocked, id=18116, stack(0x000000f3ef500000,0x000000f3ef600000)]
  0x000002a856237cb0 JavaThread "File watcher server" daemon [_thread_blocked, id=18444, stack(0x000000f3ef600000,0x000000f3ef700000)]
  0x000002a856238650 JavaThread "File watcher consumer" daemon [_thread_blocked, id=1820, stack(0x000000f3ef700000,0x000000f3ef800000)]
  0x000002a856235160 JavaThread "Cache worker for checksums cache (C:\Users\georg\Documents\edistynytmobiiliohjelmointi-master (1)\edistynytmobiiliohjelmointi-master\.gradle\7.5\checksums)" [_thread_blocked, id=21140, stack(0x000000f3ef800000,0x000000f3ef900000)]
  0x000002a858bc0140 JavaThread "Cache worker for cache directory md-rule (C:\Users\georg\Documents\edistynytmobiiliohjelmointi-master (1)\edistynytmobiiliohjelmointi-master\caches\7.5\md-rule)" [_thread_blocked, id=2720, stack(0x000000f3ef900000,0x000000f3efa00000)]
  0x000002a858bc3b00 JavaThread "Cache worker for file content cache (C:\Users\georg\Documents\edistynytmobiiliohjelmointi-master (1)\edistynytmobiiliohjelmointi-master\caches\7.5\fileContent)" [_thread_blocked, id=20012, stack(0x000000f3efa00000,0x000000f3efb00000)]
  0x000002a858bc6180 JavaThread "Cache worker for file hash cache (C:\Users\georg\Documents\edistynytmobiiliohjelmointi-master (1)\edistynytmobiiliohjelmointi-master\.gradle\7.5\fileHashes)" [_thread_blocked, id=16448, stack(0x000000f3efb00000,0x000000f3efc00000)]
  0x000002a858bc3fd0 JavaThread "Cache worker for cache directory md-supplier (C:\Users\georg\Documents\edistynytmobiiliohjelmointi-master (1)\edistynytmobiiliohjelmointi-master\caches\7.5\md-supplier)" [_thread_blocked, id=20288, stack(0x000000f3efc00000,0x000000f3efd00000)]
  0x000002a858bc0610 JavaThread "Cache worker for execution history cache (C:\Users\georg\Documents\edistynytmobiiliohjelmointi-master (1)\edistynytmobiiliohjelmointi-master\caches\7.5\executionHistory)" [_thread_blocked, id=15268, stack(0x000000f3efd00000,0x000000f3efe00000)]
  0x000002a858bc0fb0 JavaThread "jar transforms" [_thread_blocked, id=22760, stack(0x000000f3efe00000,0x000000f3eff00000)]
  0x000002a858bc6ff0 JavaThread "jar transforms Thread 2" [_thread_blocked, id=3500, stack(0x000000f3eff00000,0x000000f3f0000000)]
  0x000002a858bc4970 JavaThread "jar transforms Thread 3" [_thread_blocked, id=14628, stack(0x000000f3f0100000,0x000000f3f0200000)]
  0x000002a858bc3630 JavaThread "jar transforms Thread 4" [_thread_blocked, id=18892, stack(0x000000f3f0200000,0x000000f3f0300000)]
  0x000002a858bc0ae0 JavaThread "Cache worker for dependencies-accessors (C:\Users\georg\Documents\edistynytmobiiliohjelmointi-master (1)\edistynytmobiiliohjelmointi-master\.gradle\7.5\dependencies-accessors)" [_thread_blocked, id=10856, stack(0x000000f3f0300000,0x000000f3f0400000)]
  0x000002a858bc22f0 JavaThread "jar transforms Thread 5" [_thread_blocked, id=16036, stack(0x000000f3f0400000,0x000000f3f0500000)]
  0x000002a858bc1e20 JavaThread "Cache worker for Build Output Cleanup Cache (C:\Users\georg\Documents\edistynytmobiiliohjelmointi-master (1)\edistynytmobiiliohjelmointi-master\.gradle\buildOutputCleanup)" [_thread_blocked, id=4824, stack(0x000000f3f0500000,0x000000f3f0600000)]
  0x000002a858bc6650 JavaThread "Unconstrained build operations" [_thread_blocked, id=17860, stack(0x000000f3f0600000,0x000000f3f0700000)]
  0x000002a858bc57e0 JavaThread "Unconstrained build operations Thread 2" [_thread_blocked, id=22960, stack(0x000000f3f0700000,0x000000f3f0800000)]
  0x000002a858bc5310 JavaThread "Unconstrained build operations Thread 3" [_thread_blocked, id=21836, stack(0x000000f3f0800000,0x000000f3f0900000)]
  0x000002a858bc6b20 JavaThread "Unconstrained build operations Thread 4" [_thread_blocked, id=7968, stack(0x000000f3f0900000,0x000000f3f0a00000)]
  0x000002a858bc2c90 JavaThread "Unconstrained build operations Thread 5" [_thread_blocked, id=22128, stack(0x000000f3f0a00000,0x000000f3f0b00000)]
  0x000002a85afc69f0 JavaThread "Unconstrained build operations Thread 6" [_thread_blocked, id=24064, stack(0x000000f3f0b00000,0x000000f3f0c00000)]
  0x000002a85afc2690 JavaThread "Unconstrained build operations Thread 7" [_thread_blocked, id=14888, stack(0x000000f3f0c00000,0x000000f3f0d00000)]
  0x000002a85afc39d0 JavaThread "Unconstrained build operations Thread 8" [_thread_blocked, id=15596, stack(0x000000f3f0d00000,0x000000f3f0e00000)]
  0x000002a85afc09b0 JavaThread "Unconstrained build operations Thread 9" [_thread_blocked, id=9936, stack(0x000000f3f0e00000,0x000000f3f0f00000)]
  0x000002a85afc21c0 JavaThread "Unconstrained build operations Thread 10" [_thread_blocked, id=19504, stack(0x000000f3f0f00000,0x000000f3f1000000)]
  0x000002a85afc2b60 JavaThread "Unconstrained build operations Thread 11" [_thread_blocked, id=16480, stack(0x000000f3f1000000,0x000000f3f1100000)]
  0x000002a85afc51e0 JavaThread "Unconstrained build operations Thread 12" [_thread_blocked, id=22808, stack(0x000000f3f1100000,0x000000f3f1200000)]
  0x000002a85afc7390 JavaThread "Unconstrained build operations Thread 13" [_thread_blocked, id=23568, stack(0x000000f3f1200000,0x000000f3f1300000)]
  0x000002a85afc0e80 JavaThread "Unconstrained build operations Thread 14" [_thread_blocked, id=19388, stack(0x000000f3f1300000,0x000000f3f1400000)]
  0x000002a85afc56b0 JavaThread "Unconstrained build operations Thread 15" [_thread_blocked, id=21724, stack(0x000000f3f1400000,0x000000f3f1500000)]
  0x000002a85afc6ec0 JavaThread "Unconstrained build operations Thread 16" [_thread_blocked, id=16864, stack(0x000000f3f1500000,0x000000f3f1600000)]
  0x000002a85afc3030 JavaThread "Unconstrained build operations Thread 17" [_thread_blocked, id=20604, stack(0x000000f3f1600000,0x000000f3f1700000)]
  0x000002a85afc3ea0 JavaThread "Unconstrained build operations Thread 18" [_thread_blocked, id=19788, stack(0x000000f3f1700000,0x000000f3f1800000)]
  0x000002a85afc7860 JavaThread "Unconstrained build operations Thread 19" [_thread_blocked, id=24376, stack(0x000000f3f1800000,0x000000f3f1900000)]
  0x000002a85afc1350 JavaThread "Unconstrained build operations Thread 20" [_thread_blocked, id=10704, stack(0x000000f3f1900000,0x000000f3f1a00000)]
  0x000002a85afc4840 JavaThread "Unconstrained build operations Thread 21" [_thread_blocked, id=3172, stack(0x000000f3f1a00000,0x000000f3f1b00000)]
  0x000002a85afc0010 JavaThread "Unconstrained build operations Thread 22" [_thread_blocked, id=1976, stack(0x000000f3f1b00000,0x000000f3f1c00000)]
  0x000002a85afc1cf0 JavaThread "Unconstrained build operations Thread 23" [_thread_blocked, id=22788, stack(0x000000f3f1c00000,0x000000f3f1d00000)]
  0x000002a85afc04e0 JavaThread "Unconstrained build operations Thread 24" [_thread_blocked, id=23464, stack(0x000000f3f1d00000,0x000000f3f1e00000)]
  0x000002a85afc4370 JavaThread "Unconstrained build operations Thread 25" [_thread_blocked, id=12252, stack(0x000000f3f1e00000,0x000000f3f1f00000)]
  0x000002a85afc1820 JavaThread "Unconstrained build operations Thread 26" [_thread_blocked, id=6052, stack(0x000000f3f1f00000,0x000000f3f2000000)]
  0x000002a85afc4d10 JavaThread "Unconstrained build operations Thread 27" [_thread_blocked, id=23368, stack(0x000000f3f2000000,0x000000f3f2100000)]
  0x000002a85afc3500 JavaThread "Unconstrained build operations Thread 28" [_thread_blocked, id=11028, stack(0x000000f3f2100000,0x000000f3f2200000)]
  0x000002a85afc5b80 JavaThread "Unconstrained build operations Thread 29" [_thread_blocked, id=23608, stack(0x000000f3f2200000,0x000000f3f2300000)]
  0x000002a85afc6050 JavaThread "Unconstrained build operations Thread 30" [_thread_blocked, id=7112, stack(0x000000f3f2300000,0x000000f3f2400000)]
  0x000002a85afc6520 JavaThread "Unconstrained build operations Thread 31" [_thread_blocked, id=17940, stack(0x000000f3f2400000,0x000000f3f2500000)]
  0x000002a85ada2080 JavaThread "Unconstrained build operations Thread 32" [_thread_blocked, id=6380, stack(0x000000f3f2500000,0x000000f3f2600000)]
  0x000002a85ada1bb0 JavaThread "Unconstrained build operations Thread 33" [_thread_blocked, id=17000, stack(0x000000f3f2600000,0x000000f3f2700000)]
  0x000002a85ada5570 JavaThread "Unconstrained build operations Thread 34" [_thread_blocked, id=19372, stack(0x000000f3f2700000,0x000000f3f2800000)]
  0x000002a85ada3d60 JavaThread "Unconstrained build operations Thread 35" [_thread_blocked, id=23556, stack(0x000000f3f2800000,0x000000f3f2900000)]
  0x000002a85ada2ef0 JavaThread "Unconstrained build operations Thread 36" [_thread_blocked, id=24516, stack(0x000000f3f2900000,0x000000f3f2a00000)]
  0x000002a85ad9fed0 JavaThread "Unconstrained build operations Thread 37" [_thread_blocked, id=24388, stack(0x000000f3f2a00000,0x000000f3f2b00000)]
  0x000002a85ada0870 JavaThread "Unconstrained build operations Thread 38" [_thread_blocked, id=8496, stack(0x000000f3f2b00000,0x000000f3f2c00000)]
  0x000002a85ada5a40 JavaThread "Unconstrained build operations Thread 39" [_thread_blocked, id=6820, stack(0x000000f3f2c00000,0x000000f3f2d00000)]
  0x000002a85ada2550 JavaThread "Unconstrained build operations Thread 40" [_thread_blocked, id=21476, stack(0x000000f3f2d00000,0x000000f3f2e00000)]
  0x000002a85ada0d40 JavaThread "Unconstrained build operations Thread 41" [_thread_blocked, id=24260, stack(0x000000f3f2e00000,0x000000f3f2f00000)]
  0x000002a85ada4700 JavaThread "Unconstrained build operations Thread 42" [_thread_blocked, id=9624, stack(0x000000f3f2f00000,0x000000f3f3000000)]
  0x000002a85ada2a20 JavaThread "Unconstrained build operations Thread 43" [_thread_blocked, id=9760, stack(0x000000f3f3000000,0x000000f3f3100000)]
  0x000002a85ada5f10 JavaThread "Unconstrained build operations Thread 44" [_thread_blocked, id=9348, stack(0x000000f3f3100000,0x000000f3f3200000)]
  0x000002a85ada16e0 JavaThread "Unconstrained build operations Thread 45" [_thread_blocked, id=12556, stack(0x000000f3f3200000,0x000000f3f3300000)]
  0x000002a85ada33c0 JavaThread "Unconstrained build operations Thread 46" [_thread_blocked, id=992, stack(0x000000f3f3300000,0x000000f3f3400000)]
  0x000002a85ada4230 JavaThread "Unconstrained build operations Thread 47" [_thread_blocked, id=21108, stack(0x000000f3f3400000,0x000000f3f3500000)]
  0x000002a85ada3890 JavaThread "Unconstrained build operations Thread 48" [_thread_blocked, id=23136, stack(0x000000f3f3500000,0x000000f3f3600000)]
  0x000002a85ada4bd0 JavaThread "Unconstrained build operations Thread 49" [_thread_blocked, id=15968, stack(0x000000f3f3600000,0x000000f3f3700000)]
  0x000002a85ada1210 JavaThread "Unconstrained build operations Thread 50" [_thread_blocked, id=20260, stack(0x000000f3f3700000,0x000000f3f3800000)]
  0x000002a85ada03a0 JavaThread "Unconstrained build operations Thread 51" [_thread_blocked, id=12644, stack(0x000000f3f3800000,0x000000f3f3900000)]
  0x000002a85ada50a0 JavaThread "Unconstrained build operations Thread 52" [_thread_blocked, id=1436, stack(0x000000f3f3900000,0x000000f3f3a00000)]
  0x000002a85ada63e0 JavaThread "Unconstrained build operations Thread 53" [_thread_blocked, id=17524, stack(0x000000f3f3a00000,0x000000f3f3b00000)]
  0x000002a85ada68b0 JavaThread "Unconstrained build operations Thread 54" [_thread_blocked, id=9552, stack(0x000000f3f3b00000,0x000000f3f3c00000)]
  0x000002a85ad9f060 JavaThread "Unconstrained build operations Thread 55" [_thread_blocked, id=17288, stack(0x000000f3f3c00000,0x000000f3f3d00000)]
  0x000002a85ad9fa00 JavaThread "Unconstrained build operations Thread 56" [_thread_blocked, id=13820, stack(0x000000f3f3d00000,0x000000f3f3e00000)]
  0x000002a85ad9f530 JavaThread "Unconstrained build operations Thread 57" [_thread_blocked, id=16660, stack(0x000000f3f3e00000,0x000000f3f3f00000)]
  0x000002a85584e0e0 JavaThread "Unconstrained build operations Thread 58" [_thread_blocked, id=2228, stack(0x000000f3f3f00000,0x000000f3f4000000)]
  0x000002a85584e5b0 JavaThread "Unconstrained build operations Thread 59" [_thread_blocked, id=18772, stack(0x000000f3f4000000,0x000000f3f4100000)]
  0x000002a85584f420 JavaThread "Unconstrained build operations Thread 60" [_thread_blocked, id=8780, stack(0x000000f3f4100000,0x000000f3f4200000)]
  0x000002a8558498b0 JavaThread "Unconstrained build operations Thread 61" [_thread_blocked, id=11580, stack(0x000000f3f4200000,0x000000f3f4300000)]
  0x000002a855848570 JavaThread "Unconstrained build operations Thread 62" [_thread_blocked, id=23688, stack(0x000000f3f4300000,0x000000f3f4400000)]
  0x000002a85584ea80 JavaThread "Unconstrained build operations Thread 63" [_thread_blocked, id=7720, stack(0x000000f3f4400000,0x000000f3f4500000)]
  0x000002a85584cda0 JavaThread "Unconstrained build operations Thread 64" [_thread_blocked, id=5952, stack(0x000000f3f4500000,0x000000f3f4600000)]
  0x000002a85584fdc0 JavaThread "Unconstrained build operations Thread 65" [_thread_blocked, id=7468, stack(0x000000f3f4600000,0x000000f3f4700000)]
  0x000002a85584f8f0 JavaThread "Unconstrained build operations Thread 66" [_thread_blocked, id=16288, stack(0x000000f3f4700000,0x000000f3f4800000)]
  0x000002a8558493e0 JavaThread "Unconstrained build operations Thread 67" [_thread_blocked, id=13104, stack(0x000000f3f4800000,0x000000f3f4900000)]
  0x000002a855848a40 JavaThread "Unconstrained build operations Thread 68" [_thread_blocked, id=23384, stack(0x000000f3f4900000,0x000000f3f4a00000)]
  0x000002a85584ef50 JavaThread "Unconstrained build operations Thread 69" [_thread_blocked, id=14444, stack(0x000000f3f4a00000,0x000000f3f4b00000)]
  0x000002a85584dc10 JavaThread "Unconstrained build operations Thread 70" [_thread_blocked, id=12668, stack(0x000000f3f4b00000,0x000000f3f4c00000)]
  0x000002a855848f10 JavaThread "Unconstrained build operations Thread 71" [_thread_blocked, id=12400, stack(0x000000f3f4c00000,0x000000f3f4d00000)]
  0x000002a855849d80 JavaThread "Unconstrained build operations Thread 72" [_thread_blocked, id=13928, stack(0x000000f3f4d00000,0x000000f3f4e00000)]
  0x000002a85584a250 JavaThread "Unconstrained build operations Thread 73" [_thread_blocked, id=2236, stack(0x000000f3f4e00000,0x000000f3f4f00000)]
  0x000002a85584a720 JavaThread "Unconstrained build operations Thread 74" [_thread_blocked, id=12224, stack(0x000000f3f4f00000,0x000000f3f5000000)]
  0x000002a85584ba60 JavaThread "Unconstrained build operations Thread 75" [_thread_blocked, id=23920, stack(0x000000f3f5000000,0x000000f3f5100000)]
  0x000002a85584abf0 JavaThread "Unconstrained build operations Thread 76" [_thread_blocked, id=22000, stack(0x000000f3f5100000,0x000000f3f5200000)]
  0x000002a85584b0c0 JavaThread "Unconstrained build operations Thread 77" [_thread_blocked, id=21840, stack(0x000000f3f5200000,0x000000f3f5300000)]
  0x000002a85584b590 JavaThread "Unconstrained build operations Thread 78" [_thread_blocked, id=9824, stack(0x000000f3f5300000,0x000000f3f5400000)]
  0x000002a85584bf30 JavaThread "Unconstrained build operations Thread 79" [_thread_blocked, id=24364, stack(0x000000f3f5400000,0x000000f3f5500000)]
  0x000002a85584c400 JavaThread "Unconstrained build operations Thread 80" [_thread_blocked, id=8404, stack(0x000000f3f5500000,0x000000f3f5600000)]
  0x000002a85584c8d0 JavaThread "jar transforms Thread 6" [_thread_blocked, id=11648, stack(0x000000f3f5600000,0x000000f3f5700000)]
  0x000002a85584d270 JavaThread "jar transforms Thread 7" [_thread_blocked, id=7820, stack(0x000000f3f5700000,0x000000f3f5800000)]
  0x000002a85584d740 JavaThread "jar transforms Thread 8" [_thread_blocked, id=24184, stack(0x000000f3f5800000,0x000000f3f5900000)]
  0x000002a85a70a200 JavaThread "build event listener" [_thread_blocked, id=23836, stack(0x000000f3f5900000,0x000000f3f5a00000)]
  0x000002a85a70b070 JavaThread "Memory manager" [_thread_blocked, id=23940, stack(0x000000f3f5a00000,0x000000f3f5b00000)]
  0x000002a85a709860 JavaThread "included builds" [_thread_blocked, id=24044, stack(0x000000f3f5b00000,0x000000f3f5c00000)]
  0x000002a85a70c880 JavaThread "Execution worker" [_thread_blocked, id=5460, stack(0x000000f3f5c00000,0x000000f3f5d00000)]
  0x000002a85a706d10 JavaThread "Execution worker Thread 2" [_thread_blocked, id=8752, stack(0x000000f3f5d00000,0x000000f3f5e00000)]
  0x000002a85a70aba0 JavaThread "Execution worker Thread 3" [_thread_blocked, id=17248, stack(0x000000f3f5e00000,0x000000f3f5f00000)]
  0x000002a85a7076b0 JavaThread "Execution worker Thread 4" [_thread_blocked, id=2312, stack(0x000000f3f5f00000,0x000000f3f6000000)]
  0x000002a85a707b80 JavaThread "Execution worker Thread 5" [_thread_blocked, id=23632, stack(0x000000f3f6000000,0x000000f3f6100000)]
  0x000002a85a70b540 JavaThread "Execution worker Thread 6" [_thread_blocked, id=23852, stack(0x000000f3f6100000,0x000000f3f6200000)]
  0x000002a85a706370 JavaThread "Execution worker Thread 7" [_thread_blocked, id=20420, stack(0x000000f3f6200000,0x000000f3f6300000)]
  0x000002a85a708050 JavaThread "Cache worker for execution history cache (C:\Users\georg\Documents\edistynytmobiiliohjelmointi-master (1)\edistynytmobiiliohjelmointi-master\.gradle\7.5\executionHistory)" [_thread_blocked, id=13604, stack(0x000000f3f6300000,0x000000f3f6400000)]

Other Threads:
=>0x000002a8547ded10 VMThread "VM Thread" [stack: 0x000000f3ed200000,0x000000f3ed300000] [id=19220]
  0x000002a85521b010 WatcherThread [stack: 0x000000f3ede00000,0x000000f3edf00000] [id=16696]
  0x000002a83a9c6e90 GCTaskThread "GC Thread#0" [stack: 0x000000f3ecd00000,0x000000f3ece00000] [id=16204]
  0x000002a8558fbd50 GCTaskThread "GC Thread#1" [stack: 0x000000f3ee000000,0x000000f3ee100000] [id=18996]
  0x000002a855f9b050 GCTaskThread "GC Thread#2" [stack: 0x000000f3ee100000,0x000000f3ee200000] [id=24460]
  0x000002a855f9b300 GCTaskThread "GC Thread#3" [stack: 0x000000f3ee200000,0x000000f3ee300000] [id=23108]
  0x000002a855f278e0 GCTaskThread "GC Thread#4" [stack: 0x000000f3ee300000,0x000000f3ee400000] [id=18676]
  0x000002a855f27b90 GCTaskThread "GC Thread#5" [stack: 0x000000f3ee400000,0x000000f3ee500000] [id=18468]
  0x000002a85874dfd0 GCTaskThread "GC Thread#6" [stack: 0x000000f3ee500000,0x000000f3ee600000] [id=22312]
  0x000002a85874e280 GCTaskThread "GC Thread#7" [stack: 0x000000f3ef200000,0x000000f3ef300000] [id=12292]
  0x000002a83a9d7e40 ConcurrentGCThread "G1 Main Marker" [stack: 0x000000f3ece00000,0x000000f3ecf00000] [id=2460]
  0x000002a83a9d8760 ConcurrentGCThread "G1 Conc#0" [stack: 0x000000f3ecf00000,0x000000f3ed000000] [id=22596]
  0x000002a85874ed40 ConcurrentGCThread "G1 Conc#1" [stack: 0x000000f3ef300000,0x000000f3ef400000] [id=12088]
  0x000002a854666190 ConcurrentGCThread "G1 Refine#0" [stack: 0x000000f3ed000000,0x000000f3ed100000] [id=3492]
  0x000002a85a77c040 ConcurrentGCThread "G1 Refine#1" [stack: 0x000000f3f0000000,0x000000f3f0100000] [id=16300]
  0x000002a858fa7e90 ConcurrentGCThread "G1 Refine#2" [stack: 0x000000f3f6400000,0x000000f3f6500000] [id=16544]
  0x000002a8546669c0 ConcurrentGCThread "G1 Service" [stack: 0x000000f3ed100000,0x000000f3ed200000] [id=5836]

Threads with active compile tasks:
C2 CompilerThread0    15499 11505 % !   4       com.android.ide.common.resources.DataMerger::mergeData @ 247 (611 bytes)
C2 CompilerThread1    15499 11459       4       com.google.common.collect.TransformedIterator::next (14 bytes)
C2 CompilerThread2    15499 11460       4       com.google.common.collect.LinkedListMultimap$DistinctKeyIterator::next (81 bytes)

VM state: at safepoint (normal execution)

VM Mutex/Monitor currently owned by a thread:  ([mutex/lock_event])
[0x000002a83a964640] Threads_lock - owner thread: 0x000002a8547ded10
[0x000002a83a964ac0] Heap_lock - owner thread: 0x000002a85a709860

Heap address: 0x0000000080000000, size: 2048 MB, Compressed Oops mode: 32-bit

CDS archive(s) not mapped
Compressed class space mapped at: 0x0000000100000000-0x0000000140000000, reserved size: 1073741824
Narrow klass base: 0x0000000000000000, Narrow klass shift: 3, Narrow klass range: 0x140000000

GC Precious Log:
 CPUs: 8 total, 8 available
 Memory: 15963M
 Large Page Support: Disabled
 NUMA Support: Disabled
 Compressed Oops: Enabled (32-bit)
 Heap Region Size: 1M
 Heap Min Capacity: 8M
 Heap Initial Capacity: 250M
 Heap Max Capacity: 2G
 Pre-touch: Disabled
 Parallel Workers: 8
 Concurrent Workers: 2
 Concurrent Refinement Workers: 8
 Periodic GC: Disabled

Heap:
 garbage-first heap   total 204800K, used 124248K [0x0000000080000000, 0x0000000100000000)
  region size 1024K, 1 young (1024K), 1 survivors (1024K)
 Metaspace       used 92130K, committed 92800K, reserved 1130496K
  class space    used 12479K, committed 12800K, reserved 1048576K

Heap Regions: E=young(eden), S=young(survivor), O=old, HS=humongous(starts), HC=humongous(continues), CS=collection set, F=free, OA=open archive, CA=closed archive, TAMS=top-at-mark-start (previous, next)
|   0|0x0000000080000000, 0x0000000080100000, 0x0000000080100000|100%| O|  |TAMS 0x0000000080100000, 0x0000000080100000| Untracked 
|   1|0x0000000080100000, 0x0000000080200000, 0x0000000080200000|100%| O|  |TAMS 0x0000000080200000, 0x0000000080200000| Untracked 
|   2|0x0000000080200000, 0x0000000080300000, 0x0000000080300000|100%| O|  |TAMS 0x0000000080300000, 0x0000000080300000| Untracked 
|   3|0x0000000080300000, 0x0000000080400000, 0x0000000080400000|100%|HS|  |TAMS 0x0000000080400000, 0x0000000080400000| Complete 
|   4|0x0000000080400000, 0x0000000080500000, 0x0000000080500000|100%|HC|  |TAMS 0x0000000080500000, 0x0000000080500000| Complete 
|   5|0x0000000080500000, 0x0000000080600000, 0x0000000080600000|100%|HC|  |TAMS 0x0000000080600000, 0x0000000080600000| Complete 
|   6|0x0000000080600000, 0x0000000080700000, 0x0000000080700000|100%| O|  |TAMS 0x0000000080700000, 0x0000000080700000| Untracked 
|   7|0x0000000080700000, 0x0000000080800000, 0x0000000080800000|100%| O|  |TAMS 0x0000000080800000, 0x0000000080800000| Untracked 
|   8|0x0000000080800000, 0x0000000080900000, 0x0000000080900000|100%| O|  |TAMS 0x0000000080900000, 0x0000000080900000| Untracked 
|   9|0x0000000080900000, 0x0000000080a00000, 0x0000000080a00000|100%| O|  |TAMS 0x0000000080a00000, 0x0000000080a00000| Untracked 
|  10|0x0000000080a00000, 0x0000000080b00000, 0x0000000080b00000|100%| O|  |TAMS 0x0000000080b00000, 0x0000000080b00000| Untracked 
|  11|0x0000000080b00000, 0x0000000080c00000, 0x0000000080c00000|100%| O|  |TAMS 0x0000000080c00000, 0x0000000080c00000| Untracked 
|  12|0x0000000080c00000, 0x0000000080d00000, 0x0000000080d00000|100%| O|  |TAMS 0x0000000080d00000, 0x0000000080d00000| Untracked 
|  13|0x0000000080d00000, 0x0000000080e00000, 0x0000000080e00000|100%| O|  |TAMS 0x0000000080e00000, 0x0000000080e00000| Untracked 
|  14|0x0000000080e00000, 0x0000000080f00000, 0x0000000080f00000|100%| O|  |TAMS 0x0000000080f00000, 0x0000000080f00000| Untracked 
|  15|0x0000000080f00000, 0x0000000081000000, 0x0000000081000000|100%| O|  |TAMS 0x0000000081000000, 0x0000000081000000| Untracked 
|  16|0x0000000081000000, 0x0000000081100000, 0x0000000081100000|100%| O|  |TAMS 0x0000000081100000, 0x0000000081100000| Untracked 
|  17|0x0000000081100000, 0x0000000081200000, 0x0000000081200000|100%| O|  |TAMS 0x0000000081200000, 0x0000000081200000| Untracked 
|  18|0x0000000081200000, 0x0000000081300000, 0x0000000081300000|100%| O|  |TAMS 0x0000000081300000, 0x0000000081300000| Untracked 
|  19|0x0000000081300000, 0x0000000081400000, 0x0000000081400000|100%| O|  |TAMS 0x0000000081400000, 0x0000000081400000| Untracked 
|  20|0x0000000081400000, 0x0000000081500000, 0x0000000081500000|100%| O|  |TAMS 0x0000000081500000, 0x0000000081500000| Untracked 
|  21|0x0000000081500000, 0x0000000081600000, 0x0000000081600000|100%| O|  |TAMS 0x0000000081600000, 0x0000000081600000| Untracked 
|  22|0x0000000081600000, 0x0000000081600000, 0x0000000081700000|  0%| F|  |TAMS 0x0000000081600000, 0x0000000081600000| Untracked 
|  23|0x0000000081700000, 0x0000000081800000, 0x0000000081800000|100%| O|  |TAMS 0x0000000081800000, 0x0000000081800000| Untracked 
|  24|0x0000000081800000, 0x0000000081900000, 0x0000000081900000|100%| O|  |TAMS 0x0000000081900000, 0x0000000081900000| Untracked 
|  25|0x0000000081900000, 0x0000000081a00000, 0x0000000081a00000|100%| O|  |TAMS 0x0000000081a00000, 0x0000000081a00000| Untracked 
|  26|0x0000000081a00000, 0x0000000081b00000, 0x0000000081b00000|100%| O|  |TAMS 0x0000000081b00000, 0x0000000081b00000| Untracked 
|  27|0x0000000081b00000, 0x0000000081c00000, 0x0000000081c00000|100%| O|  |TAMS 0x0000000081c00000, 0x0000000081c00000| Untracked 
|  28|0x0000000081c00000, 0x0000000081d00000, 0x0000000081d00000|100%| O|  |TAMS 0x0000000081d00000, 0x0000000081d00000| Untracked 
|  29|0x0000000081d00000, 0x0000000081e00000, 0x0000000081e00000|100%| O|  |TAMS 0x0000000081e00000, 0x0000000081e00000| Untracked 
|  30|0x0000000081e00000, 0x0000000081f00000, 0x0000000081f00000|100%| O|  |TAMS 0x0000000081f00000, 0x0000000081f00000| Untracked 
|  31|0x0000000081f00000, 0x0000000082000000, 0x0000000082000000|100%| O|  |TAMS 0x0000000082000000, 0x0000000082000000| Untracked 
|  32|0x0000000082000000, 0x0000000082100000, 0x0000000082100000|100%| O|  |TAMS 0x0000000082100000, 0x0000000082100000| Untracked 
|  33|0x0000000082100000, 0x0000000082200000, 0x0000000082200000|100%| O|  |TAMS 0x0000000082200000, 0x0000000082200000| Untracked 
|  34|0x0000000082200000, 0x0000000082300000, 0x0000000082300000|100%| O|  |TAMS 0x0000000082300000, 0x0000000082300000| Untracked 
|  35|0x0000000082300000, 0x0000000082300000, 0x0000000082400000|  0%| F|  |TAMS 0x0000000082300000, 0x0000000082300000| Untracked 
|  36|0x0000000082400000, 0x0000000082500000, 0x0000000082500000|100%|HS|  |TAMS 0x0000000082500000, 0x0000000082500000| Complete 
|  37|0x0000000082500000, 0x0000000082600000, 0x0000000082600000|100%|HS|  |TAMS 0x0000000082600000, 0x0000000082600000| Complete 
|  38|0x0000000082600000, 0x0000000082700000, 0x0000000082700000|100%|HS|  |TAMS 0x0000000082700000, 0x0000000082700000| Complete 
|  39|0x0000000082700000, 0x0000000082800000, 0x0000000082800000|100%|HC|  |TAMS 0x0000000082800000, 0x0000000082800000| Complete 
|  40|0x0000000082800000, 0x0000000082900000, 0x0000000082900000|100%|HS|  |TAMS 0x0000000082900000, 0x0000000082900000| Complete 
|  41|0x0000000082900000, 0x0000000082a00000, 0x0000000082a00000|100%|HC|  |TAMS 0x0000000082a00000, 0x0000000082a00000| Complete 
|  42|0x0000000082a00000, 0x0000000082b00000, 0x0000000082b00000|100%|HC|  |TAMS 0x0000000082b00000, 0x0000000082b00000| Complete 
|  43|0x0000000082b00000, 0x0000000082c00000, 0x0000000082c00000|100%|HC|  |TAMS 0x0000000082c00000, 0x0000000082c00000| Complete 
|  44|0x0000000082c00000, 0x0000000082d00000, 0x0000000082d00000|100%| O|  |TAMS 0x0000000082d00000, 0x0000000082d00000| Untracked 
|  45|0x0000000082d00000, 0x0000000082e00000, 0x0000000082e00000|100%| O|  |TAMS 0x0000000082e00000, 0x0000000082e00000| Untracked 
|  46|0x0000000082e00000, 0x0000000082f00000, 0x0000000082f00000|100%| O|  |TAMS 0x0000000082f00000, 0x0000000082f00000| Untracked 
|  47|0x0000000082f00000, 0x0000000083000000, 0x0000000083000000|100%| O|  |TAMS 0x0000000083000000, 0x0000000083000000| Untracked 
|  48|0x0000000083000000, 0x0000000083100000, 0x0000000083100000|100%| O|  |TAMS 0x0000000083100000, 0x0000000083100000| Untracked 
|  49|0x0000000083100000, 0x0000000083200000, 0x0000000083200000|100%| O|  |TAMS 0x0000000083200000, 0x0000000083200000| Untracked 
|  50|0x0000000083200000, 0x0000000083300000, 0x0000000083300000|100%| O|  |TAMS 0x0000000083300000, 0x0000000083300000| Untracked 
|  51|0x0000000083300000, 0x0000000083400000, 0x0000000083400000|100%| O|  |TAMS 0x0000000083400000, 0x0000000083400000| Untracked 
|  52|0x0000000083400000, 0x0000000083500000, 0x0000000083500000|100%| O|  |TAMS 0x0000000083500000, 0x0000000083500000| Untracked 
|  53|0x0000000083500000, 0x0000000083600000, 0x0000000083600000|100%| O|  |TAMS 0x0000000083600000, 0x0000000083600000| Untracked 
|  54|0x0000000083600000, 0x0000000083700000, 0x0000000083700000|100%| O|  |TAMS 0x0000000083700000, 0x0000000083700000| Untracked 
|  55|0x0000000083700000, 0x0000000083800000, 0x0000000083800000|100%| O|  |TAMS 0x0000000083800000, 0x0000000083800000| Untracked 
|  56|0x0000000083800000, 0x0000000083900000, 0x0000000083900000|100%| O|  |TAMS 0x0000000083900000, 0x0000000083900000| Untracked 
|  57|0x0000000083900000, 0x0000000083a00000, 0x0000000083a00000|100%| O|  |TAMS 0x0000000083a00000, 0x0000000083a00000| Untracked 
|  58|0x0000000083a00000, 0x0000000083b00000, 0x0000000083b00000|100%| O|  |TAMS 0x0000000083b00000, 0x0000000083b00000| Untracked 
|  59|0x0000000083b00000, 0x0000000083c00000, 0x0000000083c00000|100%| O|  |TAMS 0x0000000083c00000, 0x0000000083c00000| Untracked 
|  60|0x0000000083c00000, 0x0000000083d00000, 0x0000000083d00000|100%| O|  |TAMS 0x0000000083d00000, 0x0000000083d00000| Untracked 
|  61|0x0000000083d00000, 0x0000000083e00000, 0x0000000083e00000|100%| O|  |TAMS 0x0000000083e00000, 0x0000000083e00000| Untracked 
|  62|0x0000000083e00000, 0x0000000083f00000, 0x0000000083f00000|100%| O|  |TAMS 0x0000000083f00000, 0x0000000083f00000| Untracked 
|  63|0x0000000083f00000, 0x0000000084000000, 0x0000000084000000|100%| O|  |TAMS 0x0000000084000000, 0x0000000084000000| Untracked 
|  64|0x0000000084000000, 0x0000000084100000, 0x0000000084100000|100%| O|  |TAMS 0x0000000084100000, 0x0000000084100000| Untracked 
|  65|0x0000000084100000, 0x0000000084200000, 0x0000000084200000|100%| O|  |TAMS 0x0000000084200000, 0x0000000084200000| Untracked 
|  66|0x0000000084200000, 0x0000000084300000, 0x0000000084300000|100%| O|  |TAMS 0x0000000084300000, 0x0000000084300000| Untracked 
|  67|0x0000000084300000, 0x0000000084400000, 0x0000000084400000|100%| O|  |TAMS 0x0000000084400000, 0x0000000084400000| Untracked 
|  68|0x0000000084400000, 0x0000000084500000, 0x0000000084500000|100%| O|  |TAMS 0x0000000084500000, 0x0000000084500000| Untracked 
|  69|0x0000000084500000, 0x0000000084600000, 0x0000000084600000|100%| O|  |TAMS 0x0000000084600000, 0x0000000084600000| Untracked 
|  70|0x0000000084600000, 0x0000000084700000, 0x0000000084700000|100%| O|  |TAMS 0x0000000084700000, 0x0000000084700000| Untracked 
|  71|0x0000000084700000, 0x0000000084800000, 0x0000000084800000|100%| O|  |TAMS 0x0000000084800000, 0x0000000084800000| Untracked 
|  72|0x0000000084800000, 0x0000000084900000, 0x0000000084900000|100%| O|  |TAMS 0x0000000084900000, 0x0000000084900000| Untracked 
|  73|0x0000000084900000, 0x0000000084a00000, 0x0000000084a00000|100%| O|  |TAMS 0x0000000084a00000, 0x0000000084a00000| Untracked 
|  74|0x0000000084a00000, 0x0000000084b00000, 0x0000000084b00000|100%| O|  |TAMS 0x0000000084b00000, 0x0000000084b00000| Untracked 
|  75|0x0000000084b00000, 0x0000000084c00000, 0x0000000084c00000|100%| O|  |TAMS 0x0000000084c00000, 0x0000000084c00000| Untracked 
|  76|0x0000000084c00000, 0x0000000084d00000, 0x0000000084d00000|100%| O|  |TAMS 0x0000000084d00000, 0x0000000084d00000| Untracked 
|  77|0x0000000084d00000, 0x0000000084e00000, 0x0000000084e00000|100%| O|  |TAMS 0x0000000084e00000, 0x0000000084e00000| Untracked 
|  78|0x0000000084e00000, 0x0000000084f00000, 0x0000000084f00000|100%| O|  |TAMS 0x0000000084f00000, 0x0000000084f00000| Untracked 
|  79|0x0000000084f00000, 0x0000000085000000, 0x0000000085000000|100%| O|  |TAMS 0x0000000085000000, 0x0000000085000000| Untracked 
|  80|0x0000000085000000, 0x0000000085100000, 0x0000000085100000|100%| O|  |TAMS 0x0000000085100000, 0x0000000085100000| Untracked 
|  81|0x0000000085100000, 0x0000000085200000, 0x0000000085200000|100%| O|  |TAMS 0x0000000085200000, 0x0000000085200000| Untracked 
|  82|0x0000000085200000, 0x0000000085300000, 0x0000000085300000|100%| O|  |TAMS 0x0000000085300000, 0x0000000085300000| Untracked 
|  83|0x0000000085300000, 0x0000000085400000, 0x0000000085400000|100%| O|  |TAMS 0x0000000085400000, 0x0000000085400000| Untracked 
|  84|0x0000000085400000, 0x0000000085500000, 0x0000000085500000|100%| O|  |TAMS 0x0000000085400000, 0x0000000085500000| Untracked 
|  85|0x0000000085500000, 0x0000000085600000, 0x0000000085600000|100%| O|  |TAMS 0x0000000085600000, 0x0000000085600000| Untracked 
|  86|0x0000000085600000, 0x0000000085700000, 0x0000000085700000|100%| O|  |TAMS 0x0000000085700000, 0x0000000085700000| Untracked 
|  87|0x0000000085700000, 0x0000000085800000, 0x0000000085800000|100%| O|  |TAMS 0x0000000085800000, 0x0000000085800000| Untracked 
|  88|0x0000000085800000, 0x0000000085900000, 0x0000000085900000|100%| O|  |TAMS 0x0000000085900000, 0x0000000085900000| Untracked 
|  89|0x0000000085900000, 0x0000000085a00000, 0x0000000085a00000|100%| O|  |TAMS 0x0000000085993a00, 0x0000000085a00000| Untracked 
|  90|0x0000000085a00000, 0x0000000085b00000, 0x0000000085b00000|100%| O|  |TAMS 0x0000000085a00000, 0x0000000085b00000| Untracked 
|  91|0x0000000085b00000, 0x0000000085c00000, 0x0000000085c00000|100%| O|  |TAMS 0x0000000085b00000, 0x0000000085c00000| Untracked 
|  92|0x0000000085c00000, 0x0000000085d00000, 0x0000000085d00000|100%| O|  |TAMS 0x0000000085c00000, 0x0000000085d00000| Untracked 
|  93|0x0000000085d00000, 0x0000000085e00000, 0x0000000085e00000|100%| O|  |TAMS 0x0000000085d00000, 0x0000000085e00000| Untracked 
|  94|0x0000000085e00000, 0x0000000085f00000, 0x0000000085f00000|100%| O|  |TAMS 0x0000000085e00000, 0x0000000085f00000| Untracked 
|  95|0x0000000085f00000, 0x0000000085f00000, 0x0000000086000000|  0%| F|  |TAMS 0x0000000085f00000, 0x0000000085f00000| Untracked 
|  96|0x0000000086000000, 0x0000000086000000, 0x0000000086100000|  0%| F|  |TAMS 0x0000000086000000, 0x0000000086000000| Untracked 
|  97|0x0000000086100000, 0x0000000086200000, 0x0000000086200000|100%|HS|  |TAMS 0x0000000086100000, 0x0000000086200000| Complete 
|  98|0x0000000086200000, 0x0000000086300000, 0x0000000086300000|100%| O|  |TAMS 0x0000000086200000, 0x0000000086300000| Untracked 
|  99|0x0000000086300000, 0x0000000086400000, 0x0000000086400000|100%| O|  |TAMS 0x0000000086300000, 0x0000000086400000| Untracked 
| 100|0x0000000086400000, 0x0000000086500000, 0x0000000086500000|100%| O|  |TAMS 0x0000000086400000, 0x0000000086500000| Untracked 
| 101|0x0000000086500000, 0x0000000086600000, 0x0000000086600000|100%| O|  |TAMS 0x0000000086500000, 0x0000000086600000| Untracked 
| 102|0x0000000086600000, 0x0000000086700000, 0x0000000086700000|100%| O|  |TAMS 0x0000000086600000, 0x0000000086700000| Untracked 
| 103|0x0000000086700000, 0x0000000086800000, 0x0000000086800000|100%| O|  |TAMS 0x0000000086700000, 0x0000000086800000| Untracked 
| 104|0x0000000086800000, 0x0000000086900000, 0x0000000086900000|100%| O|  |TAMS 0x0000000086800000, 0x0000000086900000| Untracked 
| 105|0x0000000086900000, 0x0000000086a00000, 0x0000000086a00000|100%| O|  |TAMS 0x0000000086900000, 0x0000000086a00000| Untracked 
| 106|0x0000000086a00000, 0x0000000086b00000, 0x0000000086b00000|100%| O|  |TAMS 0x0000000086a00000, 0x0000000086b00000| Untracked 
| 107|0x0000000086b00000, 0x0000000086c00000, 0x0000000086c00000|100%| O|  |TAMS 0x0000000086b00000, 0x0000000086c00000| Untracked 
| 108|0x0000000086c00000, 0x0000000086d00000, 0x0000000086d00000|100%| O|  |TAMS 0x0000000086c00000, 0x0000000086d00000| Untracked 
| 109|0x0000000086d00000, 0x0000000086e00000, 0x0000000086e00000|100%| O|  |TAMS 0x0000000086d00000, 0x0000000086e00000| Untracked 
| 110|0x0000000086e00000, 0x0000000086f00000, 0x0000000086f00000|100%| O|  |TAMS 0x0000000086e00000, 0x0000000086f00000| Untracked 
| 111|0x0000000086f00000, 0x0000000087000000, 0x0000000087000000|100%| O|  |TAMS 0x0000000086f00000, 0x0000000087000000| Untracked 
| 112|0x0000000087000000, 0x0000000087100000, 0x0000000087100000|100%| O|  |TAMS 0x0000000087000000, 0x0000000087100000| Untracked 
| 113|0x0000000087100000, 0x0000000087200000, 0x0000000087200000|100%| O|  |TAMS 0x0000000087100000, 0x0000000087200000| Untracked 
| 114|0x0000000087200000, 0x0000000087300000, 0x0000000087300000|100%| O|  |TAMS 0x0000000087200000, 0x0000000087300000| Untracked 
| 115|0x0000000087300000, 0x0000000087300000, 0x0000000087400000|  0%| F|  |TAMS 0x0000000087300000, 0x0000000087300000| Untracked 
| 116|0x0000000087400000, 0x0000000087400000, 0x0000000087500000|  0%| F|  |TAMS 0x0000000087400000, 0x0000000087400000| Untracked 
| 117|0x0000000087500000, 0x0000000087600000, 0x0000000087600000|100%|HS|  |TAMS 0x0000000087500000, 0x0000000087600000| Complete 
| 118|0x0000000087600000, 0x0000000087700000, 0x0000000087700000|100%|HC|  |TAMS 0x0000000087600000, 0x0000000087700000| Complete 
| 119|0x0000000087700000, 0x0000000087800000, 0x0000000087800000|100%| O|  |TAMS 0x0000000087700000, 0x0000000087800000| Untracked 
| 120|0x0000000087800000, 0x0000000087900000, 0x0000000087900000|100%| O|  |TAMS 0x0000000087800000, 0x0000000087900000| Untracked 
| 121|0x0000000087900000, 0x0000000087a00000, 0x0000000087a00000|100%| O|  |TAMS 0x0000000087900000, 0x0000000087a00000| Untracked 
| 122|0x0000000087a00000, 0x0000000087b00000, 0x0000000087b00000|100%| O|  |TAMS 0x0000000087a00000, 0x0000000087b00000| Untracked 
| 123|0x0000000087b00000, 0x0000000087c00000, 0x0000000087c00000|100%| O|  |TAMS 0x0000000087b00000, 0x0000000087c00000| Untracked 
| 124|0x0000000087c00000, 0x0000000087d00000, 0x0000000087d00000|100%| O|  |TAMS 0x0000000087c00000, 0x0000000087d00000| Untracked 
| 125|0x0000000087d00000, 0x0000000087e00000, 0x0000000087e00000|100%| O|  |TAMS 0x0000000087d00000, 0x0000000087e00000| Untracked 
| 126|0x0000000087e00000, 0x0000000087ef7e00, 0x0000000087f00000| 96%| O|  |TAMS 0x0000000087e00000, 0x0000000087ef7e00| Untracked 
| 127|0x0000000087f00000, 0x0000000087f00000, 0x0000000088000000|  0%| F|  |TAMS 0x0000000087f00000, 0x0000000087f00000| Untracked 
| 128|0x0000000088000000, 0x0000000088000000, 0x0000000088100000|  0%| F|  |TAMS 0x0000000088000000, 0x0000000088000000| Untracked 
| 129|0x0000000088100000, 0x0000000088100000, 0x0000000088200000|  0%| F|  |TAMS 0x0000000088100000, 0x0000000088100000| Untracked 
| 130|0x0000000088200000, 0x0000000088200000, 0x0000000088300000|  0%| F|  |TAMS 0x0000000088200000, 0x0000000088200000| Untracked 
| 131|0x0000000088300000, 0x0000000088300000, 0x0000000088400000|  0%| F|  |TAMS 0x0000000088300000, 0x0000000088300000| Untracked 
| 132|0x0000000088400000, 0x0000000088400000, 0x0000000088500000|  0%| F|  |TAMS 0x0000000088400000, 0x0000000088400000| Untracked 
| 133|0x0000000088500000, 0x0000000088500000, 0x0000000088600000|  0%| F|  |TAMS 0x0000000088500000, 0x0000000088500000| Untracked 
| 134|0x0000000088600000, 0x0000000088600000, 0x0000000088700000|  0%| F|  |TAMS 0x0000000088600000, 0x0000000088600000| Untracked 
| 135|0x0000000088700000, 0x0000000088700000, 0x0000000088800000|  0%| F|  |TAMS 0x0000000088700000, 0x0000000088700000| Untracked 
| 136|0x0000000088800000, 0x0000000088800000, 0x0000000088900000|  0%| F|  |TAMS 0x0000000088800000, 0x0000000088800000| Untracked 
| 137|0x0000000088900000, 0x0000000088900000, 0x0000000088a00000|  0%| F|  |TAMS 0x0000000088900000, 0x0000000088900000| Untracked 
| 138|0x0000000088a00000, 0x0000000088a00000, 0x0000000088b00000|  0%| F|  |TAMS 0x0000000088a00000, 0x0000000088a00000| Untracked 
| 139|0x0000000088b00000, 0x0000000088b00000, 0x0000000088c00000|  0%| F|  |TAMS 0x0000000088b00000, 0x0000000088b00000| Untracked 
| 140|0x0000000088c00000, 0x0000000088c00000, 0x0000000088d00000|  0%| F|  |TAMS 0x0000000088c00000, 0x0000000088c00000| Untracked 
| 141|0x0000000088d00000, 0x0000000088d00000, 0x0000000088e00000|  0%| F|  |TAMS 0x0000000088d00000, 0x0000000088d00000| Untracked 
| 142|0x0000000088e00000, 0x0000000088e00000, 0x0000000088f00000|  0%| F|  |TAMS 0x0000000088e00000, 0x0000000088e00000| Untracked 
| 143|0x0000000088f00000, 0x0000000088f00000, 0x0000000089000000|  0%| F|  |TAMS 0x0000000088f00000, 0x0000000088f00000| Untracked 
| 144|0x0000000089000000, 0x0000000089000000, 0x0000000089100000|  0%| F|  |TAMS 0x0000000089000000, 0x0000000089000000| Untracked 
| 145|0x0000000089100000, 0x0000000089100000, 0x0000000089200000|  0%| F|  |TAMS 0x0000000089100000, 0x0000000089100000| Untracked 
| 146|0x0000000089200000, 0x0000000089200000, 0x0000000089300000|  0%| F|  |TAMS 0x0000000089200000, 0x0000000089200000| Untracked 
| 147|0x0000000089300000, 0x0000000089300000, 0x0000000089400000|  0%| F|  |TAMS 0x0000000089300000, 0x0000000089300000| Untracked 
| 148|0x0000000089400000, 0x0000000089400000, 0x0000000089500000|  0%| F|  |TAMS 0x0000000089400000, 0x0000000089400000| Untracked 
| 149|0x0000000089500000, 0x0000000089500000, 0x0000000089600000|  0%| F|  |TAMS 0x0000000089500000, 0x0000000089500000| Untracked 
| 150|0x0000000089600000, 0x0000000089600000, 0x0000000089700000|  0%| F|  |TAMS 0x0000000089600000, 0x0000000089600000| Untracked 
| 151|0x0000000089700000, 0x0000000089700000, 0x0000000089800000|  0%| F|  |TAMS 0x0000000089700000, 0x0000000089700000| Untracked 
| 152|0x0000000089800000, 0x0000000089800000, 0x0000000089900000|  0%| F|  |TAMS 0x0000000089800000, 0x0000000089800000| Untracked 
| 153|0x0000000089900000, 0x0000000089900000, 0x0000000089a00000|  0%| F|  |TAMS 0x0000000089900000, 0x0000000089900000| Untracked 
| 154|0x0000000089a00000, 0x0000000089a00000, 0x0000000089b00000|  0%| F|  |TAMS 0x0000000089a00000, 0x0000000089a00000| Untracked 
| 155|0x0000000089b00000, 0x0000000089b00000, 0x0000000089c00000|  0%| F|  |TAMS 0x0000000089b00000, 0x0000000089b00000| Untracked 
| 156|0x0000000089c00000, 0x0000000089c00000, 0x0000000089d00000|  0%| F|  |TAMS 0x0000000089c00000, 0x0000000089c00000| Untracked 
| 157|0x0000000089d00000, 0x0000000089d00000, 0x0000000089e00000|  0%| F|  |TAMS 0x0000000089d00000, 0x0000000089d00000| Untracked 
| 158|0x0000000089e00000, 0x0000000089e00000, 0x0000000089f00000|  0%| F|  |TAMS 0x0000000089e00000, 0x0000000089e00000| Untracked 
| 159|0x0000000089f00000, 0x0000000089f00000, 0x000000008a000000|  0%| F|  |TAMS 0x0000000089f00000, 0x0000000089f00000| Untracked 
| 160|0x000000008a000000, 0x000000008a000000, 0x000000008a100000|  0%| F|  |TAMS 0x000000008a000000, 0x000000008a000000| Untracked 
| 161|0x000000008a100000, 0x000000008a100000, 0x000000008a200000|  0%| F|  |TAMS 0x000000008a100000, 0x000000008a100000| Untracked 
| 162|0x000000008a200000, 0x000000008a200000, 0x000000008a300000|  0%| F|  |TAMS 0x000000008a200000, 0x000000008a200000| Untracked 
| 163|0x000000008a300000, 0x000000008a300000, 0x000000008a400000|  0%| F|  |TAMS 0x000000008a300000, 0x000000008a300000| Untracked 
| 164|0x000000008a400000, 0x000000008a400000, 0x000000008a500000|  0%| F|  |TAMS 0x000000008a400000, 0x000000008a400000| Untracked 
| 165|0x000000008a500000, 0x000000008a500000, 0x000000008a600000|  0%| F|  |TAMS 0x000000008a500000, 0x000000008a500000| Untracked 
| 166|0x000000008a600000, 0x000000008a600000, 0x000000008a700000|  0%| F|  |TAMS 0x000000008a600000, 0x000000008a600000| Untracked 
| 167|0x000000008a700000, 0x000000008a700000, 0x000000008a800000|  0%| F|  |TAMS 0x000000008a700000, 0x000000008a700000| Untracked 
| 168|0x000000008a800000, 0x000000008a800000, 0x000000008a900000|  0%| F|  |TAMS 0x000000008a800000, 0x000000008a800000| Untracked 
| 169|0x000000008a900000, 0x000000008a900000, 0x000000008aa00000|  0%| F|  |TAMS 0x000000008a900000, 0x000000008a900000| Untracked 
| 170|0x000000008aa00000, 0x000000008aa00000, 0x000000008ab00000|  0%| F|  |TAMS 0x000000008aa00000, 0x000000008aa00000| Untracked 
| 171|0x000000008ab00000, 0x000000008ab00000, 0x000000008ac00000|  0%| F|  |TAMS 0x000000008ab00000, 0x000000008ab00000| Untracked 
| 172|0x000000008ac00000, 0x000000008ac00000, 0x000000008ad00000|  0%| F|  |TAMS 0x000000008ac00000, 0x000000008ac00000| Untracked 
| 173|0x000000008ad00000, 0x000000008ad00000, 0x000000008ae00000|  0%| F|  |TAMS 0x000000008ad00000, 0x000000008ad00000| Untracked 
| 174|0x000000008ae00000, 0x000000008ae00000, 0x000000008af00000|  0%| F|  |TAMS 0x000000008ae00000, 0x000000008ae00000| Untracked 
| 175|0x000000008af00000, 0x000000008af00000, 0x000000008b000000|  0%| F|  |TAMS 0x000000008af00000, 0x000000008af00000| Untracked 
| 176|0x000000008b000000, 0x000000008b000000, 0x000000008b100000|  0%| F|  |TAMS 0x000000008b000000, 0x000000008b000000| Untracked 
| 177|0x000000008b100000, 0x000000008b100000, 0x000000008b200000|  0%| F|  |TAMS 0x000000008b100000, 0x000000008b100000| Untracked 
| 178|0x000000008b200000, 0x000000008b200000, 0x000000008b300000|  0%| F|  |TAMS 0x000000008b200000, 0x000000008b200000| Untracked 
| 179|0x000000008b300000, 0x000000008b300000, 0x000000008b400000|  0%| F|  |TAMS 0x000000008b300000, 0x000000008b300000| Untracked 
| 180|0x000000008b400000, 0x000000008b400000, 0x000000008b500000|  0%| F|  |TAMS 0x000000008b400000, 0x000000008b400000| Untracked 
| 181|0x000000008b500000, 0x000000008b500000, 0x000000008b600000|  0%| F|  |TAMS 0x000000008b500000, 0x000000008b500000| Untracked 
| 182|0x000000008b600000, 0x000000008b600000, 0x000000008b700000|  0%| F|  |TAMS 0x000000008b600000, 0x000000008b600000| Untracked 
| 183|0x000000008b700000, 0x000000008b700000, 0x000000008b800000|  0%| F|  |TAMS 0x000000008b700000, 0x000000008b700000| Untracked 
| 184|0x000000008b800000, 0x000000008b800000, 0x000000008b900000|  0%| F|  |TAMS 0x000000008b800000, 0x000000008b800000| Untracked 
| 185|0x000000008b900000, 0x000000008b900000, 0x000000008ba00000|  0%| F|  |TAMS 0x000000008b900000, 0x000000008b900000| Untracked 
| 186|0x000000008ba00000, 0x000000008ba00000, 0x000000008bb00000|  0%| F|  |TAMS 0x000000008ba00000, 0x000000008ba00000| Untracked 
| 187|0x000000008bb00000, 0x000000008bb00000, 0x000000008bc00000|  0%| F|  |TAMS 0x000000008bb00000, 0x000000008bb00000| Untracked 
| 188|0x000000008bc00000, 0x000000008bc00000, 0x000000008bd00000|  0%| F|  |TAMS 0x000000008bc00000, 0x000000008bc00000| Untracked 
| 189|0x000000008bd00000, 0x000000008bd00000, 0x000000008be00000|  0%| F|  |TAMS 0x000000008bd00000, 0x000000008bd00000| Untracked 
| 190|0x000000008be00000, 0x000000008be00000, 0x000000008bf00000|  0%| F|  |TAMS 0x000000008be00000, 0x000000008be00000| Untracked 
| 191|0x000000008bf00000, 0x000000008bf00000, 0x000000008c000000|  0%| F|  |TAMS 0x000000008bf00000, 0x000000008bf00000| Untracked 
| 192|0x000000008c000000, 0x000000008c000000, 0x000000008c100000|  0%| F|  |TAMS 0x000000008c000000, 0x000000008c000000| Untracked 
| 193|0x000000008c100000, 0x000000008c100000, 0x000000008c200000|  0%| F|  |TAMS 0x000000008c100000, 0x000000008c100000| Untracked 
| 194|0x000000008c200000, 0x000000008c200000, 0x000000008c300000|  0%| F|  |TAMS 0x000000008c200000, 0x000000008c200000| Untracked 
| 195|0x000000008c300000, 0x000000008c300000, 0x000000008c400000|  0%| F|  |TAMS 0x000000008c300000, 0x000000008c300000| Untracked 
| 196|0x000000008c400000, 0x000000008c400000, 0x000000008c500000|  0%| F|  |TAMS 0x000000008c400000, 0x000000008c400000| Untracked 
| 197|0x000000008c500000, 0x000000008c500000, 0x000000008c600000|  0%| F|  |TAMS 0x000000008c500000, 0x000000008c500000| Untracked 
| 198|0x000000008c600000, 0x000000008c65e300, 0x000000008c700000| 36%| S|CS|TAMS 0x000000008c600000, 0x000000008c600000| Complete 
| 249|0x000000008f900000, 0x000000008f900000, 0x000000008fa00000|  0%| F|  |TAMS 0x000000008f900000, 0x000000008f900000| Untracked 

Card table byte_map: [0x000002a84d560000,0x000002a84d960000] _byte_map_base: 0x000002a84d160000

Marking Bits (Prev, Next): (CMBitMap*) 0x000002a83a9c73f0, (CMBitMap*) 0x000002a83a9c73b0
 Prev Bits: [0x000002a84fd60000, 0x000002a851d60000)
 Next Bits: [0x000002a84dd60000, 0x000002a84fd60000)

Polling page: 0x000002a8388e0000

Metaspace:

Usage:
  Non-class:     77.78 MB used.
      Class:     12.19 MB used.
       Both:     89.97 MB used.

Virtual space:
  Non-class space:       80.00 MB reserved,      78.12 MB ( 98%) committed,  10 nodes.
      Class space:        1.00 GB reserved,      12.50 MB (  1%) committed,  1 nodes.
             Both:        1.08 GB reserved,      90.62 MB (  8%) committed. 

Chunk freelists:
   Non-Class:  1.09 MB
       Class:  3.47 MB
        Both:  4.56 MB

MaxMetaspaceSize: unlimited
CompressedClassSpaceSize: 1.00 GB
Initial GC threshold: 21.00 MB
Current GC threshold: 150.12 MB
CDS: off
MetaspaceReclaimPolicy: balanced
 - commit_granule_bytes: 65536.
 - commit_granule_words: 8192.
 - virtual_space_node_default_size: 1048576.
 - enlarge_chunks_in_place: 1.
 - new_chunks_are_fully_committed: 0.
 - uncommit_free_chunks: 1.
 - use_allocation_guard: 0.
 - handle_deallocations: 1.


Internal statistics:

num_allocs_failed_limit: 6.
num_arena_births: 850.
num_arena_deaths: 14.
num_vsnodes_births: 11.
num_vsnodes_deaths: 0.
num_space_committed: 1450.
num_space_uncommitted: 0.
num_chunks_returned_to_freelist: 24.
num_chunks_taken_from_freelist: 4254.
num_chunk_merges: 11.
num_chunk_splits: 2787.
num_chunks_enlarged: 1832.
num_purges: 2.
num_inconsistent_stats: 0.

CodeHeap 'non-profiled nmethods': size=120000Kb used=6494Kb max_used=6494Kb free=113505Kb
 bounds [0x000002a845900000, 0x000002a845f60000, 0x000002a84ce30000]
CodeHeap 'profiled nmethods': size=120000Kb used=19594Kb max_used=19594Kb free=100405Kb
 bounds [0x000002a83de30000, 0x000002a83f160000, 0x000002a845360000]
CodeHeap 'non-nmethods': size=5760Kb used=2393Kb max_used=2453Kb free=3366Kb
 bounds [0x000002a845360000, 0x000002a8455d0000, 0x000002a845900000]
 total_blobs=10950 nmethods=10037 adapters=825
 compilation: enabled
              stopped_count=0, restarted_count=0
 full_count=0

Compilation events (20 events):
Event: 15.362 Thread 0x000002a855089d80 11636       2       com.android.utils.PositionXmlParser$Position::toSourcePosition (69 bytes)
Event: 15.362 Thread 0x000002a855089d80 nmethod 11636 0x000002a83f145f10 code [0x000002a83f1460c0, 0x000002a83f1462a8]
Event: 15.362 Thread 0x000002a855089d80 11637       2       com.android.ide.common.blame.SourceFile::equals (55 bytes)
Event: 15.363 Thread 0x000002a855089d80 nmethod 11637 0x000002a83f146390 code [0x000002a83f146560, 0x000002a83f1468b8]
Event: 15.363 Thread 0x000002a855089d80 11638       2       com.android.ide.common.blame.SourcePosition::hashCode (69 bytes)
Event: 15.364 Thread 0x000002a855089d80 nmethod 11638 0x000002a83f146a10 code [0x000002a83f146c20, 0x000002a83f1475c8]
Event: 15.364 Thread 0x000002a855089d80 11631       2       com.android.utils.PositionXmlParser::getPosition (7 bytes)
Event: 15.364 Thread 0x000002a855089d80 nmethod 11631 0x000002a83f147990 code [0x000002a83f147b40, 0x000002a83f147c98]
Event: 15.364 Thread 0x000002a855089d80 11632       2       com.android.utils.PositionXmlParser::getPosition (22 bytes)
Event: 15.364 Thread 0x000002a855089d80 nmethod 11632 0x000002a83f147d90 code [0x000002a83f147f40, 0x000002a83f148078]
Event: 15.365 Thread 0x000002a855089d80 11642       3       com.android.utils.XmlUtils::toXmlTextValue (65 bytes)
Event: 15.367 Thread 0x000002a855089d80 nmethod 11642 0x000002a83f148190 code [0x000002a83f148460, 0x000002a83f149258]
Event: 15.369 Thread 0x000002a855089d80 11643 %     3       com.google.common.base.CharMatcher::countIn @ 4 (39 bytes)
Event: 15.370 Thread 0x000002a855089d80 nmethod 11643% 0x000002a83f149890 code [0x000002a83f149a60, 0x000002a83f149f48]
Event: 15.377 Thread 0x000002a855089d80 11648       3       com.google.common.base.CharMatcher::countIn (39 bytes)
Event: 15.378 Thread 0x000002a855089d80 nmethod 11648 0x000002a83f14a090 code [0x000002a83f14a260, 0x000002a83f14a6c8]
Event: 15.383 Thread 0x000002a855089d80 11649 %     3       com.android.utils.XmlUtils::append @ 348 (597 bytes)
Event: 15.387 Thread 0x000002a855089d80 nmethod 11649% 0x000002a83f14a810 code [0x000002a83f14ae40, 0x000002a83f14e1c8]
Event: 15.388 Thread 0x000002a855089d80 11651       3       com.android.utils.XmlUtils::append (597 bytes)
Event: 15.390 Thread 0x000002a855089d80 nmethod 11651 0x000002a83f14f490 code [0x000002a83f14fac0, 0x000002a83f152a28]

GC Heap History (20 events):
Event: 9.518 GC heap after
{Heap after GC invocations=25 (full 0):
 garbage-first heap   total 163840K, used 64649K [0x0000000080000000, 0x0000000100000000)
  region size 1024K, 5 young (5120K), 5 survivors (5120K)
 Metaspace       used 68551K, committed 69056K, reserved 1114112K
  class space    used 9032K, committed 9280K, reserved 1048576K
}
Event: 10.275 GC heap before
{Heap before GC invocations=25 (full 0):
 garbage-first heap   total 163840K, used 117897K [0x0000000080000000, 0x0000000100000000)
  region size 1024K, 57 young (58368K), 5 survivors (5120K)
 Metaspace       used 74055K, committed 74624K, reserved 1114112K
  class space    used 9971K, committed 10240K, reserved 1048576K
}
Event: 10.284 GC heap after
{Heap after GC invocations=26 (full 0):
 garbage-first heap   total 163840K, used 67878K [0x0000000080000000, 0x0000000100000000)
  region size 1024K, 8 young (8192K), 8 survivors (8192K)
 Metaspace       used 74055K, committed 74624K, reserved 1114112K
  class space    used 9971K, committed 10240K, reserved 1048576K
}
Event: 11.161 GC heap before
{Heap before GC invocations=26 (full 0):
 garbage-first heap   total 163840K, used 122150K [0x0000000080000000, 0x0000000100000000)
  region size 1024K, 61 young (62464K), 8 survivors (8192K)
 Metaspace       used 79574K, committed 80064K, reserved 1122304K
  class space    used 10786K, committed 11008K, reserved 1048576K
}
Event: 11.174 GC heap after
{Heap after GC invocations=27 (full 0):
 garbage-first heap   total 163840K, used 71859K [0x0000000080000000, 0x0000000100000000)
  region size 1024K, 8 young (8192K), 8 survivors (8192K)
 Metaspace       used 79574K, committed 80064K, reserved 1122304K
  class space    used 10786K, committed 11008K, reserved 1048576K
}
Event: 11.977 GC heap before
{Heap before GC invocations=27 (full 0):
 garbage-first heap   total 163840K, used 126131K [0x0000000080000000, 0x0000000100000000)
  region size 1024K, 61 young (62464K), 8 survivors (8192K)
 Metaspace       used 84564K, committed 85184K, reserved 1122304K
  class space    used 11479K, committed 11776K, reserved 1048576K
}
Event: 11.987 GC heap after
{Heap after GC invocations=28 (full 0):
 garbage-first heap   total 163840K, used 76152K [0x0000000080000000, 0x0000000100000000)
  region size 1024K, 8 young (8192K), 8 survivors (8192K)
 Metaspace       used 84564K, committed 85184K, reserved 1122304K
  class space    used 11479K, committed 11776K, reserved 1048576K
}
Event: 12.403 GC heap before
{Heap before GC invocations=28 (full 0):
 garbage-first heap   total 163840K, used 128376K [0x0000000080000000, 0x0000000100000000)
  region size 1024K, 59 young (60416K), 8 survivors (8192K)
 Metaspace       used 85247K, committed 85824K, reserved 1130496K
  class space    used 11569K, committed 11840K, reserved 1048576K
}
Event: 12.419 GC heap after
{Heap after GC invocations=29 (full 0):
 garbage-first heap   total 196608K, used 84810K [0x0000000080000000, 0x0000000100000000)
  region size 1024K, 8 young (8192K), 8 survivors (8192K)
 Metaspace       used 85247K, committed 85824K, reserved 1130496K
  class space    used 11569K, committed 11840K, reserved 1048576K
}
Event: 13.154 GC heap before
{Heap before GC invocations=29 (full 0):
 garbage-first heap   total 196608K, used 148298K [0x0000000080000000, 0x0000000100000000)
  region size 1024K, 71 young (72704K), 8 survivors (8192K)
 Metaspace       used 87771K, committed 88384K, reserved 1130496K
  class space    used 12053K, committed 12352K, reserved 1048576K
}
Event: 13.165 GC heap after
{Heap after GC invocations=30 (full 0):
 garbage-first heap   total 196608K, used 91043K [0x0000000080000000, 0x0000000100000000)
  region size 1024K, 6 young (6144K), 6 survivors (6144K)
 Metaspace       used 87771K, committed 88384K, reserved 1130496K
  class space    used 12053K, committed 12352K, reserved 1048576K
}
Event: 13.795 GC heap before
{Heap before GC invocations=30 (full 0):
 garbage-first heap   total 196608K, used 153507K [0x0000000080000000, 0x0000000100000000)
  region size 1024K, 67 young (68608K), 6 survivors (6144K)
 Metaspace       used 91061K, committed 91712K, reserved 1130496K
  class space    used 12415K, committed 12736K, reserved 1048576K
}
Event: 13.804 GC heap after
{Heap after GC invocations=31 (full 0):
 garbage-first heap   total 196608K, used 95362K [0x0000000080000000, 0x0000000100000000)
  region size 1024K, 5 young (5120K), 5 survivors (5120K)
 Metaspace       used 91061K, committed 91712K, reserved 1130496K
  class space    used 12415K, committed 12736K, reserved 1048576K
}
Event: 14.618 GC heap before
{Heap before GC invocations=31 (full 0):
 garbage-first heap   total 196608K, used 133250K [0x0000000080000000, 0x0000000100000000)
  region size 1024K, 44 young (45056K), 5 survivors (5120K)
 Metaspace       used 91579K, committed 92224K, reserved 1130496K
  class space    used 12422K, committed 12736K, reserved 1048576K
}
Event: 14.630 GC heap after
{Heap after GC invocations=32 (full 0):
 garbage-first heap   total 196608K, used 106267K [0x0000000080000000, 0x0000000100000000)
  region size 1024K, 9 young (9216K), 9 survivors (9216K)
 Metaspace       used 91579K, committed 92224K, reserved 1130496K
  class space    used 12422K, committed 12736K, reserved 1048576K
}
Event: 15.342 GC heap before
{Heap before GC invocations=33 (full 0):
 garbage-first heap   total 198656K, used 156443K [0x0000000080000000, 0x0000000100000000)
  region size 1024K, 56 young (57344K), 9 survivors (9216K)
 Metaspace       used 92063K, committed 92736K, reserved 1130496K
  class space    used 12470K, committed 12800K, reserved 1048576K
}
Event: 15.359 GC heap after
{Heap after GC invocations=34 (full 0):
 garbage-first heap   total 198656K, used 121999K [0x0000000080000000, 0x0000000100000000)
  region size 1024K, 7 young (7168K), 7 survivors (7168K)
 Metaspace       used 92063K, committed 92736K, reserved 1130496K
  class space    used 12470K, committed 12800K, reserved 1048576K
}
Event: 15.422 GC heap before
{Heap before GC invocations=34 (full 0):
 garbage-first heap   total 198656K, used 130191K [0x0000000080000000, 0x0000000100000000)
  region size 1024K, 9 young (9216K), 7 survivors (7168K)
 Metaspace       used 92110K, committed 92800K, reserved 1130496K
  class space    used 12476K, committed 12800K, reserved 1048576K
}
Event: 15.434 GC heap after
{Heap after GC invocations=35 (full 0):
 garbage-first heap   total 198656K, used 125244K [0x0000000080000000, 0x0000000100000000)
  region size 1024K, 2 young (2048K), 2 survivors (2048K)
 Metaspace       used 92110K, committed 92800K, reserved 1130496K
  class space    used 12476K, committed 12800K, reserved 1048576K
}
Event: 15.438 GC heap before
{Heap before GC invocations=35 (full 0):
 garbage-first heap   total 198656K, used 125244K [0x0000000080000000, 0x0000000100000000)
  region size 1024K, 3 young (3072K), 2 survivors (2048K)
 Metaspace       used 92130K, committed 92800K, reserved 1130496K
  class space    used 12479K, committed 12800K, reserved 1048576K
}

Dll operation events (2 events):
Event: 0.009 Loaded shared library C:\Program Files\Android\Android Studio\jbr\bin\java.dll
Event: 0.584 Loaded shared library C:\Program Files\Android\Android Studio\jbr\bin\verify.dll

Deoptimization events (20 events):
Event: 15.305 Thread 0x000002a85a709860 DEOPT PACKING pc=0x000002a845ef3640 sp=0x000000f3f5bf9430
Event: 15.305 Thread 0x000002a85a709860 DEOPT UNPACKING pc=0x000002a8453ba1a3 sp=0x000000f3f5bf9410 mode 2
Event: 15.309 Thread 0x000002a85a709860 Uncommon trap: trap_request=0xffffffde fr.pc=0x000002a845ef3640 relative=0x0000000000001120
Event: 15.309 Thread 0x000002a85a709860 Uncommon trap: reason=class_check action=maybe_recompile pc=0x000002a845ef3640 method=org.apache.xerces.dom.AttributeMap.setNamedItem(Lorg/w3c/dom/Node;)Lorg/w3c/dom/Node; @ 4 c2
Event: 15.309 Thread 0x000002a85a709860 DEOPT PACKING pc=0x000002a845ef3640 sp=0x000000f3f5bf9310
Event: 15.309 Thread 0x000002a85a709860 DEOPT UNPACKING pc=0x000002a8453ba1a3 sp=0x000000f3f5bf92f0 mode 2
Event: 15.309 Thread 0x000002a85a709860 Uncommon trap: trap_request=0xffffff3d fr.pc=0x000002a845ef1304 relative=0x0000000000000564
Event: 15.309 Thread 0x000002a85a709860 Uncommon trap: reason=unstable_fused_if action=reinterpret pc=0x000002a845ef1304 method=org.apache.xerces.dom.ParentNode.nodeListItem(I)Lorg/w3c/dom/Node; @ 142 c2
Event: 15.309 Thread 0x000002a85a709860 DEOPT PACKING pc=0x000002a845ef1304 sp=0x000000f3f5bf9520
Event: 15.309 Thread 0x000002a85a709860 DEOPT UNPACKING pc=0x000002a8453ba1a3 sp=0x000000f3f5bf9460 mode 2
Event: 15.309 Thread 0x000002a85a709860 Uncommon trap: trap_request=0xffffff3d fr.pc=0x000002a845eea384 relative=0x0000000000000564
Event: 15.309 Thread 0x000002a85a709860 Uncommon trap: reason=unstable_fused_if action=reinterpret pc=0x000002a845eea384 method=org.apache.xerces.dom.ParentNode.nodeListItem(I)Lorg/w3c/dom/Node; @ 142 c2
Event: 15.309 Thread 0x000002a85a709860 DEOPT PACKING pc=0x000002a845eea384 sp=0x000000f3f5bf9490
Event: 15.309 Thread 0x000002a85a709860 DEOPT UNPACKING pc=0x000002a8453ba1a3 sp=0x000000f3f5bf9448 mode 2
Event: 15.338 Thread 0x000002a85a709860 DEOPT PACKING pc=0x000002a83f1361e8 sp=0x000000f3f5bf9240
Event: 15.338 Thread 0x000002a85a709860 DEOPT UNPACKING pc=0x000002a8453bace3 sp=0x000000f3f5bf8750 mode 0
Event: 15.365 Thread 0x000002a85a709860 DEOPT PACKING pc=0x000002a83f1391c8 sp=0x000000f3f5bf8fc0
Event: 15.365 Thread 0x000002a85a709860 DEOPT UNPACKING pc=0x000002a8453bace3 sp=0x000000f3f5bf84d0 mode 0
Event: 15.366 Thread 0x000002a85a709860 DEOPT PACKING pc=0x000002a83f1391c8 sp=0x000000f3f5bf8fc0
Event: 15.366 Thread 0x000002a85a709860 DEOPT UNPACKING pc=0x000002a8453bace3 sp=0x000000f3f5bf84d0 mode 0

Classes unloaded (7 events):
Event: 14.758 Thread 0x000002a8547ded10 Unloading class 0x0000000100c15c00 'java/lang/invoke/LambdaForm$DMH+0x0000000100c15c00'
Event: 14.758 Thread 0x000002a8547ded10 Unloading class 0x0000000100c15800 'java/lang/invoke/LambdaForm$DMH+0x0000000100c15800'
Event: 14.758 Thread 0x000002a8547ded10 Unloading class 0x0000000100c15400 'java/lang/invoke/LambdaForm$DMH+0x0000000100c15400'
Event: 14.758 Thread 0x000002a8547ded10 Unloading class 0x0000000100c15000 'java/lang/invoke/LambdaForm$DMH+0x0000000100c15000'
Event: 14.758 Thread 0x000002a8547ded10 Unloading class 0x0000000100c14c00 'java/lang/invoke/LambdaForm$DMH+0x0000000100c14c00'
Event: 14.758 Thread 0x000002a8547ded10 Unloading class 0x0000000100c14800 'java/lang/invoke/LambdaForm$DMH+0x0000000100c14800'
Event: 14.758 Thread 0x000002a8547ded10 Unloading class 0x0000000100c14400 'java/lang/invoke/LambdaForm$DMH+0x0000000100c14400'

Classes redefined (0 events):
No events

Internal exceptions (20 events):
Event: 12.598 Thread 0x000002a856238b20 Exception <a 'java/lang/NoSuchMethodError'{0x000000008b315b00}: static Lorg/gradle/internal/build/event/types/DefaultTaskSuccessResult;.<clinit>()V> (0x000000008b315b00) 
thrown [s\src\hotspot\share\prims\jni.cpp, line 1108]
Event: 12.598 Thread 0x000002a856238b20 Exception <a 'java/lang/NoSuchMethodError'{0x000000008b317210}: static Lorg/gradle/internal/build/event/types/AbstractTaskResult;.<clinit>()V> (0x000000008b317210) 
thrown [s\src\hotspot\share\prims\jni.cpp, line 1108]
Event: 12.615 Thread 0x000002a85a70a200 Exception <a 'java/lang/NoSuchMethodError'{0x000000008b2012d0}: static Lcom/android/ide/common/attribution/AndroidGradlePluginAttributionData$BuildInfo;.<clinit>()V> (0x000000008b2012d0) 
thrown [s\src\hotspot\share\prims\jni.cpp, line 1108]
Event: 12.616 Thread 0x000002a856238b20 Exception <a 'java/lang/NoSuchMethodError'{0x000000008b2149c0}: static Lorg/gradle/internal/build/event/types/DefaultTaskSkippedResult;.<clinit>()V> (0x000000008b2149c0) 
thrown [s\src\hotspot\share\prims\jni.cpp, line 1108]
Event: 12.618 Thread 0x000002a85a70a200 Exception <a 'java/lang/NoSuchMethodError'{0x000000008b225bc0}: static Lcom/android/ide/common/attribution/AndroidGradlePluginAttributionData$JavaInfo;.<clinit>()V> (0x000000008b225bc0) 
thrown [s\src\hotspot\share\prims\jni.cpp, line 1108]
Event: 12.623 Thread 0x000002a85a70a200 Exception <a 'java/lang/NoSuchMethodError'{0x000000008b247858}: static [Ljava/lang/String;.<clinit>()V> (0x000000008b247858) 
thrown [s\src\hotspot\share\prims\jni.cpp, line 1108]
Event: 12.624 Thread 0x000002a85a70a200 Exception <a 'java/lang/NoSuchMethodError'{0x000000008b24c0e0}: 'void java.lang.invoke.DirectMethodHandle$Holder.invokeSpecial(java.lang.Object, java.lang.Object, java.lang.Object, int)'> (0x000000008b24c0e0) 
thrown [s\src\hotspot\share\interpreter\linkResolver.cpp, line 771]
Event: 12.627 Thread 0x000002a85a709860 Exception <a 'java/lang/NoSuchMethodError'{0x000000008b266dd0}: 'int java.lang.invoke.DirectMethodHandle$Holder.invokeSpecial(java.lang.Object, java.lang.Object, java.lang.Object, java.lang.Object, java.lang.Object)'> (0x000000008b266dd0) 
thrown [s\src\hotspot\share\interpreter\linkResolver.cpp, line 771]
Event: 12.901 Thread 0x000002a85a709860 Exception <a 'java/lang/NoSuchMethodError'{0x000000008a7df768}: 'void java.lang.invoke.DirectMethodHandle$Holder.invokeStatic(java.lang.Object, java.lang.Object, java.lang.Object, java.lang.Object, int, java.lang.Object, java.lang.Object)'> (0x000000008a7df768) 
thrown [s\src\hotspot\share\interpreter\linkResolver.cpp, line 771]
Event: 12.933 Thread 0x000002a85584c400 Exception <a 'java/lang/NoSuchMethodError'{0x0000000089e57fb0}: 'java.lang.Object java.lang.invoke.DirectMethodHandle$Holder.invokeSpecialIFC(java.lang.Object, java.lang.Object, java.lang.Object)'> (0x0000000089e57fb0) 
thrown [s\src\hotspot\share\interpreter\linkResolver.cpp, line 771]
Event: 12.933 Thread 0x000002a85ada2080 Exception <a 'java/lang/NoSuchMethodError'{0x0000000089e7ced8}: 'java.lang.Object java.lang.invoke.DirectMethodHandle$Holder.invokeSpecialIFC(java.lang.Object, java.lang.Object, java.lang.Object)'> (0x0000000089e7ced8) 
thrown [s\src\hotspot\share\interpreter\linkResolver.cpp, line 771]
Event: 12.933 Thread 0x000002a85afc7390 Exception <a 'java/lang/NoSuchMethodError'{0x0000000089ea8b70}: 'java.lang.Object java.lang.invoke.DirectMethodHandle$Holder.invokeSpecialIFC(java.lang.Object, java.lang.Object, java.lang.Object)'> (0x0000000089ea8b70) 
thrown [s\src\hotspot\share\interpreter\linkResolver.cpp, line 771]
Event: 12.933 Thread 0x000002a85afc56b0 Exception <a 'java/lang/NoSuchMethodError'{0x0000000089e67158}: 'java.lang.Object java.lang.invoke.DirectMethodHandle$Holder.invokeSpecialIFC(java.lang.Object, java.lang.Object, java.lang.Object)'> (0x0000000089e67158) 
thrown [s\src\hotspot\share\interpreter\linkResolver.cpp, line 771]
Event: 12.933 Thread 0x000002a85ad9f060 Exception <a 'java/lang/NoSuchMethodError'{0x0000000089e936b8}: 'java.lang.Object java.lang.invoke.DirectMethodHandle$Holder.invokeSpecialIFC(java.lang.Object, java.lang.Object, java.lang.Object)'> (0x0000000089e936b8) 
thrown [s\src\hotspot\share\interpreter\linkResolver.cpp, line 771]
Event: 12.933 Thread 0x000002a85584e5b0 Exception <a 'java/lang/NoSuchMethodError'{0x0000000089e3d680}: 'java.lang.Object java.lang.invoke.DirectMethodHandle$Holder.invokeSpecialIFC(java.lang.Object, java.lang.Object, java.lang.Object)'> (0x0000000089e3d680) 
thrown [s\src\hotspot\share\interpreter\linkResolver.cpp, line 771]
Event: 12.933 Thread 0x000002a85a709860 Exception <a 'java/lang/NoSuchMethodError'{0x0000000089f7d9d0}: 'java.lang.Object java.lang.invoke.DirectMethodHandle$Holder.invokeSpecialIFC(java.lang.Object, java.lang.Object, java.lang.Object)'> (0x0000000089f7d9d0) 
thrown [s\src\hotspot\share\interpreter\linkResolver.cpp, line 771]
Event: 12.933 Thread 0x000002a85afc3500 Exception <a 'java/lang/NoSuchMethodError'{0x0000000089ebef10}: 'java.lang.Object java.lang.invoke.DirectMethodHandle$Holder.invokeSpecialIFC(java.lang.Object, java.lang.Object, java.lang.Object)'> (0x0000000089ebef10) 
thrown [s\src\hotspot\share\interpreter\linkResolver.cpp, line 771]
Event: 13.483 Thread 0x000002a85a709860 Exception <a 'java/lang/NoSuchMethodError'{0x000000008913d260}: 'void java.lang.invoke.DirectMethodHandle$Holder.invokeInterface(java.lang.Object, java.lang.Object, java.lang.Object, java.lang.Object)'> (0x000000008913d260) 
thrown [s\src\hotspot\share\interpreter\linkResolver.cpp, line 771]
Event: 13.505 Thread 0x000002a85a709860 Exception <a 'java/lang/NoSuchMethodError'{0x000000008903b710}: 'void java.lang.invoke.DirectMethodHandle$Holder.invokeVirtual(java.lang.Object, java.lang.Object)'> (0x000000008903b710) 
thrown [s\src\hotspot\share\interpreter\linkResolver.cpp, line 771]
Event: 15.171 Thread 0x000002a85a709860 Implicit null exception at 0x000002a845f20e14 to 0x000002a845f21cf8

VM Operations (20 events):
Event: 13.458 Executing VM operation: ICBufferFull done
Event: 13.459 Executing VM operation: ICBufferFull
Event: 13.459 Executing VM operation: ICBufferFull done
Event: 13.795 Executing VM operation: G1CollectForAllocation
Event: 13.804 Executing VM operation: G1CollectForAllocation done
Event: 14.428 Executing VM operation: ICBufferFull
Event: 14.428 Executing VM operation: ICBufferFull done
Event: 14.618 Executing VM operation: G1TryInitiateConcMark
Event: 14.630 Executing VM operation: G1TryInitiateConcMark done
Event: 14.757 Executing VM operation: G1Concurrent
Event: 14.770 Executing VM operation: G1Concurrent done
Event: 14.829 Executing VM operation: G1Concurrent
Event: 14.829 Executing VM operation: G1Concurrent done
Event: 15.282 Executing VM operation: HandshakeAllThreads
Event: 15.282 Executing VM operation: HandshakeAllThreads done
Event: 15.342 Executing VM operation: G1CollectForAllocation
Event: 15.359 Executing VM operation: G1CollectForAllocation done
Event: 15.422 Executing VM operation: G1CollectForAllocation
Event: 15.434 Executing VM operation: G1CollectForAllocation done
Event: 15.438 Executing VM operation: G1TryInitiateConcMark

Events (20 events):
Event: 15.097 loading class java/util/stream/Node$Builder$OfInt done
Event: 15.097 loading class java/util/stream/Nodes$IntArrayNode
Event: 15.097 loading class java/util/stream/Nodes$IntArrayNode done
Event: 15.097 loading class java/util/stream/Nodes$IntFixedNodeBuilder done
Event: 15.137 loading class java/util/concurrent/ConcurrentLinkedDeque
Event: 15.138 loading class java/util/concurrent/ConcurrentLinkedDeque done
Event: 15.138 loading class java/util/concurrent/ConcurrentLinkedDeque$Node
Event: 15.138 loading class java/util/concurrent/ConcurrentLinkedDeque$Node done
Event: 15.286 loading class org/w3c/dom/DOMImplementation
Event: 15.286 loading class org/w3c/dom/DOMImplementation done
Event: 15.286 loading class org/w3c/dom/ls/DOMImplementationLS
Event: 15.287 loading class org/w3c/dom/ls/DOMImplementationLS done
Event: 15.287 loading class org/w3c/dom/ls/LSSerializer
Event: 15.287 loading class org/w3c/dom/ls/LSSerializer done
Event: 15.287 loading class org/w3c/dom/ls/LSOutput
Event: 15.287 loading class org/w3c/dom/ls/LSOutput done
Event: 15.288 loading class org/w3c/dom/ls/LSParser
Event: 15.288 loading class org/w3c/dom/ls/LSParser done
Event: 15.288 loading class org/w3c/dom/ls/LSInput
Event: 15.288 loading class org/w3c/dom/ls/LSInput done


Dynamic libraries:
0x00007ff616aa0000 - 0x00007ff616aaa000 	C:\Program Files\Android\Android Studio\jbr\bin\java.exe
0x00007fff2f450000 - 0x00007fff2f664000 	C:\WINDOWS\SYSTEM32\ntdll.dll
0x00007fff2da40000 - 0x00007fff2db02000 	C:\WINDOWS\System32\KERNEL32.DLL
0x00007fff2cdd0000 - 0x00007fff2d16c000 	C:\WINDOWS\System32\KERNELBASE.dll
0x00007fff2cc10000 - 0x00007fff2cd21000 	C:\WINDOWS\System32\ucrtbase.dll
0x00007ffefb010000 - 0x00007ffefb02b000 	C:\Program Files\Android\Android Studio\jbr\bin\VCRUNTIME140.dll
0x00007ffeefe00000 - 0x00007ffeefe17000 	C:\Program Files\Android\Android Studio\jbr\bin\jli.dll
0x00007fff2d380000 - 0x00007fff2d52b000 	C:\WINDOWS\System32\USER32.dll
0x00007fff1edc0000 - 0x00007fff1f04e000 	C:\WINDOWS\WinSxS\amd64_microsoft.windows.common-controls_6595b64144ccf1df_6.0.22621.608_none_a9444ca7c10bb01d\COMCTL32.dll
0x00007fff2cb20000 - 0x00007fff2cb46000 	C:\WINDOWS\System32\win32u.dll
0x00007fff2f150000 - 0x00007fff2f1f7000 	C:\WINDOWS\System32\msvcrt.dll
0x00007fff2e2c0000 - 0x00007fff2e2e9000 	C:\WINDOWS\System32\GDI32.dll
0x00007fff2c890000 - 0x00007fff2c9a3000 	C:\WINDOWS\System32\gdi32full.dll
0x00007fff2cd30000 - 0x00007fff2cdca000 	C:\WINDOWS\System32\msvcp_win.dll
0x00007fff2d340000 - 0x00007fff2d371000 	C:\WINDOWS\System32\IMM32.DLL
0x00007fff21ad0000 - 0x00007fff21adc000 	C:\Program Files\Android\Android Studio\jbr\bin\vcruntime140_1.dll
0x00007ffee04c0000 - 0x00007ffee054d000 	C:\Program Files\Android\Android Studio\jbr\bin\msvcp140.dll
0x00007ffe9b930000 - 0x00007ffe9c59d000 	C:\Program Files\Android\Android Studio\jbr\bin\server\jvm.dll
0x00007fff2dc90000 - 0x00007fff2dd3e000 	C:\WINDOWS\System32\ADVAPI32.dll
0x00007fff2d930000 - 0x00007fff2d9d4000 	C:\WINDOWS\System32\sechost.dll
0x00007fff2e680000 - 0x00007fff2e797000 	C:\WINDOWS\System32\RPCRT4.dll
0x00007fff27900000 - 0x00007fff27909000 	C:\WINDOWS\SYSTEM32\WSOCK32.dll
0x00007fff21940000 - 0x00007fff21974000 	C:\WINDOWS\SYSTEM32\WINMM.dll
0x00007fff2f260000 - 0x00007fff2f2d1000 	C:\WINDOWS\System32\WS2_32.dll
0x00007fff241e0000 - 0x00007fff241ea000 	C:\WINDOWS\SYSTEM32\VERSION.dll
0x00007fff2b9d0000 - 0x00007fff2b9e8000 	C:\WINDOWS\SYSTEM32\kernel.appcore.dll
0x00007fff278d0000 - 0x00007fff278da000 	C:\Program Files\Android\Android Studio\jbr\bin\jimage.dll
0x00007fff29ba0000 - 0x00007fff29dce000 	C:\WINDOWS\SYSTEM32\DBGHELP.DLL
0x00007fff2e2f0000 - 0x00007fff2e679000 	C:\WINDOWS\System32\combase.dll
0x00007fff2d260000 - 0x00007fff2d337000 	C:\WINDOWS\System32\OLEAUT32.dll
0x00007fff03a90000 - 0x00007fff03ac2000 	C:\WINDOWS\SYSTEM32\dbgcore.DLL
0x00007fff2d1e0000 - 0x00007fff2d25b000 	C:\WINDOWS\System32\bcryptPrimitives.dll
0x00007fff17bf0000 - 0x00007fff17c15000 	C:\Program Files\Android\Android Studio\jbr\bin\java.dll
0x00007fff20e50000 - 0x00007fff20e68000 	C:\Program Files\Android\Android Studio\jbr\bin\zip.dll
0x00007fff2e7a0000 - 0x00007fff2ef90000 	C:\WINDOWS\System32\SHELL32.dll
0x00007fff2a8a0000 - 0x00007fff2b16d000 	C:\WINDOWS\SYSTEM32\windows.storage.dll
0x00007fff2a760000 - 0x00007fff2a89e000 	C:\WINDOWS\SYSTEM32\wintypes.dll
0x00007fff2f2e0000 - 0x00007fff2f3d1000 	C:\WINDOWS\System32\SHCORE.dll
0x00007fff2d9e0000 - 0x00007fff2da3e000 	C:\WINDOWS\System32\shlwapi.dll
0x00007fff2c7c0000 - 0x00007fff2c7e1000 	C:\WINDOWS\SYSTEM32\profapi.dll
0x00007fff19930000 - 0x00007fff19949000 	C:\Program Files\Android\Android Studio\jbr\bin\net.dll
0x00007fff26480000 - 0x00007fff265b7000 	C:\WINDOWS\SYSTEM32\WINHTTP.dll
0x00007fff2be40000 - 0x00007fff2bea9000 	C:\WINDOWS\system32\mswsock.dll
0x00007fff197f0000 - 0x00007fff19806000 	C:\Program Files\Android\Android Studio\jbr\bin\nio.dll
0x00007fff240d0000 - 0x00007fff240e0000 	C:\Program Files\Android\Android Studio\jbr\bin\verify.dll
0x00007ffedf8f0000 - 0x00007ffedf917000 	C:\Users\georg\Documents\edistynytmobiiliohjelmointi-master (1)\edistynytmobiiliohjelmointi-master\native\e1d6ef7f7dcc3fd88c89a11ec53ec762bb8ba0a96d01ffa2cd45eb1d1d8dd5c5\windows-amd64\native-platform.dll
0x00007ffe99f30000 - 0x00007ffe9a074000 	C:\Users\georg\Documents\edistynytmobiiliohjelmointi-master (1)\edistynytmobiiliohjelmointi-master\native\0d407fdbe67a94daf76414ababcb853783967236a71b16ec16e742cd7a986fd3\windows-amd64\native-platform-file-events.dll
0x00007fff278b0000 - 0x00007fff278b9000 	C:\Program Files\Android\Android Studio\jbr\bin\management.dll
0x00007fff27850000 - 0x00007fff2785b000 	C:\Program Files\Android\Android Studio\jbr\bin\management_ext.dll
0x00007fff2d920000 - 0x00007fff2d928000 	C:\WINDOWS\System32\PSAPI.DLL
0x00007fff2c0a0000 - 0x00007fff2c0bb000 	C:\WINDOWS\SYSTEM32\CRYPTSP.dll
0x00007fff2b940000 - 0x00007fff2b975000 	C:\WINDOWS\system32\rsaenh.dll
0x00007fff2bf40000 - 0x00007fff2bf68000 	C:\WINDOWS\SYSTEM32\USERENV.dll
0x00007fff2c260000 - 0x00007fff2c288000 	C:\WINDOWS\SYSTEM32\bcrypt.dll
0x00007fff2c0c0000 - 0x00007fff2c0cc000 	C:\WINDOWS\SYSTEM32\CRYPTBASE.dll
0x00007fff2b480000 - 0x00007fff2b4ad000 	C:\WINDOWS\SYSTEM32\IPHLPAPI.DLL
0x00007fff2e2b0000 - 0x00007fff2e2b9000 	C:\WINDOWS\System32\NSI.dll
0x00007fff25640000 - 0x00007fff25659000 	C:\WINDOWS\SYSTEM32\dhcpcsvc6.DLL
0x00007fff25620000 - 0x00007fff2563f000 	C:\WINDOWS\SYSTEM32\dhcpcsvc.DLL
0x00007fff2b500000 - 0x00007fff2b5f3000 	C:\WINDOWS\SYSTEM32\DNSAPI.dll
0x00007fff05bf0000 - 0x00007fff05bf8000 	C:\WINDOWS\system32\wshunix.dll

dbghelp: loaded successfully - version: 4.0.5 - missing functions: none
symbol engine: initialized successfully - sym options: 0x614 - pdb path: .;C:\Program Files\Android\Android Studio\jbr\bin;C:\WINDOWS\SYSTEM32;C:\WINDOWS\WinSxS\amd64_microsoft.windows.common-controls_6595b64144ccf1df_6.0.22621.608_none_a9444ca7c10bb01d;C:\Program Files\Android\Android Studio\jbr\bin\server;C:\Users\georg\Documents\edistynytmobiiliohjelmointi-master (1)\edistynytmobiiliohjelmointi-master\native\e1d6ef7f7dcc3fd88c89a11ec53ec762bb8ba0a96d01ffa2cd45eb1d1d8dd5c5\windows-amd64;C:\Users\georg\Documents\edistynytmobiiliohjelmointi-master (1)\edistynytmobiiliohjelmointi-master\native\0d407fdbe67a94daf76414ababcb853783967236a71b16ec16e742cd7a986fd3\windows-amd64

VM Arguments:
jvm_args: --add-opens=java.base/java.util=ALL-UNNAMED --add-opens=java.base/java.lang=ALL-UNNAMED --add-opens=java.base/java.lang.invoke=ALL-UNNAMED --add-opens=java.base/java.util=ALL-UNNAMED --add-opens=java.prefs/java.util.prefs=ALL-UNNAMED --add-opens=java.prefs/java.util.prefs=ALL-UNNAMED --add-opens=java.base/java.nio.charset=ALL-UNNAMED --add-opens=java.base/java.net=ALL-UNNAMED --add-opens=java.base/java.util.concurrent.atomic=ALL-UNNAMED -Xmx2048m -Dfile.encoding=UTF-8 -Duser.country=US -Duser.language=en -Duser.variant 
java_command: org.gradle.launcher.daemon.bootstrap.GradleDaemon 7.5
java_class_path (initial): C:\Users\georg\Documents\edistynytmobiiliohjelmointi-master (1)\edistynytmobiiliohjelmointi-master\wrapper\dists\gradle-7.5-bin\f1w0cc9nuo0eivz97x2xlu9sv\gradle-7.5\lib\gradle-launcher-7.5.jar
Launcher Type: SUN_STANDARD

[Global flags]
     intx CICompilerCount                          = 4                                         {product} {ergonomic}
     uint ConcGCThreads                            = 2                                         {product} {ergonomic}
     uint G1ConcRefinementThreads                  = 8                                         {product} {ergonomic}
   size_t G1HeapRegionSize                         = 1048576                                   {product} {ergonomic}
    uintx GCDrainStackTargetSize                   = 64                                        {product} {ergonomic}
   size_t InitialHeapSize                          = 262144000                                 {product} {ergonomic}
   size_t MarkStackSize                            = 4194304                                   {product} {ergonomic}
   size_t MaxHeapSize                              = 2147483648                                {product} {command line}
   size_t MaxNewSize                               = 1287651328                                {product} {ergonomic}
   size_t MinHeapDeltaBytes                        = 1048576                                   {product} {ergonomic}
   size_t MinHeapSize                              = 8388608                                   {product} {ergonomic}
    uintx NonNMethodCodeHeapSize                   = 5839372                                {pd product} {ergonomic}
    uintx NonProfiledCodeHeapSize                  = 122909434                              {pd product} {ergonomic}
    uintx ProfiledCodeHeapSize                     = 122909434                              {pd product} {ergonomic}
    uintx ReservedCodeCacheSize                    = 251658240                              {pd product} {ergonomic}
     bool SegmentedCodeCache                       = true                                      {product} {ergonomic}
   size_t SoftMaxHeapSize                          = 2147483648                             {manageable} {ergonomic}
     bool UseCompressedClassPointers               = true                           {product lp64_product} {ergonomic}
     bool UseCompressedOops                        = true                           {product lp64_product} {ergonomic}
     bool UseG1GC                                  = true                                      {product} {ergonomic}
     bool UseLargePagesIndividualAllocation        = false                                  {pd product} {ergonomic}

Logging:
Log output configuration:
 #0: stdout all=warning uptime,level,tags
 #1: stderr all=off uptime,level,tags

Environment Variables:
PATH=C:\WINDOWS\system32;C:\WINDOWS;C:\WINDOWS\System32\Wbem;C:\WINDOWS\System32\WindowsPowerShell\v1.0\;C:\WINDOWS\System32\OpenSSH\;C:\Users\georg\AppData\Local\Microsoft\WindowsApps;C:\Users\georg\AppData\Local\GitHubDesktop\bin
USERNAME=georg
OS=Windows_NT
PROCESSOR_IDENTIFIER=Intel64 Family 6 Model 140 Stepping 1, GenuineIntel
TMP=C:\Users\georg\AppData\Local\Temp
TEMP=C:\Users\georg\AppData\Local\Temp



---------------  S Y S T E M  ---------------

OS:
 Windows 11 , 64 bit Build 22621 (10.0.22621.1485)
OS uptime: 3 days 8:24 hours

CPU: total 8 (initial active 8) (4 cores per cpu, 2 threads per core) family 6 model 140 stepping 1 microcode 0xa4, cx8, cmov, fxsr, ht, mmx, 3dnowpref, sse, sse2, sse3, ssse3, sse4.1, sse4.2, popcnt, lzcnt, tsc, tscinvbit, avx, avx2, aes, erms, clmul, bmi1, bmi2, adx, avx512f, avx512dq, avx512cd, avx512bw, avx512vl, sha, fma, vzeroupper, avx512_vpopcntdq, avx512_vpclmulqdq, avx512_vaes, avx512_vnni, clflush, clflushopt, clwb, avx512_vbmi2, avx512_vbmi

Memory: 4k page, system-wide physical 15963M (3430M free)
TotalPageFile size 15963M (AvailPageFile size 44M)
current process WorkingSet (physical memory assigned to process): 459M, peak: 479M
current process commit charge ("private bytes"): 505M, peak: 557M

vm_info: OpenJDK 64-Bit Server VM (17.0.6+0-b2043.56-9586694) for windows-amd64 JRE (17.0.6+0-b2043.56-9586694), built on Feb  9 2023 20:06:20 by "androidbuild" with MS VC++ 16.10 / 16.11 (VS2019)

END.
