#
# There is insufficient memory for the Java Runtime Environment to continue.
# Native memory allocation (malloc) failed to allocate 68176 bytes for Chunk::new
# Possible reasons:
#   The system is out of physical RAM or swap space
#   The process is running with CompressedOops enabled, and the Java Heap may be blocking the growth of the native heap
# Possible solutions:
#   Reduce memory load on the system
#   Increase physical memory or swap space
#   Check if swap backing store is full
#   Decrease Java heap size (-Xmx/-Xms)
#   Decrease number of Java threads
#   Decrease Java thread stack sizes (-Xss)
#   Set larger code cache with -XX:ReservedCodeCacheSize=
#   JVM is running with Unscaled Compressed Oops mode in which the Java heap is
#     placed in the first 4GB address space. The Java Heap base address is the
#     maximum limit for the native heap growth. Please use -XX:HeapBaseMinAddress
#     to set the Java Heap base and to place the Java Heap above 4GB virtual address.
# This output file may be truncated or incomplete.
#
#  Out of Memory Error (arena.cpp:189), pid=15424, tid=22008
#
# JRE version: OpenJDK Runtime Environment (17.0.6) (build 17.0.6+0-b2043.56-9586694)
# Java VM: OpenJDK 64-Bit Server VM (17.0.6+0-b2043.56-9586694, mixed mode, tiered, compressed oops, compressed class ptrs, g1 gc, windows-amd64)
# No core dump will be written. Minidumps are not enabled by default on client versions of Windows
#

---------------  S U M M A R Y ------------

Command Line: --add-opens=java.base/java.util=ALL-UNNAMED --add-opens=java.base/java.lang=ALL-UNNAMED --add-opens=java.base/java.lang.invoke=ALL-UNNAMED --add-opens=java.base/java.util=ALL-UNNAMED --add-opens=java.prefs/java.util.prefs=ALL-UNNAMED --add-opens=java.prefs/java.util.prefs=ALL-UNNAMED --add-opens=java.base/java.nio.charset=ALL-UNNAMED --add-opens=java.base/java.net=ALL-UNNAMED --add-opens=java.base/java.util.concurrent.atomic=ALL-UNNAMED -Xmx2048m -Dfile.encoding=UTF-8 -Duser.country=US -Duser.language=en -Duser.variant org.gradle.launcher.daemon.bootstrap.GradleDaemon 7.5

Host: 11th Gen Intel(R) Core(TM) i7-1185G7 @ 3.00GHz, 8 cores, 15G,  Windows 11 , 64 bit Build 22621 (10.0.22621.1485)
Time: Sun May  7 22:05:59 2023 FLE Daylight Time elapsed time: 8.387847 seconds (0d 0h 0m 8s)

---------------  T H R E A D  ---------------

Current thread (0x00000213ce773fd0):  JavaThread "C2 CompilerThread2" daemon [_thread_in_native, id=22008, stack(0x000000b687300000,0x000000b687400000)]


Current CompileTask:
C2:   8387 5839       4       org.gradle.internal.snapshot.AbstractIncompleteFileSystemNode::rootSnapshots (30 bytes)

Stack: [0x000000b687300000,0x000000b687400000]
Native frames: (J=compiled Java code, j=interpreted, Vv=VM code, C=native code)
V  [jvm.dll+0x683b4a]
V  [jvm.dll+0x842654]
V  [jvm.dll+0x843dfe]
V  [jvm.dll+0x844463]
V  [jvm.dll+0x249b75]
V  [jvm.dll+0xabcac]
V  [jvm.dll+0xac27c]
V  [jvm.dll+0x56b8a8]
V  [jvm.dll+0x1bcee7]
V  [jvm.dll+0x21c359]
V  [jvm.dll+0x21b621]
V  [jvm.dll+0x1a4fdd]
V  [jvm.dll+0x22b098]
V  [jvm.dll+0x229159]
V  [jvm.dll+0x7f809c]
V  [jvm.dll+0x7f25fa]
V  [jvm.dll+0x682985]
C  [ucrtbase.dll+0x29363]
C  [KERNEL32.DLL+0x1269d]
C  [ntdll.dll+0x5a9f8]


---------------  P R O C E S S  ---------------

Threads class SMR info:
_java_thread_list=0x00000213d0e84470, length=125, elements={
0x00000213b07bb2f0, 0x00000213cb05b020, 0x00000213cb05b8e0, 0x00000213cb085920,
0x00000213cb0865f0, 0x00000213cb086eb0, 0x00000213cb088780, 0x00000213cb089370,
0x00000213cb089c70, 0x00000213cb08cd90, 0x00000213cb203130, 0x00000213cb209c40,
0x00000213cb42b050, 0x00000213cd9b12d0, 0x00000213cbf1f5e0, 0x00000213cc1fbd60,
0x00000213cdaad1b0, 0x00000213ce0bf620, 0x00000213cc018ff0, 0x00000213cc019e60,
0x00000213cc018b20, 0x00000213cc0194c0, 0x00000213cc018650, 0x00000213cc019990,
0x00000213cdb06fa0, 0x00000213cdb02c40, 0x00000213cdb05c60, 0x00000213cdb06130,
0x00000213cdb07470, 0x00000213cdb06600, 0x00000213cdb035e0, 0x00000213cdb04df0,
0x00000213cdb03110, 0x00000213cdb00f60, 0x00000213cdb03ab0, 0x00000213cdb07940,
0x00000213ce773fd0, 0x00000213cdb01430, 0x00000213cdb000f0, 0x00000213cdb01900,
0x00000213cdb005c0, 0x00000213cdb00a90, 0x00000213cdb022a0, 0x00000213cdb02770,
0x00000213cdb04450, 0x00000213cdb04920, 0x00000213cdb052c0, 0x00000213cdb05790,
0x00000213d0f287f0, 0x00000213d0f29b30, 0x00000213d0f28320, 0x00000213d0f2b340,
0x00000213d0f25ca0, 0x00000213d0f24e30, 0x00000213d0f26b10, 0x00000213d0f26fe0,
0x00000213d0f29190, 0x00000213d0f27e50, 0x00000213d0f257d0, 0x00000213d0f29660,
0x00000213d0f2a9a0, 0x00000213d0f2c680, 0x00000213d0f25300, 0x00000213d0f2a000,
0x00000213d0f26640, 0x00000213d0f274b0, 0x00000213d0f26170, 0x00000213d0f27980,
0x00000213d0f28cc0, 0x00000213d0f2a4d0, 0x00000213d0f2ae70, 0x00000213d0f2b810,
0x00000213d0f2bce0, 0x00000213d0f2c1b0, 0x00000213cb26d540, 0x00000213cb26dee0,
0x00000213cb271d70, 0x00000213cb270560, 0x00000213cb26da10, 0x00000213cb272710,
0x00000213cb26d070, 0x00000213cb26e3b0, 0x00000213cb272240, 0x00000213cb272be0,
0x00000213cb270a30, 0x00000213cb2730b0, 0x00000213cb2718a0, 0x00000213cb273580,
0x00000213cb270f00, 0x00000213cb273a50, 0x00000213cb273f20, 0x00000213cb26e880,
0x00000213cb2743f0, 0x00000213cb26ed50, 0x00000213cb26f220, 0x00000213cb26f6f0,
0x00000213cb26fbc0, 0x00000213cb2748c0, 0x00000213cb270090, 0x00000213cb2713d0,
0x00000213cc7db740, 0x00000213cc7dc5b0, 0x00000213cc7d9f30, 0x00000213cc7d8bf0,
0x00000213cc7df100, 0x00000213cc7dfaa0, 0x00000213cc7dddc0, 0x00000213cc7dca80,
0x00000213cc7d9590, 0x00000213cc7da400, 0x00000213cc7dcf50, 0x00000213cc7da8d0,
0x00000213cc7d90c0, 0x00000213cc7e0440, 0x00000213cc7de760, 0x00000213cc7dff70,
0x00000213cc7db270, 0x00000213cc7dada0, 0x00000213cc7d9a60, 0x00000213cc7dbc10,
0x00000213cc7dc0e0, 0x00000213cc7df5d0, 0x00000213cc7dd420, 0x00000213cc7dd8f0,
0x00000213cc7de290
}

Java Threads: ( => current thread )
  0x00000213b07bb2f0 JavaThread "main" [_thread_blocked, id=18784, stack(0x000000b684000000,0x000000b684100000)]
  0x00000213cb05b020 JavaThread "Reference Handler" daemon [_thread_blocked, id=1880, stack(0x000000b684700000,0x000000b684800000)]
  0x00000213cb05b8e0 JavaThread "Finalizer" daemon [_thread_blocked, id=22488, stack(0x000000b684800000,0x000000b684900000)]
  0x00000213cb085920 JavaThread "Signal Dispatcher" daemon [_thread_blocked, id=2372, stack(0x000000b684900000,0x000000b684a00000)]
  0x00000213cb0865f0 JavaThread "Attach Listener" daemon [_thread_blocked, id=23176, stack(0x000000b684a00000,0x000000b684b00000)]
  0x00000213cb086eb0 JavaThread "Service Thread" daemon [_thread_blocked, id=6492, stack(0x000000b684b00000,0x000000b684c00000)]
  0x00000213cb088780 JavaThread "Monitor Deflation Thread" daemon [_thread_blocked, id=10480, stack(0x000000b684c00000,0x000000b684d00000)]
  0x00000213cb089370 JavaThread "C2 CompilerThread0" daemon [_thread_in_native, id=9060, stack(0x000000b684d00000,0x000000b684e00000)]
  0x00000213cb089c70 JavaThread "C1 CompilerThread0" daemon [_thread_blocked, id=9876, stack(0x000000b684e00000,0x000000b684f00000)]
  0x00000213cb08cd90 JavaThread "Sweeper thread" daemon [_thread_blocked, id=17516, stack(0x000000b684f00000,0x000000b685000000)]
  0x00000213cb203130 JavaThread "Common-Cleaner" daemon [_thread_blocked, id=24388, stack(0x000000b685000000,0x000000b685100000)]
  0x00000213cb209c40 JavaThread "Notification Thread" daemon [_thread_blocked, id=6640, stack(0x000000b685100000,0x000000b685200000)]
  0x00000213cb42b050 JavaThread "C2 CompilerThread1" daemon [_thread_in_native, id=16300, stack(0x000000b685300000,0x000000b685400000)]
  0x00000213cd9b12d0 JavaThread "Daemon health stats" [_thread_blocked, id=22576, stack(0x000000b685a00000,0x000000b685b00000)]
  0x00000213cbf1f5e0 JavaThread "Incoming local TCP Connector on port 57743" [_thread_in_native, id=6720, stack(0x000000b685b00000,0x000000b685c00000)]
  0x00000213cc1fbd60 JavaThread "Daemon periodic checks" [_thread_blocked, id=17936, stack(0x000000b685c00000,0x000000b685d00000)]
  0x00000213cdaad1b0 JavaThread "Daemon" [_thread_blocked, id=10488, stack(0x000000b685d00000,0x000000b685e00000)]
  0x00000213ce0bf620 JavaThread "Handler for socket connection from /127.0.0.1:57743 to /127.0.0.1:57744" [_thread_in_native, id=11660, stack(0x000000b685e00000,0x000000b685f00000)]
  0x00000213cc018ff0 JavaThread "Cancel handler" [_thread_blocked, id=20380, stack(0x000000b685f00000,0x000000b686000000)]
  0x00000213cc019e60 JavaThread "Daemon worker" [_thread_in_native, id=15452, stack(0x000000b686000000,0x000000b686100000)]
  0x00000213cc018b20 JavaThread "Asynchronous log dispatcher for DefaultDaemonConnection: socket connection from /127.0.0.1:57743 to /127.0.0.1:57744" [_thread_blocked, id=21296, stack(0x000000b686100000,0x000000b686200000)]
  0x00000213cc0194c0 JavaThread "Stdin handler" [_thread_blocked, id=15004, stack(0x000000b686200000,0x000000b686300000)]
  0x00000213cc018650 JavaThread "Daemon client event forwarder" [_thread_blocked, id=5292, stack(0x000000b686300000,0x000000b686400000)]
  0x00000213cc019990 JavaThread "Cache worker for journal cache (C:\Users\georg\Documents\edistynytmobiiliohjelmointi-master (1)\edistynytmobiiliohjelmointi-master\caches\journal-1)" [_thread_blocked, id=5144, stack(0x000000b686400000,0x000000b686500000)]
  0x00000213cdb06fa0 JavaThread "File lock request listener" [_thread_in_native, id=21852, stack(0x000000b686500000,0x000000b686600000)]
  0x00000213cdb02c40 JavaThread "Cache worker for file hash cache (C:\Users\georg\Documents\edistynytmobiiliohjelmointi-master (1)\edistynytmobiiliohjelmointi-master\caches\7.5\fileHashes)" [_thread_blocked, id=13988, stack(0x000000b686800000,0x000000b686900000)]
  0x00000213cdb05c60 JavaThread "File watcher server" daemon [_thread_in_native, id=13492, stack(0x000000b686a00000,0x000000b686b00000)]
  0x00000213cdb06130 JavaThread "File watcher consumer" daemon [_thread_blocked, id=22328, stack(0x000000b686b00000,0x000000b686c00000)]
  0x00000213cdb07470 JavaThread "Cache worker for checksums cache (C:\Users\georg\Documents\edistynytmobiiliohjelmointi-master (1)\edistynytmobiiliohjelmointi-master\.gradle\7.5\checksums)" [_thread_blocked, id=8872, stack(0x000000b686c00000,0x000000b686d00000)]
  0x00000213cdb06600 JavaThread "Cache worker for cache directory md-rule (C:\Users\georg\Documents\edistynytmobiiliohjelmointi-master (1)\edistynytmobiiliohjelmointi-master\caches\7.5\md-rule)" [_thread_blocked, id=14388, stack(0x000000b686d00000,0x000000b686e00000)]
  0x00000213cdb035e0 JavaThread "Cache worker for file content cache (C:\Users\georg\Documents\edistynytmobiiliohjelmointi-master (1)\edistynytmobiiliohjelmointi-master\caches\7.5\fileContent)" [_thread_blocked, id=22260, stack(0x000000b686e00000,0x000000b686f00000)]
  0x00000213cdb04df0 JavaThread "Cache worker for file hash cache (C:\Users\georg\Documents\edistynytmobiiliohjelmointi-master (1)\edistynytmobiiliohjelmointi-master\.gradle\7.5\fileHashes)" [_thread_blocked, id=720, stack(0x000000b686f00000,0x000000b687000000)]
  0x00000213cdb03110 JavaThread "Cache worker for cache directory md-supplier (C:\Users\georg\Documents\edistynytmobiiliohjelmointi-master (1)\edistynytmobiiliohjelmointi-master\caches\7.5\md-supplier)" [_thread_blocked, id=7876, stack(0x000000b687000000,0x000000b687100000)]
  0x00000213cdb00f60 JavaThread "Cache worker for execution history cache (C:\Users\georg\Documents\edistynytmobiiliohjelmointi-master (1)\edistynytmobiiliohjelmointi-master\caches\7.5\executionHistory)" [_thread_blocked, id=17944, stack(0x000000b687100000,0x000000b687200000)]
  0x00000213cdb03ab0 JavaThread "jar transforms" [_thread_blocked, id=4828, stack(0x000000b686900000,0x000000b686a00000)]
  0x00000213cdb07940 JavaThread "jar transforms Thread 2" [_thread_blocked, id=21264, stack(0x000000b687200000,0x000000b687300000)]
=>0x00000213ce773fd0 JavaThread "C2 CompilerThread2" daemon [_thread_in_native, id=22008, stack(0x000000b687300000,0x000000b687400000)]
  0x00000213cdb01430 JavaThread "jar transforms Thread 3" [_thread_blocked, id=6464, stack(0x000000b687500000,0x000000b687600000)]
  0x00000213cdb000f0 JavaThread "jar transforms Thread 4" [_thread_blocked, id=12204, stack(0x000000b687600000,0x000000b687700000)]
  0x00000213cdb01900 JavaThread "Cache worker for dependencies-accessors (C:\Users\georg\Documents\edistynytmobiiliohjelmointi-master (1)\edistynytmobiiliohjelmointi-master\.gradle\7.5\dependencies-accessors)" [_thread_blocked, id=20504, stack(0x000000b687700000,0x000000b687800000)]
  0x00000213cdb005c0 JavaThread "jar transforms Thread 5" [_thread_blocked, id=15024, stack(0x000000b687800000,0x000000b687900000)]
  0x00000213cdb00a90 JavaThread "Cache worker for Build Output Cleanup Cache (C:\Users\georg\Documents\edistynytmobiiliohjelmointi-master (1)\edistynytmobiiliohjelmointi-master\.gradle\buildOutputCleanup)" [_thread_blocked, id=11292, stack(0x000000b687900000,0x000000b687a00000)]
  0x00000213cdb022a0 JavaThread "Unconstrained build operations" [_thread_blocked, id=3580, stack(0x000000b687a00000,0x000000b687b00000)]
  0x00000213cdb02770 JavaThread "Unconstrained build operations Thread 2" [_thread_blocked, id=19324, stack(0x000000b687b00000,0x000000b687c00000)]
  0x00000213cdb04450 JavaThread "Unconstrained build operations Thread 3" [_thread_blocked, id=10136, stack(0x000000b687c00000,0x000000b687d00000)]
  0x00000213cdb04920 JavaThread "Unconstrained build operations Thread 4" [_thread_blocked, id=22820, stack(0x000000b687d00000,0x000000b687e00000)]
  0x00000213cdb052c0 JavaThread "Unconstrained build operations Thread 5" [_thread_blocked, id=23120, stack(0x000000b687e00000,0x000000b687f00000)]
  0x00000213cdb05790 JavaThread "Unconstrained build operations Thread 6" [_thread_blocked, id=4116, stack(0x000000b687f00000,0x000000b688000000)]
  0x00000213d0f287f0 JavaThread "Unconstrained build operations Thread 7" [_thread_blocked, id=5364, stack(0x000000b688000000,0x000000b688100000)]
  0x00000213d0f29b30 JavaThread "Unconstrained build operations Thread 8" [_thread_blocked, id=7204, stack(0x000000b688100000,0x000000b688200000)]
  0x00000213d0f28320 JavaThread "Unconstrained build operations Thread 9" [_thread_blocked, id=17824, stack(0x000000b688200000,0x000000b688300000)]
  0x00000213d0f2b340 JavaThread "Unconstrained build operations Thread 10" [_thread_blocked, id=19788, stack(0x000000b688300000,0x000000b688400000)]
  0x00000213d0f25ca0 JavaThread "Unconstrained build operations Thread 11" [_thread_blocked, id=2460, stack(0x000000b688400000,0x000000b688500000)]
  0x00000213d0f24e30 JavaThread "Unconstrained build operations Thread 12" [_thread_blocked, id=19328, stack(0x000000b688500000,0x000000b688600000)]
  0x00000213d0f26b10 JavaThread "Unconstrained build operations Thread 13" [_thread_blocked, id=9080, stack(0x000000b688600000,0x000000b688700000)]
  0x00000213d0f26fe0 JavaThread "Unconstrained build operations Thread 14" [_thread_blocked, id=2772, stack(0x000000b688700000,0x000000b688800000)]
  0x00000213d0f29190 JavaThread "Unconstrained build operations Thread 15" [_thread_blocked, id=10784, stack(0x000000b688800000,0x000000b688900000)]
  0x00000213d0f27e50 JavaThread "Unconstrained build operations Thread 16" [_thread_blocked, id=8096, stack(0x000000b688900000,0x000000b688a00000)]
  0x00000213d0f257d0 JavaThread "Unconstrained build operations Thread 17" [_thread_blocked, id=23000, stack(0x000000b688a00000,0x000000b688b00000)]
  0x00000213d0f29660 JavaThread "Unconstrained build operations Thread 18" [_thread_blocked, id=18692, stack(0x000000b688b00000,0x000000b688c00000)]
  0x00000213d0f2a9a0 JavaThread "Unconstrained build operations Thread 19" [_thread_blocked, id=23316, stack(0x000000b688c00000,0x000000b688d00000)]
  0x00000213d0f2c680 JavaThread "Unconstrained build operations Thread 20" [_thread_blocked, id=4068, stack(0x000000b688d00000,0x000000b688e00000)]
  0x00000213d0f25300 JavaThread "Unconstrained build operations Thread 21" [_thread_blocked, id=8332, stack(0x000000b688e00000,0x000000b688f00000)]
  0x00000213d0f2a000 JavaThread "Unconstrained build operations Thread 22" [_thread_blocked, id=14512, stack(0x000000b688f00000,0x000000b689000000)]
  0x00000213d0f26640 JavaThread "Unconstrained build operations Thread 23" [_thread_blocked, id=23196, stack(0x000000b689000000,0x000000b689100000)]
  0x00000213d0f274b0 JavaThread "Unconstrained build operations Thread 24" [_thread_blocked, id=11604, stack(0x000000b689100000,0x000000b689200000)]
  0x00000213d0f26170 JavaThread "Unconstrained build operations Thread 25" [_thread_blocked, id=2140, stack(0x000000b689200000,0x000000b689300000)]
  0x00000213d0f27980 JavaThread "Unconstrained build operations Thread 26" [_thread_blocked, id=15548, stack(0x000000b689300000,0x000000b689400000)]
  0x00000213d0f28cc0 JavaThread "Unconstrained build operations Thread 27" [_thread_blocked, id=10432, stack(0x000000b689400000,0x000000b689500000)]
  0x00000213d0f2a4d0 JavaThread "Unconstrained build operations Thread 28" [_thread_blocked, id=15996, stack(0x000000b689500000,0x000000b689600000)]
  0x00000213d0f2ae70 JavaThread "Unconstrained build operations Thread 29" [_thread_blocked, id=23168, stack(0x000000b689600000,0x000000b689700000)]
  0x00000213d0f2b810 JavaThread "Unconstrained build operations Thread 30" [_thread_blocked, id=10576, stack(0x000000b689700000,0x000000b689800000)]
  0x00000213d0f2bce0 JavaThread "Unconstrained build operations Thread 31" [_thread_blocked, id=7268, stack(0x000000b689800000,0x000000b689900000)]
  0x00000213d0f2c1b0 JavaThread "Unconstrained build operations Thread 32" [_thread_blocked, id=10580, stack(0x000000b689900000,0x000000b689a00000)]
  0x00000213cb26d540 JavaThread "Unconstrained build operations Thread 33" [_thread_blocked, id=24364, stack(0x000000b689a00000,0x000000b689b00000)]
  0x00000213cb26dee0 JavaThread "Unconstrained build operations Thread 34" [_thread_blocked, id=14024, stack(0x000000b689b00000,0x000000b689c00000)]
  0x00000213cb271d70 JavaThread "Unconstrained build operations Thread 35" [_thread_blocked, id=24236, stack(0x000000b689c00000,0x000000b689d00000)]
  0x00000213cb270560 JavaThread "Unconstrained build operations Thread 36" [_thread_blocked, id=17572, stack(0x000000b689d00000,0x000000b689e00000)]
  0x00000213cb26da10 JavaThread "Unconstrained build operations Thread 37" [_thread_blocked, id=19488, stack(0x000000b689e00000,0x000000b689f00000)]
  0x00000213cb272710 JavaThread "Unconstrained build operations Thread 38" [_thread_blocked, id=21108, stack(0x000000b689f00000,0x000000b68a000000)]
  0x00000213cb26d070 JavaThread "Unconstrained build operations Thread 39" [_thread_blocked, id=6620, stack(0x000000b68a000000,0x000000b68a100000)]
  0x00000213cb26e3b0 JavaThread "Unconstrained build operations Thread 40" [_thread_blocked, id=14408, stack(0x000000b68a100000,0x000000b68a200000)]
  0x00000213cb272240 JavaThread "Unconstrained build operations Thread 41" [_thread_blocked, id=7568, stack(0x000000b68a200000,0x000000b68a300000)]
  0x00000213cb272be0 JavaThread "Unconstrained build operations Thread 42" [_thread_blocked, id=20420, stack(0x000000b68a300000,0x000000b68a400000)]
  0x00000213cb270a30 JavaThread "Unconstrained build operations Thread 43" [_thread_blocked, id=23340, stack(0x000000b68a400000,0x000000b68a500000)]
  0x00000213cb2730b0 JavaThread "Unconstrained build operations Thread 44" [_thread_blocked, id=6260, stack(0x000000b68a500000,0x000000b68a600000)]
  0x00000213cb2718a0 JavaThread "Unconstrained build operations Thread 45" [_thread_blocked, id=21168, stack(0x000000b68a600000,0x000000b68a700000)]
  0x00000213cb273580 JavaThread "Unconstrained build operations Thread 46" [_thread_blocked, id=12200, stack(0x000000b68a700000,0x000000b68a800000)]
  0x00000213cb270f00 JavaThread "Unconstrained build operations Thread 47" [_thread_blocked, id=10360, stack(0x000000b68a800000,0x000000b68a900000)]
  0x00000213cb273a50 JavaThread "Unconstrained build operations Thread 48" [_thread_blocked, id=4824, stack(0x000000b68a900000,0x000000b68aa00000)]
  0x00000213cb273f20 JavaThread "Unconstrained build operations Thread 49" [_thread_blocked, id=6944, stack(0x000000b68aa00000,0x000000b68ab00000)]
  0x00000213cb26e880 JavaThread "Unconstrained build operations Thread 50" [_thread_blocked, id=8584, stack(0x000000b68ab00000,0x000000b68ac00000)]
  0x00000213cb2743f0 JavaThread "Unconstrained build operations Thread 51" [_thread_blocked, id=16204, stack(0x000000b68ac00000,0x000000b68ad00000)]
  0x00000213cb26ed50 JavaThread "Unconstrained build operations Thread 52" [_thread_blocked, id=16464, stack(0x000000b68ad00000,0x000000b68ae00000)]
  0x00000213cb26f220 JavaThread "Unconstrained build operations Thread 53" [_thread_blocked, id=24088, stack(0x000000b68ae00000,0x000000b68af00000)]
  0x00000213cb26f6f0 JavaThread "Unconstrained build operations Thread 54" [_thread_blocked, id=9880, stack(0x000000b68af00000,0x000000b68b000000)]
  0x00000213cb26fbc0 JavaThread "Unconstrained build operations Thread 55" [_thread_blocked, id=11740, stack(0x000000b68b000000,0x000000b68b100000)]
  0x00000213cb2748c0 JavaThread "Unconstrained build operations Thread 56" [_thread_blocked, id=12084, stack(0x000000b68b100000,0x000000b68b200000)]
  0x00000213cb270090 JavaThread "Unconstrained build operations Thread 57" [_thread_blocked, id=8828, stack(0x000000b68b200000,0x000000b68b300000)]
  0x00000213cb2713d0 JavaThread "Unconstrained build operations Thread 58" [_thread_blocked, id=17768, stack(0x000000b68b300000,0x000000b68b400000)]
  0x00000213cc7db740 JavaThread "Unconstrained build operations Thread 59" [_thread_blocked, id=11032, stack(0x000000b68b400000,0x000000b68b500000)]
  0x00000213cc7dc5b0 JavaThread "Unconstrained build operations Thread 60" [_thread_blocked, id=21420, stack(0x000000b68b500000,0x000000b68b600000)]
  0x00000213cc7d9f30 JavaThread "Unconstrained build operations Thread 61" [_thread_blocked, id=10892, stack(0x000000b68b600000,0x000000b68b700000)]
  0x00000213cc7d8bf0 JavaThread "Unconstrained build operations Thread 62" [_thread_blocked, id=3524, stack(0x000000b68b700000,0x000000b68b800000)]
  0x00000213cc7df100 JavaThread "Unconstrained build operations Thread 63" [_thread_blocked, id=9512, stack(0x000000b68b800000,0x000000b68b900000)]
  0x00000213cc7dfaa0 JavaThread "Unconstrained build operations Thread 64" [_thread_blocked, id=10268, stack(0x000000b68b900000,0x000000b68ba00000)]
  0x00000213cc7dddc0 JavaThread "Unconstrained build operations Thread 65" [_thread_blocked, id=16516, stack(0x000000b68ba00000,0x000000b68bb00000)]
  0x00000213cc7dca80 JavaThread "Unconstrained build operations Thread 66" [_thread_blocked, id=23484, stack(0x000000b68bb00000,0x000000b68bc00000)]
  0x00000213cc7d9590 JavaThread "Unconstrained build operations Thread 67" [_thread_blocked, id=17368, stack(0x000000b68bc00000,0x000000b68bd00000)]
  0x00000213cc7da400 JavaThread "Unconstrained build operations Thread 68" [_thread_blocked, id=18676, stack(0x000000b68bd00000,0x000000b68be00000)]
  0x00000213cc7dcf50 JavaThread "Unconstrained build operations Thread 69" [_thread_blocked, id=16696, stack(0x000000b68be00000,0x000000b68bf00000)]
  0x00000213cc7da8d0 JavaThread "Unconstrained build operations Thread 70" [_thread_blocked, id=16800, stack(0x000000b68bf00000,0x000000b68c000000)]
  0x00000213cc7d90c0 JavaThread "Unconstrained build operations Thread 71" [_thread_blocked, id=18484, stack(0x000000b68c000000,0x000000b68c100000)]
  0x00000213cc7e0440 JavaThread "Unconstrained build operations Thread 72" [_thread_blocked, id=13748, stack(0x000000b68c100000,0x000000b68c200000)]
  0x00000213cc7de760 JavaThread "Unconstrained build operations Thread 73" [_thread_blocked, id=8108, stack(0x000000b68c200000,0x000000b68c300000)]
  0x00000213cc7dff70 JavaThread "Unconstrained build operations Thread 74" [_thread_blocked, id=16948, stack(0x000000b68c300000,0x000000b68c400000)]
  0x00000213cc7db270 JavaThread "Unconstrained build operations Thread 75" [_thread_blocked, id=18824, stack(0x000000b68c400000,0x000000b68c500000)]
  0x00000213cc7dada0 JavaThread "Unconstrained build operations Thread 76" [_thread_blocked, id=16316, stack(0x000000b68c500000,0x000000b68c600000)]
  0x00000213cc7d9a60 JavaThread "Unconstrained build operations Thread 77" [_thread_blocked, id=22968, stack(0x000000b68c600000,0x000000b68c700000)]
  0x00000213cc7dbc10 JavaThread "Unconstrained build operations Thread 78" [_thread_blocked, id=15268, stack(0x000000b68c700000,0x000000b68c800000)]
  0x00000213cc7dc0e0 JavaThread "Unconstrained build operations Thread 79" [_thread_blocked, id=14012, stack(0x000000b68c800000,0x000000b68c900000)]
  0x00000213cc7df5d0 JavaThread "Unconstrained build operations Thread 80" [_thread_blocked, id=24300, stack(0x000000b68c900000,0x000000b68ca00000)]
  0x00000213cc7dd420 JavaThread "jar transforms Thread 6" [_thread_blocked, id=17208, stack(0x000000b68ca00000,0x000000b68cb00000)]
  0x00000213cc7dd8f0 JavaThread "jar transforms Thread 7" [_thread_blocked, id=23248, stack(0x000000b68cb00000,0x000000b68cc00000)]
  0x00000213cc7de290 JavaThread "jar transforms Thread 8" [_thread_blocked, id=17472, stack(0x000000b68cc00000,0x000000b68cd00000)]

Other Threads:
  0x00000213ca61e7b0 VMThread "VM Thread" [stack: 0x000000b684600000,0x000000b684700000] [id=8568]
  0x00000213b08303f0 WatcherThread [stack: 0x000000b685200000,0x000000b685300000] [id=7096]
  0x00000213b0817c60 GCTaskThread "GC Thread#0" [stack: 0x000000b684100000,0x000000b684200000] [id=6656]
  0x00000213cc1d6220 GCTaskThread "GC Thread#1" [stack: 0x000000b685500000,0x000000b685600000] [id=9448]
  0x00000213cbea2420 GCTaskThread "GC Thread#2" [stack: 0x000000b685600000,0x000000b685700000] [id=13060]
  0x00000213cc2aeb90 GCTaskThread "GC Thread#3" [stack: 0x000000b685700000,0x000000b685800000] [id=15180]
  0x00000213cc103af0 GCTaskThread "GC Thread#4" [stack: 0x000000b685800000,0x000000b685900000] [id=12340]
  0x00000213cc2e6aa0 GCTaskThread "GC Thread#5" [stack: 0x000000b685900000,0x000000b685a00000] [id=5276]
  0x00000213cddab570 GCTaskThread "GC Thread#6" [stack: 0x000000b685400000,0x000000b685500000] [id=18040]
  0x00000213ce1b8aa0 GCTaskThread "GC Thread#7" [stack: 0x000000b686600000,0x000000b686700000] [id=19808]
  0x00000213b0828aa0 ConcurrentGCThread "G1 Main Marker" [stack: 0x000000b684200000,0x000000b684300000] [id=3876]
  0x00000213b0829510 ConcurrentGCThread "G1 Conc#0" [stack: 0x000000b684300000,0x000000b684400000] [id=18864]
  0x00000213cda68e40 ConcurrentGCThread "G1 Conc#1" [stack: 0x000000b686700000,0x000000b686800000] [id=16028]
  0x00000213b087e5d0 ConcurrentGCThread "G1 Refine#0" [stack: 0x000000b684400000,0x000000b684500000] [id=22016]
  0x00000213cc32ce10 ConcurrentGCThread "G1 Refine#1" [stack: 0x000000b687400000,0x000000b687500000] [id=20036]
  0x00000213ca4cd1d0 ConcurrentGCThread "G1 Service" [stack: 0x000000b684500000,0x000000b684600000] [id=1700]

Threads with active compile tasks:
C2 CompilerThread0     8414 5867       4       sun.security.provider.DigestBase::engineUpdate (189 bytes)
C2 CompilerThread1     8414 5886       4       java.net.URI$Parser::scan (76 bytes)
C2 CompilerThread2     8414 5839       4       org.gradle.internal.snapshot.AbstractIncompleteFileSystemNode::rootSnapshots (30 bytes)

VM state: not at safepoint (normal execution)

VM Mutex/Monitor currently owned by a thread: None

Heap address: 0x0000000080000000, size: 2048 MB, Compressed Oops mode: 32-bit

CDS archive(s) not mapped
Compressed class space mapped at: 0x0000000100000000-0x0000000140000000, reserved size: 1073741824
Narrow klass base: 0x0000000000000000, Narrow klass shift: 3, Narrow klass range: 0x140000000

GC Precious Log:
 CPUs: 8 total, 8 available
 Memory: 15963M
 Large Page Support: Disabled
 NUMA Support: Disabled
 Compressed Oops: Enabled (32-bit)
 Heap Region Size: 1M
 Heap Min Capacity: 8M
 Heap Initial Capacity: 250M
 Heap Max Capacity: 2G
 Pre-touch: Disabled
 Parallel Workers: 8
 Concurrent Workers: 2
 Concurrent Refinement Workers: 8
 Periodic GC: Disabled

Heap:
 garbage-first heap   total 78848K, used 39933K [0x0000000080000000, 0x0000000100000000)
  region size 1024K, 10 young (10240K), 3 survivors (3072K)
 Metaspace       used 50909K, committed 51328K, reserved 1097728K
  class space    used 6720K, committed 6912K, reserved 1048576K

Heap Regions: E=young(eden), S=young(survivor), O=old, HS=humongous(starts), HC=humongous(continues), CS=collection set, F=free, OA=open archive, CA=closed archive, TAMS=top-at-mark-start (previous, next)
|   0|0x0000000080000000, 0x0000000080100000, 0x0000000080100000|100%| O|  |TAMS 0x0000000080100000, 0x0000000080000000| Untracked 
|   1|0x0000000080100000, 0x0000000080200000, 0x0000000080200000|100%| O|  |TAMS 0x0000000080200000, 0x0000000080100000| Untracked 
|   2|0x0000000080200000, 0x00000000802d7800, 0x0000000080300000| 84%| O|  |TAMS 0x00000000802d7800, 0x0000000080200000| Untracked 
|   3|0x0000000080300000, 0x0000000080400000, 0x0000000080400000|100%|HS|  |TAMS 0x0000000080400000, 0x0000000080300000| Complete 
|   4|0x0000000080400000, 0x0000000080500000, 0x0000000080500000|100%|HC|  |TAMS 0x0000000080500000, 0x0000000080400000| Complete 
|   5|0x0000000080500000, 0x0000000080600000, 0x0000000080600000|100%|HC|  |TAMS 0x0000000080600000, 0x0000000080500000| Complete 
|   6|0x0000000080600000, 0x0000000080700000, 0x0000000080700000|100%| O|  |TAMS 0x0000000080700000, 0x0000000080600000| Untracked 
|   7|0x0000000080700000, 0x0000000080800000, 0x0000000080800000|100%| O|  |TAMS 0x0000000080800000, 0x0000000080700000| Untracked 
|   8|0x0000000080800000, 0x0000000080900000, 0x0000000080900000|100%| O|  |TAMS 0x0000000080900000, 0x0000000080800000| Untracked 
|   9|0x0000000080900000, 0x0000000080a00000, 0x0000000080a00000|100%| O|  |TAMS 0x0000000080a00000, 0x0000000080900000| Untracked 
|  10|0x0000000080a00000, 0x0000000080b00000, 0x0000000080b00000|100%| O|  |TAMS 0x0000000080b00000, 0x0000000080a00000| Untracked 
|  11|0x0000000080b00000, 0x0000000080c00000, 0x0000000080c00000|100%| O|  |TAMS 0x0000000080c00000, 0x0000000080b00000| Untracked 
|  12|0x0000000080c00000, 0x0000000080d00000, 0x0000000080d00000|100%| O|  |TAMS 0x0000000080d00000, 0x0000000080c00000| Untracked 
|  13|0x0000000080d00000, 0x0000000080e00000, 0x0000000080e00000|100%| O|  |TAMS 0x0000000080e00000, 0x0000000080d00000| Untracked 
|  14|0x0000000080e00000, 0x0000000080f00000, 0x0000000080f00000|100%| O|  |TAMS 0x0000000080f00000, 0x0000000080e00000| Untracked 
|  15|0x0000000080f00000, 0x0000000081000000, 0x0000000081000000|100%| O|  |TAMS 0x0000000081000000, 0x0000000080f00000| Untracked 
|  16|0x0000000081000000, 0x0000000081100000, 0x0000000081100000|100%| O|  |TAMS 0x0000000081100000, 0x0000000081000000| Untracked 
|  17|0x0000000081100000, 0x0000000081200000, 0x0000000081200000|100%| O|  |TAMS 0x0000000081200000, 0x0000000081100000| Untracked 
|  18|0x0000000081200000, 0x0000000081300000, 0x0000000081300000|100%| O|  |TAMS 0x00000000812c8600, 0x0000000081200000| Untracked 
|  19|0x0000000081300000, 0x0000000081400000, 0x0000000081400000|100%| O|  |TAMS 0x0000000081300000, 0x0000000081300000| Untracked 
|  20|0x0000000081400000, 0x0000000081500000, 0x0000000081500000|100%| O|  |TAMS 0x0000000081400000, 0x0000000081400000| Untracked 
|  21|0x0000000081500000, 0x0000000081600000, 0x0000000081600000|100%| O|  |TAMS 0x0000000081500000, 0x0000000081500000| Untracked 
|  22|0x0000000081600000, 0x0000000081700000, 0x0000000081700000|100%| O|  |TAMS 0x0000000081600000, 0x0000000081600000| Untracked 
|  23|0x0000000081700000, 0x0000000081800000, 0x0000000081800000|100%| O|  |TAMS 0x0000000081700000, 0x0000000081700000| Untracked 
|  24|0x0000000081800000, 0x0000000081900000, 0x0000000081900000|100%| O|  |TAMS 0x0000000081800000, 0x0000000081800000| Untracked 
|  25|0x0000000081900000, 0x0000000081a00000, 0x0000000081a00000|100%| O|  |TAMS 0x0000000081900000, 0x0000000081900000| Untracked 
|  26|0x0000000081a00000, 0x0000000081b00000, 0x0000000081b00000|100%| O|  |TAMS 0x0000000081a00000, 0x0000000081a00000| Untracked 
|  27|0x0000000081b00000, 0x0000000081c00000, 0x0000000081c00000|100%| O|  |TAMS 0x0000000081b00000, 0x0000000081b00000| Untracked 
|  28|0x0000000081c00000, 0x0000000081c88c00, 0x0000000081d00000| 53%| O|  |TAMS 0x0000000081c00000, 0x0000000081c00000| Untracked 
|  29|0x0000000081d00000, 0x0000000081e00000, 0x0000000081e00000|100%| O|  |TAMS 0x0000000081d00000, 0x0000000081d00000| Untracked 
|  30|0x0000000081e00000, 0x0000000081f00000, 0x0000000081f00000|100%| O|  |TAMS 0x0000000081e00000, 0x0000000081e00000| Untracked 
|  31|0x0000000081f00000, 0x0000000082000000, 0x0000000082000000|100%| O|  |TAMS 0x0000000081f00000, 0x0000000081f00000| Untracked 
|  32|0x0000000082000000, 0x0000000082000000, 0x0000000082100000|  0%| F|  |TAMS 0x0000000082000000, 0x0000000082000000| Untracked 
|  33|0x0000000082100000, 0x0000000082100000, 0x0000000082200000|  0%| F|  |TAMS 0x0000000082100000, 0x0000000082100000| Untracked 
|  34|0x0000000082200000, 0x0000000082200000, 0x0000000082300000|  0%| F|  |TAMS 0x0000000082200000, 0x0000000082200000| Untracked 
|  35|0x0000000082300000, 0x0000000082300000, 0x0000000082400000|  0%| F|  |TAMS 0x0000000082300000, 0x0000000082300000| Untracked 
|  36|0x0000000082400000, 0x0000000082400000, 0x0000000082500000|  0%| F|  |TAMS 0x0000000082400000, 0x0000000082400000| Untracked 
|  37|0x0000000082500000, 0x0000000082500000, 0x0000000082600000|  0%| F|  |TAMS 0x0000000082500000, 0x0000000082500000| Untracked 
|  38|0x0000000082600000, 0x0000000082600000, 0x0000000082700000|  0%| F|  |TAMS 0x0000000082600000, 0x0000000082600000| Untracked 
|  39|0x0000000082700000, 0x0000000082700000, 0x0000000082800000|  0%| F|  |TAMS 0x0000000082700000, 0x0000000082700000| Untracked 
|  40|0x0000000082800000, 0x0000000082800000, 0x0000000082900000|  0%| F|  |TAMS 0x0000000082800000, 0x0000000082800000| Untracked 
|  41|0x0000000082900000, 0x0000000082900000, 0x0000000082a00000|  0%| F|  |TAMS 0x0000000082900000, 0x0000000082900000| Untracked 
|  42|0x0000000082a00000, 0x0000000082a00000, 0x0000000082b00000|  0%| F|  |TAMS 0x0000000082a00000, 0x0000000082a00000| Untracked 
|  43|0x0000000082b00000, 0x0000000082b00000, 0x0000000082c00000|  0%| F|  |TAMS 0x0000000082b00000, 0x0000000082b00000| Untracked 
|  44|0x0000000082c00000, 0x0000000082c00000, 0x0000000082d00000|  0%| F|  |TAMS 0x0000000082c00000, 0x0000000082c00000| Untracked 
|  45|0x0000000082d00000, 0x0000000082d9f108, 0x0000000082e00000| 62%| S|CS|TAMS 0x0000000082d00000, 0x0000000082d00000| Complete 
|  46|0x0000000082e00000, 0x0000000082e00000, 0x0000000082f00000|  0%| F|  |TAMS 0x0000000082e00000, 0x0000000082e00000| Untracked 
|  47|0x0000000082f00000, 0x0000000082f00000, 0x0000000083000000|  0%| F|  |TAMS 0x0000000082f00000, 0x0000000082f00000| Untracked 
|  48|0x0000000083000000, 0x0000000083000000, 0x0000000083100000|  0%| F|  |TAMS 0x0000000083000000, 0x0000000083000000| Untracked 
|  49|0x0000000083100000, 0x0000000083200000, 0x0000000083200000|100%| S|CS|TAMS 0x0000000083100000, 0x0000000083100000| Complete 
|  50|0x0000000083200000, 0x0000000083300000, 0x0000000083300000|100%| S|CS|TAMS 0x0000000083200000, 0x0000000083200000| Complete 
|  51|0x0000000083300000, 0x0000000083300000, 0x0000000083400000|  0%| F|  |TAMS 0x0000000083300000, 0x0000000083300000| Untracked 
|  52|0x0000000083400000, 0x0000000083400000, 0x0000000083500000|  0%| F|  |TAMS 0x0000000083400000, 0x0000000083400000| Untracked 
|  53|0x0000000083500000, 0x0000000083500000, 0x0000000083600000|  0%| F|  |TAMS 0x0000000083500000, 0x0000000083500000| Untracked 
|  54|0x0000000083600000, 0x0000000083600000, 0x0000000083700000|  0%| F|  |TAMS 0x0000000083600000, 0x0000000083600000| Untracked 
|  55|0x0000000083700000, 0x0000000083700000, 0x0000000083800000|  0%| F|  |TAMS 0x0000000083700000, 0x0000000083700000| Untracked 
|  56|0x0000000083800000, 0x0000000083800000, 0x0000000083900000|  0%| F|  |TAMS 0x0000000083800000, 0x0000000083800000| Untracked 
|  57|0x0000000083900000, 0x0000000083900000, 0x0000000083a00000|  0%| F|  |TAMS 0x0000000083900000, 0x0000000083900000| Untracked 
|  58|0x0000000083a00000, 0x0000000083a00000, 0x0000000083b00000|  0%| F|  |TAMS 0x0000000083a00000, 0x0000000083a00000| Untracked 
|  59|0x0000000083b00000, 0x0000000083b00000, 0x0000000083c00000|  0%| F|  |TAMS 0x0000000083b00000, 0x0000000083b00000| Untracked 
|  60|0x0000000083c00000, 0x0000000083c00000, 0x0000000083d00000|  0%| F|  |TAMS 0x0000000083c00000, 0x0000000083c00000| Untracked 
|  61|0x0000000083d00000, 0x0000000083d00000, 0x0000000083e00000|  0%| F|  |TAMS 0x0000000083d00000, 0x0000000083d00000| Untracked 
|  62|0x0000000083e00000, 0x0000000083e00000, 0x0000000083f00000|  0%| F|  |TAMS 0x0000000083e00000, 0x0000000083e00000| Untracked 
|  63|0x0000000083f00000, 0x0000000083f00000, 0x0000000084000000|  0%| F|  |TAMS 0x0000000083f00000, 0x0000000083f00000| Untracked 
|  64|0x0000000084000000, 0x0000000084000000, 0x0000000084100000|  0%| F|  |TAMS 0x0000000084000000, 0x0000000084000000| Untracked 
|  65|0x0000000084100000, 0x0000000084100000, 0x0000000084200000|  0%| F|  |TAMS 0x0000000084100000, 0x0000000084100000| Untracked 
|  66|0x0000000084200000, 0x0000000084200000, 0x0000000084300000|  0%| F|  |TAMS 0x0000000084200000, 0x0000000084200000| Untracked 
| 189|0x000000008bd00000, 0x000000008bd00000, 0x000000008be00000|  0%| F|  |TAMS 0x000000008bd00000, 0x000000008bd00000| Untracked 
| 190|0x000000008be00000, 0x000000008be00000, 0x000000008bf00000|  0%| F|  |TAMS 0x000000008be00000, 0x000000008be00000| Untracked 
| 191|0x000000008bf00000, 0x000000008bf00000, 0x000000008c000000|  0%| F|  |TAMS 0x000000008bf00000, 0x000000008bf00000| Untracked 
| 192|0x000000008c000000, 0x000000008c0bf9e8, 0x000000008c100000| 74%| E|  |TAMS 0x000000008c000000, 0x000000008c000000| Complete 
| 193|0x000000008c100000, 0x000000008c200000, 0x000000008c200000|100%| E|  |TAMS 0x000000008c100000, 0x000000008c100000| Complete 
| 194|0x000000008c200000, 0x000000008c300000, 0x000000008c300000|100%| E|CS|TAMS 0x000000008c200000, 0x000000008c200000| Complete 
| 195|0x000000008c300000, 0x000000008c400000, 0x000000008c400000|100%| E|CS|TAMS 0x000000008c300000, 0x000000008c300000| Complete 
| 196|0x000000008c400000, 0x000000008c500000, 0x000000008c500000|100%| E|CS|TAMS 0x000000008c400000, 0x000000008c400000| Complete 
| 197|0x000000008c500000, 0x000000008c600000, 0x000000008c600000|100%| E|CS|TAMS 0x000000008c500000, 0x000000008c500000| Complete 
| 249|0x000000008f900000, 0x000000008fa00000, 0x000000008fa00000|100%| E|CS|TAMS 0x000000008f900000, 0x000000008f900000| Complete 

Card table byte_map: [0x00000213c33b0000,0x00000213c37b0000] _byte_map_base: 0x00000213c2fb0000

Marking Bits (Prev, Next): (CMBitMap*) 0x00000213b0818170, (CMBitMap*) 0x00000213b08181b0
 Prev Bits: [0x00000213c3bb0000, 0x00000213c5bb0000)
 Next Bits: [0x00000213c5bb0000, 0x00000213c7bb0000)

Polling page: 0x00000213ae740000

Metaspace:

Usage:
  Non-class:     43.15 MB used.
      Class:      6.56 MB used.
       Both:     49.72 MB used.

Virtual space:
  Non-class space:       48.00 MB reserved,      43.38 MB ( 90%) committed,  6 nodes.
      Class space:        1.00 GB reserved,       6.75 MB ( <1%) committed,  1 nodes.
             Both:        1.05 GB reserved,      50.12 MB (  5%) committed. 

Chunk freelists:
   Non-Class:  160.00 KB
       Class:  1.23 MB
        Both:  1.39 MB

MaxMetaspaceSize: unlimited
CompressedClassSpaceSize: 1.00 GB
Initial GC threshold: 21.00 MB
Current GC threshold: 59.06 MB
CDS: off
MetaspaceReclaimPolicy: balanced
 - commit_granule_bytes: 65536.
 - commit_granule_words: 8192.
 - virtual_space_node_default_size: 1048576.
 - enlarge_chunks_in_place: 1.
 - new_chunks_are_fully_committed: 0.
 - uncommit_free_chunks: 1.
 - use_allocation_guard: 0.
 - handle_deallocations: 1.


Internal statistics:

num_allocs_failed_limit: 6.
num_arena_births: 418.
num_arena_deaths: 0.
num_vsnodes_births: 7.
num_vsnodes_deaths: 0.
num_space_committed: 802.
num_space_uncommitted: 0.
num_chunks_returned_to_freelist: 6.
num_chunks_taken_from_freelist: 1997.
num_chunk_merges: 3.
num_chunk_splits: 1321.
num_chunks_enlarged: 919.
num_purges: 0.
num_inconsistent_stats: 0.

CodeHeap 'non-profiled nmethods': size=120000Kb used=2695Kb max_used=3435Kb free=117305Kb
 bounds [0x00000213bb750000, 0x00000213bbab0000, 0x00000213c2c80000]
CodeHeap 'profiled nmethods': size=120000Kb used=9152Kb max_used=10867Kb free=110847Kb
 bounds [0x00000213b3c80000, 0x00000213b4720000, 0x00000213bb1b0000]
CodeHeap 'non-nmethods': size=5760Kb used=2338Kb max_used=2382Kb free=3421Kb
 bounds [0x00000213bb1b0000, 0x00000213bb420000, 0x00000213bb750000]
 total_blobs=5889 nmethods=5062 adapters=737
 compilation: enabled
              stopped_count=0, restarted_count=0
 full_count=0

Compilation events (20 events):
Event: 8.356 Thread 0x00000213cb089c70 5834       3       java.util.stream.SpinedBuffer::increaseCapacity (11 bytes)
Event: 8.356 Thread 0x00000213cb089c70 nmethod 5834 0x00000213b4330010 code [0x00000213b43301c0, 0x00000213b43303b8]
Event: 8.356 Thread 0x00000213cb42b050 nmethod 5835 0x00000213bba63190 code [0x00000213bba63320, 0x00000213bba63608]
Event: 8.356 Thread 0x00000213cb42b050 5836       4       java.util.stream.ReferencePipeline::flatMap (30 bytes)
Event: 8.358 Thread 0x00000213cb089c70 5837       3       com.google.common.util.concurrent.AbstractFuture::complete (104 bytes)
Event: 8.359 Thread 0x00000213cb089370 5838       4       java.util.stream.ReferencePipeline$7::opWrapSink (10 bytes)
Event: 8.359 Thread 0x00000213cb089c70 nmethod 5837 0x00000213b3f84e90 code [0x00000213b3f850a0, 0x00000213b3f85788]
Event: 8.360 Thread 0x00000213ce773fd0 5839       4       org.gradle.internal.snapshot.AbstractIncompleteFileSystemNode::rootSnapshots (30 bytes)
Event: 8.361 Thread 0x00000213cb089370 nmethod 5838 0x00000213bb906a10 code [0x00000213bb906ba0, 0x00000213bb906d58]
Event: 8.361 Thread 0x00000213cb089370 5840       4       java.util.concurrent.ConcurrentLinkedQueue::poll (84 bytes)
Event: 8.361 Thread 0x00000213cb089c70 5842       1       org.gradle.internal.fingerprint.impl.DefaultFileCollectionSnapshotter::access$100 (5 bytes)
Event: 8.361 Thread 0x00000213cb089c70 nmethod 5842 0x00000213bb906610 code [0x00000213bb9067a0, 0x00000213bb906858]
Event: 8.361 Thread 0x00000213cb089c70 5843       3       java.util.concurrent.FutureTask::awaitDone (214 bytes)
Event: 8.362 Thread 0x00000213cb42b050 nmethod 5836 0x00000213bb932090 code [0x00000213bb932220, 0x00000213bb9325f8]
Event: 8.362 Thread 0x00000213cb42b050 5841       4       java.util.stream.ReferencePipeline$7$1::begin (13 bytes)
Event: 8.362 Thread 0x00000213cb42b050 nmethod 5841 0x00000213bb75aa10 code [0x00000213bb75aba0, 0x00000213bb75ac58]
Event: 8.362 Thread 0x00000213cb42b050 5844       4       java.util.stream.Sink$ChainedReference::begin (11 bytes)
Event: 8.363 Thread 0x00000213cb42b050 nmethod 5844 0x00000213bb75a710 code [0x00000213bb75a880, 0x00000213bb75a918]
Event: 8.364 Thread 0x00000213cb089c70 nmethod 5843 0x00000213b3dd9790 code [0x00000213b3dd9b20, 0x00000213b3ddb278]
Event: 8.370 Thread 0x00000213cb089370 nmethod 5840 0x00000213bb75bb10 code [0x00000213bb75bca0, 0x00000213bb75c218]

GC Heap History (20 events):
Event: 3.953 GC heap before
{Heap before GC invocations=4 (full 0):
 garbage-first heap   total 65536K, used 46134K [0x0000000080000000, 0x0000000100000000)
  region size 1024K, 38 young (38912K), 9 survivors (9216K)
 Metaspace       used 25996K, committed 26304K, reserved 1073152K
  class space    used 3428K, committed 3584K, reserved 1048576K
}
Event: 3.965 GC heap after
{Heap after GC invocations=5 (full 0):
 garbage-first heap   total 65536K, used 19235K [0x0000000080000000, 0x0000000100000000)
  region size 1024K, 2 young (2048K), 2 survivors (2048K)
 Metaspace       used 25996K, committed 26304K, reserved 1073152K
  class space    used 3428K, committed 3584K, reserved 1048576K
}
Event: 4.509 GC heap before
{Heap before GC invocations=5 (full 0):
 garbage-first heap   total 65536K, used 44835K [0x0000000080000000, 0x0000000100000000)
  region size 1024K, 28 young (28672K), 2 survivors (2048K)
 Metaspace       used 30124K, committed 30400K, reserved 1081344K
  class space    used 4097K, committed 4224K, reserved 1048576K
}
Event: 4.513 GC heap after
{Heap after GC invocations=6 (full 0):
 garbage-first heap   total 65536K, used 20650K [0x0000000080000000, 0x0000000100000000)
  region size 1024K, 4 young (4096K), 4 survivors (4096K)
 Metaspace       used 30124K, committed 30400K, reserved 1081344K
  class space    used 4097K, committed 4224K, reserved 1048576K
}
Event: 5.058 GC heap before
{Heap before GC invocations=6 (full 0):
 garbage-first heap   total 65536K, used 47274K [0x0000000080000000, 0x0000000100000000)
  region size 1024K, 30 young (30720K), 4 survivors (4096K)
 Metaspace       used 34619K, committed 34944K, reserved 1081344K
  class space    used 4798K, committed 4928K, reserved 1048576K
}
Event: 5.064 GC heap after
{Heap after GC invocations=7 (full 0):
 garbage-first heap   total 65536K, used 22634K [0x0000000080000000, 0x0000000100000000)
  region size 1024K, 4 young (4096K), 4 survivors (4096K)
 Metaspace       used 34619K, committed 34944K, reserved 1081344K
  class space    used 4798K, committed 4928K, reserved 1048576K
}
Event: 5.154 GC heap before
{Heap before GC invocations=7 (full 0):
 garbage-first heap   total 65536K, used 24682K [0x0000000080000000, 0x0000000100000000)
  region size 1024K, 8 young (8192K), 4 survivors (4096K)
 Metaspace       used 35657K, committed 35968K, reserved 1081344K
  class space    used 4859K, committed 4992K, reserved 1048576K
}
Event: 5.159 GC heap after
{Heap after GC invocations=8 (full 0):
 garbage-first heap   total 65536K, used 23024K [0x0000000080000000, 0x0000000100000000)
  region size 1024K, 3 young (3072K), 3 survivors (3072K)
 Metaspace       used 35657K, committed 35968K, reserved 1081344K
  class space    used 4859K, committed 4992K, reserved 1048576K
}
Event: 5.555 GC heap before
{Heap before GC invocations=9 (full 0):
 garbage-first heap   total 65536K, used 44528K [0x0000000080000000, 0x0000000100000000)
  region size 1024K, 25 young (25600K), 3 survivors (3072K)
 Metaspace       used 39724K, committed 40064K, reserved 1089536K
  class space    used 5284K, committed 5440K, reserved 1048576K
}
Event: 5.560 GC heap after
{Heap after GC invocations=10 (full 0):
 garbage-first heap   total 65536K, used 26463K [0x0000000080000000, 0x0000000100000000)
  region size 1024K, 4 young (4096K), 4 survivors (4096K)
 Metaspace       used 39724K, committed 40064K, reserved 1089536K
  class space    used 5284K, committed 5440K, reserved 1048576K
}
Event: 5.867 GC heap before
{Heap before GC invocations=10 (full 0):
 garbage-first heap   total 65536K, used 48991K [0x0000000080000000, 0x0000000100000000)
  region size 1024K, 24 young (24576K), 4 survivors (4096K)
 Metaspace       used 41770K, committed 42112K, reserved 1089536K
  class space    used 5468K, committed 5632K, reserved 1048576K
}
Event: 5.873 GC heap after
{Heap after GC invocations=11 (full 0):
 garbage-first heap   total 78848K, used 27879K [0x0000000080000000, 0x0000000100000000)
  region size 1024K, 3 young (3072K), 3 survivors (3072K)
 Metaspace       used 41770K, committed 42112K, reserved 1089536K
  class space    used 5468K, committed 5632K, reserved 1048576K
}
Event: 6.462 GC heap before
{Heap before GC invocations=11 (full 0):
 garbage-first heap   total 78848K, used 56551K [0x0000000080000000, 0x0000000100000000)
  region size 1024K, 31 young (31744K), 3 survivors (3072K)
 Metaspace       used 44069K, committed 44480K, reserved 1089536K
  class space    used 5837K, committed 6016K, reserved 1048576K
}
Event: 6.468 GC heap after
{Heap after GC invocations=12 (full 0):
 garbage-first heap   total 78848K, used 30777K [0x0000000080000000, 0x0000000100000000)
  region size 1024K, 3 young (3072K), 3 survivors (3072K)
 Metaspace       used 44069K, committed 44480K, reserved 1089536K
  class space    used 5837K, committed 6016K, reserved 1048576K
}
Event: 7.063 GC heap before
{Heap before GC invocations=12 (full 0):
 garbage-first heap   total 78848K, used 58425K [0x0000000080000000, 0x0000000100000000)
  region size 1024K, 30 young (30720K), 3 survivors (3072K)
 Metaspace       used 47079K, committed 47488K, reserved 1097728K
  class space    used 6204K, committed 6400K, reserved 1048576K
}
Event: 7.068 GC heap after
{Heap after GC invocations=13 (full 0):
 garbage-first heap   total 78848K, used 32273K [0x0000000080000000, 0x0000000100000000)
  region size 1024K, 2 young (2048K), 2 survivors (2048K)
 Metaspace       used 47079K, committed 47488K, reserved 1097728K
  class space    used 6204K, committed 6400K, reserved 1048576K
}
Event: 7.713 GC heap before
{Heap before GC invocations=13 (full 0):
 garbage-first heap   total 78848K, used 59921K [0x0000000080000000, 0x0000000100000000)
  region size 1024K, 29 young (29696K), 2 survivors (2048K)
 Metaspace       used 50109K, committed 50560K, reserved 1097728K
  class space    used 6638K, committed 6848K, reserved 1048576K
}
Event: 7.718 GC heap after
{Heap after GC invocations=14 (full 0):
 garbage-first heap   total 78848K, used 34187K [0x0000000080000000, 0x0000000100000000)
  region size 1024K, 4 young (4096K), 4 survivors (4096K)
 Metaspace       used 50109K, committed 50560K, reserved 1097728K
  class space    used 6638K, committed 6848K, reserved 1048576K
}
Event: 8.316 GC heap before
{Heap before GC invocations=14 (full 0):
 garbage-first heap   total 78848K, used 60811K [0x0000000080000000, 0x0000000100000000)
  region size 1024K, 30 young (30720K), 4 survivors (4096K)
 Metaspace       used 50812K, committed 51200K, reserved 1097728K
  class space    used 6708K, committed 6848K, reserved 1048576K
}
Event: 8.321 GC heap after
{Heap after GC invocations=15 (full 0):
 garbage-first heap   total 78848K, used 34813K [0x0000000080000000, 0x0000000100000000)
  region size 1024K, 3 young (3072K), 3 survivors (3072K)
 Metaspace       used 50812K, committed 51200K, reserved 1097728K
  class space    used 6708K, committed 6848K, reserved 1048576K
}

Dll operation events (2 events):
Event: 0.025 Loaded shared library C:\Program Files\Android\Android Studio\jbr\bin\java.dll
Event: 0.963 Loaded shared library C:\Program Files\Android\Android Studio\jbr\bin\verify.dll

Deoptimization events (20 events):
Event: 8.082 Thread 0x00000213cc019e60 Uncommon trap: trap_request=0xffffff45 fr.pc=0x00000213bba98928 relative=0x0000000000000128
Event: 8.082 Thread 0x00000213cc019e60 Uncommon trap: reason=unstable_if action=reinterpret pc=0x00000213bba98928 method=java.util.stream.SpinedBuffer.clear()V @ 4 c2
Event: 8.082 Thread 0x00000213cc019e60 DEOPT PACKING pc=0x00000213bba98928 sp=0x000000b6860f8210
Event: 8.082 Thread 0x00000213cc019e60 DEOPT UNPACKING pc=0x00000213bb20a1a3 sp=0x000000b6860f81c0 mode 2
Event: 8.096 Thread 0x00000213cc019e60 Uncommon trap: trap_request=0xffffff45 fr.pc=0x00000213bba9d544 relative=0x0000000000001344
Event: 8.097 Thread 0x00000213cc019e60 Uncommon trap: reason=unstable_if action=reinterpret pc=0x00000213bba9d544 method=java.util.stream.SpinedBuffer.clear()V @ 4 c2
Event: 8.097 Thread 0x00000213cc019e60 DEOPT PACKING pc=0x00000213bba9d544 sp=0x000000b6860f8270
Event: 8.097 Thread 0x00000213cc019e60 DEOPT UNPACKING pc=0x00000213bb20a1a3 sp=0x000000b6860f81d8 mode 2
Event: 8.098 Thread 0x00000213cc019e60 Uncommon trap: trap_request=0xffffff45 fr.pc=0x00000213bbaa0724 relative=0x00000000000014a4
Event: 8.098 Thread 0x00000213cc019e60 Uncommon trap: reason=unstable_if action=reinterpret pc=0x00000213bbaa0724 method=java.util.stream.SpinedBuffer.get(J)Ljava/lang/Object; @ 4 c2
Event: 8.098 Thread 0x00000213cc019e60 DEOPT PACKING pc=0x00000213bbaa0724 sp=0x000000b6860f82e0
Event: 8.098 Thread 0x00000213cc019e60 DEOPT UNPACKING pc=0x00000213bb20a1a3 sp=0x000000b6860f8238 mode 2
Event: 8.264 Thread 0x00000213cc019990 DEOPT PACKING pc=0x00000213b450eb43 sp=0x000000b6864fe3f0
Event: 8.264 Thread 0x00000213cc019990 DEOPT UNPACKING pc=0x00000213bb20ace3 sp=0x000000b6864fd878 mode 0
Event: 8.277 Thread 0x00000213cc019e60 Uncommon trap: trap_request=0xffffffde fr.pc=0x00000213bbaa2a78 relative=0x0000000000000338
Event: 8.277 Thread 0x00000213cc019e60 Uncommon trap: reason=class_check action=maybe_recompile pc=0x00000213bbaa2a78 method=java.util.stream.Streams$StreamBuilderImpl.tryAdvance(Ljava/util/function/Consumer;)Z @ 19 c2
Event: 8.277 Thread 0x00000213cc019e60 DEOPT PACKING pc=0x00000213bbaa2a78 sp=0x000000b6860f8290
Event: 8.277 Thread 0x00000213cc019e60 DEOPT UNPACKING pc=0x00000213bb20a1a3 sp=0x000000b6860f8248 mode 2
Event: 8.309 Thread 0x00000213cdb02c40 DEOPT PACKING pc=0x00000213b450eb43 sp=0x000000b6868fe550
Event: 8.309 Thread 0x00000213cdb02c40 DEOPT UNPACKING pc=0x00000213bb20ace3 sp=0x000000b6868fd9d8 mode 0

Classes unloaded (0 events):
No events

Classes redefined (0 events):
No events

Internal exceptions (20 events):
Event: 7.004 Thread 0x00000213cc019e60 Exception <a 'java/lang/ClassNotFoundException'{0x00000000833917f0}: org/gradle/plugin/use/internal/PluginRequestCollector$PluginDependencySpecImplBeanInfo> (0x00000000833917f0) 
thrown [s\src\hotspot\share\classfile\systemDictionary.cpp, line 256]
Event: 7.010 Thread 0x00000213cc019e60 Exception <a 'java/lang/ClassNotFoundException'{0x00000000833a2070}: org/gradle/plugin/use/internal/PluginRequestCollector$PluginDependencySpecImplCustomizer> (0x00000000833a2070) 
thrown [s\src\hotspot\share\classfile\systemDictionary.cpp, line 256]
Event: 7.113 Thread 0x00000213cc019e60 Exception <a 'java/lang/NoSuchMethodError'{0x000000008c5f7f70}: 'java.lang.Object java.lang.invoke.DirectMethodHandle$Holder.newInvokeSpecial(java.lang.Object, int, java.lang.Object)'> (0x000000008c5f7f70) 
thrown [s\src\hotspot\share\interpreter\linkResolver.cpp, line 771]
Event: 7.231 Thread 0x00000213cc019e60 Exception <a 'java/lang/IncompatibleClassChangeError'{0x000000008bd41ac0}: Found class java.lang.Object, but interface was expected> (0x000000008bd41ac0) 
thrown [s\src\hotspot\share\interpreter\linkResolver.cpp, line 838]
Event: 7.232 Thread 0x00000213cc019e60 Exception <a 'java/lang/NoSuchMethodError'{0x000000008bd49570}: 'int java.lang.invoke.DirectMethodHandle$Holder.invokeSpecialIFC(java.lang.Object, java.lang.Object, java.lang.Object, java.lang.Object, java.lang.Object)'> (0x000000008bd49570) 
thrown [s\src\hotspot\share\interpreter\linkResolver.cpp, line 771]
Event: 7.332 Thread 0x00000213cc019e60 Exception <a 'java/lang/NoSuchMethodError'{0x0000000083fe16a8}: 'int java.lang.invoke.DirectMethodHandle$Holder.invokeStatic(java.lang.Object)'> (0x0000000083fe16a8) 
thrown [s\src\hotspot\share\interpreter\linkResolver.cpp, line 771]
Event: 7.332 Thread 0x00000213cc019e60 Exception <a 'java/lang/NoSuchMethodError'{0x0000000083fe5a98}: 'int java.lang.invoke.DirectMethodHandle$Holder.invokeStaticInit(java.lang.Object)'> (0x0000000083fe5a98) 
thrown [s\src\hotspot\share\interpreter\linkResolver.cpp, line 771]
Event: 7.360 Thread 0x00000213cc019e60 Exception <a 'java/lang/NoSuchMethodError'{0x0000000083d23808}: 'void java.lang.invoke.DirectMethodHandle$Holder.invokeStatic(java.lang.Object, java.lang.Object, java.lang.Object, int, java.lang.Object)'> (0x0000000083d23808) 
thrown [s\src\hotspot\share\interpreter\linkResolver.cpp, line 771]
Event: 7.431 Thread 0x00000213cc019e60 Exception <a 'java/lang/NoSuchMethodError'{0x0000000083b30090}: 'java.lang.Object java.lang.invoke.DelegatingMethodHandle$Holder.reinvoke_L(java.lang.Object, java.lang.Object, java.lang.Object, java.lang.Object, java.lang.Object, java.lang.Object, java.lang.Object, java.lang.Object, java.lang.Object, java.lang.Object, java.lang.Object, java.lang.Object, java.lang.Object, java.lang.Object, java.lang.Object, java.lang.Object, java.lang.Object, java.lang.Object, java.lang.Object, java.lang.Object, java.lang.O
Event: 7.432 Thread 0x00000213cc019e60 Exception <a 'java/lang/NoSuchMethodError'{0x0000000083b3bdb0}: 'java.lang.Object java.lang.invoke.Invokers$Holder.invoker(java.lang.Object, java.lang.Object, java.lang.Object, java.lang.Object, java.lang.Object, java.lang.Object, java.lang.Object, java.lang.Object, java.lang.Object, java.lang.Object, java.lang.Object, java.lang.Object, java.lang.Object, java.lang.Object, java.lang.Object, java.lang.Object, java.lang.Object, java.lang.Object, java.lang.Object, java.lang.Object, java.lang.Object)'> (0x00000
Event: 7.433 Thread 0x00000213cc019e60 Exception <a 'java/lang/NoSuchMethodError'{0x0000000083b42d38}: 'java.lang.Object java.lang.invoke.DelegatingMethodHandle$Holder.delegate(java.lang.Object, java.lang.Object, java.lang.Object, java.lang.Object, java.lang.Object, java.lang.Object, java.lang.Object, java.lang.Object, java.lang.Object, java.lang.Object, java.lang.Object, java.lang.Object, java.lang.Object, java.lang.Object, java.lang.Object, java.lang.Object, java.lang.Object, java.lang.Object, java.lang.Object, java.lang.Object, java.lang.Obj
Event: 7.450 Thread 0x00000213cc019e60 Exception <a 'java/lang/NoSuchMethodError'{0x0000000083bced40}: 'java.lang.Object java.lang.invoke.DirectMethodHandle$Holder.invokeStatic(java.lang.Object, java.lang.Object, java.lang.Object, java.lang.Object, java.lang.Object, java.lang.Object, java.lang.Object, java.lang.Object, java.lang.Object, java.lang.Object, java.lang.Object, java.lang.Object, java.lang.Object, java.lang.Object, java.lang.Object, java.lang.Object, java.lang.Object)'> (0x0000000083bced40) 
thrown [s\src\hotspot\share\interpreter\lin
Event: 7.453 Thread 0x00000213cc019e60 Exception <a 'java/lang/NoSuchMethodError'{0x0000000083bf6eb0}: 'java.lang.Object java.lang.invoke.DirectMethodHandle$Holder.invokeStatic(java.lang.Object, java.lang.Object, java.lang.Object, java.lang.Object, java.lang.Object, java.lang.Object, java.lang.Object, java.lang.Object, java.lang.Object, java.lang.Object, java.lang.Object, java.lang.Object, java.lang.Object, java.lang.Object, java.lang.Object, java.lang.Object, java.lang.Object, java.lang.Object)'> (0x0000000083bf6eb0) 
thrown [s\src\hotspot\sha
Event: 7.456 Thread 0x00000213cc019e60 Exception <a 'java/lang/NoSuchMethodError'{0x0000000083a1fee0}: 'java.lang.Object java.lang.invoke.DirectMethodHandle$Holder.invokeStatic(java.lang.Object, java.lang.Object, java.lang.Object, java.lang.Object, java.lang.Object, java.lang.Object, java.lang.Object, java.lang.Object, java.lang.Object, java.lang.Object, java.lang.Object, java.lang.Object, java.lang.Object, java.lang.Object, java.lang.Object, java.lang.Object, java.lang.Object, java.lang.Object, java.lang.Object)'> (0x0000000083a1fee0) 
thrown 
Event: 7.459 Thread 0x00000213cc019e60 Exception <a 'java/lang/NoSuchMethodError'{0x0000000083a49d38}: 'java.lang.Object java.lang.invoke.DirectMethodHandle$Holder.invokeStatic(java.lang.Object, java.lang.Object, java.lang.Object, java.lang.Object, java.lang.Object, java.lang.Object, java.lang.Object, java.lang.Object, java.lang.Object, java.lang.Object, java.lang.Object, java.lang.Object, java.lang.Object, java.lang.Object, java.lang.Object, java.lang.Object, java.lang.Object, java.lang.Object, java.lang.Object, java.lang.Object)'> (0x00000000
Event: 7.462 Thread 0x00000213cc019e60 Exception <a 'java/lang/NoSuchMethodError'{0x0000000083a74bf0}: 'java.lang.Object java.lang.invoke.DirectMethodHandle$Holder.invokeStatic(java.lang.Object, java.lang.Object, java.lang.Object, java.lang.Object, java.lang.Object, java.lang.Object, java.lang.Object, java.lang.Object, java.lang.Object, java.lang.Object, java.lang.Object, java.lang.Object, java.lang.Object, java.lang.Object, java.lang.Object, java.lang.Object, java.lang.Object, java.lang.Object, java.lang.Object, java.lang.Object, java.lang.Obj
Event: 7.464 Thread 0x00000213cc019e60 Exception <a 'java/lang/NoSuchMethodError'{0x0000000083aa06c8}: 'java.lang.Object java.lang.invoke.DirectMethodHandle$Holder.invokeStatic(java.lang.Object, java.lang.Object, java.lang.Object, java.lang.Object, java.lang.Object, java.lang.Object, java.lang.Object, java.lang.Object, java.lang.Object, java.lang.Object, java.lang.Object, java.lang.Object, java.lang.Object, java.lang.Object, java.lang.Object, java.lang.Object, java.lang.Object, java.lang.Object, java.lang.Object, java.lang.Object, java.lang.Obj
Event: 7.467 Thread 0x00000213cc019e60 Exception <a 'java/lang/NoSuchMethodError'{0x0000000083acd9b8}: 'java.lang.Object java.lang.invoke.DirectMethodHandle$Holder.invokeStatic(java.lang.Object, java.lang.Object, java.lang.Object, java.lang.Object, java.lang.Object, java.lang.Object, java.lang.Object, java.lang.Object, java.lang.Object, java.lang.Object, java.lang.Object, java.lang.Object, java.lang.Object, java.lang.Object, java.lang.Object, java.lang.Object, java.lang.Object, java.lang.Object, java.lang.Object, java.lang.Object, java.lang.Obj
Event: 7.470 Thread 0x00000213cc019e60 Exception <a 'java/lang/NoSuchMethodError'{0x0000000083afc560}: 'java.lang.Object java.lang.invoke.DirectMethodHandle$Holder.invokeStatic(java.lang.Object, java.lang.Object, java.lang.Object, java.lang.Object, java.lang.Object, java.lang.Object, java.lang.Object, java.lang.Object, java.lang.Object, java.lang.Object, java.lang.Object, java.lang.Object, java.lang.Object, java.lang.Object, java.lang.Object, java.lang.Object, java.lang.Object, java.lang.Object, java.lang.Object, java.lang.Object, java.lang.Obj
Event: 7.782 Thread 0x00000213cc019e60 Exception <a 'java/lang/NoSuchMethodError'{0x000000008c44af00}: 'void java.lang.invoke.DirectMethodHandle$Holder.invokeStatic(java.lang.Object, java.lang.Object, java.lang.Object, java.lang.Object, java.lang.Object, java.lang.Object)'> (0x000000008c44af00) 
thrown [s\src\hotspot\share\interpreter\linkResolver.cpp, line 771]

VM Operations (20 events):
Event: 7.673 Executing VM operation: ICBufferFull
Event: 7.673 Executing VM operation: ICBufferFull done
Event: 7.713 Executing VM operation: G1CollectForAllocation
Event: 7.718 Executing VM operation: G1CollectForAllocation done
Event: 7.776 Executing VM operation: HandshakeAllThreads
Event: 7.776 Executing VM operation: HandshakeAllThreads done
Event: 7.921 Executing VM operation: ICBufferFull
Event: 7.921 Executing VM operation: ICBufferFull done
Event: 7.964 Executing VM operation: HandshakeAllThreads
Event: 7.964 Executing VM operation: HandshakeAllThreads done
Event: 8.117 Executing VM operation: HandshakeAllThreads
Event: 8.118 Executing VM operation: HandshakeAllThreads done
Event: 8.124 Executing VM operation: ICBufferFull
Event: 8.125 Executing VM operation: ICBufferFull done
Event: 8.135 Executing VM operation: HandshakeAllThreads
Event: 8.135 Executing VM operation: HandshakeAllThreads done
Event: 8.261 Executing VM operation: HandshakeAllThreads
Event: 8.261 Executing VM operation: HandshakeAllThreads done
Event: 8.316 Executing VM operation: G1CollectForAllocation
Event: 8.321 Executing VM operation: G1CollectForAllocation done

Events (20 events):
Event: 8.272 Thread 0x00000213cb08cd90 flushing nmethod 0x00000213b457ba90
Event: 8.272 Thread 0x00000213cb08cd90 flushing nmethod 0x00000213b457c110
Event: 8.272 Thread 0x00000213cb08cd90 flushing nmethod 0x00000213b457d010
Event: 8.272 Thread 0x00000213cb08cd90 flushing nmethod 0x00000213b457db10
Event: 8.272 Thread 0x00000213cb08cd90 flushing nmethod 0x00000213b457f910
Event: 8.272 Thread 0x00000213cb08cd90 flushing nmethod 0x00000213b457fc10
Event: 8.272 Thread 0x00000213cb08cd90 flushing nmethod 0x00000213b458f510
Event: 8.273 Thread 0x00000213cb08cd90 flushing nmethod 0x00000213b459e610
Event: 8.273 Thread 0x00000213cb08cd90 flushing nmethod 0x00000213b45b2290
Event: 8.273 Thread 0x00000213cb08cd90 flushing nmethod 0x00000213b45b4190
Event: 8.273 Thread 0x00000213cb08cd90 flushing nmethod 0x00000213b45f8510
Event: 8.273 Thread 0x00000213cb08cd90 flushing nmethod 0x00000213b4662110
Event: 8.273 Thread 0x00000213cb08cd90 flushing nmethod 0x00000213b467b590
Event: 8.273 Thread 0x00000213cb08cd90 flushing nmethod 0x00000213b4686890
Event: 8.274 Thread 0x00000213cb08cd90 flushing nmethod 0x00000213b46c3890
Event: 8.274 Thread 0x00000213cb08cd90 flushing nmethod 0x00000213b46c5a90
Event: 8.274 Thread 0x00000213cb08cd90 flushing nmethod 0x00000213b46cb110
Event: 8.274 Thread 0x00000213cb08cd90 flushing nmethod 0x00000213b46cd190
Event: 8.274 Thread 0x00000213cb08cd90 flushing nmethod 0x00000213b46cd610
Event: 8.274 Thread 0x00000213cb08cd90 flushing nmethod 0x00000213b46d4510


Dynamic libraries:
0x00007ff616aa0000 - 0x00007ff616aaa000 	C:\Program Files\Android\Android Studio\jbr\bin\java.exe
0x00007fff2f450000 - 0x00007fff2f664000 	C:\WINDOWS\SYSTEM32\ntdll.dll
0x00007fff2da40000 - 0x00007fff2db02000 	C:\WINDOWS\System32\KERNEL32.DLL
0x00007fff2cdd0000 - 0x00007fff2d16c000 	C:\WINDOWS\System32\KERNELBASE.dll
0x00007fff2cc10000 - 0x00007fff2cd21000 	C:\WINDOWS\System32\ucrtbase.dll
0x00007ffefb010000 - 0x00007ffefb02b000 	C:\Program Files\Android\Android Studio\jbr\bin\VCRUNTIME140.dll
0x00007ffeefe00000 - 0x00007ffeefe17000 	C:\Program Files\Android\Android Studio\jbr\bin\jli.dll
0x00007fff2d380000 - 0x00007fff2d52b000 	C:\WINDOWS\System32\USER32.dll
0x00007fff2cb20000 - 0x00007fff2cb46000 	C:\WINDOWS\System32\win32u.dll
0x00007fff2e2c0000 - 0x00007fff2e2e9000 	C:\WINDOWS\System32\GDI32.dll
0x00007fff2c890000 - 0x00007fff2c9a3000 	C:\WINDOWS\System32\gdi32full.dll
0x00007fff2cd30000 - 0x00007fff2cdca000 	C:\WINDOWS\System32\msvcp_win.dll
0x00007fff1edc0000 - 0x00007fff1f04e000 	C:\WINDOWS\WinSxS\amd64_microsoft.windows.common-controls_6595b64144ccf1df_6.0.22621.608_none_a9444ca7c10bb01d\COMCTL32.dll
0x00007fff2f150000 - 0x00007fff2f1f7000 	C:\WINDOWS\System32\msvcrt.dll
0x00007fff2d340000 - 0x00007fff2d371000 	C:\WINDOWS\System32\IMM32.DLL
0x00007fff21ad0000 - 0x00007fff21adc000 	C:\Program Files\Android\Android Studio\jbr\bin\vcruntime140_1.dll
0x00007ffee04c0000 - 0x00007ffee054d000 	C:\Program Files\Android\Android Studio\jbr\bin\msvcp140.dll
0x00007ffe9b930000 - 0x00007ffe9c59d000 	C:\Program Files\Android\Android Studio\jbr\bin\server\jvm.dll
0x00007fff2dc90000 - 0x00007fff2dd3e000 	C:\WINDOWS\System32\ADVAPI32.dll
0x00007fff2d930000 - 0x00007fff2d9d4000 	C:\WINDOWS\System32\sechost.dll
0x00007fff2e680000 - 0x00007fff2e797000 	C:\WINDOWS\System32\RPCRT4.dll
0x00007fff27900000 - 0x00007fff27909000 	C:\WINDOWS\SYSTEM32\WSOCK32.dll
0x00007fff21940000 - 0x00007fff21974000 	C:\WINDOWS\SYSTEM32\WINMM.dll
0x00007fff2f260000 - 0x00007fff2f2d1000 	C:\WINDOWS\System32\WS2_32.dll
0x00007fff241e0000 - 0x00007fff241ea000 	C:\WINDOWS\SYSTEM32\VERSION.dll
0x00007fff2b9d0000 - 0x00007fff2b9e8000 	C:\WINDOWS\SYSTEM32\kernel.appcore.dll
0x00007fff278d0000 - 0x00007fff278da000 	C:\Program Files\Android\Android Studio\jbr\bin\jimage.dll
0x00007fff29ba0000 - 0x00007fff29dce000 	C:\WINDOWS\SYSTEM32\DBGHELP.DLL
0x00007fff2e2f0000 - 0x00007fff2e679000 	C:\WINDOWS\System32\combase.dll
0x00007fff2d260000 - 0x00007fff2d337000 	C:\WINDOWS\System32\OLEAUT32.dll
0x00007fff03a90000 - 0x00007fff03ac2000 	C:\WINDOWS\SYSTEM32\dbgcore.DLL
0x00007fff2d1e0000 - 0x00007fff2d25b000 	C:\WINDOWS\System32\bcryptPrimitives.dll
0x00007fff17bf0000 - 0x00007fff17c15000 	C:\Program Files\Android\Android Studio\jbr\bin\java.dll
0x00007fff20e50000 - 0x00007fff20e68000 	C:\Program Files\Android\Android Studio\jbr\bin\zip.dll
0x00007fff2e7a0000 - 0x00007fff2ef90000 	C:\WINDOWS\System32\SHELL32.dll
0x00007fff2a8a0000 - 0x00007fff2b16d000 	C:\WINDOWS\SYSTEM32\windows.storage.dll
0x00007fff2a760000 - 0x00007fff2a89e000 	C:\WINDOWS\SYSTEM32\wintypes.dll
0x00007fff2f2e0000 - 0x00007fff2f3d1000 	C:\WINDOWS\System32\SHCORE.dll
0x00007fff2d9e0000 - 0x00007fff2da3e000 	C:\WINDOWS\System32\shlwapi.dll
0x00007fff2c7c0000 - 0x00007fff2c7e1000 	C:\WINDOWS\SYSTEM32\profapi.dll
0x00007fff19930000 - 0x00007fff19949000 	C:\Program Files\Android\Android Studio\jbr\bin\net.dll
0x00007fff26480000 - 0x00007fff265b7000 	C:\WINDOWS\SYSTEM32\WINHTTP.dll
0x00007fff2be40000 - 0x00007fff2bea9000 	C:\WINDOWS\system32\mswsock.dll
0x00007fff197f0000 - 0x00007fff19806000 	C:\Program Files\Android\Android Studio\jbr\bin\nio.dll
0x00007fff240d0000 - 0x00007fff240e0000 	C:\Program Files\Android\Android Studio\jbr\bin\verify.dll
0x00007ffedf8f0000 - 0x00007ffedf917000 	C:\Users\georg\Documents\edistynytmobiiliohjelmointi-master (1)\edistynytmobiiliohjelmointi-master\native\e1d6ef7f7dcc3fd88c89a11ec53ec762bb8ba0a96d01ffa2cd45eb1d1d8dd5c5\windows-amd64\native-platform.dll
0x00007ffe8ed20000 - 0x00007ffe8ee64000 	C:\Users\georg\Documents\edistynytmobiiliohjelmointi-master (1)\edistynytmobiiliohjelmointi-master\native\0d407fdbe67a94daf76414ababcb853783967236a71b16ec16e742cd7a986fd3\windows-amd64\native-platform-file-events.dll
0x00007fff278b0000 - 0x00007fff278b9000 	C:\Program Files\Android\Android Studio\jbr\bin\management.dll
0x00007fff27850000 - 0x00007fff2785b000 	C:\Program Files\Android\Android Studio\jbr\bin\management_ext.dll
0x00007fff2d920000 - 0x00007fff2d928000 	C:\WINDOWS\System32\PSAPI.DLL
0x00007fff2c0a0000 - 0x00007fff2c0bb000 	C:\WINDOWS\SYSTEM32\CRYPTSP.dll
0x00007fff2b940000 - 0x00007fff2b975000 	C:\WINDOWS\system32\rsaenh.dll
0x00007fff2bf40000 - 0x00007fff2bf68000 	C:\WINDOWS\SYSTEM32\USERENV.dll
0x00007fff2c260000 - 0x00007fff2c288000 	C:\WINDOWS\SYSTEM32\bcrypt.dll
0x00007fff2c0c0000 - 0x00007fff2c0cc000 	C:\WINDOWS\SYSTEM32\CRYPTBASE.dll
0x00007fff2b480000 - 0x00007fff2b4ad000 	C:\WINDOWS\SYSTEM32\IPHLPAPI.DLL
0x00007fff2e2b0000 - 0x00007fff2e2b9000 	C:\WINDOWS\System32\NSI.dll
0x00007fff25640000 - 0x00007fff25659000 	C:\WINDOWS\SYSTEM32\dhcpcsvc6.DLL
0x00007fff25620000 - 0x00007fff2563f000 	C:\WINDOWS\SYSTEM32\dhcpcsvc.DLL
0x00007fff2b500000 - 0x00007fff2b5f3000 	C:\WINDOWS\SYSTEM32\DNSAPI.dll
0x00007fff05bf0000 - 0x00007fff05bf8000 	C:\WINDOWS\system32\wshunix.dll

dbghelp: loaded successfully - version: 4.0.5 - missing functions: none
symbol engine: initialized successfully - sym options: 0x614 - pdb path: .;C:\Program Files\Android\Android Studio\jbr\bin;C:\WINDOWS\SYSTEM32;C:\WINDOWS\WinSxS\amd64_microsoft.windows.common-controls_6595b64144ccf1df_6.0.22621.608_none_a9444ca7c10bb01d;C:\Program Files\Android\Android Studio\jbr\bin\server;C:\Users\georg\Documents\edistynytmobiiliohjelmointi-master (1)\edistynytmobiiliohjelmointi-master\native\e1d6ef7f7dcc3fd88c89a11ec53ec762bb8ba0a96d01ffa2cd45eb1d1d8dd5c5\windows-amd64;C:\Users\georg\Documents\edistynytmobiiliohjelmointi-master (1)\edistynytmobiiliohjelmointi-master\native\0d407fdbe67a94daf76414ababcb853783967236a71b16ec16e742cd7a986fd3\windows-amd64

VM Arguments:
jvm_args: --add-opens=java.base/java.util=ALL-UNNAMED --add-opens=java.base/java.lang=ALL-UNNAMED --add-opens=java.base/java.lang.invoke=ALL-UNNAMED --add-opens=java.base/java.util=ALL-UNNAMED --add-opens=java.prefs/java.util.prefs=ALL-UNNAMED --add-opens=java.prefs/java.util.prefs=ALL-UNNAMED --add-opens=java.base/java.nio.charset=ALL-UNNAMED --add-opens=java.base/java.net=ALL-UNNAMED --add-opens=java.base/java.util.concurrent.atomic=ALL-UNNAMED -Xmx2048m -Dfile.encoding=UTF-8 -Duser.country=US -Duser.language=en -Duser.variant 
java_command: org.gradle.launcher.daemon.bootstrap.GradleDaemon 7.5
java_class_path (initial): C:\Users\georg\Documents\edistynytmobiiliohjelmointi-master (1)\edistynytmobiiliohjelmointi-master\wrapper\dists\gradle-7.5-bin\f1w0cc9nuo0eivz97x2xlu9sv\gradle-7.5\lib\gradle-launcher-7.5.jar
Launcher Type: SUN_STANDARD

[Global flags]
     intx CICompilerCount                          = 4                                         {product} {ergonomic}
     uint ConcGCThreads                            = 2                                         {product} {ergonomic}
     uint G1ConcRefinementThreads                  = 8                                         {product} {ergonomic}
   size_t G1HeapRegionSize                         = 1048576                                   {product} {ergonomic}
    uintx GCDrainStackTargetSize                   = 64                                        {product} {ergonomic}
   size_t InitialHeapSize                          = 262144000                                 {product} {ergonomic}
   size_t MarkStackSize                            = 4194304                                   {product} {ergonomic}
   size_t MaxHeapSize                              = 2147483648                                {product} {command line}
   size_t MaxNewSize                               = 1287651328                                {product} {ergonomic}
   size_t MinHeapDeltaBytes                        = 1048576                                   {product} {ergonomic}
   size_t MinHeapSize                              = 8388608                                   {product} {ergonomic}
    uintx NonNMethodCodeHeapSize                   = 5839372                                {pd product} {ergonomic}
    uintx NonProfiledCodeHeapSize                  = 122909434                              {pd product} {ergonomic}
    uintx ProfiledCodeHeapSize                     = 122909434                              {pd product} {ergonomic}
    uintx ReservedCodeCacheSize                    = 251658240                              {pd product} {ergonomic}
     bool SegmentedCodeCache                       = true                                      {product} {ergonomic}
   size_t SoftMaxHeapSize                          = 2147483648                             {manageable} {ergonomic}
     bool UseCompressedClassPointers               = true                           {product lp64_product} {ergonomic}
     bool UseCompressedOops                        = true                           {product lp64_product} {ergonomic}
     bool UseG1GC                                  = true                                      {product} {ergonomic}
     bool UseLargePagesIndividualAllocation        = false                                  {pd product} {ergonomic}

Logging:
Log output configuration:
 #0: stdout all=warning uptime,level,tags
 #1: stderr all=off uptime,level,tags

Environment Variables:
PATH=C:\WINDOWS\system32;C:\WINDOWS;C:\WINDOWS\System32\Wbem;C:\WINDOWS\System32\WindowsPowerShell\v1.0\;C:\WINDOWS\System32\OpenSSH\;C:\Users\georg\AppData\Local\Microsoft\WindowsApps;C:\Users\georg\AppData\Local\GitHubDesktop\bin
USERNAME=georg
OS=Windows_NT
PROCESSOR_IDENTIFIER=Intel64 Family 6 Model 140 Stepping 1, GenuineIntel
TMP=C:\Users\georg\AppData\Local\Temp
TEMP=C:\Users\georg\AppData\Local\Temp



---------------  S Y S T E M  ---------------

OS:
 Windows 11 , 64 bit Build 22621 (10.0.22621.1485)
OS uptime: 3 days 8:13 hours

CPU: total 8 (initial active 8) (4 cores per cpu, 2 threads per core) family 6 model 140 stepping 1 microcode 0xa4, cx8, cmov, fxsr, ht, mmx, 3dnowpref, sse, sse2, sse3, ssse3, sse4.1, sse4.2, popcnt, lzcnt, tsc, tscinvbit, avx, avx2, aes, erms, clmul, bmi1, bmi2, adx, avx512f, avx512dq, avx512cd, avx512bw, avx512vl, sha, fma, vzeroupper, avx512_vpopcntdq, avx512_vpclmulqdq, avx512_vaes, avx512_vnni, clflush, clflushopt, clwb, avx512_vbmi2, avx512_vbmi

Memory: 4k page, system-wide physical 15963M (3051M free)
TotalPageFile size 15963M (AvailPageFile size 0M)
current process WorkingSet (physical memory assigned to process): 258M, peak: 262M
current process commit charge ("private bytes"): 293M, peak: 392M

vm_info: OpenJDK 64-Bit Server VM (17.0.6+0-b2043.56-9586694) for windows-amd64 JRE (17.0.6+0-b2043.56-9586694), built on Feb  9 2023 20:06:20 by "androidbuild" with MS VC++ 16.10 / 16.11 (VS2019)

END.
