#
# There is insufficient memory for the Java Runtime Environment to continue.
# Native memory allocation (mmap) failed to map 29360128 bytes for G1 virtual space
# Possible reasons:
#   The system is out of physical RAM or swap space
#   The process is running with CompressedOops enabled, and the Java Heap may be blocking the growth of the native heap
# Possible solutions:
#   Reduce memory load on the system
#   Increase physical memory or swap space
#   Check if swap backing store is full
#   Decrease Java heap size (-Xmx/-Xms)
#   Decrease number of Java threads
#   Decrease Java thread stack sizes (-Xss)
#   Set larger code cache with -XX:ReservedCodeCacheSize=
#   JVM is running with Unscaled Compressed Oops mode in which the Java heap is
#     placed in the first 4GB address space. The Java Heap base address is the
#     maximum limit for the native heap growth. Please use -XX:HeapBaseMinAddress
#     to set the Java Heap base and to place the Java Heap above 4GB virtual address.
# This output file may be truncated or incomplete.
#
#  Out of Memory Error (os_windows.cpp:3769), pid=10436, tid=23928
#
# JRE version: OpenJDK Runtime Environment (17.0.6) (build 17.0.6+0-b2043.56-9586694)
# Java VM: OpenJDK 64-Bit Server VM (17.0.6+0-b2043.56-9586694, mixed mode, tiered, compressed oops, compressed class ptrs, g1 gc, windows-amd64)
# No core dump will be written. Minidumps are not enabled by default on client versions of Windows
#

---------------  S U M M A R Y ------------

Command Line: --add-opens=java.base/java.util=ALL-UNNAMED --add-opens=java.base/java.lang=ALL-UNNAMED --add-opens=java.base/java.lang.invoke=ALL-UNNAMED --add-opens=java.base/java.util=ALL-UNNAMED --add-opens=java.prefs/java.util.prefs=ALL-UNNAMED --add-opens=java.prefs/java.util.prefs=ALL-UNNAMED --add-opens=java.base/java.nio.charset=ALL-UNNAMED --add-opens=java.base/java.net=ALL-UNNAMED --add-opens=java.base/java.util.concurrent.atomic=ALL-UNNAMED -Xmx2048m -Dfile.encoding=UTF-8 -Duser.country=US -Duser.language=en -Duser.variant org.gradle.launcher.daemon.bootstrap.GradleDaemon 7.5

Host: 11th Gen Intel(R) Core(TM) i7-1185G7 @ 3.00GHz, 8 cores, 15G,  Windows 11 , 64 bit Build 22621 (10.0.22621.1485)
Time: Sun May  7 22:10:21 2023 FLE Daylight Time elapsed time: 12.093614 seconds (0d 0h 0m 12s)

---------------  T H R E A D  ---------------

Current thread (0x000001e225eec010):  VMThread "VM Thread" [stack: 0x00000084d8600000,0x00000084d8700000] [id=23928]

Stack: [0x00000084d8600000,0x00000084d8700000]
Native frames: (J=compiled Java code, j=interpreted, Vv=VM code, C=native code)
V  [jvm.dll+0x683b4a]
V  [jvm.dll+0x842654]
V  [jvm.dll+0x843dfe]
V  [jvm.dll+0x844463]
V  [jvm.dll+0x249b75]
V  [jvm.dll+0x680a19]
V  [jvm.dll+0x674f0a]
V  [jvm.dll+0x309acb]
V  [jvm.dll+0x310f86]
V  [jvm.dll+0x3608ee]
V  [jvm.dll+0x360b1f]
V  [jvm.dll+0x2dfbf8]
V  [jvm.dll+0x2ddec4]
V  [jvm.dll+0x2dd4cc]
V  [jvm.dll+0x321f3b]
V  [jvm.dll+0x84893b]
V  [jvm.dll+0x849674]
V  [jvm.dll+0x849b8d]
V  [jvm.dll+0x849f64]
V  [jvm.dll+0x84a030]
V  [jvm.dll+0x7f25fa]
V  [jvm.dll+0x682985]
C  [ucrtbase.dll+0x29363]
C  [KERNEL32.DLL+0x1269d]
C  [ntdll.dll+0x5a9f8]

VM_Operation (0x00000084da0f8270): G1CollectForAllocation, mode: safepoint, requested by thread 0x000001e22941a510


---------------  P R O C E S S  ---------------

Threads class SMR info:
_java_thread_list=0x000001e22d8b33b0, length=127, elements={
0x000001e20c09a2c0, 0x000001e22683e9a0, 0x000001e22683f970, 0x000001e226887690,
0x000001e226887e50, 0x000001e22688a420, 0x000001e22688e900, 0x000001e2268917d0,
0x000001e2268927b0, 0x000001e2268965d0, 0x000001e226a102b0, 0x000001e226a10780,
0x000001e226b49e30, 0x000001e22835c900, 0x000001e2294196a0, 0x000001e22941c6c0,
0x000001e229419b70, 0x000001e22941a040, 0x000001e22941aeb0, 0x000001e22941a510,
0x000001e22941a9e0, 0x000001e22941b380, 0x000001e229418d00, 0x000001e22941b850,
0x000001e22941c1f0, 0x000001e22941bd20, 0x000001e2294191d0, 0x000001e229a62860,
0x000001e229a64070, 0x000001e229a5ccf0, 0x000001e229a63200, 0x000001e229a63ba0,
0x000001e229a5c820, 0x000001e229a5eea0, 0x000001e229a5d1c0, 0x000001e229a5e500,
0x000001e229a62390, 0x000001e229a5e030, 0x000001e229a61050, 0x000001e229a5d690,
0x000001e229a61ec0, 0x000001e229f4e9c0, 0x000001e229a606b0, 0x000001e229a619f0,
0x000001e229a61520, 0x000001e229a5db60, 0x000001e229a5e9d0, 0x000001e229a5fd10,
0x000001e229a601e0, 0x000001e22b38dfa0, 0x000001e22b391960, 0x000001e22b3927d0,
0x000001e22b392ca0, 0x000001e22b38f7b0, 0x000001e22b391e30, 0x000001e22b390620,
0x000001e22b38dad0, 0x000001e22b393640, 0x000001e22b38d130, 0x000001e22b390af0,
0x000001e22b38ee10, 0x000001e22b391490, 0x000001e22b393b10, 0x000001e22b38fc80,
0x000001e22b38d600, 0x000001e22b393fe0, 0x000001e22b390fc0, 0x000001e22b38e470,
0x000001e22b392300, 0x000001e22b3944b0, 0x000001e22b390150, 0x000001e22b394980,
0x000001e22b393170, 0x000001e22b38e940, 0x000001e22b38f2e0, 0x000001e227549e20,
0x000001e22754c970, 0x000001e22754b630, 0x000001e22754e650, 0x000001e22754dcb0,
0x000001e22754a2f0, 0x000001e22754e180, 0x000001e227549950, 0x000001e22754eff0,
0x000001e22754f990, 0x000001e227548140, 0x000001e22754eb20, 0x000001e22754bfd0,
0x000001e227549480, 0x000001e22754f4c0, 0x000001e22754d7e0, 0x000001e227548610,
0x000001e227548ae0, 0x000001e227548fb0, 0x000001e22754d310, 0x000001e22754a7c0,
0x000001e22754c4a0, 0x000001e22754ac90, 0x000001e22754b160, 0x000001e22754bb00,
0x000001e22754ce40, 0x000001e229fb9700, 0x000001e229fbaf10, 0x000001e229fb9230,
0x000001e229fb6210, 0x000001e229fb7080, 0x000001e229fb66e0, 0x000001e229fb4a00,
0x000001e229fb6bb0, 0x000001e229fb9bd0, 0x000001e229fb8d60, 0x000001e229fb4060,
0x000001e229fb53a0, 0x000001e229fb8890, 0x000001e229fb7550, 0x000001e229fb4530,
0x000001e229fb7a20, 0x000001e229fba0a0, 0x000001e229fb7ef0, 0x000001e229fba570,
0x000001e229fb4ed0, 0x000001e229fbaa40, 0x000001e229fbb3e0, 0x000001e229fb5870,
0x000001e229fb83c0, 0x000001e229fb5d40, 0x000001e22d94b4c0
}

Java Threads: ( => current thread )
  0x000001e20c09a2c0 JavaThread "main" [_thread_blocked, id=2672, stack(0x00000084d8000000,0x00000084d8100000)]
  0x000001e22683e9a0 JavaThread "Reference Handler" daemon [_thread_blocked, id=21728, stack(0x00000084d8700000,0x00000084d8800000)]
  0x000001e22683f970 JavaThread "Finalizer" daemon [_thread_blocked, id=19120, stack(0x00000084d8800000,0x00000084d8900000)]
  0x000001e226887690 JavaThread "Signal Dispatcher" daemon [_thread_blocked, id=15524, stack(0x00000084d8900000,0x00000084d8a00000)]
  0x000001e226887e50 JavaThread "Attach Listener" daemon [_thread_blocked, id=13420, stack(0x00000084d8a00000,0x00000084d8b00000)]
  0x000001e22688a420 JavaThread "Service Thread" daemon [_thread_blocked, id=19760, stack(0x00000084d8b00000,0x00000084d8c00000)]
  0x000001e22688e900 JavaThread "Monitor Deflation Thread" daemon [_thread_blocked, id=1828, stack(0x00000084d8c00000,0x00000084d8d00000)]
  0x000001e2268917d0 JavaThread "C2 CompilerThread0" daemon [_thread_blocked, id=10304, stack(0x00000084d8d00000,0x00000084d8e00000)]
  0x000001e2268927b0 JavaThread "C1 CompilerThread0" daemon [_thread_blocked, id=18068, stack(0x00000084d8e00000,0x00000084d8f00000)]
  0x000001e2268965d0 JavaThread "Sweeper thread" daemon [_thread_blocked, id=16072, stack(0x00000084d8f00000,0x00000084d9000000)]
  0x000001e226a102b0 JavaThread "Common-Cleaner" daemon [_thread_blocked, id=13808, stack(0x00000084d9000000,0x00000084d9100000)]
  0x000001e226a10780 JavaThread "Notification Thread" daemon [_thread_blocked, id=19408, stack(0x00000084d9100000,0x00000084d9200000)]
  0x000001e226b49e30 JavaThread "C2 CompilerThread1" daemon [_thread_blocked, id=5652, stack(0x00000084d9300000,0x00000084d9400000)]
  0x000001e22835c900 JavaThread "Daemon health stats" [_thread_blocked, id=9648, stack(0x00000084d9a00000,0x00000084d9b00000)]
  0x000001e2294196a0 JavaThread "Incoming local TCP Connector on port 58462" [_thread_in_native, id=17768, stack(0x00000084d9b00000,0x00000084d9c00000)]
  0x000001e22941c6c0 JavaThread "Daemon periodic checks" [_thread_blocked, id=9652, stack(0x00000084d9c00000,0x00000084d9d00000)]
  0x000001e229419b70 JavaThread "Daemon" [_thread_blocked, id=18696, stack(0x00000084d9d00000,0x00000084d9e00000)]
  0x000001e22941a040 JavaThread "Handler for socket connection from /127.0.0.1:58462 to /127.0.0.1:58463" [_thread_in_native, id=22800, stack(0x00000084d9e00000,0x00000084d9f00000)]
  0x000001e22941aeb0 JavaThread "Cancel handler" [_thread_blocked, id=12292, stack(0x00000084d9f00000,0x00000084da000000)]
  0x000001e22941a510 JavaThread "Daemon worker" [_thread_blocked, id=23620, stack(0x00000084da000000,0x00000084da100000)]
  0x000001e22941a9e0 JavaThread "Asynchronous log dispatcher for DefaultDaemonConnection: socket connection from /127.0.0.1:58462 to /127.0.0.1:58463" [_thread_blocked, id=12632, stack(0x00000084da100000,0x00000084da200000)]
  0x000001e22941b380 JavaThread "Stdin handler" [_thread_blocked, id=19660, stack(0x00000084da200000,0x00000084da300000)]
  0x000001e229418d00 JavaThread "Daemon client event forwarder" [_thread_blocked, id=23876, stack(0x00000084da300000,0x00000084da400000)]
  0x000001e22941b850 JavaThread "Cache worker for journal cache (C:\Users\georg\Documents\edistynytmobiiliohjelmointi-master (1)\edistynytmobiiliohjelmointi-master\caches\journal-1)" [_thread_blocked, id=23860, stack(0x00000084da400000,0x00000084da500000)]
  0x000001e22941c1f0 JavaThread "File lock request listener" [_thread_in_native, id=17944, stack(0x00000084da500000,0x00000084da600000)]
  0x000001e22941bd20 JavaThread "Cache worker for file hash cache (C:\Users\georg\Documents\edistynytmobiiliohjelmointi-master (1)\edistynytmobiiliohjelmointi-master\caches\7.5\fileHashes)" [_thread_blocked, id=19624, stack(0x00000084da800000,0x00000084da900000)]
  0x000001e2294191d0 JavaThread "File watcher server" daemon [_thread_in_native, id=16028, stack(0x00000084daa00000,0x00000084dab00000)]
  0x000001e229a62860 JavaThread "File watcher consumer" daemon [_thread_blocked, id=4828, stack(0x00000084dab00000,0x00000084dac00000)]
  0x000001e229a64070 JavaThread "Cache worker for checksums cache (C:\Users\georg\Documents\edistynytmobiiliohjelmointi-master (1)\edistynytmobiiliohjelmointi-master\.gradle\7.5\checksums)" [_thread_blocked, id=16204, stack(0x00000084dac00000,0x00000084dad00000)]
  0x000001e229a5ccf0 JavaThread "Cache worker for cache directory md-rule (C:\Users\georg\Documents\edistynytmobiiliohjelmointi-master (1)\edistynytmobiiliohjelmointi-master\caches\7.5\md-rule)" [_thread_blocked, id=13088, stack(0x00000084dad00000,0x00000084dae00000)]
  0x000001e229a63200 JavaThread "Cache worker for file content cache (C:\Users\georg\Documents\edistynytmobiiliohjelmointi-master (1)\edistynytmobiiliohjelmointi-master\caches\7.5\fileContent)" [_thread_blocked, id=5256, stack(0x00000084dae00000,0x00000084daf00000)]
  0x000001e229a63ba0 JavaThread "Cache worker for file hash cache (C:\Users\georg\Documents\edistynytmobiiliohjelmointi-master (1)\edistynytmobiiliohjelmointi-master\.gradle\7.5\fileHashes)" [_thread_blocked, id=18784, stack(0x00000084daf00000,0x00000084db000000)]
  0x000001e229a5c820 JavaThread "Cache worker for cache directory md-supplier (C:\Users\georg\Documents\edistynytmobiiliohjelmointi-master (1)\edistynytmobiiliohjelmointi-master\caches\7.5\md-supplier)" [_thread_blocked, id=22576, stack(0x00000084db000000,0x00000084db100000)]
  0x000001e229a5eea0 JavaThread "Cache worker for execution history cache (C:\Users\georg\Documents\edistynytmobiiliohjelmointi-master (1)\edistynytmobiiliohjelmointi-master\caches\7.5\executionHistory)" [_thread_blocked, id=12112, stack(0x00000084db100000,0x00000084db200000)]
  0x000001e229a5d1c0 JavaThread "jar transforms" [_thread_blocked, id=12544, stack(0x00000084db200000,0x00000084db300000)]
  0x000001e229a5e500 JavaThread "jar transforms Thread 2" [_thread_blocked, id=10348, stack(0x00000084db300000,0x00000084db400000)]
  0x000001e229a62390 JavaThread "jar transforms Thread 3" [_thread_blocked, id=22328, stack(0x00000084db500000,0x00000084db600000)]
  0x000001e229a5e030 JavaThread "jar transforms Thread 4" [_thread_blocked, id=10368, stack(0x00000084db600000,0x00000084db700000)]
  0x000001e229a61050 JavaThread "Cache worker for dependencies-accessors (C:\Users\georg\Documents\edistynytmobiiliohjelmointi-master (1)\edistynytmobiiliohjelmointi-master\.gradle\7.5\dependencies-accessors)" [_thread_blocked, id=20788, stack(0x00000084db700000,0x00000084db800000)]
  0x000001e229a5d690 JavaThread "jar transforms Thread 5" [_thread_blocked, id=6152, stack(0x00000084db800000,0x00000084db900000)]
  0x000001e229a61ec0 JavaThread "Cache worker for Build Output Cleanup Cache (C:\Users\georg\Documents\edistynytmobiiliohjelmointi-master (1)\edistynytmobiiliohjelmointi-master\.gradle\buildOutputCleanup)" [_thread_blocked, id=14312, stack(0x00000084da900000,0x00000084daa00000)]
  0x000001e229f4e9c0 JavaThread "C2 CompilerThread2" daemon [_thread_blocked, id=22984, stack(0x00000084db900000,0x00000084dba00000)]
  0x000001e229a606b0 JavaThread "Unconstrained build operations" [_thread_blocked, id=15840, stack(0x00000084dba00000,0x00000084dbb00000)]
  0x000001e229a619f0 JavaThread "Unconstrained build operations Thread 2" [_thread_blocked, id=8152, stack(0x00000084dbb00000,0x00000084dbc00000)]
  0x000001e229a61520 JavaThread "Unconstrained build operations Thread 3" [_thread_blocked, id=12528, stack(0x00000084dbc00000,0x00000084dbd00000)]
  0x000001e229a5db60 JavaThread "Unconstrained build operations Thread 4" [_thread_blocked, id=8188, stack(0x00000084dbd00000,0x00000084dbe00000)]
  0x000001e229a5e9d0 JavaThread "Unconstrained build operations Thread 5" [_thread_blocked, id=8756, stack(0x00000084dbe00000,0x00000084dbf00000)]
  0x000001e229a5fd10 JavaThread "Unconstrained build operations Thread 6" [_thread_blocked, id=22096, stack(0x00000084dbf00000,0x00000084dc000000)]
  0x000001e229a601e0 JavaThread "Unconstrained build operations Thread 7" [_thread_blocked, id=4352, stack(0x00000084dc000000,0x00000084dc100000)]
  0x000001e22b38dfa0 JavaThread "Unconstrained build operations Thread 8" [_thread_blocked, id=16828, stack(0x00000084dc100000,0x00000084dc200000)]
  0x000001e22b391960 JavaThread "Unconstrained build operations Thread 9" [_thread_blocked, id=5412, stack(0x00000084dc200000,0x00000084dc300000)]
  0x000001e22b3927d0 JavaThread "Unconstrained build operations Thread 10" [_thread_blocked, id=23200, stack(0x00000084dc300000,0x00000084dc400000)]
  0x000001e22b392ca0 JavaThread "Unconstrained build operations Thread 11" [_thread_blocked, id=14348, stack(0x00000084dc400000,0x00000084dc500000)]
  0x000001e22b38f7b0 JavaThread "Unconstrained build operations Thread 12" [_thread_blocked, id=24052, stack(0x00000084dc500000,0x00000084dc600000)]
  0x000001e22b391e30 JavaThread "Unconstrained build operations Thread 13" [_thread_blocked, id=14420, stack(0x00000084dc600000,0x00000084dc700000)]
  0x000001e22b390620 JavaThread "Unconstrained build operations Thread 14" [_thread_blocked, id=13472, stack(0x00000084dc700000,0x00000084dc800000)]
  0x000001e22b38dad0 JavaThread "Unconstrained build operations Thread 15" [_thread_blocked, id=16000, stack(0x00000084dc800000,0x00000084dc900000)]
  0x000001e22b393640 JavaThread "Unconstrained build operations Thread 16" [_thread_blocked, id=13572, stack(0x00000084dc900000,0x00000084dca00000)]
  0x000001e22b38d130 JavaThread "Unconstrained build operations Thread 17" [_thread_blocked, id=14672, stack(0x00000084dca00000,0x00000084dcb00000)]
  0x000001e22b390af0 JavaThread "Unconstrained build operations Thread 18" [_thread_blocked, id=20056, stack(0x00000084dcb00000,0x00000084dcc00000)]
  0x000001e22b38ee10 JavaThread "Unconstrained build operations Thread 19" [_thread_blocked, id=16536, stack(0x00000084dcc00000,0x00000084dcd00000)]
  0x000001e22b391490 JavaThread "Unconstrained build operations Thread 20" [_thread_blocked, id=19236, stack(0x00000084dcd00000,0x00000084dce00000)]
  0x000001e22b393b10 JavaThread "Unconstrained build operations Thread 21" [_thread_blocked, id=16036, stack(0x00000084dce00000,0x00000084dcf00000)]
  0x000001e22b38fc80 JavaThread "Unconstrained build operations Thread 22" [_thread_blocked, id=9552, stack(0x00000084dcf00000,0x00000084dd000000)]
  0x000001e22b38d600 JavaThread "Unconstrained build operations Thread 23" [_thread_blocked, id=21084, stack(0x00000084dd000000,0x00000084dd100000)]
  0x000001e22b393fe0 JavaThread "Unconstrained build operations Thread 24" [_thread_blocked, id=15932, stack(0x00000084dd100000,0x00000084dd200000)]
  0x000001e22b390fc0 JavaThread "Unconstrained build operations Thread 25" [_thread_blocked, id=15380, stack(0x00000084dd200000,0x00000084dd300000)]
  0x000001e22b38e470 JavaThread "Unconstrained build operations Thread 26" [_thread_blocked, id=5568, stack(0x00000084dd300000,0x00000084dd400000)]
  0x000001e22b392300 JavaThread "Unconstrained build operations Thread 27" [_thread_blocked, id=12400, stack(0x00000084dd400000,0x00000084dd500000)]
  0x000001e22b3944b0 JavaThread "Unconstrained build operations Thread 28" [_thread_blocked, id=18736, stack(0x00000084dd500000,0x00000084dd600000)]
  0x000001e22b390150 JavaThread "Unconstrained build operations Thread 29" [_thread_blocked, id=9800, stack(0x00000084dd600000,0x00000084dd700000)]
  0x000001e22b394980 JavaThread "Unconstrained build operations Thread 30" [_thread_blocked, id=21852, stack(0x00000084dd700000,0x00000084dd800000)]
  0x000001e22b393170 JavaThread "Unconstrained build operations Thread 31" [_thread_blocked, id=14952, stack(0x00000084dd800000,0x00000084dd900000)]
  0x000001e22b38e940 JavaThread "Unconstrained build operations Thread 32" [_thread_blocked, id=18636, stack(0x00000084dd900000,0x00000084dda00000)]
  0x000001e22b38f2e0 JavaThread "Unconstrained build operations Thread 33" [_thread_blocked, id=15480, stack(0x00000084dda00000,0x00000084ddb00000)]
  0x000001e227549e20 JavaThread "Unconstrained build operations Thread 34" [_thread_blocked, id=20616, stack(0x00000084ddb00000,0x00000084ddc00000)]
  0x000001e22754c970 JavaThread "Unconstrained build operations Thread 35" [_thread_blocked, id=5752, stack(0x00000084ddc00000,0x00000084ddd00000)]
  0x000001e22754b630 JavaThread "Unconstrained build operations Thread 36" [_thread_blocked, id=16856, stack(0x00000084ddd00000,0x00000084dde00000)]
  0x000001e22754e650 JavaThread "Unconstrained build operations Thread 37" [_thread_blocked, id=10364, stack(0x00000084dde00000,0x00000084ddf00000)]
  0x000001e22754dcb0 JavaThread "Unconstrained build operations Thread 38" [_thread_blocked, id=16440, stack(0x00000084ddf00000,0x00000084de000000)]
  0x000001e22754a2f0 JavaThread "Unconstrained build operations Thread 39" [_thread_blocked, id=17332, stack(0x00000084de000000,0x00000084de100000)]
  0x000001e22754e180 JavaThread "Unconstrained build operations Thread 40" [_thread_blocked, id=2476, stack(0x00000084de100000,0x00000084de200000)]
  0x000001e227549950 JavaThread "Unconstrained build operations Thread 41" [_thread_blocked, id=9736, stack(0x00000084de200000,0x00000084de300000)]
  0x000001e22754eff0 JavaThread "Unconstrained build operations Thread 42" [_thread_blocked, id=22672, stack(0x00000084de300000,0x00000084de400000)]
  0x000001e22754f990 JavaThread "Unconstrained build operations Thread 43" [_thread_blocked, id=8872, stack(0x00000084de400000,0x00000084de500000)]
  0x000001e227548140 JavaThread "Unconstrained build operations Thread 44" [_thread_blocked, id=21112, stack(0x00000084de500000,0x00000084de600000)]
  0x000001e22754eb20 JavaThread "Unconstrained build operations Thread 45" [_thread_blocked, id=19788, stack(0x00000084de600000,0x00000084de700000)]
  0x000001e22754bfd0 JavaThread "Unconstrained build operations Thread 46" [_thread_blocked, id=992, stack(0x00000084de700000,0x00000084de800000)]
  0x000001e227549480 JavaThread "Unconstrained build operations Thread 47" [_thread_blocked, id=23464, stack(0x00000084de800000,0x00000084de900000)]
  0x000001e22754f4c0 JavaThread "Unconstrained build operations Thread 48" [_thread_blocked, id=23284, stack(0x00000084de900000,0x00000084dea00000)]
  0x000001e22754d7e0 JavaThread "Unconstrained build operations Thread 49" [_thread_blocked, id=23540, stack(0x00000084dea00000,0x00000084deb00000)]
  0x000001e227548610 JavaThread "Unconstrained build operations Thread 50" [_thread_blocked, id=7084, stack(0x00000084deb00000,0x00000084dec00000)]
  0x000001e227548ae0 JavaThread "Unconstrained build operations Thread 51" [_thread_blocked, id=6024, stack(0x00000084dec00000,0x00000084ded00000)]
  0x000001e227548fb0 JavaThread "Unconstrained build operations Thread 52" [_thread_blocked, id=13444, stack(0x00000084ded00000,0x00000084dee00000)]
  0x000001e22754d310 JavaThread "Unconstrained build operations Thread 53" [_thread_blocked, id=5148, stack(0x00000084dee00000,0x00000084def00000)]
  0x000001e22754a7c0 JavaThread "Unconstrained build operations Thread 54" [_thread_blocked, id=19504, stack(0x00000084def00000,0x00000084df000000)]
  0x000001e22754c4a0 JavaThread "Unconstrained build operations Thread 55" [_thread_blocked, id=16752, stack(0x00000084df000000,0x00000084df100000)]
  0x000001e22754ac90 JavaThread "Unconstrained build operations Thread 56" [_thread_blocked, id=12572, stack(0x00000084df100000,0x00000084df200000)]
  0x000001e22754b160 JavaThread "Unconstrained build operations Thread 57" [_thread_blocked, id=17256, stack(0x00000084df200000,0x00000084df300000)]
  0x000001e22754bb00 JavaThread "Unconstrained build operations Thread 58" [_thread_blocked, id=24124, stack(0x00000084df300000,0x00000084df400000)]
  0x000001e22754ce40 JavaThread "Unconstrained build operations Thread 59" [_thread_blocked, id=3876, stack(0x00000084df400000,0x00000084df500000)]
  0x000001e229fb9700 JavaThread "Unconstrained build operations Thread 60" [_thread_blocked, id=4516, stack(0x00000084df500000,0x00000084df600000)]
  0x000001e229fbaf10 JavaThread "Unconstrained build operations Thread 61" [_thread_blocked, id=20984, stack(0x00000084df600000,0x00000084df700000)]
  0x000001e229fb9230 JavaThread "Unconstrained build operations Thread 62" [_thread_blocked, id=5160, stack(0x00000084df700000,0x00000084df800000)]
  0x000001e229fb6210 JavaThread "Unconstrained build operations Thread 63" [_thread_blocked, id=7092, stack(0x00000084df800000,0x00000084df900000)]
  0x000001e229fb7080 JavaThread "Unconstrained build operations Thread 64" [_thread_blocked, id=12008, stack(0x00000084df900000,0x00000084dfa00000)]
  0x000001e229fb66e0 JavaThread "Unconstrained build operations Thread 65" [_thread_blocked, id=19212, stack(0x00000084dfa00000,0x00000084dfb00000)]
  0x000001e229fb4a00 JavaThread "Unconstrained build operations Thread 66" [_thread_blocked, id=16048, stack(0x00000084dfb00000,0x00000084dfc00000)]
  0x000001e229fb6bb0 JavaThread "Unconstrained build operations Thread 67" [_thread_blocked, id=15676, stack(0x00000084dfc00000,0x00000084dfd00000)]
  0x000001e229fb9bd0 JavaThread "Unconstrained build operations Thread 68" [_thread_blocked, id=140, stack(0x00000084dfd00000,0x00000084dfe00000)]
  0x000001e229fb8d60 JavaThread "Unconstrained build operations Thread 69" [_thread_blocked, id=3728, stack(0x00000084dfe00000,0x00000084dff00000)]
  0x000001e229fb4060 JavaThread "Unconstrained build operations Thread 70" [_thread_blocked, id=2804, stack(0x00000084dff00000,0x00000084e0000000)]
  0x000001e229fb53a0 JavaThread "Unconstrained build operations Thread 71" [_thread_blocked, id=10360, stack(0x00000084e0000000,0x00000084e0100000)]
  0x000001e229fb8890 JavaThread "Unconstrained build operations Thread 72" [_thread_blocked, id=14332, stack(0x00000084e0100000,0x00000084e0200000)]
  0x000001e229fb7550 JavaThread "Unconstrained build operations Thread 73" [_thread_blocked, id=18384, stack(0x00000084e0200000,0x00000084e0300000)]
  0x000001e229fb4530 JavaThread "Unconstrained build operations Thread 74" [_thread_blocked, id=736, stack(0x00000084e0300000,0x00000084e0400000)]
  0x000001e229fb7a20 JavaThread "Unconstrained build operations Thread 75" [_thread_blocked, id=3232, stack(0x00000084e0400000,0x00000084e0500000)]
  0x000001e229fba0a0 JavaThread "Unconstrained build operations Thread 76" [_thread_blocked, id=9880, stack(0x00000084e0500000,0x00000084e0600000)]
  0x000001e229fb7ef0 JavaThread "Unconstrained build operations Thread 77" [_thread_blocked, id=14528, stack(0x00000084e0600000,0x00000084e0700000)]
  0x000001e229fba570 JavaThread "Unconstrained build operations Thread 78" [_thread_blocked, id=10112, stack(0x00000084e0700000,0x00000084e0800000)]
  0x000001e229fb4ed0 JavaThread "Unconstrained build operations Thread 79" [_thread_blocked, id=23536, stack(0x00000084e0800000,0x00000084e0900000)]
  0x000001e229fbaa40 JavaThread "Unconstrained build operations Thread 80" [_thread_blocked, id=20876, stack(0x00000084e0900000,0x00000084e0a00000)]
  0x000001e229fbb3e0 JavaThread "jar transforms Thread 6" [_thread_blocked, id=19152, stack(0x00000084e0a00000,0x00000084e0b00000)]
  0x000001e229fb5870 JavaThread "jar transforms Thread 7" [_thread_blocked, id=21744, stack(0x00000084e0b00000,0x00000084e0c00000)]
  0x000001e229fb83c0 JavaThread "jar transforms Thread 8" [_thread_blocked, id=13360, stack(0x00000084e0c00000,0x00000084e0d00000)]
  0x000001e229fb5d40 JavaThread "build event listener" [_thread_blocked, id=6684, stack(0x00000084e0d00000,0x00000084e0e00000)]
  0x000001e22d94b4c0 JavaThread "Memory manager" [_thread_blocked, id=12316, stack(0x00000084e0e00000,0x00000084e0f00000)]

Other Threads:
=>0x000001e225eec010 VMThread "VM Thread" [stack: 0x00000084d8600000,0x00000084d8700000] [id=23928]
  0x000001e20c11a600 WatcherThread [stack: 0x00000084d9200000,0x00000084d9300000] [id=10796]
  0x000001e20c0f6230 GCTaskThread "GC Thread#0" [stack: 0x00000084d8100000,0x00000084d8200000] [id=7516]
  0x000001e227a2dcb0 GCTaskThread "GC Thread#1" [stack: 0x00000084d9500000,0x00000084d9600000] [id=21668]
  0x000001e227aba2a0 GCTaskThread "GC Thread#2" [stack: 0x00000084d9600000,0x00000084d9700000] [id=576]
  0x000001e227aba6b0 GCTaskThread "GC Thread#3" [stack: 0x00000084d9700000,0x00000084d9800000] [id=19380]
  0x000001e227249e40 GCTaskThread "GC Thread#4" [stack: 0x00000084d9800000,0x00000084d9900000] [id=2196]
  0x000001e22724a0f0 GCTaskThread "GC Thread#5" [stack: 0x00000084d9900000,0x00000084d9a00000] [id=19384]
  0x000001e227a9ae70 GCTaskThread "GC Thread#6" [stack: 0x00000084d9400000,0x00000084d9500000] [id=22260]
  0x000001e2282b67b0 GCTaskThread "GC Thread#7" [stack: 0x00000084da600000,0x00000084da700000] [id=15004]
  0x000001e20c107170 ConcurrentGCThread "G1 Main Marker" [stack: 0x00000084d8200000,0x00000084d8300000] [id=19804]
  0x000001e20c108b90 ConcurrentGCThread "G1 Conc#0" [stack: 0x00000084d8300000,0x00000084d8400000] [id=14032]
  0x000001e2290e7090 ConcurrentGCThread "G1 Conc#1" [stack: 0x00000084da700000,0x00000084da800000] [id=20036]
  0x000001e225d985a0 ConcurrentGCThread "G1 Refine#0" [stack: 0x00000084d8400000,0x00000084d8500000] [id=3192]
  0x000001e229f70920 ConcurrentGCThread "G1 Refine#1" [stack: 0x00000084db400000,0x00000084db500000] [id=6260]
  0x000001e225d98a70 ConcurrentGCThread "G1 Service" [stack: 0x00000084d8500000,0x00000084d8600000] [id=22892]

Threads with active compile tasks:
C2 CompilerThread0    12144 7172 %     4       org.gradle.internal.instantiation.generator.AbstractClassGenerator::inspectType @ 341 (560 bytes)
C2 CompilerThread2    12144 7316       4       org.codehaus.groovy.runtime.metaclass.MetaMethodIndex::copyNonPrivateMethods (149 bytes)

VM state: at safepoint (normal execution)

VM Mutex/Monitor currently owned by a thread:  ([mutex/lock_event])
[0x000001e20c0943c0] Threads_lock - owner thread: 0x000001e225eec010
[0x000001e20c095140] Heap_lock - owner thread: 0x000001e22941a510

Heap address: 0x0000000080000000, size: 2048 MB, Compressed Oops mode: 32-bit

CDS archive(s) not mapped
Compressed class space mapped at: 0x0000000100000000-0x0000000140000000, reserved size: 1073741824
Narrow klass base: 0x0000000000000000, Narrow klass shift: 3, Narrow klass range: 0x140000000

GC Precious Log:
 CPUs: 8 total, 8 available
 Memory: 15963M
 Large Page Support: Disabled
 NUMA Support: Disabled
 Compressed Oops: Enabled (32-bit)
 Heap Region Size: 1M
 Heap Min Capacity: 8M
 Heap Initial Capacity: 250M
 Heap Max Capacity: 2G
 Pre-touch: Disabled
 Parallel Workers: 8
 Concurrent Workers: 2
 Concurrent Refinement Workers: 8
 Periodic GC: Disabled

Heap:
 garbage-first heap   total 204800K, used 61156K [0x0000000080000000, 0x0000000100000000)
  region size 1024K, 1 young (1024K), 1 survivors (1024K)
 Metaspace       used 68296K, committed 68800K, reserved 1114112K
  class space    used 8984K, committed 9216K, reserved 1048576K

Heap Regions: E=young(eden), S=young(survivor), O=old, HS=humongous(starts), HC=humongous(continues), CS=collection set, F=free, OA=open archive, CA=closed archive, TAMS=top-at-mark-start (previous, next)
|   0|0x0000000080000000, 0x0000000080100000, 0x0000000080100000|100%| O|  |TAMS 0x0000000080000000, 0x0000000080000000| Untracked 
|   1|0x0000000080100000, 0x0000000080200000, 0x0000000080200000|100%| O|  |TAMS 0x0000000080200000, 0x0000000080100000| Untracked 
|   2|0x0000000080200000, 0x0000000080300000, 0x0000000080300000|100%| O|  |TAMS 0x0000000080300000, 0x0000000080200000| Untracked 
|   3|0x0000000080300000, 0x0000000080400000, 0x0000000080400000|100%|HS|  |TAMS 0x0000000080400000, 0x0000000080300000| Complete 
|   4|0x0000000080400000, 0x0000000080500000, 0x0000000080500000|100%|HC|  |TAMS 0x0000000080500000, 0x0000000080400000| Complete 
|   5|0x0000000080500000, 0x0000000080600000, 0x0000000080600000|100%|HC|  |TAMS 0x0000000080600000, 0x0000000080500000| Complete 
|   6|0x0000000080600000, 0x0000000080700000, 0x0000000080700000|100%| O|  |TAMS 0x0000000080700000, 0x0000000080600000| Untracked 
|   7|0x0000000080700000, 0x0000000080800000, 0x0000000080800000|100%| O|  |TAMS 0x0000000080800000, 0x0000000080700000| Untracked 
|   8|0x0000000080800000, 0x0000000080900000, 0x0000000080900000|100%| O|  |TAMS 0x0000000080900000, 0x0000000080800000| Untracked 
|   9|0x0000000080900000, 0x0000000080900000, 0x0000000080a00000|  0%| F|  |TAMS 0x0000000080900000, 0x0000000080900000| Untracked 
|  10|0x0000000080a00000, 0x0000000080b00000, 0x0000000080b00000|100%| O|  |TAMS 0x0000000080b00000, 0x0000000080a00000| Untracked 
|  11|0x0000000080b00000, 0x0000000080c00000, 0x0000000080c00000|100%| O|  |TAMS 0x0000000080c00000, 0x0000000080b00000| Untracked 
|  12|0x0000000080c00000, 0x0000000080d00000, 0x0000000080d00000|100%| O|  |TAMS 0x0000000080d00000, 0x0000000080c00000| Untracked 
|  13|0x0000000080d00000, 0x0000000080e00000, 0x0000000080e00000|100%| O|  |TAMS 0x0000000080e00000, 0x0000000080d00000| Untracked 
|  14|0x0000000080e00000, 0x0000000080f00000, 0x0000000080f00000|100%| O|  |TAMS 0x0000000080f00000, 0x0000000080e00000| Untracked 
|  15|0x0000000080f00000, 0x0000000081000000, 0x0000000081000000|100%| O|  |TAMS 0x0000000081000000, 0x0000000080f00000| Untracked 
|  16|0x0000000081000000, 0x0000000081100000, 0x0000000081100000|100%| O|  |TAMS 0x0000000081100000, 0x0000000081000000| Untracked 
|  17|0x0000000081100000, 0x0000000081200000, 0x0000000081200000|100%| O|  |TAMS 0x0000000081200000, 0x0000000081100000| Untracked 
|  18|0x0000000081200000, 0x0000000081300000, 0x0000000081300000|100%| O|  |TAMS 0x0000000081300000, 0x0000000081200000| Untracked 
|  19|0x0000000081300000, 0x0000000081400000, 0x0000000081400000|100%| O|  |TAMS 0x0000000081400000, 0x0000000081300000| Untracked 
|  20|0x0000000081400000, 0x0000000081500000, 0x0000000081500000|100%| O|  |TAMS 0x0000000081500000, 0x0000000081400000| Untracked 
|  21|0x0000000081500000, 0x0000000081600000, 0x0000000081600000|100%| O|  |TAMS 0x0000000081600000, 0x0000000081500000| Untracked 
|  22|0x0000000081600000, 0x0000000081700000, 0x0000000081700000|100%| O|  |TAMS 0x0000000081700000, 0x0000000081600000| Untracked 
|  23|0x0000000081700000, 0x0000000081800000, 0x0000000081800000|100%| O|  |TAMS 0x0000000081800000, 0x0000000081700000| Untracked 
|  24|0x0000000081800000, 0x0000000081900000, 0x0000000081900000|100%| O|  |TAMS 0x0000000081900000, 0x0000000081800000| Untracked 
|  25|0x0000000081900000, 0x0000000081a00000, 0x0000000081a00000|100%| O|  |TAMS 0x0000000081a00000, 0x0000000081900000| Untracked 
|  26|0x0000000081a00000, 0x0000000081b00000, 0x0000000081b00000|100%| O|  |TAMS 0x0000000081b00000, 0x0000000081a00000| Untracked 
|  27|0x0000000081b00000, 0x0000000081c00000, 0x0000000081c00000|100%| O|  |TAMS 0x0000000081c00000, 0x0000000081b00000| Untracked 
|  28|0x0000000081c00000, 0x0000000081d00000, 0x0000000081d00000|100%| O|  |TAMS 0x0000000081d00000, 0x0000000081c00000| Untracked 
|  29|0x0000000081d00000, 0x0000000081e00000, 0x0000000081e00000|100%| O|  |TAMS 0x0000000081e00000, 0x0000000081d00000| Untracked 
|  30|0x0000000081e00000, 0x0000000081f00000, 0x0000000081f00000|100%|HS|  |TAMS 0x0000000081f00000, 0x0000000081e00000| Complete 
|  31|0x0000000081f00000, 0x0000000082000000, 0x0000000082000000|100%| O|  |TAMS 0x0000000082000000, 0x0000000081f00000| Untracked 
|  32|0x0000000082000000, 0x0000000082100000, 0x0000000082100000|100%| O|  |TAMS 0x0000000082100000, 0x0000000082000000| Untracked 
|  33|0x0000000082100000, 0x0000000082200000, 0x0000000082200000|100%|HS|  |TAMS 0x0000000082200000, 0x0000000082100000| Complete 
|  34|0x0000000082200000, 0x0000000082300000, 0x0000000082300000|100%| O|  |TAMS 0x0000000082300000, 0x0000000082200000| Untracked 
|  35|0x0000000082300000, 0x0000000082400000, 0x0000000082400000|100%|HS|  |TAMS 0x0000000082400000, 0x0000000082300000| Complete 
|  36|0x0000000082400000, 0x0000000082500000, 0x0000000082500000|100%|HC|  |TAMS 0x0000000082500000, 0x0000000082400000| Complete 
|  37|0x0000000082500000, 0x0000000082600000, 0x0000000082600000|100%| O|  |TAMS 0x0000000082600000, 0x0000000082500000| Untracked 
|  38|0x0000000082600000, 0x0000000082700000, 0x0000000082700000|100%| O|  |TAMS 0x0000000082700000, 0x0000000082600000| Untracked 
|  39|0x0000000082700000, 0x0000000082800000, 0x0000000082800000|100%| O|  |TAMS 0x0000000082800000, 0x0000000082700000| Untracked 
|  40|0x0000000082800000, 0x0000000082900000, 0x0000000082900000|100%| O|  |TAMS 0x0000000082900000, 0x0000000082800000| Untracked 
|  41|0x0000000082900000, 0x0000000082a00000, 0x0000000082a00000|100%|HS|  |TAMS 0x0000000082a00000, 0x0000000082900000| Complete 
|  42|0x0000000082a00000, 0x0000000082b00000, 0x0000000082b00000|100%|HC|  |TAMS 0x0000000082b00000, 0x0000000082a00000| Complete 
|  43|0x0000000082b00000, 0x0000000082c00000, 0x0000000082c00000|100%|HC|  |TAMS 0x0000000082c00000, 0x0000000082b00000| Complete 
|  44|0x0000000082c00000, 0x0000000082d00000, 0x0000000082d00000|100%|HC|  |TAMS 0x0000000082d00000, 0x0000000082c00000| Complete 
|  45|0x0000000082d00000, 0x0000000082e00000, 0x0000000082e00000|100%| O|  |TAMS 0x0000000082e00000, 0x0000000082d00000| Untracked 
|  46|0x0000000082e00000, 0x0000000082f00000, 0x0000000082f00000|100%| O|  |TAMS 0x0000000082f00000, 0x0000000082e00000| Untracked 
|  47|0x0000000082f00000, 0x0000000083000000, 0x0000000083000000|100%| O|  |TAMS 0x0000000083000000, 0x0000000082f00000| Untracked 
|  48|0x0000000083000000, 0x0000000083100000, 0x0000000083100000|100%| O|  |TAMS 0x0000000083100000, 0x0000000083000000| Untracked 
|  49|0x0000000083100000, 0x0000000083200000, 0x0000000083200000|100%| O|  |TAMS 0x0000000083200000, 0x0000000083100000| Untracked 
|  50|0x0000000083200000, 0x0000000083300000, 0x0000000083300000|100%| O|  |TAMS 0x0000000083300000, 0x0000000083200000| Untracked 
|  51|0x0000000083300000, 0x0000000083400000, 0x0000000083400000|100%| O|  |TAMS 0x0000000083400000, 0x0000000083300000| Untracked 
|  52|0x0000000083400000, 0x0000000083500000, 0x0000000083500000|100%| O|  |TAMS 0x0000000083500000, 0x0000000083400000| Untracked 
|  53|0x0000000083500000, 0x0000000083600000, 0x0000000083600000|100%| O|  |TAMS 0x0000000083600000, 0x0000000083500000| Untracked 
|  54|0x0000000083600000, 0x0000000083700000, 0x0000000083700000|100%| O|  |TAMS 0x0000000083700000, 0x0000000083600000| Untracked 
|  55|0x0000000083700000, 0x0000000083800000, 0x0000000083800000|100%| O|  |TAMS 0x0000000083800000, 0x0000000083700000| Untracked 
|  56|0x0000000083800000, 0x0000000083900000, 0x0000000083900000|100%| O|  |TAMS 0x0000000083900000, 0x0000000083800000| Untracked 
|  57|0x0000000083900000, 0x0000000083a00000, 0x0000000083a00000|100%| O|  |TAMS 0x0000000083933e00, 0x0000000083900000| Untracked 
|  58|0x0000000083a00000, 0x0000000083b00000, 0x0000000083b00000|100%| O|  |TAMS 0x0000000083a00000, 0x0000000083a00000| Untracked 
|  59|0x0000000083b00000, 0x0000000083c00000, 0x0000000083c00000|100%| O|  |TAMS 0x0000000083b00000, 0x0000000083b00000| Untracked 
|  60|0x0000000083c00000, 0x0000000083c18c00, 0x0000000083d00000|  9%| O|  |TAMS 0x0000000083c00000, 0x0000000083c00000| Untracked 
|  61|0x0000000083d00000, 0x0000000083d00000, 0x0000000083e00000|  0%| F|  |TAMS 0x0000000083d00000, 0x0000000083d00000| Untracked 
|  62|0x0000000083e00000, 0x0000000083e00000, 0x0000000083f00000|  0%| F|  |TAMS 0x0000000083e00000, 0x0000000083e00000| Untracked 
|  63|0x0000000083f00000, 0x0000000083f00000, 0x0000000084000000|  0%| F|  |TAMS 0x0000000083f00000, 0x0000000083f00000| Untracked 
|  64|0x0000000084000000, 0x0000000084000000, 0x0000000084100000|  0%| F|  |TAMS 0x0000000084000000, 0x0000000084000000| Untracked 
|  65|0x0000000084100000, 0x0000000084100000, 0x0000000084200000|  0%| F|  |TAMS 0x0000000084100000, 0x0000000084100000| Untracked 
|  66|0x0000000084200000, 0x0000000084200000, 0x0000000084300000|  0%| F|  |TAMS 0x0000000084200000, 0x0000000084200000| Untracked 
|  67|0x0000000084300000, 0x0000000084300000, 0x0000000084400000|  0%| F|  |TAMS 0x0000000084300000, 0x0000000084300000| Untracked 
|  68|0x0000000084400000, 0x0000000084400000, 0x0000000084500000|  0%| F|  |TAMS 0x0000000084400000, 0x0000000084400000| Untracked 
|  69|0x0000000084500000, 0x0000000084500000, 0x0000000084600000|  0%| F|  |TAMS 0x0000000084500000, 0x0000000084500000| Untracked 
|  70|0x0000000084600000, 0x0000000084600000, 0x0000000084700000|  0%| F|  |TAMS 0x0000000084600000, 0x0000000084600000| Untracked 
|  71|0x0000000084700000, 0x0000000084700000, 0x0000000084800000|  0%| F|  |TAMS 0x0000000084700000, 0x0000000084700000| Untracked 
|  72|0x0000000084800000, 0x0000000084800000, 0x0000000084900000|  0%| F|  |TAMS 0x0000000084800000, 0x0000000084800000| Untracked 
|  73|0x0000000084900000, 0x0000000084900000, 0x0000000084a00000|  0%| F|  |TAMS 0x0000000084900000, 0x0000000084900000| Untracked 
|  74|0x0000000084a00000, 0x0000000084a00000, 0x0000000084b00000|  0%| F|  |TAMS 0x0000000084a00000, 0x0000000084a00000| Untracked 
|  75|0x0000000084b00000, 0x0000000084b00000, 0x0000000084c00000|  0%| F|  |TAMS 0x0000000084b00000, 0x0000000084b00000| Untracked 
|  76|0x0000000084c00000, 0x0000000084c00000, 0x0000000084d00000|  0%| F|  |TAMS 0x0000000084c00000, 0x0000000084c00000| Untracked 
|  77|0x0000000084d00000, 0x0000000084d00000, 0x0000000084e00000|  0%| F|  |TAMS 0x0000000084d00000, 0x0000000084d00000| Untracked 
|  78|0x0000000084e00000, 0x0000000084e00000, 0x0000000084f00000|  0%| F|  |TAMS 0x0000000084e00000, 0x0000000084e00000| Untracked 
|  79|0x0000000084f00000, 0x0000000084f00000, 0x0000000085000000|  0%| F|  |TAMS 0x0000000084f00000, 0x0000000084f00000| Untracked 
|  80|0x0000000085000000, 0x0000000085000000, 0x0000000085100000|  0%| F|  |TAMS 0x0000000085000000, 0x0000000085000000| Untracked 
|  81|0x0000000085100000, 0x0000000085100000, 0x0000000085200000|  0%| F|  |TAMS 0x0000000085100000, 0x0000000085100000| Untracked 
|  82|0x0000000085200000, 0x0000000085200000, 0x0000000085300000|  0%| F|  |TAMS 0x0000000085200000, 0x0000000085200000| Untracked 
|  83|0x0000000085300000, 0x0000000085300000, 0x0000000085400000|  0%| F|  |TAMS 0x0000000085300000, 0x0000000085300000| Untracked 
|  84|0x0000000085400000, 0x0000000085400000, 0x0000000085500000|  0%| F|  |TAMS 0x0000000085400000, 0x0000000085400000| Untracked 
|  85|0x0000000085500000, 0x0000000085500000, 0x0000000085600000|  0%| F|  |TAMS 0x0000000085500000, 0x0000000085500000| Untracked 
|  86|0x0000000085600000, 0x0000000085600000, 0x0000000085700000|  0%| F|  |TAMS 0x0000000085600000, 0x0000000085600000| Untracked 
|  87|0x0000000085700000, 0x0000000085700000, 0x0000000085800000|  0%| F|  |TAMS 0x0000000085700000, 0x0000000085700000| Untracked 
|  88|0x0000000085800000, 0x0000000085800000, 0x0000000085900000|  0%| F|  |TAMS 0x0000000085800000, 0x0000000085800000| Untracked 
|  89|0x0000000085900000, 0x0000000085900000, 0x0000000085a00000|  0%| F|  |TAMS 0x0000000085900000, 0x0000000085900000| Untracked 
|  90|0x0000000085a00000, 0x0000000085a00000, 0x0000000085b00000|  0%| F|  |TAMS 0x0000000085a00000, 0x0000000085a00000| Untracked 
|  91|0x0000000085b00000, 0x0000000085b00000, 0x0000000085c00000|  0%| F|  |TAMS 0x0000000085b00000, 0x0000000085b00000| Untracked 
|  92|0x0000000085c00000, 0x0000000085c00000, 0x0000000085d00000|  0%| F|  |TAMS 0x0000000085c00000, 0x0000000085c00000| Untracked 
|  93|0x0000000085d00000, 0x0000000085d00000, 0x0000000085e00000|  0%| F|  |TAMS 0x0000000085d00000, 0x0000000085d00000| Untracked 
|  94|0x0000000085e00000, 0x0000000085e00000, 0x0000000085f00000|  0%| F|  |TAMS 0x0000000085e00000, 0x0000000085e00000| Untracked 
|  95|0x0000000085f00000, 0x0000000085f00000, 0x0000000086000000|  0%| F|  |TAMS 0x0000000085f00000, 0x0000000085f00000| Untracked 
|  96|0x0000000086000000, 0x0000000086000000, 0x0000000086100000|  0%| F|  |TAMS 0x0000000086000000, 0x0000000086000000| Untracked 
|  97|0x0000000086100000, 0x0000000086100000, 0x0000000086200000|  0%| F|  |TAMS 0x0000000086100000, 0x0000000086100000| Untracked 
|  98|0x0000000086200000, 0x0000000086200000, 0x0000000086300000|  0%| F|  |TAMS 0x0000000086200000, 0x0000000086200000| Untracked 
|  99|0x0000000086300000, 0x0000000086300000, 0x0000000086400000|  0%| F|  |TAMS 0x0000000086300000, 0x0000000086300000| Untracked 
| 100|0x0000000086400000, 0x0000000086400000, 0x0000000086500000|  0%| F|  |TAMS 0x0000000086400000, 0x0000000086400000| Untracked 
| 101|0x0000000086500000, 0x0000000086500000, 0x0000000086600000|  0%| F|  |TAMS 0x0000000086500000, 0x0000000086500000| Untracked 
| 102|0x0000000086600000, 0x0000000086600000, 0x0000000086700000|  0%| F|  |TAMS 0x0000000086600000, 0x0000000086600000| Untracked 
| 103|0x0000000086700000, 0x0000000086700000, 0x0000000086800000|  0%| F|  |TAMS 0x0000000086700000, 0x0000000086700000| Untracked 
| 104|0x0000000086800000, 0x0000000086800000, 0x0000000086900000|  0%| F|  |TAMS 0x0000000086800000, 0x0000000086800000| Untracked 
| 105|0x0000000086900000, 0x0000000086900000, 0x0000000086a00000|  0%| F|  |TAMS 0x0000000086900000, 0x0000000086900000| Untracked 
| 106|0x0000000086a00000, 0x0000000086a00000, 0x0000000086b00000|  0%| F|  |TAMS 0x0000000086a00000, 0x0000000086a00000| Untracked 
| 107|0x0000000086b00000, 0x0000000086b00000, 0x0000000086c00000|  0%| F|  |TAMS 0x0000000086b00000, 0x0000000086b00000| Untracked 
| 108|0x0000000086c00000, 0x0000000086c00000, 0x0000000086d00000|  0%| F|  |TAMS 0x0000000086c00000, 0x0000000086c00000| Untracked 
| 109|0x0000000086d00000, 0x0000000086d00000, 0x0000000086e00000|  0%| F|  |TAMS 0x0000000086d00000, 0x0000000086d00000| Untracked 
| 110|0x0000000086e00000, 0x0000000086e00000, 0x0000000086f00000|  0%| F|  |TAMS 0x0000000086e00000, 0x0000000086e00000| Untracked 
| 111|0x0000000086f00000, 0x0000000086f00000, 0x0000000087000000|  0%| F|  |TAMS 0x0000000086f00000, 0x0000000086f00000| Untracked 
| 112|0x0000000087000000, 0x0000000087000000, 0x0000000087100000|  0%| F|  |TAMS 0x0000000087000000, 0x0000000087000000| Untracked 
| 113|0x0000000087100000, 0x0000000087100000, 0x0000000087200000|  0%| F|  |TAMS 0x0000000087100000, 0x0000000087100000| Untracked 
| 114|0x0000000087200000, 0x0000000087200000, 0x0000000087300000|  0%| F|  |TAMS 0x0000000087200000, 0x0000000087200000| Untracked 
| 115|0x0000000087300000, 0x0000000087300000, 0x0000000087400000|  0%| F|  |TAMS 0x0000000087300000, 0x0000000087300000| Untracked 
| 116|0x0000000087400000, 0x0000000087400000, 0x0000000087500000|  0%| F|  |TAMS 0x0000000087400000, 0x0000000087400000| Untracked 
| 117|0x0000000087500000, 0x0000000087500000, 0x0000000087600000|  0%| F|  |TAMS 0x0000000087500000, 0x0000000087500000| Untracked 
| 118|0x0000000087600000, 0x0000000087600000, 0x0000000087700000|  0%| F|  |TAMS 0x0000000087600000, 0x0000000087600000| Untracked 
| 119|0x0000000087700000, 0x0000000087700000, 0x0000000087800000|  0%| F|  |TAMS 0x0000000087700000, 0x0000000087700000| Untracked 
| 120|0x0000000087800000, 0x0000000087800000, 0x0000000087900000|  0%| F|  |TAMS 0x0000000087800000, 0x0000000087800000| Untracked 
| 121|0x0000000087900000, 0x0000000087900000, 0x0000000087a00000|  0%| F|  |TAMS 0x0000000087900000, 0x0000000087900000| Untracked 
| 122|0x0000000087a00000, 0x0000000087a00000, 0x0000000087b00000|  0%| F|  |TAMS 0x0000000087a00000, 0x0000000087a00000| Untracked 
| 123|0x0000000087b00000, 0x0000000087b00000, 0x0000000087c00000|  0%| F|  |TAMS 0x0000000087b00000, 0x0000000087b00000| Untracked 
| 124|0x0000000087c00000, 0x0000000087c00000, 0x0000000087d00000|  0%| F|  |TAMS 0x0000000087c00000, 0x0000000087c00000| Untracked 
| 125|0x0000000087d00000, 0x0000000087d00000, 0x0000000087e00000|  0%| F|  |TAMS 0x0000000087d00000, 0x0000000087d00000| Untracked 
| 126|0x0000000087e00000, 0x0000000087e00000, 0x0000000087f00000|  0%| F|  |TAMS 0x0000000087e00000, 0x0000000087e00000| Untracked 
| 127|0x0000000087f00000, 0x0000000087f00000, 0x0000000088000000|  0%| F|  |TAMS 0x0000000087f00000, 0x0000000087f00000| Untracked 
| 128|0x0000000088000000, 0x0000000088000000, 0x0000000088100000|  0%| F|  |TAMS 0x0000000088000000, 0x0000000088000000| Untracked 
| 129|0x0000000088100000, 0x0000000088100000, 0x0000000088200000|  0%| F|  |TAMS 0x0000000088100000, 0x0000000088100000| Untracked 
| 130|0x0000000088200000, 0x0000000088200000, 0x0000000088300000|  0%| F|  |TAMS 0x0000000088200000, 0x0000000088200000| Untracked 
| 131|0x0000000088300000, 0x0000000088300000, 0x0000000088400000|  0%| F|  |TAMS 0x0000000088300000, 0x0000000088300000| Untracked 
| 132|0x0000000088400000, 0x0000000088400000, 0x0000000088500000|  0%| F|  |TAMS 0x0000000088400000, 0x0000000088400000| Untracked 
| 133|0x0000000088500000, 0x0000000088500000, 0x0000000088600000|  0%| F|  |TAMS 0x0000000088500000, 0x0000000088500000| Untracked 
| 134|0x0000000088600000, 0x0000000088600000, 0x0000000088700000|  0%| F|  |TAMS 0x0000000088600000, 0x0000000088600000| Untracked 
| 135|0x0000000088700000, 0x0000000088700000, 0x0000000088800000|  0%| F|  |TAMS 0x0000000088700000, 0x0000000088700000| Untracked 
| 136|0x0000000088800000, 0x0000000088800000, 0x0000000088900000|  0%| F|  |TAMS 0x0000000088800000, 0x0000000088800000| Untracked 
| 137|0x0000000088900000, 0x0000000088900000, 0x0000000088a00000|  0%| F|  |TAMS 0x0000000088900000, 0x0000000088900000| Untracked 
| 138|0x0000000088a00000, 0x0000000088a00000, 0x0000000088b00000|  0%| F|  |TAMS 0x0000000088a00000, 0x0000000088a00000| Untracked 
| 139|0x0000000088b00000, 0x0000000088b00000, 0x0000000088c00000|  0%| F|  |TAMS 0x0000000088b00000, 0x0000000088b00000| Untracked 
| 140|0x0000000088c00000, 0x0000000088c00000, 0x0000000088d00000|  0%| F|  |TAMS 0x0000000088c00000, 0x0000000088c00000| Untracked 
| 141|0x0000000088d00000, 0x0000000088d00000, 0x0000000088e00000|  0%| F|  |TAMS 0x0000000088d00000, 0x0000000088d00000| Untracked 
| 142|0x0000000088e00000, 0x0000000088e00000, 0x0000000088f00000|  0%| F|  |TAMS 0x0000000088e00000, 0x0000000088e00000| Untracked 
| 143|0x0000000088f00000, 0x0000000088f00000, 0x0000000089000000|  0%| F|  |TAMS 0x0000000088f00000, 0x0000000088f00000| Untracked 
| 144|0x0000000089000000, 0x0000000089000000, 0x0000000089100000|  0%| F|  |TAMS 0x0000000089000000, 0x0000000089000000| Untracked 
| 145|0x0000000089100000, 0x0000000089100000, 0x0000000089200000|  0%| F|  |TAMS 0x0000000089100000, 0x0000000089100000| Untracked 
| 146|0x0000000089200000, 0x0000000089200000, 0x0000000089300000|  0%| F|  |TAMS 0x0000000089200000, 0x0000000089200000| Untracked 
| 147|0x0000000089300000, 0x0000000089300000, 0x0000000089400000|  0%| F|  |TAMS 0x0000000089300000, 0x0000000089300000| Untracked 
| 148|0x0000000089400000, 0x0000000089400000, 0x0000000089500000|  0%| F|  |TAMS 0x0000000089400000, 0x0000000089400000| Untracked 
| 149|0x0000000089500000, 0x0000000089500000, 0x0000000089600000|  0%| F|  |TAMS 0x0000000089500000, 0x0000000089500000| Untracked 
| 150|0x0000000089600000, 0x0000000089600000, 0x0000000089700000|  0%| F|  |TAMS 0x0000000089600000, 0x0000000089600000| Untracked 
| 151|0x0000000089700000, 0x0000000089700000, 0x0000000089800000|  0%| F|  |TAMS 0x0000000089700000, 0x0000000089700000| Untracked 
| 152|0x0000000089800000, 0x0000000089800000, 0x0000000089900000|  0%| F|  |TAMS 0x0000000089800000, 0x0000000089800000| Untracked 
| 153|0x0000000089900000, 0x0000000089900000, 0x0000000089a00000|  0%| F|  |TAMS 0x0000000089900000, 0x0000000089900000| Untracked 
| 154|0x0000000089a00000, 0x0000000089a00000, 0x0000000089b00000|  0%| F|  |TAMS 0x0000000089a00000, 0x0000000089a00000| Untracked 
| 155|0x0000000089b00000, 0x0000000089b00000, 0x0000000089c00000|  0%| F|  |TAMS 0x0000000089b00000, 0x0000000089b00000| Untracked 
| 156|0x0000000089c00000, 0x0000000089c00000, 0x0000000089d00000|  0%| F|  |TAMS 0x0000000089c00000, 0x0000000089c00000| Untracked 
| 157|0x0000000089d00000, 0x0000000089d00000, 0x0000000089e00000|  0%| F|  |TAMS 0x0000000089d00000, 0x0000000089d00000| Untracked 
| 158|0x0000000089e00000, 0x0000000089e00000, 0x0000000089f00000|  0%| F|  |TAMS 0x0000000089e00000, 0x0000000089e00000| Untracked 
| 159|0x0000000089f00000, 0x0000000089f00000, 0x000000008a000000|  0%| F|  |TAMS 0x0000000089f00000, 0x0000000089f00000| Untracked 
| 160|0x000000008a000000, 0x000000008a000000, 0x000000008a100000|  0%| F|  |TAMS 0x000000008a000000, 0x000000008a000000| Untracked 
| 161|0x000000008a100000, 0x000000008a100000, 0x000000008a200000|  0%| F|  |TAMS 0x000000008a100000, 0x000000008a100000| Untracked 
| 162|0x000000008a200000, 0x000000008a200000, 0x000000008a300000|  0%| F|  |TAMS 0x000000008a200000, 0x000000008a200000| Untracked 
| 163|0x000000008a300000, 0x000000008a300000, 0x000000008a400000|  0%| F|  |TAMS 0x000000008a300000, 0x000000008a300000| Untracked 
| 164|0x000000008a400000, 0x000000008a400000, 0x000000008a500000|  0%| F|  |TAMS 0x000000008a400000, 0x000000008a400000| Untracked 
| 165|0x000000008a500000, 0x000000008a500000, 0x000000008a600000|  0%| F|  |TAMS 0x000000008a500000, 0x000000008a500000| Untracked 
| 166|0x000000008a600000, 0x000000008a600000, 0x000000008a700000|  0%| F|  |TAMS 0x000000008a600000, 0x000000008a600000| Untracked 
| 167|0x000000008a700000, 0x000000008a700000, 0x000000008a800000|  0%| F|  |TAMS 0x000000008a700000, 0x000000008a700000| Untracked 
| 168|0x000000008a800000, 0x000000008a800000, 0x000000008a900000|  0%| F|  |TAMS 0x000000008a800000, 0x000000008a800000| Untracked 
| 169|0x000000008a900000, 0x000000008a900000, 0x000000008aa00000|  0%| F|  |TAMS 0x000000008a900000, 0x000000008a900000| Untracked 
| 170|0x000000008aa00000, 0x000000008aa00000, 0x000000008ab00000|  0%| F|  |TAMS 0x000000008aa00000, 0x000000008aa00000| Untracked 
| 171|0x000000008ab00000, 0x000000008ab00000, 0x000000008ac00000|  0%| F|  |TAMS 0x000000008ab00000, 0x000000008ab00000| Untracked 
| 172|0x000000008ac00000, 0x000000008ac00000, 0x000000008ad00000|  0%| F|  |TAMS 0x000000008ac00000, 0x000000008ac00000| Untracked 
| 173|0x000000008ad00000, 0x000000008ad00000, 0x000000008ae00000|  0%| F|  |TAMS 0x000000008ad00000, 0x000000008ad00000| Untracked 
| 174|0x000000008ae00000, 0x000000008ae00000, 0x000000008af00000|  0%| F|  |TAMS 0x000000008ae00000, 0x000000008ae00000| Untracked 
| 175|0x000000008af00000, 0x000000008af00000, 0x000000008b000000|  0%| F|  |TAMS 0x000000008af00000, 0x000000008af00000| Untracked 
| 176|0x000000008b000000, 0x000000008b000000, 0x000000008b100000|  0%| F|  |TAMS 0x000000008b000000, 0x000000008b000000| Untracked 
| 177|0x000000008b100000, 0x000000008b100000, 0x000000008b200000|  0%| F|  |TAMS 0x000000008b100000, 0x000000008b100000| Untracked 
| 178|0x000000008b200000, 0x000000008b200000, 0x000000008b300000|  0%| F|  |TAMS 0x000000008b200000, 0x000000008b200000| Untracked 
| 179|0x000000008b300000, 0x000000008b300000, 0x000000008b400000|  0%| F|  |TAMS 0x000000008b300000, 0x000000008b300000| Untracked 
| 180|0x000000008b400000, 0x000000008b400000, 0x000000008b500000|  0%| F|  |TAMS 0x000000008b400000, 0x000000008b400000| Untracked 
| 181|0x000000008b500000, 0x000000008b500000, 0x000000008b600000|  0%| F|  |TAMS 0x000000008b500000, 0x000000008b500000| Untracked 
| 182|0x000000008b600000, 0x000000008b600000, 0x000000008b700000|  0%| F|  |TAMS 0x000000008b600000, 0x000000008b600000| Untracked 
| 183|0x000000008b700000, 0x000000008b700000, 0x000000008b800000|  0%| F|  |TAMS 0x000000008b700000, 0x000000008b700000| Untracked 
| 184|0x000000008b800000, 0x000000008b800000, 0x000000008b900000|  0%| F|  |TAMS 0x000000008b800000, 0x000000008b800000| Untracked 
| 185|0x000000008b900000, 0x000000008b900000, 0x000000008ba00000|  0%| F|  |TAMS 0x000000008b900000, 0x000000008b900000| Untracked 
| 186|0x000000008ba00000, 0x000000008ba00000, 0x000000008bb00000|  0%| F|  |TAMS 0x000000008ba00000, 0x000000008ba00000| Untracked 
| 187|0x000000008bb00000, 0x000000008bb00000, 0x000000008bc00000|  0%| F|  |TAMS 0x000000008bb00000, 0x000000008bb00000| Untracked 
| 188|0x000000008bc00000, 0x000000008bc00000, 0x000000008bd00000|  0%| F|  |TAMS 0x000000008bc00000, 0x000000008bc00000| Untracked 
| 189|0x000000008bd00000, 0x000000008bd00000, 0x000000008be00000|  0%| F|  |TAMS 0x000000008bd00000, 0x000000008bd00000| Untracked 
| 190|0x000000008be00000, 0x000000008be00000, 0x000000008bf00000|  0%| F|  |TAMS 0x000000008be00000, 0x000000008be00000| Untracked 
| 191|0x000000008bf00000, 0x000000008bf00000, 0x000000008c000000|  0%| F|  |TAMS 0x000000008bf00000, 0x000000008bf00000| Untracked 
| 192|0x000000008c000000, 0x000000008c000000, 0x000000008c100000|  0%| F|  |TAMS 0x000000008c000000, 0x000000008c000000| Untracked 
| 193|0x000000008c100000, 0x000000008c100000, 0x000000008c200000|  0%| F|  |TAMS 0x000000008c100000, 0x000000008c100000| Untracked 
| 194|0x000000008c200000, 0x000000008c200000, 0x000000008c300000|  0%| F|  |TAMS 0x000000008c200000, 0x000000008c200000| Untracked 
| 195|0x000000008c300000, 0x000000008c300000, 0x000000008c400000|  0%| F|  |TAMS 0x000000008c300000, 0x000000008c300000| Untracked 
| 196|0x000000008c400000, 0x000000008c400000, 0x000000008c500000|  0%| F|  |TAMS 0x000000008c400000, 0x000000008c400000| Untracked 
| 197|0x000000008c500000, 0x000000008c500000, 0x000000008c600000|  0%| F|  |TAMS 0x000000008c500000, 0x000000008c500000| Untracked 
| 198|0x000000008c600000, 0x000000008c6a0500, 0x000000008c700000| 62%| S|CS|TAMS 0x000000008c600000, 0x000000008c600000| Complete 
| 249|0x000000008f900000, 0x000000008f900000, 0x000000008fa00000|  0%| F|  |TAMS 0x000000008f900000, 0x000000008f900000| Untracked 

Card table byte_map: [0x000001e21ec90000,0x000001e21f090000] _byte_map_base: 0x000001e21e890000

Marking Bits (Prev, Next): (CMBitMap*) 0x000001e20c0f6840, (CMBitMap*) 0x000001e20c0f6880
 Prev Bits: [0x000001e21f490000, 0x000001e221490000)
 Next Bits: [0x000001e221490000, 0x000001e223490000)

Polling page: 0x000001e20b860000

Metaspace:

Usage:
  Non-class:     57.92 MB used.
      Class:      8.77 MB used.
       Both:     66.70 MB used.

Virtual space:
  Non-class space:       64.00 MB reserved,      58.19 MB ( 91%) committed,  8 nodes.
      Class space:        1.00 GB reserved,       9.00 MB ( <1%) committed,  1 nodes.
             Both:        1.06 GB reserved,      67.19 MB (  6%) committed. 

Chunk freelists:
   Non-Class:  1.28 MB
       Class:  3.02 MB
        Both:  4.30 MB

MaxMetaspaceSize: unlimited
CompressedClassSpaceSize: 1.00 GB
Initial GC threshold: 21.00 MB
Current GC threshold: 107.31 MB
CDS: off
MetaspaceReclaimPolicy: balanced
 - commit_granule_bytes: 65536.
 - commit_granule_words: 8192.
 - virtual_space_node_default_size: 1048576.
 - enlarge_chunks_in_place: 1.
 - new_chunks_are_fully_committed: 0.
 - uncommit_free_chunks: 1.
 - use_allocation_guard: 0.
 - handle_deallocations: 1.


Internal statistics:

num_allocs_failed_limit: 6.
num_arena_births: 600.
num_arena_deaths: 0.
num_vsnodes_births: 9.
num_vsnodes_deaths: 0.
num_space_committed: 1075.
num_space_uncommitted: 0.
num_chunks_returned_to_freelist: 6.
num_chunks_taken_from_freelist: 2862.
num_chunk_merges: 3.
num_chunk_splits: 1900.
num_chunks_enlarged: 1308.
num_purges: 0.
num_inconsistent_stats: 0.

CodeHeap 'non-profiled nmethods': size=120000Kb used=3974Kb max_used=3974Kb free=116025Kb
 bounds [0x000001e217030000, 0x000001e217420000, 0x000001e21e560000]
CodeHeap 'profiled nmethods': size=120000Kb used=12224Kb max_used=12224Kb free=107775Kb
 bounds [0x000001e20f560000, 0x000001e210160000, 0x000001e216a90000]
CodeHeap 'non-nmethods': size=5760Kb used=2365Kb max_used=2409Kb free=3395Kb
 bounds [0x000001e216a90000, 0x000001e216d00000, 0x000001e217030000]
 total_blobs=7322 nmethods=6441 adapters=793
 compilation: enabled
              stopped_count=0, restarted_count=0
 full_count=0

Compilation events (20 events):
Event: 11.989 Thread 0x000001e229f4e9c0 nmethod 7295 0x000001e21740f990 code [0x000001e21740fb60, 0x000001e217410878]
Event: 11.996 Thread 0x000001e2268927b0 7308       3       groovy.lang.MetaClassImpl::addFields (41 bytes)
Event: 11.997 Thread 0x000001e226b49e30 7310       4       groovy.lang.MetaClassImpl::filterPropertyMethod (305 bytes)
Event: 11.998 Thread 0x000001e2268927b0 nmethod 7308 0x000001e21014d710 code [0x000001e21014d900, 0x000001e21014dff8]
Event: 11.998 Thread 0x000001e2268927b0 7309       3       org.codehaus.groovy.reflection.CachedClass::getFields (11 bytes)
Event: 11.998 Thread 0x000001e2268927b0 nmethod 7309 0x000001e21014e310 code [0x000001e21014e4c0, 0x000001e21014e768]
Event: 11.998 Thread 0x000001e2268927b0 7311       3       groovy.lang.MetaClassImpl$Index::put (10 bytes)
Event: 11.999 Thread 0x000001e2268927b0 nmethod 7311 0x000001e21014e890 code [0x000001e21014ea40, 0x000001e21014ec68]
Event: 11.999 Thread 0x000001e2268927b0 7312       3       groovy.lang.GroovySystem::getMetaClassRegistry (4 bytes)
Event: 11.999 Thread 0x000001e2268927b0 nmethod 7312 0x000001e20ffb0510 code [0x000001e20ffb06a0, 0x000001e20ffb0798]
Event: 12.000 Thread 0x000001e2268927b0 7313       3       java.lang.reflect.Constructor::isSynthetic (5 bytes)
Event: 12.000 Thread 0x000001e2268927b0 nmethod 7313 0x000001e21014ed90 code [0x000001e21014ef40, 0x000001e21014f178]
Event: 12.015 Thread 0x000001e2268927b0 7314       3       java.lang.Character::toTitleCase (6 bytes)
Event: 12.016 Thread 0x000001e2268927b0 nmethod 7314 0x000001e21014f290 code [0x000001e21014f440, 0x000001e21014f698]
Event: 12.016 Thread 0x000001e2268927b0 7315       3       java.lang.Character::toTitleCase (9 bytes)
Event: 12.016 Thread 0x000001e2268927b0 nmethod 7315 0x000001e21014f790 code [0x000001e21014f940, 0x000001e21014fb38]
Event: 12.023 Thread 0x000001e229f4e9c0 7316       4       org.codehaus.groovy.runtime.metaclass.MetaMethodIndex::copyNonPrivateMethods (149 bytes)
Event: 12.026 Thread 0x000001e2268927b0 7317       3       org.gradle.api.internal.project.DefaultProject::getExtensions (5 bytes)
Event: 12.026 Thread 0x000001e2268927b0 nmethod 7317 0x000001e21014fc10 code [0x000001e21014fdc0, 0x000001e210150218]
Event: 12.031 Thread 0x000001e226b49e30 nmethod 7310 0x000001e217410e10 code [0x000001e217411020, 0x000001e217411640]

GC Heap History (20 events):
Event: 7.601 GC heap after
{Heap after GC invocations=15 (full 0):
 garbage-first heap   total 82944K, used 44515K [0x0000000080000000, 0x0000000100000000)
  region size 1024K, 3 young (3072K), 3 survivors (3072K)
 Metaspace       used 51246K, committed 51648K, reserved 1097728K
  class space    used 6764K, committed 6912K, reserved 1048576K
}
Event: 7.841 GC heap before
{Heap before GC invocations=16 (full 0):
 garbage-first heap   total 89088K, used 66019K [0x0000000080000000, 0x0000000100000000)
  region size 1024K, 20 young (20480K), 3 survivors (3072K)
 Metaspace       used 53036K, committed 53504K, reserved 1097728K
  class space    used 7020K, committed 7232K, reserved 1048576K
}
Event: 7.843 GC heap after
{Heap after GC invocations=17 (full 0):
 garbage-first heap   total 89088K, used 52351K [0x0000000080000000, 0x0000000100000000)
  region size 1024K, 3 young (3072K), 3 survivors (3072K)
 Metaspace       used 53036K, committed 53504K, reserved 1097728K
  class space    used 7020K, committed 7232K, reserved 1048576K
}
Event: 8.331 GC heap before
{Heap before GC invocations=17 (full 0):
 garbage-first heap   total 89088K, used 68735K [0x0000000080000000, 0x0000000100000000)
  region size 1024K, 19 young (19456K), 3 survivors (3072K)
 Metaspace       used 55546K, committed 56000K, reserved 1097728K
  class space    used 7328K, committed 7488K, reserved 1048576K
}
Event: 8.337 GC heap after
{Heap after GC invocations=18 (full 0):
 garbage-first heap   total 89088K, used 53080K [0x0000000080000000, 0x0000000100000000)
  region size 1024K, 1 young (1024K), 1 survivors (1024K)
 Metaspace       used 55546K, committed 56000K, reserved 1097728K
  class space    used 7328K, committed 7488K, reserved 1048576K
}
Event: 8.928 GC heap before
{Heap before GC invocations=19 (full 0):
 garbage-first heap   total 96256K, used 68440K [0x0000000080000000, 0x0000000100000000)
  region size 1024K, 16 young (16384K), 1 survivors (1024K)
 Metaspace       used 57781K, committed 58304K, reserved 1105920K
  class space    used 7630K, committed 7872K, reserved 1048576K
}
Event: 8.933 GC heap after
{Heap after GC invocations=20 (full 0):
 garbage-first heap   total 96256K, used 53457K [0x0000000080000000, 0x0000000100000000)
  region size 1024K, 2 young (2048K), 2 survivors (2048K)
 Metaspace       used 57781K, committed 58304K, reserved 1105920K
  class space    used 7630K, committed 7872K, reserved 1048576K
}
Event: 8.999 GC heap before
{Heap before GC invocations=20 (full 0):
 garbage-first heap   total 96256K, used 55505K [0x0000000080000000, 0x0000000100000000)
  region size 1024K, 4 young (4096K), 2 survivors (2048K)
 Metaspace       used 57999K, committed 58432K, reserved 1105920K
  class space    used 7664K, committed 7872K, reserved 1048576K
}
Event: 9.008 GC heap after
{Heap after GC invocations=21 (full 0):
 garbage-first heap   total 115712K, used 53053K [0x0000000080000000, 0x0000000100000000)
  region size 1024K, 1 young (1024K), 1 survivors (1024K)
 Metaspace       used 57999K, committed 58432K, reserved 1105920K
  class space    used 7664K, committed 7872K, reserved 1048576K
}
Event: 9.590 GC heap before
{Heap before GC invocations=21 (full 0):
 garbage-first heap   total 115712K, used 65341K [0x0000000080000000, 0x0000000100000000)
  region size 1024K, 14 young (14336K), 1 survivors (1024K)
 Metaspace       used 61371K, committed 61888K, reserved 1105920K
  class space    used 8089K, committed 8320K, reserved 1048576K
}
Event: 9.595 GC heap after
{Heap after GC invocations=22 (full 0):
 garbage-first heap   total 115712K, used 54787K [0x0000000080000000, 0x0000000100000000)
  region size 1024K, 2 young (2048K), 2 survivors (2048K)
 Metaspace       used 61371K, committed 61888K, reserved 1105920K
  class space    used 8089K, committed 8320K, reserved 1048576K
}
Event: 10.422 GC heap before
{Heap before GC invocations=23 (full 0):
 garbage-first heap   total 116736K, used 91651K [0x0000000080000000, 0x0000000100000000)
  region size 1024K, 32 young (32768K), 2 survivors (2048K)
 Metaspace       used 63493K, committed 64000K, reserved 1105920K
  class space    used 8372K, committed 8576K, reserved 1048576K
}
Event: 10.430 GC heap after
{Heap after GC invocations=24 (full 0):
 garbage-first heap   total 116736K, used 57538K [0x0000000080000000, 0x0000000100000000)
  region size 1024K, 4 young (4096K), 4 survivors (4096K)
 Metaspace       used 63493K, committed 64000K, reserved 1105920K
  class space    used 8372K, committed 8576K, reserved 1048576K
}
Event: 10.462 GC heap before
{Heap before GC invocations=24 (full 0):
 garbage-first heap   total 116736K, used 58562K [0x0000000080000000, 0x0000000100000000)
  region size 1024K, 5 young (5120K), 4 survivors (4096K)
 Metaspace       used 63577K, committed 64064K, reserved 1105920K
  class space    used 8382K, committed 8576K, reserved 1048576K
}
Event: 10.472 GC heap after
{Heap after GC invocations=25 (full 0):
 garbage-first heap   total 116736K, used 57737K [0x0000000080000000, 0x0000000100000000)
  region size 1024K, 1 young (1024K), 1 survivors (1024K)
 Metaspace       used 63577K, committed 64064K, reserved 1105920K
  class space    used 8382K, committed 8576K, reserved 1048576K
}
Event: 11.043 GC heap before
{Heap before GC invocations=25 (full 0):
 garbage-first heap   total 116736K, used 77193K [0x0000000080000000, 0x0000000100000000)
  region size 1024K, 21 young (21504K), 1 survivors (1024K)
 Metaspace       used 65075K, committed 65664K, reserved 1114112K
  class space    used 8551K, committed 8832K, reserved 1048576K
}
Event: 11.048 GC heap after
{Heap after GC invocations=26 (full 0):
 garbage-first heap   total 116736K, used 59292K [0x0000000080000000, 0x0000000100000000)
  region size 1024K, 3 young (3072K), 3 survivors (3072K)
 Metaspace       used 65075K, committed 65664K, reserved 1114112K
  class space    used 8551K, committed 8832K, reserved 1048576K
}
Event: 12.003 GC heap before
{Heap before GC invocations=27 (full 0):
 garbage-first heap   total 116736K, used 90012K [0x0000000080000000, 0x0000000100000000)
  region size 1024K, 32 young (32768K), 3 survivors (3072K)
 Metaspace       used 68252K, committed 68736K, reserved 1114112K
  class space    used 8977K, committed 9216K, reserved 1048576K
}
Event: 12.011 GC heap after
{Heap after GC invocations=28 (full 0):
 garbage-first heap   total 116736K, used 60619K [0x0000000080000000, 0x0000000100000000)
  region size 1024K, 4 young (4096K), 4 survivors (4096K)
 Metaspace       used 68252K, committed 68736K, reserved 1114112K
  class space    used 8977K, committed 9216K, reserved 1048576K
}
Event: 12.039 GC heap before
{Heap before GC invocations=28 (full 0):
 garbage-first heap   total 116736K, used 60619K [0x0000000080000000, 0x0000000100000000)
  region size 1024K, 5 young (5120K), 4 survivors (4096K)
 Metaspace       used 68296K, committed 68800K, reserved 1114112K
  class space    used 8984K, committed 9216K, reserved 1048576K
}

Dll operation events (2 events):
Event: 0.008 Loaded shared library C:\Program Files\Android\Android Studio\jbr\bin\java.dll
Event: 0.608 Loaded shared library C:\Program Files\Android\Android Studio\jbr\bin\verify.dll

Deoptimization events (20 events):
Event: 11.427 Thread 0x000001e22941a510 DEOPT PACKING pc=0x000001e20fb5c9ce sp=0x00000084da0f75b0
Event: 11.427 Thread 0x000001e22941a510 DEOPT UNPACKING pc=0x000001e216aeace3 sp=0x00000084da0f6a78 mode 0
Event: 11.427 Thread 0x000001e22941a510 DEOPT PACKING pc=0x000001e20fb61959 sp=0x00000084da0f7580
Event: 11.427 Thread 0x000001e22941a510 DEOPT UNPACKING pc=0x000001e216aeace3 sp=0x00000084da0f6a70 mode 0
Event: 11.433 Thread 0x000001e22941a510 DEOPT PACKING pc=0x000001e20fb5c9ce sp=0x00000084da0f75b0
Event: 11.433 Thread 0x000001e22941a510 DEOPT UNPACKING pc=0x000001e216aeace3 sp=0x00000084da0f6a78 mode 0
Event: 11.433 Thread 0x000001e22941a510 DEOPT PACKING pc=0x000001e20fb61959 sp=0x00000084da0f7580
Event: 11.433 Thread 0x000001e22941a510 DEOPT UNPACKING pc=0x000001e216aeace3 sp=0x00000084da0f6a70 mode 0
Event: 11.435 Thread 0x000001e22941a510 Uncommon trap: trap_request=0xffffff45 fr.pc=0x000001e2170f6304 relative=0x0000000000000564
Event: 11.435 Thread 0x000001e22941a510 Uncommon trap: reason=unstable_if action=reinterpret pc=0x000001e2170f6304 method=java.lang.String.replace(CC)Ljava/lang/String; @ 2 c2
Event: 11.435 Thread 0x000001e22941a510 DEOPT PACKING pc=0x000001e2170f6304 sp=0x00000084da0f7690
Event: 11.435 Thread 0x000001e22941a510 DEOPT UNPACKING pc=0x000001e216aea1a3 sp=0x00000084da0f7640 mode 2
Event: 11.444 Thread 0x000001e22941a510 Uncommon trap: trap_request=0xffffff45 fr.pc=0x000001e21738e168 relative=0x0000000000000c08
Event: 11.444 Thread 0x000001e22941a510 Uncommon trap: reason=unstable_if action=reinterpret pc=0x000001e21738e168 method=groovy.lang.MetaClassImpl.checkIfStdMethod(Lgroovy/lang/MetaMethod;)V @ 55 c2
Event: 11.444 Thread 0x000001e22941a510 DEOPT PACKING pc=0x000001e21738e168 sp=0x00000084da0f7380
Event: 11.444 Thread 0x000001e22941a510 DEOPT UNPACKING pc=0x000001e216aea1a3 sp=0x00000084da0f72f0 mode 2
Event: 11.710 Thread 0x000001e22941a510 Uncommon trap: trap_request=0xffffff45 fr.pc=0x000001e2171af070 relative=0x0000000000003e50
Event: 11.711 Thread 0x000001e22941a510 Uncommon trap: reason=unstable_if action=reinterpret pc=0x000001e2171af070 method=sun.net.www.protocol.jar.Handler.parseURL(Ljava/net/URL;Ljava/lang/String;II)V @ 116 c2
Event: 11.711 Thread 0x000001e22941a510 DEOPT PACKING pc=0x000001e2171af070 sp=0x00000084da0f78e0
Event: 11.711 Thread 0x000001e22941a510 DEOPT UNPACKING pc=0x000001e216aea1a3 sp=0x00000084da0f77e8 mode 2

Classes unloaded (0 events):
No events

Classes redefined (0 events):
No events

Internal exceptions (20 events):
Event: 11.452 Thread 0x000001e22941a510 Exception <a 'java/lang/ClassNotFoundException'{0x000000008661b530}: org/gradle/api/AntBuilderBeanInfo> (0x000000008661b530) 
thrown [s\src\hotspot\share\classfile\systemDictionary.cpp, line 256]
Event: 11.455 Thread 0x000001e22941a510 Exception <a 'java/lang/ClassNotFoundException'{0x00000000866848a0}: groovy/util/AntBuilderBeanInfo> (0x00000000866848a0) 
thrown [s\src\hotspot\share\classfile\systemDictionary.cpp, line 256]
Event: 11.458 Thread 0x000001e22941a510 Exception <a 'java/lang/ClassNotFoundException'{0x00000000866ee290}: groovy/util/BuilderSupportBeanInfo> (0x00000000866ee290) 
thrown [s\src\hotspot\share\classfile\systemDictionary.cpp, line 256]
Event: 11.460 Thread 0x000001e22941a510 Exception <a 'java/lang/ClassNotFoundException'{0x0000000086557e88}: groovy/util/BuilderSupportCustomizer> (0x0000000086557e88) 
thrown [s\src\hotspot\share\classfile\systemDictionary.cpp, line 256]
Event: 11.463 Thread 0x000001e22941a510 Exception <a 'java/lang/ClassNotFoundException'{0x00000000865c2f80}: groovy/util/AntBuilderCustomizer> (0x00000000865c2f80) 
thrown [s\src\hotspot\share\classfile\systemDictionary.cpp, line 256]
Event: 11.465 Thread 0x000001e22941a510 Exception <a 'java/lang/ClassNotFoundException'{0x00000000865dd198}: org/gradle/api/AntBuilderCustomizer> (0x00000000865dd198) 
thrown [s\src\hotspot\share\classfile\systemDictionary.cpp, line 256]
Event: 11.467 Thread 0x000001e22941a510 Exception <a 'java/lang/ClassNotFoundException'{0x00000000865fe240}: org/gradle/api/internal/project/ant/BasicAntBuilderCustomizer> (0x00000000865fe240) 
thrown [s\src\hotspot\share\classfile\systemDictionary.cpp, line 256]
Event: 11.470 Thread 0x000001e22941a510 Exception <a 'java/lang/ClassNotFoundException'{0x0000000086426f20}: org/gradle/api/internal/project/DefaultAntBuilderCustomizer> (0x0000000086426f20) 
thrown [s\src\hotspot\share\classfile\systemDictionary.cpp, line 256]
Event: 11.981 Thread 0x000001e22941a510 Exception <a 'java/lang/ClassNotFoundException'{0x0000000085217590}: org/jetbrains/kotlin/gradle/targets/js/npm/DefaultNpmDependencyExtensionBeanInfo> (0x0000000085217590) 
thrown [s\src\hotspot\share\classfile\systemDictionary.cpp, line 256]
Event: 11.982 Thread 0x000001e22941a510 Exception <a 'java/lang/ClassNotFoundException'{0x0000000085222c28}: org/jetbrains/kotlin/gradle/targets/js/npm/DefaultNpmDependencyExtensionCustomizer> (0x0000000085222c28) 
thrown [s\src\hotspot\share\classfile\systemDictionary.cpp, line 256]
Event: 11.992 Thread 0x000001e22941a510 Exception <a 'java/lang/ClassNotFoundException'{0x000000008528be18}: org/jetbrains/kotlin/gradle/targets/js/npm/NpmDependencyExtensionKt$defaultNpmDependencyDelegate$1BeanInfo> (0x000000008528be18) 
thrown [s\src\hotspot\share\classfile\systemDictionary.cpp, line 256]
Event: 11.993 Thread 0x000001e22941a510 Exception <a 'java/lang/ClassNotFoundException'{0x00000000852964e0}: org/jetbrains/kotlin/gradle/targets/js/npm/NpmDependencyExtensionDelegateBeanInfo> (0x00000000852964e0) 
thrown [s\src\hotspot\share\classfile\systemDictionary.cpp, line 256]
Event: 11.994 Thread 0x000001e22941a510 Exception <a 'java/lang/ClassNotFoundException'{0x00000000852a08c8}: org/jetbrains/kotlin/gradle/targets/js/npm/NpmDependencyExtensionDelegateCustomizer> (0x00000000852a08c8) 
thrown [s\src\hotspot\share\classfile\systemDictionary.cpp, line 256]
Event: 11.996 Thread 0x000001e22941a510 Exception <a 'java/lang/ClassNotFoundException'{0x00000000852c1a08}: org/jetbrains/kotlin/gradle/targets/js/npm/NpmDependencyExtensionKt$defaultNpmDependencyDelegate$1Customizer> (0x00000000852c1a08) 
thrown [s\src\hotspot\share\classfile\systemDictionary.cpp, line 256]
Event: 12.002 Thread 0x000001e22941a510 Exception <a 'java/lang/ClassNotFoundException'{0x00000000852f54e8}: org/jetbrains/kotlin/gradle/targets/js/npm/DefaultDevNpmDependencyExtensionBeanInfo> (0x00000000852f54e8) 
thrown [s\src\hotspot\share\classfile\systemDictionary.cpp, line 256]
Event: 12.012 Thread 0x000001e22941a510 Exception <a 'java/lang/ClassNotFoundException'{0x0000000085109d80}: org/jetbrains/kotlin/gradle/targets/js/npm/DefaultDevNpmDependencyExtensionCustomizer> (0x0000000085109d80) 
thrown [s\src\hotspot\share\classfile\systemDictionary.cpp, line 256]
Event: 12.019 Thread 0x000001e22941a510 Exception <a 'java/lang/ClassNotFoundException'{0x000000008f93a4b8}: org/jetbrains/kotlin/gradle/targets/js/npm/DefaultPeerNpmDependencyExtensionBeanInfo> (0x000000008f93a4b8) 
thrown [s\src\hotspot\share\classfile\systemDictionary.cpp, line 256]
Event: 12.020 Thread 0x000001e22941a510 Exception <a 'java/lang/ClassNotFoundException'{0x000000008f944d90}: org/jetbrains/kotlin/gradle/targets/js/npm/DefaultPeerNpmDependencyExtensionCustomizer> (0x000000008f944d90) 
thrown [s\src\hotspot\share\classfile\systemDictionary.cpp, line 256]
Event: 12.024 Thread 0x000001e22941a510 Exception <a 'java/lang/ClassNotFoundException'{0x000000008f984f18}: org/jetbrains/kotlin/gradle/targets/js/npm/DefaultPeerNpmDependencyExtension$delegate$1BeanInfo> (0x000000008f984f18) 
thrown [s\src\hotspot\share\classfile\systemDictionary.cpp, line 256]
Event: 12.024 Thread 0x000001e22941a510 Exception <a 'java/lang/ClassNotFoundException'{0x000000008f98fcf8}: org/jetbrains/kotlin/gradle/targets/js/npm/DefaultPeerNpmDependencyExtension$delegate$1Customizer> (0x000000008f98fcf8) 
thrown [s\src\hotspot\share\classfile\systemDictionary.cpp, line 256]

VM Operations (20 events):
Event: 9.595 Executing VM operation: G1TryInitiateConcMark done
Event: 9.676 Executing VM operation: G1Concurrent
Event: 9.681 Executing VM operation: G1Concurrent done
Event: 9.717 Executing VM operation: G1Concurrent
Event: 9.719 Executing VM operation: G1Concurrent done
Event: 10.422 Executing VM operation: G1CollectForAllocation
Event: 10.430 Executing VM operation: G1CollectForAllocation done
Event: 10.462 Executing VM operation: G1CollectForAllocation
Event: 10.473 Executing VM operation: G1CollectForAllocation done
Event: 11.043 Executing VM operation: G1TryInitiateConcMark
Event: 11.048 Executing VM operation: G1TryInitiateConcMark done
Event: 11.161 Executing VM operation: G1Concurrent
Event: 11.169 Executing VM operation: G1Concurrent done
Event: 11.213 Executing VM operation: G1Concurrent
Event: 11.213 Executing VM operation: G1Concurrent done
Event: 11.330 Executing VM operation: HandshakeAllThreads
Event: 11.331 Executing VM operation: HandshakeAllThreads done
Event: 12.002 Executing VM operation: G1CollectForAllocation
Event: 12.012 Executing VM operation: G1CollectForAllocation done
Event: 12.039 Executing VM operation: G1CollectForAllocation

Events (20 events):
Event: 11.377 loading class org/xml/sax/EntityResolver
Event: 11.377 loading class org/xml/sax/EntityResolver done
Event: 11.377 loading class org/xml/sax/ErrorHandler
Event: 11.378 loading class org/xml/sax/ErrorHandler done
Event: 11.378 loading class org/xml/sax/DTDHandler
Event: 11.378 loading class org/xml/sax/DTDHandler done
Event: 11.394 loading class java/util/Spliterators$IntArraySpliterator
Event: 11.394 loading class java/util/Spliterators$IntArraySpliterator done
Event: 11.401 loading class java/text/ParsePosition
Event: 11.401 loading class java/text/ParsePosition done
Event: 11.416 loading class java/text/CharacterIterator
Event: 11.416 loading class java/text/CharacterIterator done
Event: 11.417 loading class java/text/StringCharacterIterator
Event: 11.418 loading class java/text/StringCharacterIterator done
Event: 11.512 loading class java/time/format/DateTimeFormatterBuilder$WeekBasedFieldPrinterParser
Event: 11.512 loading class java/time/format/DateTimeFormatterBuilder$WeekBasedFieldPrinterParser done
Event: 11.528 loading class com/sun/jmx/mbeanserver/StandardMBeanSupport
Event: 11.528 loading class com/sun/jmx/mbeanserver/StandardMBeanSupport done
Event: 11.528 loading class com/sun/jmx/mbeanserver/StandardMBeanIntrospector
Event: 11.529 loading class com/sun/jmx/mbeanserver/StandardMBeanIntrospector done


Dynamic libraries:
0x00007ff616aa0000 - 0x00007ff616aaa000 	C:\Program Files\Android\Android Studio\jbr\bin\java.exe
0x00007fff2f450000 - 0x00007fff2f664000 	C:\WINDOWS\SYSTEM32\ntdll.dll
0x00007fff2da40000 - 0x00007fff2db02000 	C:\WINDOWS\System32\KERNEL32.DLL
0x00007fff2cdd0000 - 0x00007fff2d16c000 	C:\WINDOWS\System32\KERNELBASE.dll
0x00007fff2cc10000 - 0x00007fff2cd21000 	C:\WINDOWS\System32\ucrtbase.dll
0x00007ffefb010000 - 0x00007ffefb02b000 	C:\Program Files\Android\Android Studio\jbr\bin\VCRUNTIME140.dll
0x00007ffeefe00000 - 0x00007ffeefe17000 	C:\Program Files\Android\Android Studio\jbr\bin\jli.dll
0x00007fff2d380000 - 0x00007fff2d52b000 	C:\WINDOWS\System32\USER32.dll
0x00007fff1edc0000 - 0x00007fff1f04e000 	C:\WINDOWS\WinSxS\amd64_microsoft.windows.common-controls_6595b64144ccf1df_6.0.22621.608_none_a9444ca7c10bb01d\COMCTL32.dll
0x00007fff2cb20000 - 0x00007fff2cb46000 	C:\WINDOWS\System32\win32u.dll
0x00007fff2e2c0000 - 0x00007fff2e2e9000 	C:\WINDOWS\System32\GDI32.dll
0x00007fff2f150000 - 0x00007fff2f1f7000 	C:\WINDOWS\System32\msvcrt.dll
0x00007fff2c890000 - 0x00007fff2c9a3000 	C:\WINDOWS\System32\gdi32full.dll
0x00007fff2cd30000 - 0x00007fff2cdca000 	C:\WINDOWS\System32\msvcp_win.dll
0x00007fff2d340000 - 0x00007fff2d371000 	C:\WINDOWS\System32\IMM32.DLL
0x00007fff21ad0000 - 0x00007fff21adc000 	C:\Program Files\Android\Android Studio\jbr\bin\vcruntime140_1.dll
0x00007ffee04c0000 - 0x00007ffee054d000 	C:\Program Files\Android\Android Studio\jbr\bin\msvcp140.dll
0x00007ffe9b930000 - 0x00007ffe9c59d000 	C:\Program Files\Android\Android Studio\jbr\bin\server\jvm.dll
0x00007fff2dc90000 - 0x00007fff2dd3e000 	C:\WINDOWS\System32\ADVAPI32.dll
0x00007fff2d930000 - 0x00007fff2d9d4000 	C:\WINDOWS\System32\sechost.dll
0x00007fff2e680000 - 0x00007fff2e797000 	C:\WINDOWS\System32\RPCRT4.dll
0x00007fff21940000 - 0x00007fff21974000 	C:\WINDOWS\SYSTEM32\WINMM.dll
0x00007fff241e0000 - 0x00007fff241ea000 	C:\WINDOWS\SYSTEM32\VERSION.dll
0x00007fff27900000 - 0x00007fff27909000 	C:\WINDOWS\SYSTEM32\WSOCK32.dll
0x00007fff2f260000 - 0x00007fff2f2d1000 	C:\WINDOWS\System32\WS2_32.dll
0x00007fff2b9d0000 - 0x00007fff2b9e8000 	C:\WINDOWS\SYSTEM32\kernel.appcore.dll
0x00007fff278d0000 - 0x00007fff278da000 	C:\Program Files\Android\Android Studio\jbr\bin\jimage.dll
0x00007fff29ba0000 - 0x00007fff29dce000 	C:\WINDOWS\SYSTEM32\DBGHELP.DLL
0x00007fff2e2f0000 - 0x00007fff2e679000 	C:\WINDOWS\System32\combase.dll
0x00007fff2d260000 - 0x00007fff2d337000 	C:\WINDOWS\System32\OLEAUT32.dll
0x00007fff03a90000 - 0x00007fff03ac2000 	C:\WINDOWS\SYSTEM32\dbgcore.DLL
0x00007fff2d1e0000 - 0x00007fff2d25b000 	C:\WINDOWS\System32\bcryptPrimitives.dll
0x00007fff17bf0000 - 0x00007fff17c15000 	C:\Program Files\Android\Android Studio\jbr\bin\java.dll
0x00007fff20e50000 - 0x00007fff20e68000 	C:\Program Files\Android\Android Studio\jbr\bin\zip.dll
0x00007fff2e7a0000 - 0x00007fff2ef90000 	C:\WINDOWS\System32\SHELL32.dll
0x00007fff2a8a0000 - 0x00007fff2b16d000 	C:\WINDOWS\SYSTEM32\windows.storage.dll
0x00007fff2a760000 - 0x00007fff2a89e000 	C:\WINDOWS\SYSTEM32\wintypes.dll
0x00007fff2f2e0000 - 0x00007fff2f3d1000 	C:\WINDOWS\System32\SHCORE.dll
0x00007fff2d9e0000 - 0x00007fff2da3e000 	C:\WINDOWS\System32\shlwapi.dll
0x00007fff2c7c0000 - 0x00007fff2c7e1000 	C:\WINDOWS\SYSTEM32\profapi.dll
0x00007fff19930000 - 0x00007fff19949000 	C:\Program Files\Android\Android Studio\jbr\bin\net.dll
0x00007fff26480000 - 0x00007fff265b7000 	C:\WINDOWS\SYSTEM32\WINHTTP.dll
0x00007fff2be40000 - 0x00007fff2bea9000 	C:\WINDOWS\system32\mswsock.dll
0x00007fff197f0000 - 0x00007fff19806000 	C:\Program Files\Android\Android Studio\jbr\bin\nio.dll
0x00007fff240d0000 - 0x00007fff240e0000 	C:\Program Files\Android\Android Studio\jbr\bin\verify.dll
0x00007ffedf8f0000 - 0x00007ffedf917000 	C:\Users\georg\Documents\edistynytmobiiliohjelmointi-master (1)\edistynytmobiiliohjelmointi-master\native\e1d6ef7f7dcc3fd88c89a11ec53ec762bb8ba0a96d01ffa2cd45eb1d1d8dd5c5\windows-amd64\native-platform.dll
0x00007ffe98600000 - 0x00007ffe98744000 	C:\Users\georg\Documents\edistynytmobiiliohjelmointi-master (1)\edistynytmobiiliohjelmointi-master\native\0d407fdbe67a94daf76414ababcb853783967236a71b16ec16e742cd7a986fd3\windows-amd64\native-platform-file-events.dll
0x00007fff278b0000 - 0x00007fff278b9000 	C:\Program Files\Android\Android Studio\jbr\bin\management.dll
0x00007fff27850000 - 0x00007fff2785b000 	C:\Program Files\Android\Android Studio\jbr\bin\management_ext.dll
0x00007fff2d920000 - 0x00007fff2d928000 	C:\WINDOWS\System32\PSAPI.DLL
0x00007fff2c0a0000 - 0x00007fff2c0bb000 	C:\WINDOWS\SYSTEM32\CRYPTSP.dll
0x00007fff2b940000 - 0x00007fff2b975000 	C:\WINDOWS\system32\rsaenh.dll
0x00007fff2bf40000 - 0x00007fff2bf68000 	C:\WINDOWS\SYSTEM32\USERENV.dll
0x00007fff2c260000 - 0x00007fff2c288000 	C:\WINDOWS\SYSTEM32\bcrypt.dll
0x00007fff2c0c0000 - 0x00007fff2c0cc000 	C:\WINDOWS\SYSTEM32\CRYPTBASE.dll
0x00007fff2b480000 - 0x00007fff2b4ad000 	C:\WINDOWS\SYSTEM32\IPHLPAPI.DLL
0x00007fff2e2b0000 - 0x00007fff2e2b9000 	C:\WINDOWS\System32\NSI.dll
0x00007fff25640000 - 0x00007fff25659000 	C:\WINDOWS\SYSTEM32\dhcpcsvc6.DLL
0x00007fff25620000 - 0x00007fff2563f000 	C:\WINDOWS\SYSTEM32\dhcpcsvc.DLL
0x00007fff2b500000 - 0x00007fff2b5f3000 	C:\WINDOWS\SYSTEM32\DNSAPI.dll
0x00007fff05bf0000 - 0x00007fff05bf8000 	C:\WINDOWS\system32\wshunix.dll

dbghelp: loaded successfully - version: 4.0.5 - missing functions: none
symbol engine: initialized successfully - sym options: 0x614 - pdb path: .;C:\Program Files\Android\Android Studio\jbr\bin;C:\WINDOWS\SYSTEM32;C:\WINDOWS\WinSxS\amd64_microsoft.windows.common-controls_6595b64144ccf1df_6.0.22621.608_none_a9444ca7c10bb01d;C:\Program Files\Android\Android Studio\jbr\bin\server;C:\Users\georg\Documents\edistynytmobiiliohjelmointi-master (1)\edistynytmobiiliohjelmointi-master\native\e1d6ef7f7dcc3fd88c89a11ec53ec762bb8ba0a96d01ffa2cd45eb1d1d8dd5c5\windows-amd64;C:\Users\georg\Documents\edistynytmobiiliohjelmointi-master (1)\edistynytmobiiliohjelmointi-master\native\0d407fdbe67a94daf76414ababcb853783967236a71b16ec16e742cd7a986fd3\windows-amd64

VM Arguments:
jvm_args: --add-opens=java.base/java.util=ALL-UNNAMED --add-opens=java.base/java.lang=ALL-UNNAMED --add-opens=java.base/java.lang.invoke=ALL-UNNAMED --add-opens=java.base/java.util=ALL-UNNAMED --add-opens=java.prefs/java.util.prefs=ALL-UNNAMED --add-opens=java.prefs/java.util.prefs=ALL-UNNAMED --add-opens=java.base/java.nio.charset=ALL-UNNAMED --add-opens=java.base/java.net=ALL-UNNAMED --add-opens=java.base/java.util.concurrent.atomic=ALL-UNNAMED -Xmx2048m -Dfile.encoding=UTF-8 -Duser.country=US -Duser.language=en -Duser.variant 
java_command: org.gradle.launcher.daemon.bootstrap.GradleDaemon 7.5
java_class_path (initial): C:\Users\georg\Documents\edistynytmobiiliohjelmointi-master (1)\edistynytmobiiliohjelmointi-master\wrapper\dists\gradle-7.5-bin\f1w0cc9nuo0eivz97x2xlu9sv\gradle-7.5\lib\gradle-launcher-7.5.jar
Launcher Type: SUN_STANDARD

[Global flags]
     intx CICompilerCount                          = 4                                         {product} {ergonomic}
     uint ConcGCThreads                            = 2                                         {product} {ergonomic}
     uint G1ConcRefinementThreads                  = 8                                         {product} {ergonomic}
   size_t G1HeapRegionSize                         = 1048576                                   {product} {ergonomic}
    uintx GCDrainStackTargetSize                   = 64                                        {product} {ergonomic}
   size_t InitialHeapSize                          = 262144000                                 {product} {ergonomic}
   size_t MarkStackSize                            = 4194304                                   {product} {ergonomic}
   size_t MaxHeapSize                              = 2147483648                                {product} {command line}
   size_t MaxNewSize                               = 1287651328                                {product} {ergonomic}
   size_t MinHeapDeltaBytes                        = 1048576                                   {product} {ergonomic}
   size_t MinHeapSize                              = 8388608                                   {product} {ergonomic}
    uintx NonNMethodCodeHeapSize                   = 5839372                                {pd product} {ergonomic}
    uintx NonProfiledCodeHeapSize                  = 122909434                              {pd product} {ergonomic}
    uintx ProfiledCodeHeapSize                     = 122909434                              {pd product} {ergonomic}
    uintx ReservedCodeCacheSize                    = 251658240                              {pd product} {ergonomic}
     bool SegmentedCodeCache                       = true                                      {product} {ergonomic}
   size_t SoftMaxHeapSize                          = 2147483648                             {manageable} {ergonomic}
     bool UseCompressedClassPointers               = true                           {product lp64_product} {ergonomic}
     bool UseCompressedOops                        = true                           {product lp64_product} {ergonomic}
     bool UseG1GC                                  = true                                      {product} {ergonomic}
     bool UseLargePagesIndividualAllocation        = false                                  {pd product} {ergonomic}

Logging:
Log output configuration:
 #0: stdout all=warning uptime,level,tags
 #1: stderr all=off uptime,level,tags

Environment Variables:
PATH=C:\WINDOWS\system32;C:\WINDOWS;C:\WINDOWS\System32\Wbem;C:\WINDOWS\System32\WindowsPowerShell\v1.0\;C:\WINDOWS\System32\OpenSSH\;C:\Users\georg\AppData\Local\Microsoft\WindowsApps;C:\Users\georg\AppData\Local\GitHubDesktop\bin
USERNAME=georg
OS=Windows_NT
PROCESSOR_IDENTIFIER=Intel64 Family 6 Model 140 Stepping 1, GenuineIntel
TMP=C:\Users\georg\AppData\Local\Temp
TEMP=C:\Users\georg\AppData\Local\Temp



---------------  S Y S T E M  ---------------

OS:
 Windows 11 , 64 bit Build 22621 (10.0.22621.1485)
OS uptime: 3 days 8:17 hours

CPU: total 8 (initial active 8) (4 cores per cpu, 2 threads per core) family 6 model 140 stepping 1 microcode 0xa4, cx8, cmov, fxsr, ht, mmx, 3dnowpref, sse, sse2, sse3, ssse3, sse4.1, sse4.2, popcnt, lzcnt, tsc, tscinvbit, avx, avx2, aes, erms, clmul, bmi1, bmi2, adx, avx512f, avx512dq, avx512cd, avx512bw, avx512vl, sha, fma, vzeroupper, avx512_vpopcntdq, avx512_vpclmulqdq, avx512_vaes, avx512_vnni, clflush, clflushopt, clwb, avx512_vbmi2, avx512_vbmi

Memory: 4k page, system-wide physical 15963M (3217M free)
TotalPageFile size 15963M (AvailPageFile size 26M)
current process WorkingSet (physical memory assigned to process): 321M, peak: 322M
current process commit charge ("private bytes"): 444M, peak: 472M

vm_info: OpenJDK 64-Bit Server VM (17.0.6+0-b2043.56-9586694) for windows-amd64 JRE (17.0.6+0-b2043.56-9586694), built on Feb  9 2023 20:06:20 by "androidbuild" with MS VC++ 16.10 / 16.11 (VS2019)

END.
