#
# There is insufficient memory for the Java Runtime Environment to continue.
# Native memory allocation (malloc) failed to allocate 268656 bytes for Chunk::new
# Possible reasons:
#   The system is out of physical RAM or swap space
#   The process is running with CompressedOops enabled, and the Java Heap may be blocking the growth of the native heap
# Possible solutions:
#   Reduce memory load on the system
#   Increase physical memory or swap space
#   Check if swap backing store is full
#   Decrease Java heap size (-Xmx/-Xms)
#   Decrease number of Java threads
#   Decrease Java thread stack sizes (-Xss)
#   Set larger code cache with -XX:ReservedCodeCacheSize=
#   JVM is running with Unscaled Compressed Oops mode in which the Java heap is
#     placed in the first 4GB address space. The Java Heap base address is the
#     maximum limit for the native heap growth. Please use -XX:HeapBaseMinAddress
#     to set the Java Heap base and to place the Java Heap above 4GB virtual address.
# This output file may be truncated or incomplete.
#
#  Out of Memory Error (arena.cpp:189), pid=18852, tid=2468
#
# JRE version: OpenJDK Runtime Environment (17.0.6) (build 17.0.6+0-b2043.56-9586694)
# Java VM: OpenJDK 64-Bit Server VM (17.0.6+0-b2043.56-9586694, mixed mode, tiered, compressed oops, compressed class ptrs, g1 gc, windows-amd64)
# No core dump will be written. Minidumps are not enabled by default on client versions of Windows
#

---------------  S U M M A R Y ------------

Command Line: --add-opens=java.base/java.util=ALL-UNNAMED --add-opens=java.base/java.lang=ALL-UNNAMED --add-opens=java.base/java.lang.invoke=ALL-UNNAMED --add-opens=java.base/java.util=ALL-UNNAMED --add-opens=java.prefs/java.util.prefs=ALL-UNNAMED --add-opens=java.prefs/java.util.prefs=ALL-UNNAMED --add-opens=java.base/java.nio.charset=ALL-UNNAMED --add-opens=java.base/java.net=ALL-UNNAMED --add-opens=java.base/java.util.concurrent.atomic=ALL-UNNAMED -Xmx2048m -Dfile.encoding=UTF-8 -Duser.country=US -Duser.language=en -Duser.variant org.gradle.launcher.daemon.bootstrap.GradleDaemon 7.5

Host: 11th Gen Intel(R) Core(TM) i7-1185G7 @ 3.00GHz, 8 cores, 15G,  Windows 11 , 64 bit Build 22621 (10.0.22621.1485)
Time: Sun May  7 22:15:50 2023 FLE Daylight Time elapsed time: 15.502764 seconds (0d 0h 0m 15s)

---------------  T H R E A D  ---------------

Current thread (0x0000024578fbf210):  JavaThread "C2 CompilerThread1" daemon [_thread_in_native, id=2468, stack(0x00000067c2300000,0x00000067c2400000)]


Current CompileTask:
C2:  15502 11820       4       com.android.tools.r8.graph.e1::a (117 bytes)

Stack: [0x00000067c2300000,0x00000067c2400000]
Native frames: (J=compiled Java code, j=interpreted, Vv=VM code, C=native code)
V  [jvm.dll+0x683b4a]
V  [jvm.dll+0x842654]
V  [jvm.dll+0x843dfe]
V  [jvm.dll+0x844463]
V  [jvm.dll+0x249b75]
V  [jvm.dll+0xabcac]
V  [jvm.dll+0xac27c]
V  [jvm.dll+0x2b0eef]
V  [jvm.dll+0x58a207]
V  [jvm.dll+0x2243b2]
V  [jvm.dll+0x22478f]
V  [jvm.dll+0x21e055]
V  [jvm.dll+0x21b51b]
V  [jvm.dll+0x1a4fdd]
V  [jvm.dll+0x22b098]
V  [jvm.dll+0x229159]
V  [jvm.dll+0x7f809c]
V  [jvm.dll+0x7f25fa]
V  [jvm.dll+0x682985]
C  [ucrtbase.dll+0x29363]
C  [KERNEL32.DLL+0x1269d]
C  [ntdll.dll+0x5a9f8]


---------------  P R O C E S S  ---------------

Threads class SMR info:
_java_thread_list=0x000002457eaa86e0, length=137, elements={
0x000002455cc787a0, 0x0000024576ad70b0, 0x0000024577436040, 0x000002457747f6a0,
0x0000024577480250, 0x0000024577482c10, 0x00000245774844e0, 0x0000024577488680,
0x0000024577492050, 0x0000024577492950, 0x0000024577617b50, 0x0000024577618020,
0x0000024578fbf210, 0x0000024579a6c9e0, 0x0000024579bf6e30, 0x000002457a29d380,
0x0000024579f1f020, 0x00000245789569c0, 0x0000024579bcf1b0, 0x0000024579bcf680,
0x0000024579bcfb50, 0x0000024579bce810, 0x0000024579bcd9a0, 0x0000024579bd0020,
0x0000024579bd04f0, 0x0000024579bcd000, 0x0000024579bccb30, 0x0000024579bcd4d0,
0x0000024579bce340, 0x0000024579bcece0, 0x000002457bb77ef0, 0x000002457bb76bb0,
0x000002457bb73b90, 0x000002457bb753a0, 0x000002457bb72d20, 0x000002457bb783c0,
0x000002457bb731f0, 0x000002457bb736c0, 0x000002457bb75870, 0x000002457bb75d40,
0x000002457bb7a0a0, 0x000002457bb74530, 0x000002457bb76210, 0x000002457bb766e0,
0x000002457bb74a00, 0x000002457bb77080, 0x000002457bb77550, 0x000002457bb77a20,
0x00000245786b1a40, 0x00000245786ab530, 0x00000245786ab060, 0x00000245786ad210,
0x00000245786b0bd0, 0x00000245786ac3a0, 0x00000245786b1f10, 0x00000245786ae550,
0x00000245786ac870, 0x00000245786acd40, 0x00000245786ae080, 0x00000245786aeef0,
0x00000245786b10a0, 0x00000245786ad6e0, 0x00000245786b23e0, 0x00000245786b28b0,
0x00000245786b1570, 0x00000245786aea20, 0x00000245786aba00, 0x00000245786adbb0,
0x00000245786abed0, 0x00000245786af3c0, 0x00000245786af890, 0x00000245786b0700,
0x00000245786afd60, 0x00000245786b0230, 0x000002457a3d7ba0, 0x000002457a3d9d50,
0x000002457a3d6d30, 0x000002457a3d59f0, 0x000002457a3dbf00, 0x000002457a3d93b0,
0x000002457a3d8ee0, 0x000002457a3da220, 0x000002457a3dc3d0, 0x000002457a3d9880,
0x000002457a3d4b80, 0x000002457a3db090, 0x000002457a3d5520, 0x000002457a3d5050,
0x000002457a3d7200, 0x000002457a3d5ec0, 0x000002457a3d8070, 0x000002457a3d8540,
0x000002457a3da6f0, 0x000002457a3dabc0, 0x000002457a3d8a10, 0x000002457a3db560,
0x000002457a3dba30, 0x000002457a3d76d0, 0x000002457a3d6390, 0x000002457a3d6860,
0x000002457a3b1510, 0x000002457a3ab4d0, 0x000002457a3aee90, 0x000002457a3ae020,
0x000002457a3b1040, 0x000002457a3adb50, 0x000002457a3ac810, 0x000002457a3acce0,
0x000002457a3abe70, 0x000002457a3b01d0, 0x000002457a3b2850, 0x000002457a3af830,
0x000002457a3ae4f0, 0x000002457a3ad1b0, 0x000002457a3b0b70, 0x000002457a3b19e0,
0x000002457a3b1eb0, 0x000002457a3ad680, 0x000002457a3ae9c0, 0x000002457a3af360,
0x000002457a3afd00, 0x000002457a3ac340, 0x000002457a3b06a0, 0x000002457a3b2380,
0x000002457e9db340, 0x000002457e9df1d0, 0x000002457e1e4280, 0x000002457e9dd4f0,
0x000002457e9dd020, 0x000002457e9ded00, 0x000002457e9da4d0, 0x000002457e9d7e50,
0x000002457e9d87f0, 0x000002457e9dcb50, 0x000002457e9d8cc0, 0x000002457e9dd9c0,
0x000002457e9d8320
}

Java Threads: ( => current thread )
  0x000002455cc787a0 JavaThread "main" [_thread_blocked, id=8660, stack(0x00000067c1000000,0x00000067c1100000)]
  0x0000024576ad70b0 JavaThread "Reference Handler" daemon [_thread_blocked, id=3216, stack(0x00000067c1700000,0x00000067c1800000)]
  0x0000024577436040 JavaThread "Finalizer" daemon [_thread_blocked, id=23784, stack(0x00000067c1800000,0x00000067c1900000)]
  0x000002457747f6a0 JavaThread "Signal Dispatcher" daemon [_thread_blocked, id=9720, stack(0x00000067c1900000,0x00000067c1a00000)]
  0x0000024577480250 JavaThread "Attach Listener" daemon [_thread_blocked, id=22500, stack(0x00000067c1a00000,0x00000067c1b00000)]
  0x0000024577482c10 JavaThread "Service Thread" daemon [_thread_blocked, id=2976, stack(0x00000067c1b00000,0x00000067c1c00000)]
  0x00000245774844e0 JavaThread "Monitor Deflation Thread" daemon [_thread_blocked, id=13924, stack(0x00000067c1c00000,0x00000067c1d00000)]
  0x0000024577488680 JavaThread "C2 CompilerThread0" daemon [_thread_blocked, id=16112, stack(0x00000067c1d00000,0x00000067c1e00000)]
  0x0000024577492050 JavaThread "C1 CompilerThread0" daemon [_thread_blocked, id=21612, stack(0x00000067c1e00000,0x00000067c1f00000)]
  0x0000024577492950 JavaThread "Sweeper thread" daemon [_thread_blocked, id=8808, stack(0x00000067c1f00000,0x00000067c2000000)]
  0x0000024577617b50 JavaThread "Common-Cleaner" daemon [_thread_blocked, id=20996, stack(0x00000067c2000000,0x00000067c2100000)]
  0x0000024577618020 JavaThread "Notification Thread" daemon [_thread_blocked, id=2872, stack(0x00000067c2100000,0x00000067c2200000)]
=>0x0000024578fbf210 JavaThread "C2 CompilerThread1" daemon [_thread_in_native, id=2468, stack(0x00000067c2300000,0x00000067c2400000)]
  0x0000024579a6c9e0 JavaThread "Daemon health stats" [_thread_blocked, id=11012, stack(0x00000067c2a00000,0x00000067c2b00000)]
  0x0000024579bf6e30 JavaThread "Incoming local TCP Connector on port 59175" [_thread_in_native, id=23044, stack(0x00000067c2b00000,0x00000067c2c00000)]
  0x000002457a29d380 JavaThread "Daemon periodic checks" [_thread_blocked, id=1396, stack(0x00000067c2c00000,0x00000067c2d00000)]
  0x0000024579f1f020 JavaThread "Daemon" [_thread_blocked, id=8240, stack(0x00000067c2d00000,0x00000067c2e00000)]
  0x00000245789569c0 JavaThread "Handler for socket connection from /127.0.0.1:59175 to /127.0.0.1:59176" [_thread_in_native, id=8188, stack(0x00000067c2e00000,0x00000067c2f00000)]
  0x0000024579bcf1b0 JavaThread "Cancel handler" [_thread_blocked, id=22576, stack(0x00000067c2f00000,0x00000067c3000000)]
  0x0000024579bcf680 JavaThread "Daemon worker" [_thread_blocked, id=18784, stack(0x00000067c3000000,0x00000067c3100000)]
  0x0000024579bcfb50 JavaThread "Asynchronous log dispatcher for DefaultDaemonConnection: socket connection from /127.0.0.1:59175 to /127.0.0.1:59176" [_thread_blocked, id=13120, stack(0x00000067c3100000,0x00000067c3200000)]
  0x0000024579bce810 JavaThread "Stdin handler" [_thread_blocked, id=21492, stack(0x00000067c3200000,0x00000067c3300000)]
  0x0000024579bcd9a0 JavaThread "Daemon client event forwarder" [_thread_blocked, id=5136, stack(0x00000067c3300000,0x00000067c3400000)]
  0x0000024579bd0020 JavaThread "Cache worker for journal cache (C:\Users\georg\Documents\edistynytmobiiliohjelmointi-master (1)\edistynytmobiiliohjelmointi-master\caches\journal-1)" [_thread_blocked, id=10348, stack(0x00000067c3400000,0x00000067c3500000)]
  0x0000024579bd04f0 JavaThread "File lock request listener" [_thread_in_native, id=22984, stack(0x00000067c3500000,0x00000067c3600000)]
  0x0000024579bcd000 JavaThread "Cache worker for file hash cache (C:\Users\georg\Documents\edistynytmobiiliohjelmointi-master (1)\edistynytmobiiliohjelmointi-master\caches\7.5\fileHashes)" [_thread_blocked, id=16248, stack(0x00000067c3800000,0x00000067c3900000)]
  0x0000024579bccb30 JavaThread "File watcher server" daemon [_thread_in_native, id=18696, stack(0x00000067c3b00000,0x00000067c3c00000)]
  0x0000024579bcd4d0 JavaThread "File watcher consumer" daemon [_thread_blocked, id=23876, stack(0x00000067c3c00000,0x00000067c3d00000)]
  0x0000024579bce340 JavaThread "Cache worker for checksums cache (C:\Users\georg\Documents\edistynytmobiiliohjelmointi-master (1)\edistynytmobiiliohjelmointi-master\.gradle\7.5\checksums)" [_thread_blocked, id=18868, stack(0x00000067c3d00000,0x00000067c3e00000)]
  0x0000024579bcece0 JavaThread "Cache worker for cache directory md-rule (C:\Users\georg\Documents\edistynytmobiiliohjelmointi-master (1)\edistynytmobiiliohjelmointi-master\caches\7.5\md-rule)" [_thread_blocked, id=22800, stack(0x00000067c3e00000,0x00000067c3f00000)]
  0x000002457bb77ef0 JavaThread "Cache worker for file content cache (C:\Users\georg\Documents\edistynytmobiiliohjelmointi-master (1)\edistynytmobiiliohjelmointi-master\caches\7.5\fileContent)" [_thread_blocked, id=2672, stack(0x00000067c3f00000,0x00000067c4000000)]
  0x000002457bb76bb0 JavaThread "Cache worker for file hash cache (C:\Users\georg\Documents\edistynytmobiiliohjelmointi-master (1)\edistynytmobiiliohjelmointi-master\.gradle\7.5\fileHashes)" [_thread_blocked, id=9648, stack(0x00000067c4000000,0x00000067c4100000)]
  0x000002457bb73b90 JavaThread "Cache worker for cache directory md-supplier (C:\Users\georg\Documents\edistynytmobiiliohjelmointi-master (1)\edistynytmobiiliohjelmointi-master\caches\7.5\md-supplier)" [_thread_blocked, id=10368, stack(0x00000067c4100000,0x00000067c4200000)]
  0x000002457bb753a0 JavaThread "Cache worker for execution history cache (C:\Users\georg\Documents\edistynytmobiiliohjelmointi-master (1)\edistynytmobiiliohjelmointi-master\caches\7.5\executionHistory)" [_thread_blocked, id=24528, stack(0x00000067c4200000,0x00000067c4300000)]
  0x000002457bb72d20 JavaThread "jar transforms" [_thread_blocked, id=23960, stack(0x00000067c4300000,0x00000067c4400000)]
  0x000002457bb783c0 JavaThread "jar transforms Thread 2" [_thread_blocked, id=168, stack(0x00000067c4400000,0x00000067c4500000)]
  0x000002457bb731f0 JavaThread "jar transforms Thread 3" [_thread_blocked, id=20780, stack(0x00000067c4500000,0x00000067c4600000)]
  0x000002457bb736c0 JavaThread "jar transforms Thread 4" [_thread_blocked, id=5000, stack(0x00000067c4600000,0x00000067c4700000)]
  0x000002457bb75870 JavaThread "Cache worker for dependencies-accessors (C:\Users\georg\Documents\edistynytmobiiliohjelmointi-master (1)\edistynytmobiiliohjelmointi-master\.gradle\7.5\dependencies-accessors)" [_thread_blocked, id=4812, stack(0x00000067c4700000,0x00000067c4800000)]
  0x000002457bb75d40 JavaThread "jar transforms Thread 5" [_thread_blocked, id=4116, stack(0x00000067c4800000,0x00000067c4900000)]
  0x000002457bb7a0a0 JavaThread "Cache worker for Build Output Cleanup Cache (C:\Users\georg\Documents\edistynytmobiiliohjelmointi-master (1)\edistynytmobiiliohjelmointi-master\.gradle\buildOutputCleanup)" [_thread_blocked, id=22428, stack(0x00000067c3a00000,0x00000067c3b00000)]
  0x000002457bb74530 JavaThread "Unconstrained build operations" [_thread_blocked, id=22748, stack(0x00000067c4900000,0x00000067c4a00000)]
  0x000002457bb76210 JavaThread "Unconstrained build operations Thread 2" [_thread_in_vm, id=9564, stack(0x00000067c4a00000,0x00000067c4b00000)]
  0x000002457bb766e0 JavaThread "Unconstrained build operations Thread 3" [_thread_blocked, id=16680, stack(0x00000067c4b00000,0x00000067c4c00000)]
  0x000002457bb74a00 JavaThread "Unconstrained build operations Thread 4" [_thread_blocked, id=11840, stack(0x00000067c4c00000,0x00000067c4d00000)]
  0x000002457bb77080 JavaThread "Unconstrained build operations Thread 5" [_thread_in_vm, id=1668, stack(0x00000067c4d00000,0x00000067c4e00000)]
  0x000002457bb77550 JavaThread "Unconstrained build operations Thread 6" [_thread_in_vm, id=12828, stack(0x00000067c4e00000,0x00000067c4f00000)]
  0x000002457bb77a20 JavaThread "Unconstrained build operations Thread 7" [_thread_blocked, id=22188, stack(0x00000067c4f00000,0x00000067c5000000)]
  0x00000245786b1a40 JavaThread "Unconstrained build operations Thread 8" [_thread_blocked, id=13088, stack(0x00000067c5000000,0x00000067c5100000)]
  0x00000245786ab530 JavaThread "Unconstrained build operations Thread 9" [_thread_blocked, id=16204, stack(0x00000067c5100000,0x00000067c5200000)]
  0x00000245786ab060 JavaThread "Unconstrained build operations Thread 10" [_thread_blocked, id=2460, stack(0x00000067c5200000,0x00000067c5300000)]
  0x00000245786ad210 JavaThread "Unconstrained build operations Thread 11" [_thread_blocked, id=22596, stack(0x00000067c5300000,0x00000067c5400000)]
  0x00000245786b0bd0 JavaThread "Unconstrained build operations Thread 12" [_thread_blocked, id=3492, stack(0x00000067c5400000,0x00000067c5500000)]
  0x00000245786ac3a0 JavaThread "Unconstrained build operations Thread 13" [_thread_blocked, id=5836, stack(0x00000067c5500000,0x00000067c5600000)]
  0x00000245786b1f10 JavaThread "Unconstrained build operations Thread 14" [_thread_blocked, id=19220, stack(0x00000067c5600000,0x00000067c5700000)]
  0x00000245786ae550 JavaThread "Unconstrained build operations Thread 15" [_thread_blocked, id=22360, stack(0x00000067c5700000,0x00000067c5800000)]
  0x00000245786ac870 JavaThread "Unconstrained build operations Thread 16" [_thread_blocked, id=7416, stack(0x00000067c5800000,0x00000067c5900000)]
  0x00000245786acd40 JavaThread "Unconstrained build operations Thread 17" [_thread_blocked, id=15660, stack(0x00000067c5900000,0x00000067c5a00000)]
  0x00000245786ae080 JavaThread "Unconstrained build operations Thread 18" [_thread_blocked, id=18384, stack(0x00000067c5a00000,0x00000067c5b00000)]
  0x00000245786aeef0 JavaThread "Unconstrained build operations Thread 19" [_thread_blocked, id=17732, stack(0x00000067c5b00000,0x00000067c5c00000)]
  0x00000245786b10a0 JavaThread "Unconstrained build operations Thread 20" [_thread_blocked, id=10220, stack(0x00000067c5c00000,0x00000067c5d00000)]
  0x00000245786ad6e0 JavaThread "Unconstrained build operations Thread 21" [_thread_blocked, id=6752, stack(0x00000067c5d00000,0x00000067c5e00000)]
  0x00000245786b23e0 JavaThread "Unconstrained build operations Thread 22" [_thread_blocked, id=5296, stack(0x00000067c5e00000,0x00000067c5f00000)]
  0x00000245786b28b0 JavaThread "Unconstrained build operations Thread 23" [_thread_blocked, id=23068, stack(0x00000067c5f00000,0x00000067c6000000)]
  0x00000245786b1570 JavaThread "Unconstrained build operations Thread 24" [_thread_in_vm, id=14168, stack(0x00000067c6000000,0x00000067c6100000)]
  0x00000245786aea20 JavaThread "Unconstrained build operations Thread 25" [_thread_blocked, id=1240, stack(0x00000067c6100000,0x00000067c6200000)]
  0x00000245786aba00 JavaThread "Unconstrained build operations Thread 26" [_thread_blocked, id=16696, stack(0x00000067c6200000,0x00000067c6300000)]
  0x00000245786adbb0 JavaThread "Unconstrained build operations Thread 27" [_thread_blocked, id=1008, stack(0x00000067c6300000,0x00000067c6400000)]
  0x00000245786abed0 JavaThread "Unconstrained build operations Thread 28" [_thread_blocked, id=10552, stack(0x00000067c6400000,0x00000067c6500000)]
  0x00000245786af3c0 JavaThread "Unconstrained build operations Thread 29" [_thread_blocked, id=24228, stack(0x00000067c6500000,0x00000067c6600000)]
  0x00000245786af890 JavaThread "Unconstrained build operations Thread 30" [_thread_blocked, id=5164, stack(0x00000067c6600000,0x00000067c6700000)]
  0x00000245786b0700 JavaThread "Unconstrained build operations Thread 31" [_thread_blocked, id=18996, stack(0x00000067c6700000,0x00000067c6800000)]
  0x00000245786afd60 JavaThread "Unconstrained build operations Thread 32" [_thread_blocked, id=24460, stack(0x00000067c6800000,0x00000067c6900000)]
  0x00000245786b0230 JavaThread "Unconstrained build operations Thread 33" [_thread_blocked, id=23108, stack(0x00000067c6900000,0x00000067c6a00000)]
  0x000002457a3d7ba0 JavaThread "Unconstrained build operations Thread 34" [_thread_blocked, id=18676, stack(0x00000067c6a00000,0x00000067c6b00000)]
  0x000002457a3d9d50 JavaThread "Unconstrained build operations Thread 35" [_thread_blocked, id=18468, stack(0x00000067c6b00000,0x00000067c6c00000)]
  0x000002457a3d6d30 JavaThread "Unconstrained build operations Thread 36" [_thread_blocked, id=8204, stack(0x00000067c6c00000,0x00000067c6d00000)]
  0x000002457a3d59f0 JavaThread "Unconstrained build operations Thread 37" [_thread_blocked, id=6524, stack(0x00000067c6d00000,0x00000067c6e00000)]
  0x000002457a3dbf00 JavaThread "Unconstrained build operations Thread 38" [_thread_blocked, id=17696, stack(0x00000067c6e00000,0x00000067c6f00000)]
  0x000002457a3d93b0 JavaThread "Unconstrained build operations Thread 39" [_thread_blocked, id=19580, stack(0x00000067c6f00000,0x00000067c7000000)]
  0x000002457a3d8ee0 JavaThread "Unconstrained build operations Thread 40" [_thread_blocked, id=16088, stack(0x00000067c7000000,0x00000067c7100000)]
  0x000002457a3da220 JavaThread "Unconstrained build operations Thread 41" [_thread_in_vm, id=18592, stack(0x00000067c7100000,0x00000067c7200000)]
  0x000002457a3dc3d0 JavaThread "Unconstrained build operations Thread 42" [_thread_blocked, id=21700, stack(0x00000067c7200000,0x00000067c7300000)]
  0x000002457a3d9880 JavaThread "Unconstrained build operations Thread 43" [_thread_blocked, id=18688, stack(0x00000067c7300000,0x00000067c7400000)]
  0x000002457a3d4b80 JavaThread "Unconstrained build operations Thread 44" [_thread_blocked, id=21136, stack(0x00000067c7400000,0x00000067c7500000)]
  0x000002457a3db090 JavaThread "Unconstrained build operations Thread 45" [_thread_blocked, id=15656, stack(0x00000067c7500000,0x00000067c7600000)]
  0x000002457a3d5520 JavaThread "Unconstrained build operations Thread 46" [_thread_blocked, id=24548, stack(0x00000067c7600000,0x00000067c7700000)]
  0x000002457a3d5050 JavaThread "Unconstrained build operations Thread 47" [_thread_blocked, id=10812, stack(0x00000067c7700000,0x00000067c7800000)]
  0x000002457a3d7200 JavaThread "Unconstrained build operations Thread 48" [_thread_blocked, id=22968, stack(0x00000067c7800000,0x00000067c7900000)]
  0x000002457a3d5ec0 JavaThread "Unconstrained build operations Thread 49" [_thread_blocked, id=3340, stack(0x00000067c7900000,0x00000067c7a00000)]
  0x000002457a3d8070 JavaThread "Unconstrained build operations Thread 50" [_thread_blocked, id=14948, stack(0x00000067c7a00000,0x00000067c7b00000)]
  0x000002457a3d8540 JavaThread "Unconstrained build operations Thread 51" [_thread_blocked, id=6076, stack(0x00000067c7b00000,0x00000067c7c00000)]
  0x000002457a3da6f0 JavaThread "Unconstrained build operations Thread 52" [_thread_blocked, id=21116, stack(0x00000067c7c00000,0x00000067c7d00000)]
  0x000002457a3dabc0 JavaThread "Unconstrained build operations Thread 53" [_thread_blocked, id=12572, stack(0x00000067c7d00000,0x00000067c7e00000)]
  0x000002457a3d8a10 JavaThread "Unconstrained build operations Thread 54" [_thread_blocked, id=6024, stack(0x00000067c7e00000,0x00000067c7f00000)]
  0x000002457a3db560 JavaThread "Unconstrained build operations Thread 55" [_thread_in_vm, id=23516, stack(0x00000067c7f00000,0x00000067c8000000)]
  0x000002457a3dba30 JavaThread "Unconstrained build operations Thread 56" [_thread_blocked, id=22240, stack(0x00000067c8000000,0x00000067c8100000)]
  0x000002457a3d76d0 JavaThread "Unconstrained build operations Thread 57" [_thread_blocked, id=12804, stack(0x00000067c8100000,0x00000067c8200000)]
  0x000002457a3d6390 JavaThread "Unconstrained build operations Thread 58" [_thread_blocked, id=4292, stack(0x00000067c8200000,0x00000067c8300000)]
  0x000002457a3d6860 JavaThread "Unconstrained build operations Thread 59" [_thread_blocked, id=8396, stack(0x00000067c8300000,0x00000067c8400000)]
  0x000002457a3b1510 JavaThread "Unconstrained build operations Thread 60" [_thread_blocked, id=17852, stack(0x00000067c8400000,0x00000067c8500000)]
  0x000002457a3ab4d0 JavaThread "Unconstrained build operations Thread 61" [_thread_blocked, id=7660, stack(0x00000067c8500000,0x00000067c8600000)]
  0x000002457a3aee90 JavaThread "Unconstrained build operations Thread 62" [_thread_blocked, id=22176, stack(0x00000067c8600000,0x00000067c8700000)]
  0x000002457a3ae020 JavaThread "Unconstrained build operations Thread 63" [_thread_blocked, id=8608, stack(0x00000067c8700000,0x00000067c8800000)]
  0x000002457a3b1040 JavaThread "Unconstrained build operations Thread 64" [_thread_blocked, id=20080, stack(0x00000067c8800000,0x00000067c8900000)]
  0x000002457a3adb50 JavaThread "Unconstrained build operations Thread 65" [_thread_blocked, id=10980, stack(0x00000067c8900000,0x00000067c8a00000)]
  0x000002457a3ac810 JavaThread "Unconstrained build operations Thread 66" [_thread_in_vm, id=7452, stack(0x00000067c8a00000,0x00000067c8b00000)]
  0x000002457a3acce0 JavaThread "Unconstrained build operations Thread 67" [_thread_blocked, id=20580, stack(0x00000067c8b00000,0x00000067c8c00000)]
  0x000002457a3abe70 JavaThread "Unconstrained build operations Thread 68" [_thread_blocked, id=14500, stack(0x00000067c8c00000,0x00000067c8d00000)]
  0x000002457a3b01d0 JavaThread "Unconstrained build operations Thread 69" [_thread_blocked, id=5200, stack(0x00000067c8d00000,0x00000067c8e00000)]
  0x000002457a3b2850 JavaThread "Unconstrained build operations Thread 70" [_thread_blocked, id=12132, stack(0x00000067c8e00000,0x00000067c8f00000)]
  0x000002457a3af830 JavaThread "Unconstrained build operations Thread 71" [_thread_blocked, id=20424, stack(0x00000067c8f00000,0x00000067c9000000)]
  0x000002457a3ae4f0 JavaThread "Unconstrained build operations Thread 72" [_thread_blocked, id=22100, stack(0x00000067c9000000,0x00000067c9100000)]
  0x000002457a3ad1b0 JavaThread "Unconstrained build operations Thread 73" [_thread_blocked, id=9488, stack(0x00000067c9100000,0x00000067c9200000)]
  0x000002457a3b0b70 JavaThread "Unconstrained build operations Thread 74" [_thread_blocked, id=13188, stack(0x00000067c9200000,0x00000067c9300000)]
  0x000002457a3b19e0 JavaThread "Unconstrained build operations Thread 75" [_thread_blocked, id=9684, stack(0x00000067c9300000,0x00000067c9400000)]
  0x000002457a3b1eb0 JavaThread "Unconstrained build operations Thread 76" [_thread_blocked, id=13948, stack(0x00000067c9400000,0x00000067c9500000)]
  0x000002457a3ad680 JavaThread "Unconstrained build operations Thread 77" [_thread_blocked, id=572, stack(0x00000067c9500000,0x00000067c9600000)]
  0x000002457a3ae9c0 JavaThread "Unconstrained build operations Thread 78" [_thread_blocked, id=18060, stack(0x00000067c9600000,0x00000067c9700000)]
  0x000002457a3af360 JavaThread "Unconstrained build operations Thread 79" [_thread_blocked, id=14448, stack(0x00000067c9700000,0x00000067c9800000)]
  0x000002457a3afd00 JavaThread "Unconstrained build operations Thread 80" [_thread_blocked, id=23528, stack(0x00000067c9800000,0x00000067c9900000)]
  0x000002457a3ac340 JavaThread "jar transforms Thread 6" [_thread_blocked, id=9584, stack(0x00000067c9a00000,0x00000067c9b00000)]
  0x000002457a3b06a0 JavaThread "jar transforms Thread 7" [_thread_blocked, id=12284, stack(0x00000067c9b00000,0x00000067c9c00000)]
  0x000002457a3b2380 JavaThread "jar transforms Thread 8" [_thread_blocked, id=3520, stack(0x00000067c9c00000,0x00000067c9d00000)]
  0x000002457e9db340 JavaThread "build event listener" [_thread_blocked, id=8544, stack(0x00000067c9d00000,0x00000067c9e00000)]
  0x000002457e9df1d0 JavaThread "Memory manager" [_thread_blocked, id=24304, stack(0x00000067c9e00000,0x00000067c9f00000)]
  0x000002457e1e4280 JavaThread "C2 CompilerThread2" daemon [_thread_in_native, id=24120, stack(0x00000067c9900000,0x00000067c9a00000)]
  0x000002457e9dd4f0 JavaThread "included builds" [_thread_in_vm, id=18800, stack(0x00000067c9f00000,0x00000067ca000000)]
  0x000002457e9dd020 JavaThread "Execution worker" [_thread_blocked, id=8016, stack(0x00000067ca000000,0x00000067ca100000)]
  0x000002457e9ded00 JavaThread "Execution worker Thread 2" [_thread_blocked, id=12584, stack(0x00000067ca100000,0x00000067ca200000)]
  0x000002457e9da4d0 JavaThread "Execution worker Thread 3" [_thread_blocked, id=10104, stack(0x00000067ca200000,0x00000067ca300000)]
  0x000002457e9d7e50 JavaThread "Execution worker Thread 4" [_thread_blocked, id=22312, stack(0x00000067ca300000,0x00000067ca400000)]
  0x000002457e9d87f0 JavaThread "Execution worker Thread 5" [_thread_blocked, id=12292, stack(0x00000067ca400000,0x00000067ca500000)]
  0x000002457e9dcb50 JavaThread "Execution worker Thread 6" [_thread_blocked, id=16512, stack(0x00000067ca500000,0x00000067ca600000)]
  0x000002457e9d8cc0 JavaThread "Execution worker Thread 7" [_thread_blocked, id=12088, stack(0x00000067ca600000,0x00000067ca700000)]
  0x000002457e9dd9c0 JavaThread "Cache worker for execution history cache (C:\Users\georg\Documents\edistynytmobiiliohjelmointi-master (1)\edistynytmobiiliohjelmointi-master\.gradle\7.5\executionHistory)" [_thread_blocked, id=17768, stack(0x00000067ca700000,0x00000067ca800000)]
  0x000002457e9d8320 JavaThread "WorkerExecutor Queue" [_thread_blocked, id=18076, stack(0x00000067ca800000,0x00000067ca900000)]

Other Threads:
  0x0000024576ad6b90 VMThread "VM Thread" [stack: 0x00000067c1600000,0x00000067c1700000] [id=11796]
  0x000002457761a500 WatcherThread [stack: 0x00000067c2200000,0x00000067c2300000] [id=4288]
  0x000002455ccd4810 GCTaskThread "GC Thread#0" [stack: 0x00000067c1100000,0x00000067c1200000] [id=13232]
  0x00000245786a5c80 GCTaskThread "GC Thread#1" [stack: 0x00000067c2500000,0x00000067c2600000] [id=16788]
  0x0000024577fa5420 GCTaskThread "GC Thread#2" [stack: 0x00000067c2600000,0x00000067c2700000] [id=5148]
  0x000002457871f590 GCTaskThread "GC Thread#3" [stack: 0x00000067c2700000,0x00000067c2800000] [id=13444]
  0x000002457871f840 GCTaskThread "GC Thread#4" [stack: 0x00000067c2800000,0x00000067c2900000] [id=16392]
  0x00000245785af090 GCTaskThread "GC Thread#5" [stack: 0x00000067c2900000,0x00000067c2a00000] [id=12764]
  0x0000024577a36d70 GCTaskThread "GC Thread#6" [stack: 0x00000067c2400000,0x00000067c2500000] [id=5256]
  0x0000024579f1f4f0 GCTaskThread "GC Thread#7" [stack: 0x00000067c3600000,0x00000067c3700000] [id=6152]
  0x000002455cce58b0 ConcurrentGCThread "G1 Main Marker" [stack: 0x00000067c1200000,0x00000067c1300000] [id=23352]
  0x000002455cce6a60 ConcurrentGCThread "G1 Conc#0" [stack: 0x00000067c1300000,0x00000067c1400000] [id=12204]
  0x00000245799dba30 ConcurrentGCThread "G1 Conc#1" [stack: 0x00000067c3700000,0x00000067c3800000] [id=20788]
  0x000002455cd3eb00 ConcurrentGCThread "G1 Refine#0" [stack: 0x00000067c1400000,0x00000067c1500000] [id=4472]
  0x000002457c713cc0 ConcurrentGCThread "G1 Refine#1" [stack: 0x00000067c3900000,0x00000067c3a00000] [id=18736]
  0x00000245769846d0 ConcurrentGCThread "G1 Service" [stack: 0x00000067c1500000,0x00000067c1600000] [id=24024]

Threads with active compile tasks:
C2 CompilerThread1    15524 11820       4       com.android.tools.r8.graph.e1::a (117 bytes)
C2 CompilerThread2    15524 11697       4       org.gradle.api.internal.artifacts.transform.ConsumerProvidedVariantFinder::matchAttributes (68 bytes)

VM state: not at safepoint (normal execution)

VM Mutex/Monitor currently owned by a thread:  ([mutex/lock_event])
[0x000002455aaac7a0] Metaspace_lock - owner thread: 0x000002457a3db560

OutOfMemory and StackOverflow Exception counts:
OutOfMemoryError java_heap_errors=1
LinkageErrors=137

Heap address: 0x0000000080000000, size: 2048 MB, Compressed Oops mode: 32-bit

CDS archive(s) not mapped
Compressed class space mapped at: 0x0000000100000000-0x0000000140000000, reserved size: 1073741824
Narrow klass base: 0x0000000000000000, Narrow klass shift: 3, Narrow klass range: 0x140000000

GC Precious Log:
 CPUs: 8 total, 8 available
 Memory: 15963M
 Large Page Support: Disabled
 NUMA Support: Disabled
 Compressed Oops: Enabled (32-bit)
 Heap Region Size: 1M
 Heap Min Capacity: 8M
 Heap Initial Capacity: 250M
 Heap Max Capacity: 2G
 Pre-touch: Disabled
 Parallel Workers: 8
 Concurrent Workers: 2
 Concurrent Refinement Workers: 8
 Periodic GC: Disabled

Heap:
 garbage-first heap   total 222208K, used 149077K [0x0000000080000000, 0x0000000100000000)
  region size 1024K, 54 young (55296K), 11 survivors (11264K)
 Metaspace       used 97325K, committed 97920K, reserved 1138688K
  class space    used 13270K, committed 13568K, reserved 1048576K

Heap Regions: E=young(eden), S=young(survivor), O=old, HS=humongous(starts), HC=humongous(continues), CS=collection set, F=free, OA=open archive, CA=closed archive, TAMS=top-at-mark-start (previous, next)
|   0|0x0000000080000000, 0x0000000080100000, 0x0000000080100000|100%| O|  |TAMS 0x0000000080100000, 0x0000000080000000| Untracked 
|   1|0x0000000080100000, 0x0000000080200000, 0x0000000080200000|100%| O|  |TAMS 0x0000000080200000, 0x0000000080100000| Untracked 
|   2|0x0000000080200000, 0x0000000080300000, 0x0000000080300000|100%| O|  |TAMS 0x0000000080300000, 0x0000000080200000| Untracked 
|   3|0x0000000080300000, 0x0000000080400000, 0x0000000080400000|100%|HS|  |TAMS 0x0000000080400000, 0x0000000080300000| Complete 
|   4|0x0000000080400000, 0x0000000080500000, 0x0000000080500000|100%|HC|  |TAMS 0x0000000080500000, 0x0000000080400000| Complete 
|   5|0x0000000080500000, 0x0000000080600000, 0x0000000080600000|100%|HC|  |TAMS 0x0000000080600000, 0x0000000080500000| Complete 
|   6|0x0000000080600000, 0x0000000080700000, 0x0000000080700000|100%| O|  |TAMS 0x0000000080700000, 0x0000000080600000| Untracked 
|   7|0x0000000080700000, 0x0000000080800000, 0x0000000080800000|100%| O|  |TAMS 0x0000000080800000, 0x0000000080700000| Untracked 
|   8|0x0000000080800000, 0x0000000080900000, 0x0000000080900000|100%| O|  |TAMS 0x0000000080900000, 0x0000000080800000| Untracked 
|   9|0x0000000080900000, 0x0000000080a00000, 0x0000000080a00000|100%| O|  |TAMS 0x0000000080a00000, 0x0000000080900000| Untracked 
|  10|0x0000000080a00000, 0x0000000080b00000, 0x0000000080b00000|100%| O|  |TAMS 0x0000000080b00000, 0x0000000080a00000| Untracked 
|  11|0x0000000080b00000, 0x0000000080c00000, 0x0000000080c00000|100%| O|  |TAMS 0x0000000080c00000, 0x0000000080b00000| Untracked 
|  12|0x0000000080c00000, 0x0000000080d00000, 0x0000000080d00000|100%| O|  |TAMS 0x0000000080d00000, 0x0000000080c00000| Untracked 
|  13|0x0000000080d00000, 0x0000000080e00000, 0x0000000080e00000|100%| O|  |TAMS 0x0000000080e00000, 0x0000000080d00000| Untracked 
|  14|0x0000000080e00000, 0x0000000080f00000, 0x0000000080f00000|100%| O|  |TAMS 0x0000000080f00000, 0x0000000080e00000| Untracked 
|  15|0x0000000080f00000, 0x0000000081000000, 0x0000000081000000|100%| O|  |TAMS 0x0000000081000000, 0x0000000080f00000| Untracked 
|  16|0x0000000081000000, 0x0000000081100000, 0x0000000081100000|100%| O|  |TAMS 0x0000000081100000, 0x0000000081000000| Untracked 
|  17|0x0000000081100000, 0x0000000081200000, 0x0000000081200000|100%| O|  |TAMS 0x0000000081200000, 0x0000000081100000| Untracked 
|  18|0x0000000081200000, 0x0000000081300000, 0x0000000081300000|100%| O|  |TAMS 0x0000000081300000, 0x0000000081200000| Untracked 
|  19|0x0000000081300000, 0x0000000081400000, 0x0000000081400000|100%| O|  |TAMS 0x0000000081400000, 0x0000000081300000| Untracked 
|  20|0x0000000081400000, 0x0000000081500000, 0x0000000081500000|100%| O|  |TAMS 0x0000000081500000, 0x0000000081400000| Untracked 
|  21|0x0000000081500000, 0x0000000081600000, 0x0000000081600000|100%| O|  |TAMS 0x0000000081600000, 0x0000000081500000| Untracked 
|  22|0x0000000081600000, 0x0000000081700000, 0x0000000081700000|100%| O|  |TAMS 0x0000000081700000, 0x0000000081600000| Untracked 
|  23|0x0000000081700000, 0x0000000081800000, 0x0000000081800000|100%| O|  |TAMS 0x0000000081800000, 0x0000000081700000| Untracked 
|  24|0x0000000081800000, 0x0000000081900000, 0x0000000081900000|100%| O|  |TAMS 0x0000000081900000, 0x0000000081800000| Untracked 
|  25|0x0000000081900000, 0x0000000081a00000, 0x0000000081a00000|100%| O|  |TAMS 0x0000000081a00000, 0x0000000081900000| Untracked 
|  26|0x0000000081a00000, 0x0000000081b00000, 0x0000000081b00000|100%| O|  |TAMS 0x0000000081b00000, 0x0000000081a00000| Untracked 
|  27|0x0000000081b00000, 0x0000000081c00000, 0x0000000081c00000|100%| O|  |TAMS 0x0000000081c00000, 0x0000000081b00000| Untracked 
|  28|0x0000000081c00000, 0x0000000081d00000, 0x0000000081d00000|100%|HS|  |TAMS 0x0000000081d00000, 0x0000000081c00000| Complete 
|  29|0x0000000081d00000, 0x0000000081e00000, 0x0000000081e00000|100%|HS|  |TAMS 0x0000000081e00000, 0x0000000081d00000| Complete 
|  30|0x0000000081e00000, 0x0000000081f00000, 0x0000000081f00000|100%|HS|  |TAMS 0x0000000081f00000, 0x0000000081e00000| Complete 
|  31|0x0000000081f00000, 0x0000000082000000, 0x0000000082000000|100%|HC|  |TAMS 0x0000000082000000, 0x0000000081f00000| Complete 
|  32|0x0000000082000000, 0x0000000082100000, 0x0000000082100000|100%|HS|  |TAMS 0x0000000082100000, 0x0000000082000000| Complete 
|  33|0x0000000082100000, 0x0000000082200000, 0x0000000082200000|100%|HC|  |TAMS 0x0000000082200000, 0x0000000082100000| Complete 
|  34|0x0000000082200000, 0x0000000082300000, 0x0000000082300000|100%|HC|  |TAMS 0x0000000082300000, 0x0000000082200000| Complete 
|  35|0x0000000082300000, 0x0000000082400000, 0x0000000082400000|100%|HC|  |TAMS 0x0000000082400000, 0x0000000082300000| Complete 
|  36|0x0000000082400000, 0x0000000082500000, 0x0000000082500000|100%| O|  |TAMS 0x0000000082500000, 0x0000000082400000| Untracked 
|  37|0x0000000082500000, 0x0000000082600000, 0x0000000082600000|100%| O|  |TAMS 0x0000000082600000, 0x0000000082500000| Untracked 
|  38|0x0000000082600000, 0x0000000082700000, 0x0000000082700000|100%| O|  |TAMS 0x0000000082700000, 0x0000000082600000| Untracked 
|  39|0x0000000082700000, 0x0000000082800000, 0x0000000082800000|100%| O|  |TAMS 0x0000000082800000, 0x0000000082700000| Untracked 
|  40|0x0000000082800000, 0x0000000082900000, 0x0000000082900000|100%| O|  |TAMS 0x0000000082900000, 0x0000000082800000| Untracked 
|  41|0x0000000082900000, 0x0000000082a00000, 0x0000000082a00000|100%| O|  |TAMS 0x0000000082a00000, 0x0000000082900000| Untracked 
|  42|0x0000000082a00000, 0x0000000082b00000, 0x0000000082b00000|100%| O|  |TAMS 0x0000000082b00000, 0x0000000082a00000| Untracked 
|  43|0x0000000082b00000, 0x0000000082c00000, 0x0000000082c00000|100%| O|  |TAMS 0x0000000082c00000, 0x0000000082b00000| Untracked 
|  44|0x0000000082c00000, 0x0000000082d00000, 0x0000000082d00000|100%| O|  |TAMS 0x0000000082d00000, 0x0000000082c00000| Untracked 
|  45|0x0000000082d00000, 0x0000000082e00000, 0x0000000082e00000|100%| O|  |TAMS 0x0000000082e00000, 0x0000000082d00000| Untracked 
|  46|0x0000000082e00000, 0x0000000082f00000, 0x0000000082f00000|100%| O|  |TAMS 0x0000000082f00000, 0x0000000082e00000| Untracked 
|  47|0x0000000082f00000, 0x0000000083000000, 0x0000000083000000|100%| O|  |TAMS 0x0000000083000000, 0x0000000082f00000| Untracked 
|  48|0x0000000083000000, 0x0000000083100000, 0x0000000083100000|100%| O|  |TAMS 0x0000000083100000, 0x0000000083000000| Untracked 
|  49|0x0000000083100000, 0x0000000083200000, 0x0000000083200000|100%| O|  |TAMS 0x0000000083200000, 0x0000000083100000| Untracked 
|  50|0x0000000083200000, 0x0000000083300000, 0x0000000083300000|100%| O|  |TAMS 0x0000000083300000, 0x0000000083200000| Untracked 
|  51|0x0000000083300000, 0x0000000083400000, 0x0000000083400000|100%| O|  |TAMS 0x0000000083400000, 0x0000000083300000| Untracked 
|  52|0x0000000083400000, 0x0000000083500000, 0x0000000083500000|100%| O|  |TAMS 0x0000000083500000, 0x0000000083400000| Untracked 
|  53|0x0000000083500000, 0x0000000083600000, 0x0000000083600000|100%| O|  |TAMS 0x0000000083600000, 0x0000000083500000| Untracked 
|  54|0x0000000083600000, 0x0000000083700000, 0x0000000083700000|100%| O|  |TAMS 0x0000000083700000, 0x0000000083600000| Untracked 
|  55|0x0000000083700000, 0x0000000083800000, 0x0000000083800000|100%| O|  |TAMS 0x0000000083800000, 0x0000000083700000| Untracked 
|  56|0x0000000083800000, 0x0000000083900000, 0x0000000083900000|100%| O|  |TAMS 0x0000000083900000, 0x0000000083800000| Untracked 
|  57|0x0000000083900000, 0x0000000083a00000, 0x0000000083a00000|100%| O|  |TAMS 0x0000000083a00000, 0x0000000083900000| Untracked 
|  58|0x0000000083a00000, 0x0000000083b00000, 0x0000000083b00000|100%| O|  |TAMS 0x0000000083b00000, 0x0000000083a00000| Untracked 
|  59|0x0000000083b00000, 0x0000000083c00000, 0x0000000083c00000|100%| O|  |TAMS 0x0000000083c00000, 0x0000000083b00000| Untracked 
|  60|0x0000000083c00000, 0x0000000083d00000, 0x0000000083d00000|100%| O|  |TAMS 0x0000000083d00000, 0x0000000083c00000| Untracked 
|  61|0x0000000083d00000, 0x0000000083e00000, 0x0000000083e00000|100%| O|  |TAMS 0x0000000083e00000, 0x0000000083d00000| Untracked 
|  62|0x0000000083e00000, 0x0000000083f00000, 0x0000000083f00000|100%| O|  |TAMS 0x0000000083f00000, 0x0000000083e00000| Untracked 
|  63|0x0000000083f00000, 0x0000000084000000, 0x0000000084000000|100%| O|  |TAMS 0x0000000084000000, 0x0000000083f00000| Untracked 
|  64|0x0000000084000000, 0x0000000084100000, 0x0000000084100000|100%| O|  |TAMS 0x0000000084100000, 0x0000000084000000| Untracked 
|  65|0x0000000084100000, 0x0000000084200000, 0x0000000084200000|100%| O|  |TAMS 0x0000000084200000, 0x0000000084100000| Untracked 
|  66|0x0000000084200000, 0x0000000084300000, 0x0000000084300000|100%| O|  |TAMS 0x0000000084300000, 0x0000000084200000| Untracked 
|  67|0x0000000084300000, 0x0000000084400000, 0x0000000084400000|100%| O|  |TAMS 0x0000000084400000, 0x0000000084300000| Untracked 
|  68|0x0000000084400000, 0x0000000084500000, 0x0000000084500000|100%| O|  |TAMS 0x0000000084500000, 0x0000000084400000| Untracked 
|  69|0x0000000084500000, 0x0000000084600000, 0x0000000084600000|100%| O|  |TAMS 0x0000000084600000, 0x0000000084500000| Untracked 
|  70|0x0000000084600000, 0x0000000084700000, 0x0000000084700000|100%| O|  |TAMS 0x0000000084700000, 0x0000000084600000| Untracked 
|  71|0x0000000084700000, 0x0000000084800000, 0x0000000084800000|100%| O|  |TAMS 0x0000000084800000, 0x0000000084700000| Untracked 
|  72|0x0000000084800000, 0x0000000084900000, 0x0000000084900000|100%| O|  |TAMS 0x0000000084900000, 0x0000000084800000| Untracked 
|  73|0x0000000084900000, 0x0000000084a00000, 0x0000000084a00000|100%| O|  |TAMS 0x0000000084a00000, 0x0000000084900000| Untracked 
|  74|0x0000000084a00000, 0x0000000084b00000, 0x0000000084b00000|100%| O|  |TAMS 0x0000000084b00000, 0x0000000084a00000| Untracked 
|  75|0x0000000084b00000, 0x0000000084c00000, 0x0000000084c00000|100%| O|  |TAMS 0x0000000084c00000, 0x0000000084b00000| Untracked 
|  76|0x0000000084c00000, 0x0000000084d00000, 0x0000000084d00000|100%| O|  |TAMS 0x0000000084d00000, 0x0000000084c00000| Untracked 
|  77|0x0000000084d00000, 0x0000000084e00000, 0x0000000084e00000|100%| O|  |TAMS 0x0000000084e00000, 0x0000000084d00000| Untracked 
|  78|0x0000000084e00000, 0x0000000084f00000, 0x0000000084f00000|100%| O|  |TAMS 0x0000000084f00000, 0x0000000084e00000| Untracked 
|  79|0x0000000084f00000, 0x0000000085000000, 0x0000000085000000|100%| O|  |TAMS 0x0000000085000000, 0x0000000084f00000| Untracked 
|  80|0x0000000085000000, 0x0000000085100000, 0x0000000085100000|100%| O|  |TAMS 0x0000000085100000, 0x0000000085000000| Untracked 
|  81|0x0000000085100000, 0x0000000085200000, 0x0000000085200000|100%| O|  |TAMS 0x0000000085200000, 0x0000000085100000| Untracked 
|  82|0x0000000085200000, 0x0000000085300000, 0x0000000085300000|100%| O|  |TAMS 0x0000000085300000, 0x0000000085200000| Untracked 
|  83|0x0000000085300000, 0x0000000085400000, 0x0000000085400000|100%| O|  |TAMS 0x0000000085300000, 0x0000000085300000| Untracked 
|  84|0x0000000085400000, 0x0000000085500000, 0x0000000085500000|100%| O|  |TAMS 0x0000000085400000, 0x0000000085400000| Untracked 
|  85|0x0000000085500000, 0x0000000085600000, 0x0000000085600000|100%| O|  |TAMS 0x0000000085500000, 0x0000000085500000| Untracked 
|  86|0x0000000085600000, 0x0000000085700000, 0x0000000085700000|100%| O|  |TAMS 0x0000000085600000, 0x0000000085600000| Untracked 
|  87|0x0000000085700000, 0x0000000085800000, 0x0000000085800000|100%| O|  |TAMS 0x0000000085700000, 0x0000000085700000| Untracked 
|  88|0x0000000085800000, 0x0000000085900000, 0x0000000085900000|100%| O|  |TAMS 0x0000000085800000, 0x0000000085800000| Untracked 
|  89|0x0000000085900000, 0x0000000085a00000, 0x0000000085a00000|100%| O|  |TAMS 0x0000000085900000, 0x0000000085900000| Untracked 
|  90|0x0000000085a00000, 0x0000000085b00000, 0x0000000085b00000|100%| O|  |TAMS 0x0000000085a00000, 0x0000000085a00000| Untracked 
|  91|0x0000000085b00000, 0x0000000085c00000, 0x0000000085c00000|100%| O|  |TAMS 0x0000000085b00000, 0x0000000085b00000| Untracked 
|  92|0x0000000085c00000, 0x0000000085d00000, 0x0000000085d00000|100%| O|  |TAMS 0x0000000085c00000, 0x0000000085c00000| Untracked 
|  93|0x0000000085d00000, 0x0000000085d95600, 0x0000000085e00000| 58%| O|  |TAMS 0x0000000085d00000, 0x0000000085d00000| Untracked 
|  94|0x0000000085e00000, 0x0000000085e00000, 0x0000000085f00000|  0%| F|  |TAMS 0x0000000085e00000, 0x0000000085e00000| Untracked 
|  95|0x0000000085f00000, 0x0000000085f00000, 0x0000000086000000|  0%| F|  |TAMS 0x0000000085f00000, 0x0000000085f00000| Untracked 
|  96|0x0000000086000000, 0x0000000086000000, 0x0000000086100000|  0%| F|  |TAMS 0x0000000086000000, 0x0000000086000000| Untracked 
|  97|0x0000000086100000, 0x0000000086100000, 0x0000000086200000|  0%| F|  |TAMS 0x0000000086100000, 0x0000000086100000| Untracked 
|  98|0x0000000086200000, 0x0000000086200000, 0x0000000086300000|  0%| F|  |TAMS 0x0000000086200000, 0x0000000086200000| Untracked 
|  99|0x0000000086300000, 0x0000000086300000, 0x0000000086400000|  0%| F|  |TAMS 0x0000000086300000, 0x0000000086300000| Untracked 
| 100|0x0000000086400000, 0x0000000086400000, 0x0000000086500000|  0%| F|  |TAMS 0x0000000086400000, 0x0000000086400000| Untracked 
| 101|0x0000000086500000, 0x0000000086500000, 0x0000000086600000|  0%| F|  |TAMS 0x0000000086500000, 0x0000000086500000| Untracked 
| 102|0x0000000086600000, 0x0000000086600000, 0x0000000086700000|  0%| F|  |TAMS 0x0000000086600000, 0x0000000086600000| Untracked 
| 103|0x0000000086700000, 0x0000000086700000, 0x0000000086800000|  0%| F|  |TAMS 0x0000000086700000, 0x0000000086700000| Untracked 
| 104|0x0000000086800000, 0x0000000086800000, 0x0000000086900000|  0%| F|  |TAMS 0x0000000086800000, 0x0000000086800000| Untracked 
| 105|0x0000000086900000, 0x0000000086900000, 0x0000000086a00000|  0%| F|  |TAMS 0x0000000086900000, 0x0000000086900000| Untracked 
| 106|0x0000000086a00000, 0x0000000086a00000, 0x0000000086b00000|  0%| F|  |TAMS 0x0000000086a00000, 0x0000000086a00000| Untracked 
| 107|0x0000000086b00000, 0x0000000086b00000, 0x0000000086c00000|  0%| F|  |TAMS 0x0000000086b00000, 0x0000000086b00000| Untracked 
| 108|0x0000000086c00000, 0x0000000086c00000, 0x0000000086d00000|  0%| F|  |TAMS 0x0000000086c00000, 0x0000000086c00000| Untracked 
| 109|0x0000000086d00000, 0x0000000086d00000, 0x0000000086e00000|  0%| F|  |TAMS 0x0000000086d00000, 0x0000000086d00000| Untracked 
| 110|0x0000000086e00000, 0x0000000086e00000, 0x0000000086f00000|  0%| F|  |TAMS 0x0000000086e00000, 0x0000000086e00000| Untracked 
| 111|0x0000000086f00000, 0x0000000086f00000, 0x0000000087000000|  0%| F|  |TAMS 0x0000000086f00000, 0x0000000086f00000| Untracked 
| 112|0x0000000087000000, 0x0000000087000000, 0x0000000087100000|  0%| F|  |TAMS 0x0000000087000000, 0x0000000087000000| Untracked 
| 113|0x0000000087100000, 0x0000000087100000, 0x0000000087200000|  0%| F|  |TAMS 0x0000000087100000, 0x0000000087100000| Untracked 
| 114|0x0000000087200000, 0x0000000087200000, 0x0000000087300000|  0%| F|  |TAMS 0x0000000087200000, 0x0000000087200000| Untracked 
| 115|0x0000000087300000, 0x0000000087300000, 0x0000000087400000|  0%| F|  |TAMS 0x0000000087300000, 0x0000000087300000| Untracked 
| 116|0x0000000087400000, 0x0000000087400000, 0x0000000087500000|  0%| F|  |TAMS 0x0000000087400000, 0x0000000087400000| Untracked 
| 117|0x0000000087500000, 0x0000000087500000, 0x0000000087600000|  0%| F|  |TAMS 0x0000000087500000, 0x0000000087500000| Untracked 
| 118|0x0000000087600000, 0x0000000087600000, 0x0000000087700000|  0%| F|  |TAMS 0x0000000087600000, 0x0000000087600000| Untracked 
| 119|0x0000000087700000, 0x0000000087700000, 0x0000000087800000|  0%| F|  |TAMS 0x0000000087700000, 0x0000000087700000| Untracked 
| 120|0x0000000087800000, 0x0000000087800000, 0x0000000087900000|  0%| F|  |TAMS 0x0000000087800000, 0x0000000087800000| Untracked 
| 121|0x0000000087900000, 0x0000000087900000, 0x0000000087a00000|  0%| F|  |TAMS 0x0000000087900000, 0x0000000087900000| Untracked 
| 122|0x0000000087a00000, 0x0000000087a00000, 0x0000000087b00000|  0%| F|  |TAMS 0x0000000087a00000, 0x0000000087a00000| Untracked 
| 123|0x0000000087b00000, 0x0000000087c00000, 0x0000000087c00000|100%| S|CS|TAMS 0x0000000087b00000, 0x0000000087b00000| Complete 
| 124|0x0000000087c00000, 0x0000000087d00000, 0x0000000087d00000|100%| S|CS|TAMS 0x0000000087c00000, 0x0000000087c00000| Complete 
| 125|0x0000000087d00000, 0x0000000087e00000, 0x0000000087e00000|100%| S|CS|TAMS 0x0000000087d00000, 0x0000000087d00000| Complete 
| 126|0x0000000087e00000, 0x0000000087f00000, 0x0000000087f00000|100%| S|CS|TAMS 0x0000000087e00000, 0x0000000087e00000| Complete 
| 127|0x0000000087f00000, 0x0000000088000000, 0x0000000088000000|100%| S|CS|TAMS 0x0000000087f00000, 0x0000000087f00000| Complete 
| 128|0x0000000088000000, 0x0000000088100000, 0x0000000088100000|100%| S|CS|TAMS 0x0000000088000000, 0x0000000088000000| Complete 
| 129|0x0000000088100000, 0x0000000088200000, 0x0000000088200000|100%| S|CS|TAMS 0x0000000088100000, 0x0000000088100000| Complete 
| 130|0x0000000088200000, 0x0000000088300000, 0x0000000088300000|100%| S|CS|TAMS 0x0000000088200000, 0x0000000088200000| Complete 
| 131|0x0000000088300000, 0x0000000088400000, 0x0000000088400000|100%| S|CS|TAMS 0x0000000088300000, 0x0000000088300000| Complete 
| 132|0x0000000088400000, 0x0000000088500000, 0x0000000088500000|100%| S|CS|TAMS 0x0000000088400000, 0x0000000088400000| Complete 
| 133|0x0000000088500000, 0x0000000088500000, 0x0000000088600000|  0%| F|  |TAMS 0x0000000088500000, 0x0000000088500000| Untracked 
| 134|0x0000000088600000, 0x0000000088600000, 0x0000000088700000|  0%| F|  |TAMS 0x0000000088600000, 0x0000000088600000| Untracked 
| 135|0x0000000088700000, 0x0000000088700000, 0x0000000088800000|  0%| F|  |TAMS 0x0000000088700000, 0x0000000088700000| Untracked 
| 136|0x0000000088800000, 0x0000000088800000, 0x0000000088900000|  0%| F|  |TAMS 0x0000000088800000, 0x0000000088800000| Untracked 
| 137|0x0000000088900000, 0x0000000088900000, 0x0000000088a00000|  0%| F|  |TAMS 0x0000000088900000, 0x0000000088900000| Untracked 
| 138|0x0000000088a00000, 0x0000000088a00000, 0x0000000088b00000|  0%| F|  |TAMS 0x0000000088a00000, 0x0000000088a00000| Untracked 
| 139|0x0000000088b00000, 0x0000000088c00000, 0x0000000088c00000|100%| S|CS|TAMS 0x0000000088b00000, 0x0000000088b00000| Complete 
| 140|0x0000000088c00000, 0x0000000088c00000, 0x0000000088d00000|  0%| F|  |TAMS 0x0000000088c00000, 0x0000000088c00000| Untracked 
| 141|0x0000000088d00000, 0x0000000088d00000, 0x0000000088e00000|  0%| F|  |TAMS 0x0000000088d00000, 0x0000000088d00000| Untracked 
| 142|0x0000000088e00000, 0x0000000088e00000, 0x0000000088f00000|  0%| F|  |TAMS 0x0000000088e00000, 0x0000000088e00000| Untracked 
| 143|0x0000000088f00000, 0x0000000088f00000, 0x0000000089000000|  0%| F|  |TAMS 0x0000000088f00000, 0x0000000088f00000| Untracked 
| 144|0x0000000089000000, 0x0000000089000000, 0x0000000089100000|  0%| F|  |TAMS 0x0000000089000000, 0x0000000089000000| Untracked 
| 145|0x0000000089100000, 0x0000000089100000, 0x0000000089200000|  0%| F|  |TAMS 0x0000000089100000, 0x0000000089100000| Untracked 
| 146|0x0000000089200000, 0x0000000089200000, 0x0000000089300000|  0%| F|  |TAMS 0x0000000089200000, 0x0000000089200000| Untracked 
| 147|0x0000000089300000, 0x0000000089300000, 0x0000000089400000|  0%| F|  |TAMS 0x0000000089300000, 0x0000000089300000| Untracked 
| 148|0x0000000089400000, 0x0000000089400000, 0x0000000089500000|  0%| F|  |TAMS 0x0000000089400000, 0x0000000089400000| Untracked 
| 149|0x0000000089500000, 0x0000000089500000, 0x0000000089600000|  0%| F|  |TAMS 0x0000000089500000, 0x0000000089500000| Untracked 
| 150|0x0000000089600000, 0x0000000089600000, 0x0000000089700000|  0%| F|  |TAMS 0x0000000089600000, 0x0000000089600000| Untracked 
| 151|0x0000000089700000, 0x0000000089700000, 0x0000000089800000|  0%| F|  |TAMS 0x0000000089700000, 0x0000000089700000| Untracked 
| 152|0x0000000089800000, 0x0000000089800000, 0x0000000089900000|  0%| F|  |TAMS 0x0000000089800000, 0x0000000089800000| Untracked 
| 153|0x0000000089900000, 0x0000000089900000, 0x0000000089a00000|  0%| F|  |TAMS 0x0000000089900000, 0x0000000089900000| Untracked 
| 154|0x0000000089a00000, 0x0000000089a00000, 0x0000000089b00000|  0%| F|  |TAMS 0x0000000089a00000, 0x0000000089a00000| Untracked 
| 155|0x0000000089b00000, 0x0000000089b00000, 0x0000000089c00000|  0%| F|  |TAMS 0x0000000089b00000, 0x0000000089b00000| Untracked 
| 156|0x0000000089c00000, 0x0000000089c00000, 0x0000000089d00000|  0%| F|  |TAMS 0x0000000089c00000, 0x0000000089c00000| Untracked 
| 157|0x0000000089d00000, 0x0000000089d00000, 0x0000000089e00000|  0%| F|  |TAMS 0x0000000089d00000, 0x0000000089d00000| Untracked 
| 158|0x0000000089e00000, 0x0000000089e00000, 0x0000000089f00000|  0%| F|  |TAMS 0x0000000089e00000, 0x0000000089e00000| Untracked 
| 159|0x0000000089f00000, 0x0000000089f00000, 0x000000008a000000|  0%| F|  |TAMS 0x0000000089f00000, 0x0000000089f00000| Untracked 
| 160|0x000000008a000000, 0x000000008a000000, 0x000000008a100000|  0%| F|  |TAMS 0x000000008a000000, 0x000000008a000000| Untracked 
| 161|0x000000008a100000, 0x000000008a100000, 0x000000008a200000|  0%| F|  |TAMS 0x000000008a100000, 0x000000008a100000| Untracked 
| 162|0x000000008a200000, 0x000000008a200000, 0x000000008a300000|  0%| F|  |TAMS 0x000000008a200000, 0x000000008a200000| Untracked 
| 163|0x000000008a300000, 0x000000008a300000, 0x000000008a400000|  0%| F|  |TAMS 0x000000008a300000, 0x000000008a300000| Untracked 
| 164|0x000000008a400000, 0x000000008a400000, 0x000000008a500000|  0%| F|  |TAMS 0x000000008a400000, 0x000000008a400000| Untracked 
| 165|0x000000008a500000, 0x000000008a500000, 0x000000008a600000|  0%| F|  |TAMS 0x000000008a500000, 0x000000008a500000| Untracked 
| 166|0x000000008a600000, 0x000000008a600000, 0x000000008a700000|  0%| F|  |TAMS 0x000000008a600000, 0x000000008a600000| Untracked 
| 167|0x000000008a700000, 0x000000008a700000, 0x000000008a800000|  0%| F|  |TAMS 0x000000008a700000, 0x000000008a700000| Untracked 
| 168|0x000000008a800000, 0x000000008a800000, 0x000000008a900000|  0%| F|  |TAMS 0x000000008a800000, 0x000000008a800000| Untracked 
| 169|0x000000008a900000, 0x000000008a900000, 0x000000008aa00000|  0%| F|  |TAMS 0x000000008a900000, 0x000000008a900000| Untracked 
| 170|0x000000008aa00000, 0x000000008aa00000, 0x000000008ab00000|  0%| F|  |TAMS 0x000000008aa00000, 0x000000008aa00000| Untracked 
| 171|0x000000008ab00000, 0x000000008ab00000, 0x000000008ac00000|  0%| F|  |TAMS 0x000000008ab00000, 0x000000008ab00000| Untracked 
| 172|0x000000008ac00000, 0x000000008ac00000, 0x000000008ad00000|  0%| F|  |TAMS 0x000000008ac00000, 0x000000008ac00000| Untracked 
| 173|0x000000008ad00000, 0x000000008ad00000, 0x000000008ae00000|  0%| F|  |TAMS 0x000000008ad00000, 0x000000008ad00000| Untracked 
| 174|0x000000008ae00000, 0x000000008aee3230, 0x000000008af00000| 88%| E|  |TAMS 0x000000008ae00000, 0x000000008ae00000| Complete 
| 175|0x000000008af00000, 0x000000008b000000, 0x000000008b000000|100%| E|CS|TAMS 0x000000008af00000, 0x000000008af00000| Complete 
| 176|0x000000008b000000, 0x000000008b100000, 0x000000008b100000|100%| E|CS|TAMS 0x000000008b000000, 0x000000008b000000| Complete 
| 177|0x000000008b100000, 0x000000008b200000, 0x000000008b200000|100%| E|CS|TAMS 0x000000008b100000, 0x000000008b100000| Complete 
| 178|0x000000008b200000, 0x000000008b300000, 0x000000008b300000|100%| E|CS|TAMS 0x000000008b200000, 0x000000008b200000| Complete 
| 179|0x000000008b300000, 0x000000008b400000, 0x000000008b400000|100%| E|CS|TAMS 0x000000008b300000, 0x000000008b300000| Complete 
| 180|0x000000008b400000, 0x000000008b500000, 0x000000008b500000|100%| E|CS|TAMS 0x000000008b400000, 0x000000008b400000| Complete 
| 181|0x000000008b500000, 0x000000008b600000, 0x000000008b600000|100%| E|CS|TAMS 0x000000008b500000, 0x000000008b500000| Complete 
| 182|0x000000008b600000, 0x000000008b700000, 0x000000008b700000|100%| E|CS|TAMS 0x000000008b600000, 0x000000008b600000| Complete 
| 183|0x000000008b700000, 0x000000008b800000, 0x000000008b800000|100%| E|CS|TAMS 0x000000008b700000, 0x000000008b700000| Complete 
| 184|0x000000008b800000, 0x000000008b8fffa8, 0x000000008b900000| 99%| E|  |TAMS 0x000000008b800000, 0x000000008b800000| Complete 
| 185|0x000000008b900000, 0x000000008ba00000, 0x000000008ba00000|100%| E|CS|TAMS 0x000000008b900000, 0x000000008b900000| Complete 
| 186|0x000000008ba00000, 0x000000008bb00000, 0x000000008bb00000|100%| E|CS|TAMS 0x000000008ba00000, 0x000000008ba00000| Complete 
| 187|0x000000008bb00000, 0x000000008bc00000, 0x000000008bc00000|100%| E|CS|TAMS 0x000000008bb00000, 0x000000008bb00000| Complete 
| 188|0x000000008bc00000, 0x000000008bd00000, 0x000000008bd00000|100%| E|CS|TAMS 0x000000008bc00000, 0x000000008bc00000| Complete 
| 189|0x000000008bd00000, 0x000000008be00000, 0x000000008be00000|100%| E|CS|TAMS 0x000000008bd00000, 0x000000008bd00000| Complete 
| 190|0x000000008be00000, 0x000000008bf00000, 0x000000008bf00000|100%| E|CS|TAMS 0x000000008be00000, 0x000000008be00000| Complete 
| 191|0x000000008bf00000, 0x000000008c000000, 0x000000008c000000|100%| E|CS|TAMS 0x000000008bf00000, 0x000000008bf00000| Complete 
| 192|0x000000008c000000, 0x000000008c100000, 0x000000008c100000|100%| E|CS|TAMS 0x000000008c000000, 0x000000008c000000| Complete 
| 193|0x000000008c100000, 0x000000008c200000, 0x000000008c200000|100%| E|CS|TAMS 0x000000008c100000, 0x000000008c100000| Complete 
| 194|0x000000008c200000, 0x000000008c300000, 0x000000008c300000|100%| E|CS|TAMS 0x000000008c200000, 0x000000008c200000| Complete 
| 195|0x000000008c300000, 0x000000008c400000, 0x000000008c400000|100%| E|CS|TAMS 0x000000008c300000, 0x000000008c300000| Complete 
| 196|0x000000008c400000, 0x000000008c500000, 0x000000008c500000|100%| E|CS|TAMS 0x000000008c400000, 0x000000008c400000| Complete 
| 197|0x000000008c500000, 0x000000008c600000, 0x000000008c600000|100%| E|CS|TAMS 0x000000008c500000, 0x000000008c500000| Complete 
| 198|0x000000008c600000, 0x000000008c700000, 0x000000008c700000|100%| E|CS|TAMS 0x000000008c600000, 0x000000008c600000| Complete 
| 199|0x000000008c700000, 0x000000008c800000, 0x000000008c800000|100%| E|CS|TAMS 0x000000008c700000, 0x000000008c700000| Complete 
| 200|0x000000008c800000, 0x000000008c900000, 0x000000008c900000|100%| E|CS|TAMS 0x000000008c800000, 0x000000008c800000| Complete 
| 201|0x000000008c900000, 0x000000008ca00000, 0x000000008ca00000|100%| E|CS|TAMS 0x000000008c900000, 0x000000008c900000| Complete 
| 202|0x000000008ca00000, 0x000000008cb00000, 0x000000008cb00000|100%| E|CS|TAMS 0x000000008ca00000, 0x000000008ca00000| Complete 
| 203|0x000000008cb00000, 0x000000008cc00000, 0x000000008cc00000|100%| E|CS|TAMS 0x000000008cb00000, 0x000000008cb00000| Complete 
| 204|0x000000008cc00000, 0x000000008cd00000, 0x000000008cd00000|100%| E|CS|TAMS 0x000000008cc00000, 0x000000008cc00000| Complete 
| 205|0x000000008cd00000, 0x000000008ce00000, 0x000000008ce00000|100%| E|CS|TAMS 0x000000008cd00000, 0x000000008cd00000| Complete 
| 206|0x000000008ce00000, 0x000000008cf00000, 0x000000008cf00000|100%| E|CS|TAMS 0x000000008ce00000, 0x000000008ce00000| Complete 
| 207|0x000000008cf00000, 0x000000008d000000, 0x000000008d000000|100%| E|CS|TAMS 0x000000008cf00000, 0x000000008cf00000| Complete 
| 208|0x000000008d000000, 0x000000008d100000, 0x000000008d100000|100%| E|CS|TAMS 0x000000008d000000, 0x000000008d000000| Complete 
| 209|0x000000008d100000, 0x000000008d200000, 0x000000008d200000|100%| E|CS|TAMS 0x000000008d100000, 0x000000008d100000| Complete 
| 210|0x000000008d200000, 0x000000008d300000, 0x000000008d300000|100%| E|CS|TAMS 0x000000008d200000, 0x000000008d200000| Complete 
| 211|0x000000008d300000, 0x000000008d400000, 0x000000008d400000|100%| E|CS|TAMS 0x000000008d300000, 0x000000008d300000| Complete 
| 212|0x000000008d400000, 0x000000008d500000, 0x000000008d500000|100%| E|CS|TAMS 0x000000008d400000, 0x000000008d400000| Complete 
| 213|0x000000008d500000, 0x000000008d600000, 0x000000008d600000|100%| E|CS|TAMS 0x000000008d500000, 0x000000008d500000| Complete 
| 214|0x000000008d600000, 0x000000008d700000, 0x000000008d700000|100%| E|CS|TAMS 0x000000008d600000, 0x000000008d600000| Complete 
| 215|0x000000008d700000, 0x000000008d800000, 0x000000008d800000|100%| E|CS|TAMS 0x000000008d700000, 0x000000008d700000| Complete 
| 249|0x000000008f900000, 0x000000008fa00000, 0x000000008fa00000|100%| E|CS|TAMS 0x000000008f900000, 0x000000008f900000| Complete 

Card table byte_map: [0x000002456f870000,0x000002456fc70000] _byte_map_base: 0x000002456f470000

Marking Bits (Prev, Next): (CMBitMap*) 0x000002455ccd4e60, (CMBitMap*) 0x000002455ccd4e20
 Prev Bits: [0x0000024572070000, 0x0000024574070000)
 Next Bits: [0x0000024570070000, 0x0000024572070000)

Polling page: 0x000002455ac10000

Metaspace:

Usage:
  Non-class:     82.08 MB used.
      Class:     12.96 MB used.
       Both:     95.04 MB used.

Virtual space:
  Non-class space:       88.00 MB reserved,      82.38 MB ( 94%) committed,  11 nodes.
      Class space:        1.00 GB reserved,      13.25 MB (  1%) committed,  1 nodes.
             Both:        1.09 GB reserved,      95.62 MB (  9%) committed. 

Chunk freelists:
   Non-Class:  880.00 KB
       Class:  2.77 MB
        Both:  3.62 MB

MaxMetaspaceSize: unlimited
CompressedClassSpaceSize: 1.00 GB
Initial GC threshold: 21.00 MB
Current GC threshold: 144.00 MB
CDS: off
MetaspaceReclaimPolicy: balanced
 - commit_granule_bytes: 65536.
 - commit_granule_words: 8192.
 - virtual_space_node_default_size: 1048576.
 - enlarge_chunks_in_place: 1.
 - new_chunks_are_fully_committed: 0.
 - uncommit_free_chunks: 1.
 - use_allocation_guard: 0.
 - handle_deallocations: 1.


Internal statistics:

num_allocs_failed_limit: 12.
num_arena_births: 852.
num_arena_deaths: 0.
num_vsnodes_births: 12.
num_vsnodes_deaths: 0.
num_space_committed: 1530.
num_space_uncommitted: 0.
num_chunks_returned_to_freelist: 12.
num_chunks_taken_from_freelist: 4423.
num_chunk_merges: 6.
num_chunk_splits: 2933.
num_chunks_enlarged: 1980.
num_purges: 0.
num_inconsistent_stats: 0.

CodeHeap 'non-profiled nmethods': size=120000Kb used=6362Kb max_used=6362Kb free=113637Kb
 bounds [0x0000024567c10000, 0x0000024568250000, 0x000002456f140000]
CodeHeap 'profiled nmethods': size=120000Kb used=19687Kb max_used=19687Kb free=100312Kb
 bounds [0x0000024560140000, 0x0000024561480000, 0x0000024567670000]
CodeHeap 'non-nmethods': size=5760Kb used=2405Kb max_used=2452Kb free=3354Kb
 bounds [0x0000024567670000, 0x00000245678e0000, 0x0000024567c10000]
 total_blobs=11267 nmethods=10340 adapters=839
 compilation: enabled
              stopped_count=0, restarted_count=0
 full_count=0

Compilation events (20 events):
Event: 15.450 Thread 0x0000024577492050 nmethod 11880 0x0000024561478010 code [0x00000245614781c0, 0x00000245614783d8]
Event: 15.451 Thread 0x0000024578fbf210 nmethod 11801 0x000002456823ee10 code [0x000002456823f140, 0x0000024568241c90]
Event: 15.452 Thread 0x0000024578fbf210 11820       4       com.android.tools.r8.graph.e1::a (117 bytes)
Event: 15.458 Thread 0x0000024577488680 nmethod 11804 0x0000024568242f90 code [0x00000245682431a0, 0x00000245682441c8]
Event: 15.458 Thread 0x0000024577488680 11830       4       java.lang.Character::charCount (12 bytes)
Event: 15.458 Thread 0x0000024577488680 nmethod 11830 0x0000024568244e10 code [0x0000024568244f80, 0x0000024568244ff8]
Event: 15.458 Thread 0x0000024577488680 11845       4       com.android.tools.r8.graph.i::hashCode (107 bytes)
Event: 15.460 Thread 0x0000024577488680 nmethod 11845 0x0000024568245110 code [0x0000024568245280, 0x0000024568245338]
Event: 15.460 Thread 0x0000024577488680 11858       4       com.android.tools.r8.internal.rp::d (140 bytes)
Event: 15.461 Thread 0x0000024577488680 nmethod 11858 0x0000024568245410 code [0x0000024568245580, 0x0000024568245638]
Event: 15.461 Thread 0x0000024577488680 11862       4       com.android.tools.r8.internal.rp::c (85 bytes)
Event: 15.462 Thread 0x0000024577488680 nmethod 11862 0x0000024568245710 code [0x0000024568245880, 0x0000024568245958]
Event: 15.462 Thread 0x0000024577488680 11854       4       java.io.BufferedInputStream::fill (203 bytes)
Event: 15.464 Thread 0x0000024577488680 nmethod 11854 0x0000024568245a10 code [0x0000024568245ba0, 0x0000024568245cb8]
Event: 15.464 Thread 0x0000024577488680 11813       4       com.android.tools.r8.graph.e1::a (129 bytes)
Event: 15.465 Thread 0x0000024577488680 nmethod 11813 0x0000024568245e10 code [0x0000024568245f80, 0x0000024568246058]
Event: 15.465 Thread 0x0000024577488680 11871       4       java.lang.Integer::highestOneBit (10 bytes)
Event: 15.465 Thread 0x0000024577488680 nmethod 11871 0x0000024568246190 code [0x0000024568246300, 0x0000024568246378]
Event: 15.465 Thread 0x0000024577488680 11859       4       com.android.tools.r8.D8Command$Builder::d (2 bytes)
Event: 15.466 Thread 0x0000024577488680 nmethod 11859 0x0000024568246490 code [0x0000024568246600, 0x0000024568246678]

GC Heap History (20 events):
Event: 11.446 GC heap before
{Heap before GC invocations=26 (full 0):
 garbage-first heap   total 144384K, used 114876K [0x0000000080000000, 0x0000000100000000)
  region size 1024K, 52 young (53248K), 5 survivors (5120K)
 Metaspace       used 80171K, committed 80704K, reserved 1122304K
  class space    used 10921K, committed 11136K, reserved 1048576K
}
Event: 11.455 GC heap after
{Heap after GC invocations=27 (full 0):
 garbage-first heap   total 144384K, used 69978K [0x0000000080000000, 0x0000000100000000)
  region size 1024K, 6 young (6144K), 6 survivors (6144K)
 Metaspace       used 80171K, committed 80704K, reserved 1122304K
  class space    used 10921K, committed 11136K, reserved 1048576K
}
Event: 12.147 GC heap before
{Heap before GC invocations=27 (full 0):
 garbage-first heap   total 144384K, used 116058K [0x0000000080000000, 0x0000000100000000)
  region size 1024K, 51 young (52224K), 6 survivors (6144K)
 Metaspace       used 84403K, committed 84992K, reserved 1122304K
  class space    used 11455K, committed 11712K, reserved 1048576K
}
Event: 12.156 GC heap after
{Heap after GC invocations=28 (full 0):
 garbage-first heap   total 144384K, used 73922K [0x0000000080000000, 0x0000000100000000)
  region size 1024K, 7 young (7168K), 7 survivors (7168K)
 Metaspace       used 84403K, committed 84992K, reserved 1122304K
  class space    used 11455K, committed 11712K, reserved 1048576K
}
Event: 12.509 GC heap before
{Heap before GC invocations=29 (full 0):
 garbage-first heap   total 144384K, used 116930K [0x0000000080000000, 0x0000000100000000)
  region size 1024K, 49 young (50176K), 7 survivors (7168K)
 Metaspace       used 85142K, committed 85760K, reserved 1130496K
  class space    used 11556K, committed 11840K, reserved 1048576K
}
Event: 12.521 GC heap after
{Heap after GC invocations=30 (full 0):
 garbage-first heap   total 144384K, used 81042K [0x0000000080000000, 0x0000000100000000)
  region size 1024K, 7 young (7168K), 7 survivors (7168K)
 Metaspace       used 85142K, committed 85760K, reserved 1130496K
  class space    used 11556K, committed 11840K, reserved 1048576K
}
Event: 13.063 GC heap before
{Heap before GC invocations=30 (full 0):
 garbage-first heap   total 144384K, used 116882K [0x0000000080000000, 0x0000000100000000)
  region size 1024K, 42 young (43008K), 7 survivors (7168K)
 Metaspace       used 86928K, committed 87552K, reserved 1130496K
  class space    used 11882K, committed 12160K, reserved 1048576K
}
Event: 13.074 GC heap after
{Heap after GC invocations=31 (full 0):
 garbage-first heap   total 144384K, used 85953K [0x0000000080000000, 0x0000000100000000)
  region size 1024K, 5 young (5120K), 5 survivors (5120K)
 Metaspace       used 86928K, committed 87552K, reserved 1130496K
  class space    used 11882K, committed 12160K, reserved 1048576K
}
Event: 13.365 GC heap before
{Heap before GC invocations=32 (full 0):
 garbage-first heap   total 160768K, used 115649K [0x0000000080000000, 0x0000000100000000)
  region size 1024K, 35 young (35840K), 5 survivors (5120K)
 Metaspace       used 87589K, committed 88320K, reserved 1130496K
  class space    used 12007K, committed 12352K, reserved 1048576K
}
Event: 13.371 GC heap after
{Heap after GC invocations=33 (full 0):
 garbage-first heap   total 160768K, used 88684K [0x0000000080000000, 0x0000000100000000)
  region size 1024K, 3 young (3072K), 3 survivors (3072K)
 Metaspace       used 87589K, committed 88320K, reserved 1130496K
  class space    used 12007K, committed 12352K, reserved 1048576K
}
Event: 13.577 GC heap before
{Heap before GC invocations=33 (full 0):
 garbage-first heap   total 160768K, used 126572K [0x0000000080000000, 0x0000000100000000)
  region size 1024K, 41 young (41984K), 3 survivors (3072K)
 Metaspace       used 87744K, committed 88384K, reserved 1130496K
  class space    used 12010K, committed 12352K, reserved 1048576K
}
Event: 13.582 GC heap after
{Heap after GC invocations=34 (full 0):
 garbage-first heap   total 160768K, used 90735K [0x0000000080000000, 0x0000000100000000)
  region size 1024K, 5 young (5120K), 5 survivors (5120K)
 Metaspace       used 87744K, committed 88384K, reserved 1130496K
  class space    used 12010K, committed 12352K, reserved 1048576K
}
Event: 13.928 GC heap before
{Heap before GC invocations=35 (full 0):
 garbage-first heap   total 173056K, used 131695K [0x0000000080000000, 0x0000000100000000)
  region size 1024K, 45 young (46080K), 5 survivors (5120K)
 Metaspace       used 88124K, committed 88768K, reserved 1130496K
  class space    used 12045K, committed 12352K, reserved 1048576K
}
Event: 13.936 GC heap after
{Heap after GC invocations=36 (full 0):
 garbage-first heap   total 173056K, used 93929K [0x0000000080000000, 0x0000000100000000)
  region size 1024K, 6 young (6144K), 6 survivors (6144K)
 Metaspace       used 88124K, committed 88768K, reserved 1130496K
  class space    used 12045K, committed 12352K, reserved 1048576K
}
Event: 13.944 GC heap before
{Heap before GC invocations=36 (full 0):
 garbage-first heap   total 173056K, used 95977K [0x0000000080000000, 0x0000000100000000)
  region size 1024K, 8 young (8192K), 6 survivors (6144K)
 Metaspace       used 88131K, committed 88768K, reserved 1130496K
  class space    used 12045K, committed 12352K, reserved 1048576K
}
Event: 13.950 GC heap after
{Heap after GC invocations=37 (full 0):
 garbage-first heap   total 222208K, used 94013K [0x0000000080000000, 0x0000000100000000)
  region size 1024K, 1 young (1024K), 1 survivors (1024K)
 Metaspace       used 88131K, committed 88768K, reserved 1130496K
  class space    used 12045K, committed 12352K, reserved 1048576K
}
Event: 14.834 GC heap before
{Heap before GC invocations=37 (full 0):
 garbage-first heap   total 222208K, used 172861K [0x0000000080000000, 0x0000000100000000)
  region size 1024K, 78 young (79872K), 1 survivors (1024K)
 Metaspace       used 92944K, committed 93632K, reserved 1130496K
  class space    used 12638K, committed 12992K, reserved 1048576K
}
Event: 14.841 GC heap after
{Heap after GC invocations=38 (full 0):
 garbage-first heap   total 222208K, used 98338K [0x0000000080000000, 0x0000000100000000)
  region size 1024K, 6 young (6144K), 6 survivors (6144K)
 Metaspace       used 92944K, committed 93632K, reserved 1130496K
  class space    used 12638K, committed 12992K, reserved 1048576K
}
Event: 15.286 GC heap before
{Heap before GC invocations=38 (full 0):
 garbage-first heap   total 222208K, used 176162K [0x0000000080000000, 0x0000000100000000)
  region size 1024K, 83 young (84992K), 6 survivors (6144K)
 Metaspace       used 95691K, committed 96320K, reserved 1138688K
  class space    used 13020K, committed 13312K, reserved 1048576K
}
Event: 15.295 GC heap after
{Heap after GC invocations=39 (full 0):
 garbage-first heap   total 222208K, used 107093K [0x0000000080000000, 0x0000000100000000)
  region size 1024K, 11 young (11264K), 11 survivors (11264K)
 Metaspace       used 95691K, committed 96320K, reserved 1138688K
  class space    used 13020K, committed 13312K, reserved 1048576K
}

Dll operation events (2 events):
Event: 0.011 Loaded shared library C:\Program Files\Android\Android Studio\jbr\bin\java.dll
Event: 0.532 Loaded shared library C:\Program Files\Android\Android Studio\jbr\bin\verify.dll

Deoptimization events (20 events):
Event: 15.336 Thread 0x00000245786b1570 DEOPT PACKING pc=0x0000024567c90f94 sp=0x00000067c60f5d30
Event: 15.336 Thread 0x00000245786b1570 DEOPT UNPACKING pc=0x00000245676ca1a3 sp=0x00000067c60f5ce8 mode 2
Event: 15.336 Thread 0x00000245786b1570 Uncommon trap: trap_request=0xffffff45 fr.pc=0x0000024567c471f4 relative=0x00000000000014b4
Event: 15.336 Thread 0x00000245786b1570 Uncommon trap: reason=unstable_if action=reinterpret pc=0x0000024567c471f4 method=java.util.concurrent.ConcurrentHashMap.putVal(Ljava/lang/Object;Ljava/lang/Object;Z)Ljava/lang/Object; @ 162 c2
Event: 15.336 Thread 0x00000245786b1570 DEOPT PACKING pc=0x0000024567c471f4 sp=0x00000067c60f5ba0
Event: 15.336 Thread 0x00000245786b1570 DEOPT UNPACKING pc=0x00000245676ca1a3 sp=0x00000067c60f5b38 mode 2
Event: 15.356 Thread 0x000002457a3ac810 DEOPT PACKING pc=0x00000245613e6371 sp=0x00000067c8afa030
Event: 15.356 Thread 0x000002457a3ac810 DEOPT UNPACKING pc=0x00000245676cace3 sp=0x00000067c8af9540 mode 0
Event: 15.361 Thread 0x000002457bb77550 DEOPT PACKING pc=0x00000245613e6392 sp=0x00000067c4efa2f0
Event: 15.361 Thread 0x000002457bb77550 DEOPT UNPACKING pc=0x00000245676cace3 sp=0x00000067c4ef9800 mode 0
Event: 15.398 Thread 0x000002457bb76210 DEOPT PACKING pc=0x00000245613e6371 sp=0x00000067c4afa230
Event: 15.398 Thread 0x000002457bb76210 DEOPT UNPACKING pc=0x00000245676cace3 sp=0x00000067c4af9740 mode 0
Event: 15.398 Thread 0x000002457e9dd4f0 DEOPT PACKING pc=0x00000245613e6392 sp=0x00000067c9ff6510
Event: 15.398 Thread 0x000002457bb77080 DEOPT PACKING pc=0x00000245613e6392 sp=0x00000067c4dfa450
Event: 15.398 Thread 0x000002457e9dd4f0 DEOPT UNPACKING pc=0x00000245676cace3 sp=0x00000067c9ff5a20 mode 0
Event: 15.398 Thread 0x000002457bb77080 DEOPT UNPACKING pc=0x00000245676cace3 sp=0x00000067c4df9960 mode 0
Event: 15.398 Thread 0x000002457bb77550 DEOPT PACKING pc=0x00000245613e6371 sp=0x00000067c4efa5c0
Event: 15.398 Thread 0x000002457bb77550 DEOPT UNPACKING pc=0x00000245676cace3 sp=0x00000067c4ef9ad0 mode 0
Event: 15.401 Thread 0x000002457bb77550 DEOPT PACKING pc=0x00000245613e6392 sp=0x00000067c4efa860
Event: 15.401 Thread 0x000002457bb77550 DEOPT UNPACKING pc=0x00000245676cace3 sp=0x00000067c4ef9d70 mode 0

Classes unloaded (0 events):
No events

Classes redefined (0 events):
No events

Internal exceptions (20 events):
Event: 12.801 Thread 0x000002457e9db340 Exception <a 'java/lang/NoSuchMethodError'{0x0000000087300e58}: 'void java.lang.invoke.DirectMethodHandle$Holder.invokeSpecial(java.lang.Object, java.lang.Object, java.lang.Object, int)'> (0x0000000087300e58) 
thrown [s\src\hotspot\share\interpreter\linkResolver.cpp, line 771]
Event: 13.106 Thread 0x000002457e9d8cc0 Exception <a 'java/lang/NoSuchMethodError'{0x000000008c69f9c8}: 'void java.lang.invoke.DirectMethodHandle$Holder.invokeStatic(java.lang.Object, java.lang.Object, java.lang.Object, java.lang.Object, int, java.lang.Object, java.lang.Object)'> (0x000000008c69f9c8) 
thrown [s\src\hotspot\share\interpreter\linkResolver.cpp, line 771]
Event: 13.141 Thread 0x000002457a3d8070 Exception <a 'java/lang/NoSuchMethodError'{0x000000008c17cce0}: 'java.lang.Object java.lang.invoke.DirectMethodHandle$Holder.invokeSpecialIFC(java.lang.Object, java.lang.Object, java.lang.Object)'> (0x000000008c17cce0) 
thrown [s\src\hotspot\share\interpreter\linkResolver.cpp, line 771]
Event: 13.141 Thread 0x00000245786ae550 Exception <a 'java/lang/NoSuchMethodError'{0x000000008c173290}: 'java.lang.Object java.lang.invoke.DirectMethodHandle$Holder.invokeSpecialIFC(java.lang.Object, java.lang.Object, java.lang.Object)'> (0x000000008c173290) 
thrown [s\src\hotspot\share\interpreter\linkResolver.cpp, line 771]
Event: 13.141 Thread 0x000002457a3ae9c0 Exception <a 'java/lang/NoSuchMethodError'{0x000000008c164c38}: 'java.lang.Object java.lang.invoke.DirectMethodHandle$Holder.invokeSpecialIFC(java.lang.Object, java.lang.Object, java.lang.Object)'> (0x000000008c164c38) 
thrown [s\src\hotspot\share\interpreter\linkResolver.cpp, line 771]
Event: 13.141 Thread 0x000002457a3aee90 Exception <a 'java/lang/NoSuchMethodError'{0x000000008c1548e8}: 'java.lang.Object java.lang.invoke.DirectMethodHandle$Holder.invokeSpecialIFC(java.lang.Object, java.lang.Object, java.lang.Object)'> (0x000000008c1548e8) 
thrown [s\src\hotspot\share\interpreter\linkResolver.cpp, line 771]
Event: 13.141 Thread 0x00000245786b1570 Exception <a 'java/lang/NoSuchMethodError'{0x000000008c15c708}: 'java.lang.Object java.lang.invoke.DirectMethodHandle$Holder.invokeSpecialIFC(java.lang.Object, java.lang.Object, java.lang.Object)'> (0x000000008c15c708) 
thrown [s\src\hotspot\share\interpreter\linkResolver.cpp, line 771]
Event: 13.141 Thread 0x000002457bb74a00 Exception <a 'java/lang/NoSuchMethodError'{0x000000008c16b658}: 'java.lang.Object java.lang.invoke.DirectMethodHandle$Holder.invokeSpecialIFC(java.lang.Object, java.lang.Object, java.lang.Object)'> (0x000000008c16b658) 
thrown [s\src\hotspot\share\interpreter\linkResolver.cpp, line 771]
Event: 13.141 Thread 0x000002457e9d8cc0 Exception <a 'java/lang/NoSuchMethodError'{0x000000008c114620}: 'java.lang.Object java.lang.invoke.DirectMethodHandle$Holder.invokeSpecialIFC(java.lang.Object, java.lang.Object, java.lang.Object)'> (0x000000008c114620) 
thrown [s\src\hotspot\share\interpreter\linkResolver.cpp, line 771]
Event: 13.142 Thread 0x000002457a3d93b0 Exception <a 'java/lang/NoSuchMethodError'{0x000000008c1867a0}: 'java.lang.Object java.lang.invoke.DirectMethodHandle$Holder.invokeSpecialIFC(java.lang.Object, java.lang.Object, java.lang.Object)'> (0x000000008c1867a0) 
thrown [s\src\hotspot\share\interpreter\linkResolver.cpp, line 771]
Event: 13.422 Thread 0x00000245786aea20 Exception <a 'java/lang/NoSuchMethodError'{0x000000008f9a8bf8}: 'void java.lang.invoke.DirectMethodHandle$Holder.invokeVirtual(java.lang.Object, java.lang.Object)'> (0x000000008f9a8bf8) 
thrown [s\src\hotspot\share\interpreter\linkResolver.cpp, line 771]
Event: 13.787 Thread 0x000002457e9d8cc0 Exception <a 'java/lang/NoSuchMethodError'{0x0000000089457858}: 'void java.lang.invoke.DirectMethodHandle$Holder.invokeInterface(java.lang.Object, java.lang.Object, java.lang.Object, java.lang.Object)'> (0x0000000089457858) 
thrown [s\src\hotspot\share\interpreter\linkResolver.cpp, line 771]
Event: 13.994 Thread 0x000002457e9ded00 Exception <a 'java/lang/NoSuchMethodError'{0x000000008d2975e0}: static Lcom/android/build/api/variant/BuildConfigField;.<clinit>()V> (0x000000008d2975e0) 
thrown [s\src\hotspot\share\prims\jni.cpp, line 1108]
Event: 15.280 Thread 0x00000245786b1570 Exception <a 'sun/nio/fs/WindowsException'{0x0000000088fac860}> (0x0000000088fac860) 
thrown [s\src\hotspot\share\prims\jni.cpp, line 517]
Event: 15.280 Thread 0x000002457bb77550 Exception <a 'sun/nio/fs/WindowsException'{0x00000000894c6110}> (0x00000000894c6110) 
thrown [s\src\hotspot\share\prims\jni.cpp, line 517]
Event: 15.281 Thread 0x000002457bb76210 Exception <a 'sun/nio/fs/WindowsException'{0x00000000894edb28}> (0x00000000894edb28) 
thrown [s\src\hotspot\share\prims\jni.cpp, line 517]
Event: 15.283 Thread 0x000002457a3ac810 Exception <a 'sun/nio/fs/WindowsException'{0x0000000088d740e0}> (0x0000000088d740e0) 
thrown [s\src\hotspot\share\prims\jni.cpp, line 517]
Event: 15.283 Thread 0x000002457e9dd4f0 Exception <a 'sun/nio/fs/WindowsException'{0x000000008918f670}> (0x000000008918f670) 
thrown [s\src\hotspot\share\prims\jni.cpp, line 517]
Event: 15.284 Thread 0x000002457a3db560 Exception <a 'sun/nio/fs/WindowsException'{0x0000000088db9ef8}> (0x0000000088db9ef8) 
thrown [s\src\hotspot\share\prims\jni.cpp, line 517]
Event: 15.307 Thread 0x000002457bb77080 Exception <a 'sun/nio/fs/WindowsException'{0x000000008d2658a0}> (0x000000008d2658a0) 
thrown [s\src\hotspot\share\prims\jni.cpp, line 517]

VM Operations (20 events):
Event: 14.285 Executing VM operation: HandshakeAllThreads
Event: 14.285 Executing VM operation: HandshakeAllThreads done
Event: 14.291 Executing VM operation: HandshakeAllThreads
Event: 14.292 Executing VM operation: HandshakeAllThreads done
Event: 14.834 Executing VM operation: G1CollectForAllocation
Event: 14.841 Executing VM operation: G1CollectForAllocation done
Event: 15.132 Executing VM operation: ICBufferFull
Event: 15.132 Executing VM operation: ICBufferFull done
Event: 15.208 Executing VM operation: HandshakeAllThreads
Event: 15.209 Executing VM operation: HandshakeAllThreads done
Event: 15.210 Executing VM operation: HandshakeAllThreads
Event: 15.210 Executing VM operation: HandshakeAllThreads done
Event: 15.286 Executing VM operation: G1CollectForAllocation
Event: 15.296 Executing VM operation: G1CollectForAllocation done
Event: 15.301 Executing VM operation: HandshakeAllThreads
Event: 15.301 Executing VM operation: HandshakeAllThreads done
Event: 15.347 Executing VM operation: HandshakeAllThreads
Event: 15.347 Executing VM operation: HandshakeAllThreads done
Event: 15.347 Executing VM operation: HandshakeAllThreads
Event: 15.348 Executing VM operation: HandshakeAllThreads done

Events (20 events):
Event: 15.196 loading class java/nio/file/Files$2 done
Event: 15.212 loading class sun/nio/fs/Globs
Event: 15.212 loading class sun/nio/fs/Globs done
Event: 15.212 loading class java/util/regex/Pattern$SliceU
Event: 15.212 loading class java/util/regex/Pattern$SliceU done
Event: 15.212 loading class sun/nio/fs/WindowsFileSystem$2
Event: 15.212 loading class java/nio/file/PathMatcher
Event: 15.213 loading class java/nio/file/PathMatcher done
Event: 15.213 loading class sun/nio/fs/WindowsFileSystem$2 done
Event: 15.247 loading class java/util/zip/ZipInputStream
Event: 15.248 loading class java/util/zip/ZipInputStream done
Event: 15.328 loading class java/io/UTFDataFormatException
Event: 15.328 loading class java/io/UTFDataFormatException done
Event: 15.349 Thread 0x0000024577492950 flushing nmethod 0x0000024567f5ab10
Event: 15.349 Thread 0x0000024577492950 flushing nmethod 0x0000024567f63f90
Event: 15.354 Thread 0x0000024577492950 flushing nmethod 0x0000024560448d10
Event: 15.354 Thread 0x0000024577492950 flushing nmethod 0x000002456044a390
Event: 15.355 Thread 0x0000024577492950 flushing nmethod 0x0000024560497510
Event: 15.429 loading class java/util/concurrent/RejectedExecutionException
Event: 15.430 loading class java/util/concurrent/RejectedExecutionException done


Dynamic libraries:
0x00007ff616aa0000 - 0x00007ff616aaa000 	C:\Program Files\Android\Android Studio\jbr\bin\java.exe
0x00007fff2f450000 - 0x00007fff2f664000 	C:\WINDOWS\SYSTEM32\ntdll.dll
0x00007fff2da40000 - 0x00007fff2db02000 	C:\WINDOWS\System32\KERNEL32.DLL
0x00007fff2cdd0000 - 0x00007fff2d16c000 	C:\WINDOWS\System32\KERNELBASE.dll
0x00007fff2cc10000 - 0x00007fff2cd21000 	C:\WINDOWS\System32\ucrtbase.dll
0x00007ffeefe00000 - 0x00007ffeefe17000 	C:\Program Files\Android\Android Studio\jbr\bin\jli.dll
0x00007ffefb010000 - 0x00007ffefb02b000 	C:\Program Files\Android\Android Studio\jbr\bin\VCRUNTIME140.dll
0x00007fff2d380000 - 0x00007fff2d52b000 	C:\WINDOWS\System32\USER32.dll
0x00007fff1edc0000 - 0x00007fff1f04e000 	C:\WINDOWS\WinSxS\amd64_microsoft.windows.common-controls_6595b64144ccf1df_6.0.22621.608_none_a9444ca7c10bb01d\COMCTL32.dll
0x00007fff2cb20000 - 0x00007fff2cb46000 	C:\WINDOWS\System32\win32u.dll
0x00007fff2f150000 - 0x00007fff2f1f7000 	C:\WINDOWS\System32\msvcrt.dll
0x00007fff2e2c0000 - 0x00007fff2e2e9000 	C:\WINDOWS\System32\GDI32.dll
0x00007fff2c890000 - 0x00007fff2c9a3000 	C:\WINDOWS\System32\gdi32full.dll
0x00007fff2cd30000 - 0x00007fff2cdca000 	C:\WINDOWS\System32\msvcp_win.dll
0x00007fff2d340000 - 0x00007fff2d371000 	C:\WINDOWS\System32\IMM32.DLL
0x00007fff21ad0000 - 0x00007fff21adc000 	C:\Program Files\Android\Android Studio\jbr\bin\vcruntime140_1.dll
0x00007ffee04c0000 - 0x00007ffee054d000 	C:\Program Files\Android\Android Studio\jbr\bin\msvcp140.dll
0x00007ffe9b930000 - 0x00007ffe9c59d000 	C:\Program Files\Android\Android Studio\jbr\bin\server\jvm.dll
0x00007fff2dc90000 - 0x00007fff2dd3e000 	C:\WINDOWS\System32\ADVAPI32.dll
0x00007fff2d930000 - 0x00007fff2d9d4000 	C:\WINDOWS\System32\sechost.dll
0x00007fff2e680000 - 0x00007fff2e797000 	C:\WINDOWS\System32\RPCRT4.dll
0x00007fff241e0000 - 0x00007fff241ea000 	C:\WINDOWS\SYSTEM32\VERSION.dll
0x00007fff27900000 - 0x00007fff27909000 	C:\WINDOWS\SYSTEM32\WSOCK32.dll
0x00007fff21940000 - 0x00007fff21974000 	C:\WINDOWS\SYSTEM32\WINMM.dll
0x00007fff2f260000 - 0x00007fff2f2d1000 	C:\WINDOWS\System32\WS2_32.dll
0x00007fff2b9d0000 - 0x00007fff2b9e8000 	C:\WINDOWS\SYSTEM32\kernel.appcore.dll
0x00007fff278d0000 - 0x00007fff278da000 	C:\Program Files\Android\Android Studio\jbr\bin\jimage.dll
0x00007fff29ba0000 - 0x00007fff29dce000 	C:\WINDOWS\SYSTEM32\DBGHELP.DLL
0x00007fff2e2f0000 - 0x00007fff2e679000 	C:\WINDOWS\System32\combase.dll
0x00007fff2d260000 - 0x00007fff2d337000 	C:\WINDOWS\System32\OLEAUT32.dll
0x00007fff03a90000 - 0x00007fff03ac2000 	C:\WINDOWS\SYSTEM32\dbgcore.DLL
0x00007fff2d1e0000 - 0x00007fff2d25b000 	C:\WINDOWS\System32\bcryptPrimitives.dll
0x00007fff17bf0000 - 0x00007fff17c15000 	C:\Program Files\Android\Android Studio\jbr\bin\java.dll
0x00007fff20e50000 - 0x00007fff20e68000 	C:\Program Files\Android\Android Studio\jbr\bin\zip.dll
0x00007fff2e7a0000 - 0x00007fff2ef90000 	C:\WINDOWS\System32\SHELL32.dll
0x00007fff2a8a0000 - 0x00007fff2b16d000 	C:\WINDOWS\SYSTEM32\windows.storage.dll
0x00007fff2a760000 - 0x00007fff2a89e000 	C:\WINDOWS\SYSTEM32\wintypes.dll
0x00007fff2f2e0000 - 0x00007fff2f3d1000 	C:\WINDOWS\System32\SHCORE.dll
0x00007fff2d9e0000 - 0x00007fff2da3e000 	C:\WINDOWS\System32\shlwapi.dll
0x00007fff2c7c0000 - 0x00007fff2c7e1000 	C:\WINDOWS\SYSTEM32\profapi.dll
0x00007fff19930000 - 0x00007fff19949000 	C:\Program Files\Android\Android Studio\jbr\bin\net.dll
0x00007fff26480000 - 0x00007fff265b7000 	C:\WINDOWS\SYSTEM32\WINHTTP.dll
0x00007fff2be40000 - 0x00007fff2bea9000 	C:\WINDOWS\system32\mswsock.dll
0x00007fff197f0000 - 0x00007fff19806000 	C:\Program Files\Android\Android Studio\jbr\bin\nio.dll
0x00007fff240d0000 - 0x00007fff240e0000 	C:\Program Files\Android\Android Studio\jbr\bin\verify.dll
0x00007ffedf8f0000 - 0x00007ffedf917000 	C:\Users\georg\Documents\edistynytmobiiliohjelmointi-master (1)\edistynytmobiiliohjelmointi-master\native\e1d6ef7f7dcc3fd88c89a11ec53ec762bb8ba0a96d01ffa2cd45eb1d1d8dd5c5\windows-amd64\native-platform.dll
0x00007ffe98600000 - 0x00007ffe98744000 	C:\Users\georg\Documents\edistynytmobiiliohjelmointi-master (1)\edistynytmobiiliohjelmointi-master\native\0d407fdbe67a94daf76414ababcb853783967236a71b16ec16e742cd7a986fd3\windows-amd64\native-platform-file-events.dll
0x00007fff278b0000 - 0x00007fff278b9000 	C:\Program Files\Android\Android Studio\jbr\bin\management.dll
0x00007fff27850000 - 0x00007fff2785b000 	C:\Program Files\Android\Android Studio\jbr\bin\management_ext.dll
0x00007fff2d920000 - 0x00007fff2d928000 	C:\WINDOWS\System32\PSAPI.DLL
0x00007fff2c0a0000 - 0x00007fff2c0bb000 	C:\WINDOWS\SYSTEM32\CRYPTSP.dll
0x00007fff2b940000 - 0x00007fff2b975000 	C:\WINDOWS\system32\rsaenh.dll
0x00007fff2bf40000 - 0x00007fff2bf68000 	C:\WINDOWS\SYSTEM32\USERENV.dll
0x00007fff2c260000 - 0x00007fff2c288000 	C:\WINDOWS\SYSTEM32\bcrypt.dll
0x00007fff2c0c0000 - 0x00007fff2c0cc000 	C:\WINDOWS\SYSTEM32\CRYPTBASE.dll
0x00007fff2b480000 - 0x00007fff2b4ad000 	C:\WINDOWS\SYSTEM32\IPHLPAPI.DLL
0x00007fff2e2b0000 - 0x00007fff2e2b9000 	C:\WINDOWS\System32\NSI.dll
0x00007fff25640000 - 0x00007fff25659000 	C:\WINDOWS\SYSTEM32\dhcpcsvc6.DLL
0x00007fff25620000 - 0x00007fff2563f000 	C:\WINDOWS\SYSTEM32\dhcpcsvc.DLL
0x00007fff2b500000 - 0x00007fff2b5f3000 	C:\WINDOWS\SYSTEM32\DNSAPI.dll
0x00007fff05bf0000 - 0x00007fff05bf8000 	C:\WINDOWS\system32\wshunix.dll

dbghelp: loaded successfully - version: 4.0.5 - missing functions: none
symbol engine: initialized successfully - sym options: 0x614 - pdb path: .;C:\Program Files\Android\Android Studio\jbr\bin;C:\WINDOWS\SYSTEM32;C:\WINDOWS\WinSxS\amd64_microsoft.windows.common-controls_6595b64144ccf1df_6.0.22621.608_none_a9444ca7c10bb01d;C:\Program Files\Android\Android Studio\jbr\bin\server;C:\Users\georg\Documents\edistynytmobiiliohjelmointi-master (1)\edistynytmobiiliohjelmointi-master\native\e1d6ef7f7dcc3fd88c89a11ec53ec762bb8ba0a96d01ffa2cd45eb1d1d8dd5c5\windows-amd64;C:\Users\georg\Documents\edistynytmobiiliohjelmointi-master (1)\edistynytmobiiliohjelmointi-master\native\0d407fdbe67a94daf76414ababcb853783967236a71b16ec16e742cd7a986fd3\windows-amd64

VM Arguments:
jvm_args: --add-opens=java.base/java.util=ALL-UNNAMED --add-opens=java.base/java.lang=ALL-UNNAMED --add-opens=java.base/java.lang.invoke=ALL-UNNAMED --add-opens=java.base/java.util=ALL-UNNAMED --add-opens=java.prefs/java.util.prefs=ALL-UNNAMED --add-opens=java.prefs/java.util.prefs=ALL-UNNAMED --add-opens=java.base/java.nio.charset=ALL-UNNAMED --add-opens=java.base/java.net=ALL-UNNAMED --add-opens=java.base/java.util.concurrent.atomic=ALL-UNNAMED -Xmx2048m -Dfile.encoding=UTF-8 -Duser.country=US -Duser.language=en -Duser.variant 
java_command: org.gradle.launcher.daemon.bootstrap.GradleDaemon 7.5
java_class_path (initial): C:\Users\georg\Documents\edistynytmobiiliohjelmointi-master (1)\edistynytmobiiliohjelmointi-master\wrapper\dists\gradle-7.5-bin\f1w0cc9nuo0eivz97x2xlu9sv\gradle-7.5\lib\gradle-launcher-7.5.jar
Launcher Type: SUN_STANDARD

[Global flags]
     intx CICompilerCount                          = 4                                         {product} {ergonomic}
     uint ConcGCThreads                            = 2                                         {product} {ergonomic}
     uint G1ConcRefinementThreads                  = 8                                         {product} {ergonomic}
   size_t G1HeapRegionSize                         = 1048576                                   {product} {ergonomic}
    uintx GCDrainStackTargetSize                   = 64                                        {product} {ergonomic}
   size_t InitialHeapSize                          = 262144000                                 {product} {ergonomic}
   size_t MarkStackSize                            = 4194304                                   {product} {ergonomic}
   size_t MaxHeapSize                              = 2147483648                                {product} {command line}
   size_t MaxNewSize                               = 1287651328                                {product} {ergonomic}
   size_t MinHeapDeltaBytes                        = 1048576                                   {product} {ergonomic}
   size_t MinHeapSize                              = 8388608                                   {product} {ergonomic}
    uintx NonNMethodCodeHeapSize                   = 5839372                                {pd product} {ergonomic}
    uintx NonProfiledCodeHeapSize                  = 122909434                              {pd product} {ergonomic}
    uintx ProfiledCodeHeapSize                     = 122909434                              {pd product} {ergonomic}
    uintx ReservedCodeCacheSize                    = 251658240                              {pd product} {ergonomic}
     bool SegmentedCodeCache                       = true                                      {product} {ergonomic}
   size_t SoftMaxHeapSize                          = 2147483648                             {manageable} {ergonomic}
     bool UseCompressedClassPointers               = true                           {product lp64_product} {ergonomic}
     bool UseCompressedOops                        = true                           {product lp64_product} {ergonomic}
     bool UseG1GC                                  = true                                      {product} {ergonomic}
     bool UseLargePagesIndividualAllocation        = false                                  {pd product} {ergonomic}

Logging:
Log output configuration:
 #0: stdout all=warning uptime,level,tags
 #1: stderr all=off uptime,level,tags

Environment Variables:
PATH=C:\WINDOWS\system32;C:\WINDOWS;C:\WINDOWS\System32\Wbem;C:\WINDOWS\System32\WindowsPowerShell\v1.0\;C:\WINDOWS\System32\OpenSSH\;C:\Users\georg\AppData\Local\Microsoft\WindowsApps;C:\Users\georg\AppData\Local\GitHubDesktop\bin
USERNAME=georg
OS=Windows_NT
PROCESSOR_IDENTIFIER=Intel64 Family 6 Model 140 Stepping 1, GenuineIntel
TMP=C:\Users\georg\AppData\Local\Temp
TEMP=C:\Users\georg\AppData\Local\Temp



---------------  S Y S T E M  ---------------

OS:
 Windows 11 , 64 bit Build 22621 (10.0.22621.1485)
OS uptime: 3 days 8:22 hours

CPU: total 8 (initial active 8) (4 cores per cpu, 2 threads per core) family 6 model 140 stepping 1 microcode 0xa4, cx8, cmov, fxsr, ht, mmx, 3dnowpref, sse, sse2, sse3, ssse3, sse4.1, sse4.2, popcnt, lzcnt, tsc, tscinvbit, avx, avx2, aes, erms, clmul, bmi1, bmi2, adx, avx512f, avx512dq, avx512cd, avx512bw, avx512vl, sha, fma, vzeroupper, avx512_vpopcntdq, avx512_vpclmulqdq, avx512_vaes, avx512_vnni, clflush, clflushopt, clwb, avx512_vbmi2, avx512_vbmi

Memory: 4k page, system-wide physical 15963M (3722M free)
TotalPageFile size 15963M (AvailPageFile size 5M)
current process WorkingSet (physical memory assigned to process): 523M, peak: 523M
current process commit charge ("private bytes"): 582M, peak: 584M

vm_info: OpenJDK 64-Bit Server VM (17.0.6+0-b2043.56-9586694) for windows-amd64 JRE (17.0.6+0-b2043.56-9586694), built on Feb  9 2023 20:06:20 by "androidbuild" with MS VC++ 16.10 / 16.11 (VS2019)

END.
