#
# There is insufficient memory for the Java Runtime Environment to continue.
# Native memory allocation (mmap) failed to map 65536 bytes for Failed to commit metaspace.
# Possible reasons:
#   The system is out of physical RAM or swap space
#   The process is running with CompressedOops enabled, and the Java Heap may be blocking the growth of the native heap
# Possible solutions:
#   Reduce memory load on the system
#   Increase physical memory or swap space
#   Check if swap backing store is full
#   Decrease Java heap size (-Xmx/-Xms)
#   Decrease number of Java threads
#   Decrease Java thread stack sizes (-Xss)
#   Set larger code cache with -XX:ReservedCodeCacheSize=
#   JVM is running with Unscaled Compressed Oops mode in which the Java heap is
#     placed in the first 4GB address space. The Java Heap base address is the
#     maximum limit for the native heap growth. Please use -XX:HeapBaseMinAddress
#     to set the Java Heap base and to place the Java Heap above 4GB virtual address.
# This output file may be truncated or incomplete.
#
#  Out of Memory Error (virtualSpaceNode.cpp:110), pid=17632, tid=19476
#
# JRE version: OpenJDK Runtime Environment (17.0.6) (build 17.0.6+0-b2043.56-9586694)
# Java VM: OpenJDK 64-Bit Server VM (17.0.6+0-b2043.56-9586694, mixed mode, tiered, compressed oops, compressed class ptrs, g1 gc, windows-amd64)
# No core dump will be written. Minidumps are not enabled by default on client versions of Windows
#

---------------  S U M M A R Y ------------

Command Line: --add-opens=java.base/java.util=ALL-UNNAMED --add-opens=java.base/java.lang=ALL-UNNAMED --add-opens=java.base/java.lang.invoke=ALL-UNNAMED --add-opens=java.base/java.util=ALL-UNNAMED --add-opens=java.prefs/java.util.prefs=ALL-UNNAMED --add-opens=java.prefs/java.util.prefs=ALL-UNNAMED --add-opens=java.base/java.nio.charset=ALL-UNNAMED --add-opens=java.base/java.net=ALL-UNNAMED --add-opens=java.base/java.util.concurrent.atomic=ALL-UNNAMED -Xmx2048m -Dfile.encoding=UTF-8 -Duser.country=US -Duser.language=en -Duser.variant org.gradle.launcher.daemon.bootstrap.GradleDaemon 7.5

Host: 11th Gen Intel(R) Core(TM) i7-1185G7 @ 3.00GHz, 8 cores, 15G,  Windows 11 , 64 bit Build 22621 (10.0.22621.1485)
Time: Sun May  7 22:08:18 2023 FLE Daylight Time elapsed time: 17.194357 seconds (0d 0h 0m 17s)

---------------  T H R E A D  ---------------

Current thread (0x0000020bd048a030):  JavaThread "C1 CompilerThread0" daemon [_thread_in_vm, id=19476, stack(0x0000009d11f00000,0x0000009d12000000)]


Current CompileTask:
C1:  17194 8685       3       org.gradle.api.internal.provider.AbstractMinimalProvider::get (37 bytes)

Stack: [0x0000009d11f00000,0x0000009d12000000]
Native frames: (J=compiled Java code, j=interpreted, Vv=VM code, C=native code)
V  [jvm.dll+0x683b4a]
V  [jvm.dll+0x842654]
V  [jvm.dll+0x843dfe]
V  [jvm.dll+0x844463]
V  [jvm.dll+0x249b75]
V  [jvm.dll+0x83e6ab]
V  [jvm.dll+0x627fa6]
V  [jvm.dll+0x1c194e]
V  [jvm.dll+0x62a8e1]
V  [jvm.dll+0x628946]
V  [jvm.dll+0x639b9a]
V  [jvm.dll+0x6329aa]
V  [jvm.dll+0x1cdb00]
V  [jvm.dll+0x1cdcf0]
V  [jvm.dll+0x147f01]
V  [jvm.dll+0x147d45]
V  [jvm.dll+0x13f58e]
V  [jvm.dll+0x141b45]
V  [jvm.dll+0x13fe24]
V  [jvm.dll+0x139d9f]
V  [jvm.dll+0x1499a6]
V  [jvm.dll+0x135490]
V  [jvm.dll+0x1357f0]
V  [jvm.dll+0x135ab6]
V  [jvm.dll+0x134f4a]
V  [jvm.dll+0x136c11]
V  [jvm.dll+0x22b098]
V  [jvm.dll+0x229159]
V  [jvm.dll+0x7f809c]
V  [jvm.dll+0x7f25fa]
V  [jvm.dll+0x682985]
C  [ucrtbase.dll+0x29363]
C  [KERNEL32.DLL+0x1269d]
C  [ntdll.dll+0x5a9f8]


---------------  P R O C E S S  ---------------

Threads class SMR info:
_java_thread_list=0x0000020bd69072c0, length=126, elements={
0x0000020bb5ba9390, 0x0000020bd0436560, 0x0000020bd0437020, 0x0000020bd047e690,
0x0000020bd047f240, 0x0000020bd0481c00, 0x0000020bd04834d0, 0x0000020bd0484170,
0x0000020bd048a030, 0x0000020bd0493950, 0x0000020bd06048c0, 0x0000020bd0604d90,
0x0000020bd30d7a50, 0x0000020bd18f6050, 0x0000020bd293c8f0, 0x0000020bd36f54d0,
0x0000020bd3541a70, 0x0000020bd2dbdb50, 0x0000020bd2a9efd0, 0x0000020bd2cf2170,
0x0000020bd2cf2b10, 0x0000020bd2cf2640, 0x0000020bd2cf17d0, 0x0000020bd2cf1ca0,
0x0000020bd3b266f0, 0x0000020bd3b29710, 0x0000020bd3b27f00, 0x0000020bd3b27560,
0x0000020bd3b23ba0, 0x0000020bd3b24a10, 0x0000020bd3b29be0, 0x0000020bd3b27090,
0x0000020bd3b25880, 0x0000020bd3b24070, 0x0000020bd3b26bc0, 0x0000020bd3b22d30,
0x0000020bd3b24ee0, 0x0000020bd3b2a0b0, 0x0000020bd3b253b0, 0x0000020bd3b26220,
0x0000020bd3b29240, 0x0000020bd3b22860, 0x0000020bd4190940, 0x0000020bd41917b0,
0x0000020bd4190470, 0x0000020bd4190e10, 0x0000020bd418ffa0, 0x0000020bd4191c80,
0x0000020bd4192150, 0x0000020bd4192620, 0x0000020bd418fad0, 0x0000020bd41912e0,
0x0000020bd4192af0, 0x0000020bd4192fc0, 0x0000020bd418c110, 0x0000020bd4193490,
0x0000020bd418bc40, 0x0000020bd418cab0, 0x0000020bd418cf80, 0x0000020bd418f600,
0x0000020bd418c5e0, 0x0000020bd418d450, 0x0000020bd418ddf0, 0x0000020bd418d920,
0x0000020bd418e2c0, 0x0000020bd418e790, 0x0000020bd418ec60, 0x0000020bd418f130,
0x0000020bd2c76520, 0x0000020bd2c739d0, 0x0000020bd2c769f0, 0x0000020bd2c76ec0,
0x0000020bd2c77390, 0x0000020bd2c786d0, 0x0000020bd2c73ea0, 0x0000020bd2c73030,
0x0000020bd2c76050, 0x0000020bd2c72b60, 0x0000020bd2c751e0, 0x0000020bd2c73500,
0x0000020bd2c72690, 0x0000020bd2c74370, 0x0000020bd2c77860, 0x0000020bd2c77d30,
0x0000020bd2c71cf0, 0x0000020bd2c74840, 0x0000020bd2c78200, 0x0000020bd2c78ba0,
0x0000020bd2c79070, 0x0000020bd2c74d10, 0x0000020bd2c756b0, 0x0000020bd2c75b80,
0x0000020bd2c71820, 0x0000020bd2c721c0, 0x0000020bd6142c60, 0x0000020bd6142790,
0x0000020bd613d5c0, 0x0000020bd613da90, 0x0000020bd613e430, 0x0000020bd613df60,
0x0000020bd613b410, 0x0000020bd6141920, 0x0000020bd613e900, 0x0000020bd613edd0,
0x0000020bd613f2a0, 0x0000020bd6141450, 0x0000020bd613b8e0, 0x0000020bd613c280,
0x0000020bd6140110, 0x0000020bd6141df0, 0x0000020bd6140ab0, 0x0000020bd613f770,
0x0000020bd61405e0, 0x0000020bd613fc40, 0x0000020bd6140f80, 0x0000020bd61422c0,
0x0000020bd613bdb0, 0x0000020bd613c750, 0x0000020bd613cc20, 0x0000020bd613d0f0,
0x0000020bd5c4ed10, 0x0000020bd5c48800, 0x0000020bd5c4d030, 0x0000020bd5c4d9d0,
0x0000020bd5c49b40, 0x0000020bd49438e0
}

Java Threads: ( => current thread )
  0x0000020bb5ba9390 JavaThread "main" [_thread_blocked, id=2344, stack(0x0000009d11100000,0x0000009d11200000)]
  0x0000020bd0436560 JavaThread "Reference Handler" daemon [_thread_blocked, id=10416, stack(0x0000009d11800000,0x0000009d11900000)]
  0x0000020bd0437020 JavaThread "Finalizer" daemon [_thread_blocked, id=21068, stack(0x0000009d11900000,0x0000009d11a00000)]
  0x0000020bd047e690 JavaThread "Signal Dispatcher" daemon [_thread_blocked, id=5596, stack(0x0000009d11a00000,0x0000009d11b00000)]
  0x0000020bd047f240 JavaThread "Attach Listener" daemon [_thread_blocked, id=19676, stack(0x0000009d11b00000,0x0000009d11c00000)]
  0x0000020bd0481c00 JavaThread "Service Thread" daemon [_thread_blocked, id=18160, stack(0x0000009d11c00000,0x0000009d11d00000)]
  0x0000020bd04834d0 JavaThread "Monitor Deflation Thread" daemon [_thread_blocked, id=20156, stack(0x0000009d11d00000,0x0000009d11e00000)]
  0x0000020bd0484170 JavaThread "C2 CompilerThread0" daemon [_thread_in_native, id=4692, stack(0x0000009d11e00000,0x0000009d11f00000)]
=>0x0000020bd048a030 JavaThread "C1 CompilerThread0" daemon [_thread_in_vm, id=19476, stack(0x0000009d11f00000,0x0000009d12000000)]
  0x0000020bd0493950 JavaThread "Sweeper thread" daemon [_thread_blocked, id=20228, stack(0x0000009d12000000,0x0000009d12100000)]
  0x0000020bd06048c0 JavaThread "Common-Cleaner" daemon [_thread_blocked, id=2236, stack(0x0000009d12100000,0x0000009d12200000)]
  0x0000020bd0604d90 JavaThread "Notification Thread" daemon [_thread_blocked, id=15460, stack(0x0000009d12200000,0x0000009d12300000)]
  0x0000020bd30d7a50 JavaThread "Daemon health stats" [_thread_blocked, id=11760, stack(0x0000009d12b00000,0x0000009d12c00000)]
  0x0000020bd18f6050 JavaThread "Incoming local TCP Connector on port 58102" [_thread_in_native, id=19132, stack(0x0000009d12c00000,0x0000009d12d00000)]
  0x0000020bd293c8f0 JavaThread "Daemon periodic checks" [_thread_blocked, id=2764, stack(0x0000009d12d00000,0x0000009d12e00000)]
  0x0000020bd36f54d0 JavaThread "Daemon" [_thread_blocked, id=17388, stack(0x0000009d12e00000,0x0000009d12f00000)]
  0x0000020bd3541a70 JavaThread "Handler for socket connection from /127.0.0.1:58102 to /127.0.0.1:58103" [_thread_in_native, id=16256, stack(0x0000009d12f00000,0x0000009d13000000)]
  0x0000020bd2dbdb50 JavaThread "Cancel handler" [_thread_blocked, id=20304, stack(0x0000009d13000000,0x0000009d13100000)]
  0x0000020bd2a9efd0 JavaThread "Daemon worker" [_thread_in_vm, id=1564, stack(0x0000009d13100000,0x0000009d13200000)]
  0x0000020bd2cf2170 JavaThread "Asynchronous log dispatcher for DefaultDaemonConnection: socket connection from /127.0.0.1:58102 to /127.0.0.1:58103" [_thread_blocked, id=17312, stack(0x0000009d13200000,0x0000009d13300000)]
  0x0000020bd2cf2b10 JavaThread "Stdin handler" [_thread_blocked, id=10008, stack(0x0000009d13300000,0x0000009d13400000)]
  0x0000020bd2cf2640 JavaThread "Daemon client event forwarder" [_thread_blocked, id=17328, stack(0x0000009d13400000,0x0000009d13500000)]
  0x0000020bd2cf17d0 JavaThread "Cache worker for journal cache (C:\Users\georg\Documents\edistynytmobiiliohjelmointi-master (1)\edistynytmobiiliohjelmointi-master\caches\journal-1)" [_thread_blocked, id=2312, stack(0x0000009d13500000,0x0000009d13600000)]
  0x0000020bd2cf1ca0 JavaThread "File lock request listener" [_thread_in_native, id=14600, stack(0x0000009d13600000,0x0000009d13700000)]
  0x0000020bd3b266f0 JavaThread "Cache worker for file hash cache (C:\Users\georg\Documents\edistynytmobiiliohjelmointi-master (1)\edistynytmobiiliohjelmointi-master\caches\7.5\fileHashes)" [_thread_blocked, id=10180, stack(0x0000009d13900000,0x0000009d13a00000)]
  0x0000020bd3b29710 JavaThread "File watcher server" daemon [_thread_in_native, id=22748, stack(0x0000009d13b00000,0x0000009d13c00000)]
  0x0000020bd3b27f00 JavaThread "File watcher consumer" daemon [_thread_blocked, id=4324, stack(0x0000009d13c00000,0x0000009d13d00000)]
  0x0000020bd3b27560 JavaThread "Cache worker for checksums cache (C:\Users\georg\Documents\edistynytmobiiliohjelmointi-master (1)\edistynytmobiiliohjelmointi-master\.gradle\7.5\checksums)" [_thread_blocked, id=668, stack(0x0000009d13d00000,0x0000009d13e00000)]
  0x0000020bd3b23ba0 JavaThread "Cache worker for cache directory md-rule (C:\Users\georg\Documents\edistynytmobiiliohjelmointi-master (1)\edistynytmobiiliohjelmointi-master\caches\7.5\md-rule)" [_thread_blocked, id=22428, stack(0x0000009d13e00000,0x0000009d13f00000)]
  0x0000020bd3b24a10 JavaThread "Cache worker for file content cache (C:\Users\georg\Documents\edistynytmobiiliohjelmointi-master (1)\edistynytmobiiliohjelmointi-master\caches\7.5\fileContent)" [_thread_blocked, id=14100, stack(0x0000009d13f00000,0x0000009d14000000)]
  0x0000020bd3b29be0 JavaThread "Cache worker for file hash cache (C:\Users\georg\Documents\edistynytmobiiliohjelmointi-master (1)\edistynytmobiiliohjelmointi-master\.gradle\7.5\fileHashes)" [_thread_blocked, id=5184, stack(0x0000009d14000000,0x0000009d14100000)]
  0x0000020bd3b27090 JavaThread "Cache worker for cache directory md-supplier (C:\Users\georg\Documents\edistynytmobiiliohjelmointi-master (1)\edistynytmobiiliohjelmointi-master\caches\7.5\md-supplier)" [_thread_blocked, id=23176, stack(0x0000009d14100000,0x0000009d14200000)]
  0x0000020bd3b25880 JavaThread "Cache worker for execution history cache (C:\Users\georg\Documents\edistynytmobiiliohjelmointi-master (1)\edistynytmobiiliohjelmointi-master\caches\7.5\executionHistory)" [_thread_blocked, id=24388, stack(0x0000009d14200000,0x0000009d14300000)]
  0x0000020bd3b24070 JavaThread "jar transforms" [_thread_blocked, id=9060, stack(0x0000009d14300000,0x0000009d14400000)]
  0x0000020bd3b26bc0 JavaThread "jar transforms Thread 2" [_thread_blocked, id=16300, stack(0x0000009d14400000,0x0000009d14500000)]
  0x0000020bd3b22d30 JavaThread "jar transforms Thread 3" [_thread_blocked, id=23744, stack(0x0000009d14600000,0x0000009d14700000)]
  0x0000020bd3b24ee0 JavaThread "jar transforms Thread 4" [_thread_blocked, id=11028, stack(0x0000009d14700000,0x0000009d14800000)]
  0x0000020bd3b2a0b0 JavaThread "Cache worker for dependencies-accessors (C:\Users\georg\Documents\edistynytmobiiliohjelmointi-master (1)\edistynytmobiiliohjelmointi-master\.gradle\7.5\dependencies-accessors)" [_thread_blocked, id=23984, stack(0x0000009d14800000,0x0000009d14900000)]
  0x0000020bd3b253b0 JavaThread "jar transforms Thread 5" [_thread_blocked, id=5816, stack(0x0000009d14900000,0x0000009d14a00000)]
  0x0000020bd3b26220 JavaThread "Cache worker for Build Output Cleanup Cache (C:\Users\georg\Documents\edistynytmobiiliohjelmointi-master (1)\edistynytmobiiliohjelmointi-master\.gradle\buildOutputCleanup)" [_thread_blocked, id=20316, stack(0x0000009d14a00000,0x0000009d14b00000)]
  0x0000020bd3b29240 JavaThread "Unconstrained build operations" [_thread_blocked, id=4272, stack(0x0000009d14b00000,0x0000009d14c00000)]
  0x0000020bd3b22860 JavaThread "Unconstrained build operations Thread 2" [_thread_blocked, id=21364, stack(0x0000009d14c00000,0x0000009d14d00000)]
  0x0000020bd4190940 JavaThread "Unconstrained build operations Thread 3" [_thread_blocked, id=7652, stack(0x0000009d14d00000,0x0000009d14e00000)]
  0x0000020bd41917b0 JavaThread "Unconstrained build operations Thread 4" [_thread_blocked, id=18724, stack(0x0000009d14e00000,0x0000009d14f00000)]
  0x0000020bd4190470 JavaThread "Unconstrained build operations Thread 5" [_thread_blocked, id=17656, stack(0x0000009d14f00000,0x0000009d15000000)]
  0x0000020bd4190e10 JavaThread "Unconstrained build operations Thread 6" [_thread_blocked, id=17292, stack(0x0000009d15000000,0x0000009d15100000)]
  0x0000020bd418ffa0 JavaThread "Unconstrained build operations Thread 7" [_thread_blocked, id=8804, stack(0x0000009d15100000,0x0000009d15200000)]
  0x0000020bd4191c80 JavaThread "Unconstrained build operations Thread 8" [_thread_blocked, id=5076, stack(0x0000009d15200000,0x0000009d15300000)]
  0x0000020bd4192150 JavaThread "Unconstrained build operations Thread 9" [_thread_blocked, id=4396, stack(0x0000009d15300000,0x0000009d15400000)]
  0x0000020bd4192620 JavaThread "Unconstrained build operations Thread 10" [_thread_blocked, id=11300, stack(0x0000009d15400000,0x0000009d15500000)]
  0x0000020bd418fad0 JavaThread "Unconstrained build operations Thread 11" [_thread_blocked, id=14484, stack(0x0000009d15500000,0x0000009d15600000)]
  0x0000020bd41912e0 JavaThread "Unconstrained build operations Thread 12" [_thread_blocked, id=23696, stack(0x0000009d15600000,0x0000009d15700000)]
  0x0000020bd4192af0 JavaThread "Unconstrained build operations Thread 13" [_thread_blocked, id=15752, stack(0x0000009d15700000,0x0000009d15800000)]
  0x0000020bd4192fc0 JavaThread "Unconstrained build operations Thread 14" [_thread_blocked, id=7172, stack(0x0000009d15800000,0x0000009d15900000)]
  0x0000020bd418c110 JavaThread "Unconstrained build operations Thread 15" [_thread_blocked, id=4640, stack(0x0000009d15900000,0x0000009d15a00000)]
  0x0000020bd4193490 JavaThread "Unconstrained build operations Thread 16" [_thread_blocked, id=17088, stack(0x0000009d15a00000,0x0000009d15b00000)]
  0x0000020bd418bc40 JavaThread "Unconstrained build operations Thread 17" [_thread_blocked, id=196, stack(0x0000009d15b00000,0x0000009d15c00000)]
  0x0000020bd418cab0 JavaThread "Unconstrained build operations Thread 18" [_thread_blocked, id=22736, stack(0x0000009d15c00000,0x0000009d15d00000)]
  0x0000020bd418cf80 JavaThread "Unconstrained build operations Thread 19" [_thread_blocked, id=22904, stack(0x0000009d15d00000,0x0000009d15e00000)]
  0x0000020bd418f600 JavaThread "Unconstrained build operations Thread 20" [_thread_blocked, id=22848, stack(0x0000009d15e00000,0x0000009d15f00000)]
  0x0000020bd418c5e0 JavaThread "Unconstrained build operations Thread 21" [_thread_blocked, id=2812, stack(0x0000009d15f00000,0x0000009d16000000)]
  0x0000020bd418d450 JavaThread "Unconstrained build operations Thread 22" [_thread_blocked, id=18336, stack(0x0000009d16000000,0x0000009d16100000)]
  0x0000020bd418ddf0 JavaThread "Unconstrained build operations Thread 23" [_thread_blocked, id=13188, stack(0x0000009d16100000,0x0000009d16200000)]
  0x0000020bd418d920 JavaThread "Unconstrained build operations Thread 24" [_thread_blocked, id=7112, stack(0x0000009d16200000,0x0000009d16300000)]
  0x0000020bd418e2c0 JavaThread "Unconstrained build operations Thread 25" [_thread_blocked, id=7856, stack(0x0000009d16300000,0x0000009d16400000)]
  0x0000020bd418e790 JavaThread "Unconstrained build operations Thread 26" [_thread_blocked, id=18732, stack(0x0000009d16400000,0x0000009d16500000)]
  0x0000020bd418ec60 JavaThread "Unconstrained build operations Thread 27" [_thread_blocked, id=23480, stack(0x0000009d16500000,0x0000009d16600000)]
  0x0000020bd418f130 JavaThread "Unconstrained build operations Thread 28" [_thread_blocked, id=7820, stack(0x0000009d16600000,0x0000009d16700000)]
  0x0000020bd2c76520 JavaThread "Unconstrained build operations Thread 29" [_thread_blocked, id=1540, stack(0x0000009d16700000,0x0000009d16800000)]
  0x0000020bd2c739d0 JavaThread "Unconstrained build operations Thread 30" [_thread_blocked, id=12024, stack(0x0000009d16800000,0x0000009d16900000)]
  0x0000020bd2c769f0 JavaThread "Unconstrained build operations Thread 31" [_thread_blocked, id=24304, stack(0x0000009d16900000,0x0000009d16a00000)]
  0x0000020bd2c76ec0 JavaThread "Unconstrained build operations Thread 32" [_thread_blocked, id=4228, stack(0x0000009d16a00000,0x0000009d16b00000)]
  0x0000020bd2c77390 JavaThread "Unconstrained build operations Thread 33" [_thread_blocked, id=17100, stack(0x0000009d16b00000,0x0000009d16c00000)]
  0x0000020bd2c786d0 JavaThread "Unconstrained build operations Thread 34" [_thread_blocked, id=9988, stack(0x0000009d16c00000,0x0000009d16d00000)]
  0x0000020bd2c73ea0 JavaThread "Unconstrained build operations Thread 35" [_thread_blocked, id=19580, stack(0x0000009d16d00000,0x0000009d16e00000)]
  0x0000020bd2c73030 JavaThread "Unconstrained build operations Thread 36" [_thread_blocked, id=18684, stack(0x0000009d16e00000,0x0000009d16f00000)]
  0x0000020bd2c76050 JavaThread "Unconstrained build operations Thread 37" [_thread_blocked, id=6112, stack(0x0000009d16f00000,0x0000009d17000000)]
  0x0000020bd2c72b60 JavaThread "Unconstrained build operations Thread 38" [_thread_blocked, id=6748, stack(0x0000009d17000000,0x0000009d17100000)]
  0x0000020bd2c751e0 JavaThread "Unconstrained build operations Thread 39" [_thread_blocked, id=7612, stack(0x0000009d17100000,0x0000009d17200000)]
  0x0000020bd2c73500 JavaThread "Unconstrained build operations Thread 40" [_thread_blocked, id=14936, stack(0x0000009d17200000,0x0000009d17300000)]
  0x0000020bd2c72690 JavaThread "Unconstrained build operations Thread 41" [_thread_blocked, id=23976, stack(0x0000009d17300000,0x0000009d17400000)]
  0x0000020bd2c74370 JavaThread "Unconstrained build operations Thread 42" [_thread_blocked, id=9596, stack(0x0000009d17400000,0x0000009d17500000)]
  0x0000020bd2c77860 JavaThread "Unconstrained build operations Thread 43" [_thread_blocked, id=14444, stack(0x0000009d17500000,0x0000009d17600000)]
  0x0000020bd2c77d30 JavaThread "Unconstrained build operations Thread 44" [_thread_blocked, id=18088, stack(0x0000009d17600000,0x0000009d17700000)]
  0x0000020bd2c71cf0 JavaThread "Unconstrained build operations Thread 45" [_thread_blocked, id=23836, stack(0x0000009d17700000,0x0000009d17800000)]
  0x0000020bd2c74840 JavaThread "Unconstrained build operations Thread 46" [_thread_blocked, id=9824, stack(0x0000009d17800000,0x0000009d17900000)]
  0x0000020bd2c78200 JavaThread "Unconstrained build operations Thread 47" [_thread_blocked, id=18408, stack(0x0000009d17900000,0x0000009d17a00000)]
  0x0000020bd2c78ba0 JavaThread "Unconstrained build operations Thread 48" [_thread_blocked, id=21876, stack(0x0000009d17a00000,0x0000009d17b00000)]
  0x0000020bd2c79070 JavaThread "Unconstrained build operations Thread 49" [_thread_blocked, id=7604, stack(0x0000009d17b00000,0x0000009d17c00000)]
  0x0000020bd2c74d10 JavaThread "Unconstrained build operations Thread 50" [_thread_blocked, id=19428, stack(0x0000009d17c00000,0x0000009d17d00000)]
  0x0000020bd2c756b0 JavaThread "Unconstrained build operations Thread 51" [_thread_blocked, id=20232, stack(0x0000009d17d00000,0x0000009d17e00000)]
  0x0000020bd2c75b80 JavaThread "Unconstrained build operations Thread 52" [_thread_blocked, id=14428, stack(0x0000009d17e00000,0x0000009d17f00000)]
  0x0000020bd2c71820 JavaThread "Unconstrained build operations Thread 53" [_thread_blocked, id=15984, stack(0x0000009d17f00000,0x0000009d18000000)]
  0x0000020bd2c721c0 JavaThread "Unconstrained build operations Thread 54" [_thread_blocked, id=2028, stack(0x0000009d18000000,0x0000009d18100000)]
  0x0000020bd6142c60 JavaThread "Unconstrained build operations Thread 55" [_thread_blocked, id=8980, stack(0x0000009d18100000,0x0000009d18200000)]
  0x0000020bd6142790 JavaThread "Unconstrained build operations Thread 56" [_thread_blocked, id=1628, stack(0x0000009d18200000,0x0000009d18300000)]
  0x0000020bd613d5c0 JavaThread "Unconstrained build operations Thread 57" [_thread_blocked, id=19068, stack(0x0000009d18300000,0x0000009d18400000)]
  0x0000020bd613da90 JavaThread "Unconstrained build operations Thread 58" [_thread_blocked, id=12392, stack(0x0000009d18400000,0x0000009d18500000)]
  0x0000020bd613e430 JavaThread "Unconstrained build operations Thread 59" [_thread_blocked, id=9476, stack(0x0000009d18500000,0x0000009d18600000)]
  0x0000020bd613df60 JavaThread "Unconstrained build operations Thread 60" [_thread_blocked, id=4648, stack(0x0000009d18600000,0x0000009d18700000)]
  0x0000020bd613b410 JavaThread "Unconstrained build operations Thread 61" [_thread_blocked, id=18196, stack(0x0000009d18700000,0x0000009d18800000)]
  0x0000020bd6141920 JavaThread "Unconstrained build operations Thread 62" [_thread_blocked, id=24204, stack(0x0000009d18800000,0x0000009d18900000)]
  0x0000020bd613e900 JavaThread "Unconstrained build operations Thread 63" [_thread_blocked, id=16488, stack(0x0000009d18900000,0x0000009d18a00000)]
  0x0000020bd613edd0 JavaThread "Unconstrained build operations Thread 64" [_thread_blocked, id=13752, stack(0x0000009d18a00000,0x0000009d18b00000)]
  0x0000020bd613f2a0 JavaThread "Unconstrained build operations Thread 65" [_thread_blocked, id=16312, stack(0x0000009d18b00000,0x0000009d18c00000)]
  0x0000020bd6141450 JavaThread "Unconstrained build operations Thread 66" [_thread_blocked, id=13568, stack(0x0000009d18c00000,0x0000009d18d00000)]
  0x0000020bd613b8e0 JavaThread "Unconstrained build operations Thread 67" [_thread_blocked, id=9040, stack(0x0000009d18d00000,0x0000009d18e00000)]
  0x0000020bd613c280 JavaThread "Unconstrained build operations Thread 68" [_thread_blocked, id=14028, stack(0x0000009d18e00000,0x0000009d18f00000)]
  0x0000020bd6140110 JavaThread "Unconstrained build operations Thread 69" [_thread_blocked, id=17692, stack(0x0000009d18f00000,0x0000009d19000000)]
  0x0000020bd6141df0 JavaThread "Unconstrained build operations Thread 70" [_thread_blocked, id=7920, stack(0x0000009d19000000,0x0000009d19100000)]
  0x0000020bd6140ab0 JavaThread "Unconstrained build operations Thread 71" [_thread_blocked, id=24208, stack(0x0000009d19100000,0x0000009d19200000)]
  0x0000020bd613f770 JavaThread "Unconstrained build operations Thread 72" [_thread_blocked, id=6052, stack(0x0000009d19200000,0x0000009d19300000)]
  0x0000020bd61405e0 JavaThread "Unconstrained build operations Thread 73" [_thread_blocked, id=7968, stack(0x0000009d19300000,0x0000009d19400000)]
  0x0000020bd613fc40 JavaThread "Unconstrained build operations Thread 74" [_thread_blocked, id=2464, stack(0x0000009d19400000,0x0000009d19500000)]
  0x0000020bd6140f80 JavaThread "Unconstrained build operations Thread 75" [_thread_blocked, id=11072, stack(0x0000009d19500000,0x0000009d19600000)]
  0x0000020bd61422c0 JavaThread "Unconstrained build operations Thread 76" [_thread_blocked, id=21692, stack(0x0000009d19600000,0x0000009d19700000)]
  0x0000020bd613bdb0 JavaThread "Unconstrained build operations Thread 77" [_thread_blocked, id=20308, stack(0x0000009d19700000,0x0000009d19800000)]
  0x0000020bd613c750 JavaThread "Unconstrained build operations Thread 78" [_thread_blocked, id=20248, stack(0x0000009d19800000,0x0000009d19900000)]
  0x0000020bd613cc20 JavaThread "Unconstrained build operations Thread 79" [_thread_blocked, id=6564, stack(0x0000009d19900000,0x0000009d19a00000)]
  0x0000020bd613d0f0 JavaThread "Unconstrained build operations Thread 80" [_thread_blocked, id=10516, stack(0x0000009d19a00000,0x0000009d19b00000)]
  0x0000020bd5c4ed10 JavaThread "jar transforms Thread 6" [_thread_blocked, id=6000, stack(0x0000009d19b00000,0x0000009d19c00000)]
  0x0000020bd5c48800 JavaThread "jar transforms Thread 7" [_thread_blocked, id=22820, stack(0x0000009d19c00000,0x0000009d19d00000)]
  0x0000020bd5c4d030 JavaThread "jar transforms Thread 8" [_thread_blocked, id=6828, stack(0x0000009d19d00000,0x0000009d19e00000)]
  0x0000020bd5c4d9d0 JavaThread "build event listener" [_thread_blocked, id=15180, stack(0x0000009d19e00000,0x0000009d19f00000)]
  0x0000020bd5c49b40 JavaThread "Memory manager" [_thread_blocked, id=11292, stack(0x0000009d19f00000,0x0000009d1a000000)]
  0x0000020bd49438e0 JavaThread "C2 CompilerThread1" daemon [_thread_in_native, id=22632, stack(0x0000009d12400000,0x0000009d12500000)]

Other Threads:
  0x0000020bd0434020 VMThread "VM Thread" [stack: 0x0000009d11700000,0x0000009d11800000] [id=3216]
  0x0000020bb5c1e9a0 WatcherThread [stack: 0x0000009d12300000,0x0000009d12400000] [id=7416]
  0x0000020bb5c05300 GCTaskThread "GC Thread#0" [stack: 0x0000009d11200000,0x0000009d11300000] [id=22420]
  0x0000020bd0ce1700 GCTaskThread "GC Thread#1" [stack: 0x0000009d12600000,0x0000009d12700000] [id=9592]
  0x0000020bd1562fb0 GCTaskThread "GC Thread#2" [stack: 0x0000009d12700000,0x0000009d12800000] [id=12224]
  0x0000020bd1429990 GCTaskThread "GC Thread#3" [stack: 0x0000009d12800000,0x0000009d12900000] [id=23136]
  0x0000020bd17ed830 GCTaskThread "GC Thread#4" [stack: 0x0000009d12900000,0x0000009d12a00000] [id=20584]
  0x0000020bd17edae0 GCTaskThread "GC Thread#5" [stack: 0x0000009d12a00000,0x0000009d12b00000] [id=6696]
  0x0000020bd28be840 GCTaskThread "GC Thread#6" [stack: 0x0000009d12500000,0x0000009d12600000] [id=23376]
  0x0000020bd30d3020 GCTaskThread "GC Thread#7" [stack: 0x0000009d13700000,0x0000009d13800000] [id=15620]
  0x0000020bb5c163a0 ConcurrentGCThread "G1 Main Marker" [stack: 0x0000009d11300000,0x0000009d11400000] [id=19008]
  0x0000020bb5c16db0 ConcurrentGCThread "G1 Conc#0" [stack: 0x0000009d11400000,0x0000009d11500000] [id=22128]
  0x0000020bd3154e00 ConcurrentGCThread "G1 Conc#1" [stack: 0x0000009d13800000,0x0000009d13900000] [id=8320]
  0x0000020bb5c6dfa0 ConcurrentGCThread "G1 Refine#0" [stack: 0x0000009d11500000,0x0000009d11600000] [id=15604]
  0x0000020bd5d8e8e0 ConcurrentGCThread "G1 Refine#1" [stack: 0x0000009d14500000,0x0000009d14600000] [id=23384]
  0x0000020bb5c6e860 ConcurrentGCThread "G1 Service" [stack: 0x0000009d11600000,0x0000009d11700000] [id=11392]

Threads with active compile tasks:
C2 CompilerThread0    17242 8629       4       org.gradle.internal.reflect.MethodSet::add (50 bytes)
C1 CompilerThread0    17242 8685       3       org.gradle.api.internal.provider.AbstractMinimalProvider::get (37 bytes)
C2 CompilerThread1    17242 8610       4       org.gradle.internal.reflect.ClassInspector::inspectClass (179 bytes)

VM state: not at safepoint (normal execution)

VM Mutex/Monitor currently owned by a thread:  ([mutex/lock_event])
[0x0000020bb39fb470] Metaspace_lock - owner thread: 0x0000020bd048a030
[0x0000020bb5ba2950] MethodData_lock - owner thread: 0x0000020bd048a030

Heap address: 0x0000000080000000, size: 2048 MB, Compressed Oops mode: 32-bit

CDS archive(s) not mapped
Compressed class space mapped at: 0x0000000100000000-0x0000000140000000, reserved size: 1073741824
Narrow klass base: 0x0000000000000000, Narrow klass shift: 3, Narrow klass range: 0x140000000

GC Precious Log:
 CPUs: 8 total, 8 available
 Memory: 15963M
 Large Page Support: Disabled
 NUMA Support: Disabled
 Compressed Oops: Enabled (32-bit)
 Heap Region Size: 1M
 Heap Min Capacity: 8M
 Heap Initial Capacity: 250M
 Heap Max Capacity: 2G
 Pre-touch: Disabled
 Parallel Workers: 8
 Concurrent Workers: 2
 Concurrent Refinement Workers: 8
 Periodic GC: Disabled

Heap:
 garbage-first heap   total 177152K, used 84769K [0x0000000080000000, 0x0000000100000000)
  region size 1024K, 17 young (17408K), 5 survivors (5120K)
 Metaspace       used 83912K, committed 84480K, reserved 1122304K
  class space    used 11402K, committed 11712K, reserved 1048576K

Heap Regions: E=young(eden), S=young(survivor), O=old, HS=humongous(starts), HC=humongous(continues), CS=collection set, F=free, OA=open archive, CA=closed archive, TAMS=top-at-mark-start (previous, next)
|   0|0x0000000080000000, 0x0000000080100000, 0x0000000080100000|100%| O|  |TAMS 0x0000000080100000, 0x0000000080100000| Untracked 
|   1|0x0000000080100000, 0x0000000080200000, 0x0000000080200000|100%| O|  |TAMS 0x0000000080200000, 0x0000000080200000| Untracked 
|   2|0x0000000080200000, 0x0000000080300000, 0x0000000080300000|100%| O|  |TAMS 0x0000000080200000, 0x0000000080200000| Untracked 
|   3|0x0000000080300000, 0x0000000080400000, 0x0000000080400000|100%|HS|  |TAMS 0x0000000080400000, 0x0000000080400000| Complete 
|   4|0x0000000080400000, 0x0000000080500000, 0x0000000080500000|100%|HC|  |TAMS 0x0000000080500000, 0x0000000080500000| Complete 
|   5|0x0000000080500000, 0x0000000080600000, 0x0000000080600000|100%|HC|  |TAMS 0x0000000080600000, 0x0000000080600000| Complete 
|   6|0x0000000080600000, 0x0000000080700000, 0x0000000080700000|100%| O|  |TAMS 0x0000000080700000, 0x0000000080700000| Untracked 
|   7|0x0000000080700000, 0x0000000080800000, 0x0000000080800000|100%| O|  |TAMS 0x0000000080800000, 0x0000000080800000| Untracked 
|   8|0x0000000080800000, 0x0000000080900000, 0x0000000080900000|100%| O|  |TAMS 0x0000000080900000, 0x0000000080900000| Untracked 
|   9|0x0000000080900000, 0x0000000080a00000, 0x0000000080a00000|100%| O|  |TAMS 0x0000000080a00000, 0x0000000080a00000| Untracked 
|  10|0x0000000080a00000, 0x0000000080b00000, 0x0000000080b00000|100%| O|  |TAMS 0x0000000080b00000, 0x0000000080b00000| Untracked 
|  11|0x0000000080b00000, 0x0000000080c00000, 0x0000000080c00000|100%| O|  |TAMS 0x0000000080c00000, 0x0000000080c00000| Untracked 
|  12|0x0000000080c00000, 0x0000000080d00000, 0x0000000080d00000|100%| O|  |TAMS 0x0000000080d00000, 0x0000000080d00000| Untracked 
|  13|0x0000000080d00000, 0x0000000080e00000, 0x0000000080e00000|100%| O|  |TAMS 0x0000000080e00000, 0x0000000080e00000| Untracked 
|  14|0x0000000080e00000, 0x0000000080f00000, 0x0000000080f00000|100%| O|  |TAMS 0x0000000080f00000, 0x0000000080f00000| Untracked 
|  15|0x0000000080f00000, 0x0000000081000000, 0x0000000081000000|100%| O|  |TAMS 0x0000000081000000, 0x0000000081000000| Untracked 
|  16|0x0000000081000000, 0x0000000081100000, 0x0000000081100000|100%| O|  |TAMS 0x0000000081100000, 0x0000000081100000| Untracked 
|  17|0x0000000081100000, 0x0000000081200000, 0x0000000081200000|100%| O|  |TAMS 0x0000000081200000, 0x0000000081200000| Untracked 
|  18|0x0000000081200000, 0x0000000081300000, 0x0000000081300000|100%| O|  |TAMS 0x0000000081300000, 0x0000000081300000| Untracked 
|  19|0x0000000081300000, 0x0000000081400000, 0x0000000081400000|100%| O|  |TAMS 0x0000000081400000, 0x0000000081400000| Untracked 
|  20|0x0000000081400000, 0x0000000081500000, 0x0000000081500000|100%| O|  |TAMS 0x0000000081500000, 0x0000000081500000| Untracked 
|  21|0x0000000081500000, 0x0000000081600000, 0x0000000081600000|100%| O|  |TAMS 0x0000000081600000, 0x0000000081600000| Untracked 
|  22|0x0000000081600000, 0x0000000081700000, 0x0000000081700000|100%| O|  |TAMS 0x0000000081700000, 0x0000000081700000| Untracked 
|  23|0x0000000081700000, 0x0000000081800000, 0x0000000081800000|100%| O|  |TAMS 0x0000000081800000, 0x0000000081800000| Untracked 
|  24|0x0000000081800000, 0x0000000081900000, 0x0000000081900000|100%| O|  |TAMS 0x0000000081900000, 0x0000000081900000| Untracked 
|  25|0x0000000081900000, 0x0000000081a00000, 0x0000000081a00000|100%| O|  |TAMS 0x0000000081a00000, 0x0000000081a00000| Untracked 
|  26|0x0000000081a00000, 0x0000000081b00000, 0x0000000081b00000|100%| O|  |TAMS 0x0000000081b00000, 0x0000000081b00000| Untracked 
|  27|0x0000000081b00000, 0x0000000081c00000, 0x0000000081c00000|100%| O|  |TAMS 0x0000000081c00000, 0x0000000081c00000| Untracked 
|  28|0x0000000081c00000, 0x0000000081d00000, 0x0000000081d00000|100%| O|  |TAMS 0x0000000081d00000, 0x0000000081d00000| Untracked 
|  29|0x0000000081d00000, 0x0000000081e00000, 0x0000000081e00000|100%| O|  |TAMS 0x0000000081e00000, 0x0000000081e00000| Untracked 
|  30|0x0000000081e00000, 0x0000000081f00000, 0x0000000081f00000|100%| O|  |TAMS 0x0000000081f00000, 0x0000000081f00000| Untracked 
|  31|0x0000000081f00000, 0x0000000082000000, 0x0000000082000000|100%| O|  |TAMS 0x0000000082000000, 0x0000000082000000| Untracked 
|  32|0x0000000082000000, 0x0000000082100000, 0x0000000082100000|100%| O|  |TAMS 0x0000000082100000, 0x0000000082100000| Untracked 
|  33|0x0000000082100000, 0x0000000082200000, 0x0000000082200000|100%|HS|  |TAMS 0x0000000082200000, 0x0000000082200000| Complete 
|  34|0x0000000082200000, 0x0000000082300000, 0x0000000082300000|100%|HS|  |TAMS 0x0000000082300000, 0x0000000082300000| Complete 
|  35|0x0000000082300000, 0x0000000082400000, 0x0000000082400000|100%|HS|  |TAMS 0x0000000082400000, 0x0000000082400000| Complete 
|  36|0x0000000082400000, 0x0000000082500000, 0x0000000082500000|100%|HC|  |TAMS 0x0000000082500000, 0x0000000082500000| Complete 
|  37|0x0000000082500000, 0x0000000082600000, 0x0000000082600000|100%| O|  |TAMS 0x0000000082600000, 0x0000000082600000| Untracked 
|  38|0x0000000082600000, 0x0000000082700000, 0x0000000082700000|100%| O|  |TAMS 0x0000000082700000, 0x0000000082700000| Untracked 
|  39|0x0000000082700000, 0x0000000082800000, 0x0000000082800000|100%|HS|  |TAMS 0x0000000082800000, 0x0000000082800000| Complete 
|  40|0x0000000082800000, 0x0000000082900000, 0x0000000082900000|100%|HC|  |TAMS 0x0000000082900000, 0x0000000082900000| Complete 
|  41|0x0000000082900000, 0x0000000082a00000, 0x0000000082a00000|100%|HC|  |TAMS 0x0000000082a00000, 0x0000000082a00000| Complete 
|  42|0x0000000082a00000, 0x0000000082b00000, 0x0000000082b00000|100%|HC|  |TAMS 0x0000000082b00000, 0x0000000082b00000| Complete 
|  43|0x0000000082b00000, 0x0000000082c00000, 0x0000000082c00000|100%| O|  |TAMS 0x0000000082c00000, 0x0000000082c00000| Untracked 
|  44|0x0000000082c00000, 0x0000000082d00000, 0x0000000082d00000|100%| O|  |TAMS 0x0000000082d00000, 0x0000000082d00000| Untracked 
|  45|0x0000000082d00000, 0x0000000082e00000, 0x0000000082e00000|100%| O|  |TAMS 0x0000000082e00000, 0x0000000082e00000| Untracked 
|  46|0x0000000082e00000, 0x0000000082f00000, 0x0000000082f00000|100%| O|  |TAMS 0x0000000082f00000, 0x0000000082f00000| Untracked 
|  47|0x0000000082f00000, 0x0000000083000000, 0x0000000083000000|100%| O|  |TAMS 0x0000000083000000, 0x0000000083000000| Untracked 
|  48|0x0000000083000000, 0x0000000083100000, 0x0000000083100000|100%| O|  |TAMS 0x0000000083100000, 0x0000000083100000| Untracked 
|  49|0x0000000083100000, 0x0000000083200000, 0x0000000083200000|100%| O|  |TAMS 0x0000000083200000, 0x0000000083200000| Untracked 
|  50|0x0000000083200000, 0x0000000083300000, 0x0000000083300000|100%| O|  |TAMS 0x0000000083300000, 0x0000000083300000| Untracked 
|  51|0x0000000083300000, 0x0000000083400000, 0x0000000083400000|100%| O|  |TAMS 0x0000000083400000, 0x0000000083400000| Untracked 
|  52|0x0000000083400000, 0x0000000083500000, 0x0000000083500000|100%| O|  |TAMS 0x0000000083469208, 0x0000000083500000| Untracked 
|  53|0x0000000083500000, 0x0000000083600000, 0x0000000083600000|100%| O|  |TAMS 0x0000000083500000, 0x0000000083600000| Untracked 
|  54|0x0000000083600000, 0x0000000083700000, 0x0000000083700000|100%| O|  |TAMS 0x0000000083600000, 0x0000000083700000| Untracked 
|  55|0x0000000083700000, 0x0000000083800000, 0x0000000083800000|100%| O|  |TAMS 0x0000000083700000, 0x0000000083800000| Untracked 
|  56|0x0000000083800000, 0x0000000083900000, 0x0000000083900000|100%| O|  |TAMS 0x0000000083800000, 0x0000000083844000| Untracked 
|  57|0x0000000083900000, 0x0000000083a00000, 0x0000000083a00000|100%| O|  |TAMS 0x0000000083900000, 0x0000000083900000| Untracked 
|  58|0x0000000083a00000, 0x0000000083b00000, 0x0000000083b00000|100%| O|  |TAMS 0x0000000083a00000, 0x0000000083a00000| Untracked 
|  59|0x0000000083b00000, 0x0000000083c00000, 0x0000000083c00000|100%| O|  |TAMS 0x0000000083b00000, 0x0000000083c00000| Untracked 
|  60|0x0000000083c00000, 0x0000000083d00000, 0x0000000083d00000|100%| O|  |TAMS 0x0000000083c00000, 0x0000000083c00000| Untracked 
|  61|0x0000000083d00000, 0x0000000083e00000, 0x0000000083e00000|100%| O|  |TAMS 0x0000000083d00000, 0x0000000083d00000| Untracked 
|  62|0x0000000083e00000, 0x0000000083f00000, 0x0000000083f00000|100%| O|  |TAMS 0x0000000083e00000, 0x0000000083e00000| Untracked 
|  63|0x0000000083f00000, 0x0000000084000000, 0x0000000084000000|100%| O|  |TAMS 0x0000000083f00000, 0x0000000083f00000| Untracked 
|  64|0x0000000084000000, 0x0000000084100000, 0x0000000084100000|100%| O|  |TAMS 0x0000000084000000, 0x0000000084000000| Untracked 
|  65|0x0000000084100000, 0x0000000084200000, 0x0000000084200000|100%| O|  |TAMS 0x0000000084100000, 0x0000000084100000| Untracked 
|  66|0x0000000084200000, 0x00000000842c8400, 0x0000000084300000| 78%| O|  |TAMS 0x0000000084200000, 0x0000000084200000| Untracked 
|  67|0x0000000084300000, 0x0000000084300000, 0x0000000084400000|  0%| F|  |TAMS 0x0000000084300000, 0x0000000084300000| Untracked 
|  68|0x0000000084400000, 0x0000000084400000, 0x0000000084500000|  0%| F|  |TAMS 0x0000000084400000, 0x0000000084400000| Untracked 
|  69|0x0000000084500000, 0x0000000084500000, 0x0000000084600000|  0%| F|  |TAMS 0x0000000084500000, 0x0000000084500000| Untracked 
|  70|0x0000000084600000, 0x0000000084600000, 0x0000000084700000|  0%| F|  |TAMS 0x0000000084600000, 0x0000000084600000| Untracked 
|  71|0x0000000084700000, 0x0000000084700000, 0x0000000084800000|  0%| F|  |TAMS 0x0000000084700000, 0x0000000084700000| Untracked 
|  72|0x0000000084800000, 0x0000000084800000, 0x0000000084900000|  0%| F|  |TAMS 0x0000000084800000, 0x0000000084800000| Untracked 
|  73|0x0000000084900000, 0x0000000084900000, 0x0000000084a00000|  0%| F|  |TAMS 0x0000000084900000, 0x0000000084900000| Untracked 
|  74|0x0000000084a00000, 0x0000000084a00000, 0x0000000084b00000|  0%| F|  |TAMS 0x0000000084a00000, 0x0000000084a00000| Untracked 
|  75|0x0000000084b00000, 0x0000000084b00000, 0x0000000084c00000|  0%| F|  |TAMS 0x0000000084b00000, 0x0000000084b00000| Untracked 
|  76|0x0000000084c00000, 0x0000000084c00000, 0x0000000084d00000|  0%| F|  |TAMS 0x0000000084c00000, 0x0000000084c00000| Untracked 
|  77|0x0000000084d00000, 0x0000000084d00000, 0x0000000084e00000|  0%| F|  |TAMS 0x0000000084d00000, 0x0000000084d00000| Untracked 
|  78|0x0000000084e00000, 0x0000000084e00000, 0x0000000084f00000|  0%| F|  |TAMS 0x0000000084e00000, 0x0000000084e00000| Untracked 
|  79|0x0000000084f00000, 0x0000000084f00000, 0x0000000085000000|  0%| F|  |TAMS 0x0000000084f00000, 0x0000000084f00000| Untracked 
|  80|0x0000000085000000, 0x0000000085000000, 0x0000000085100000|  0%| F|  |TAMS 0x0000000085000000, 0x0000000085000000| Untracked 
|  81|0x0000000085100000, 0x0000000085100000, 0x0000000085200000|  0%| F|  |TAMS 0x0000000085100000, 0x0000000085100000| Untracked 
|  82|0x0000000085200000, 0x0000000085200000, 0x0000000085300000|  0%| F|  |TAMS 0x0000000085200000, 0x0000000085200000| Untracked 
|  83|0x0000000085300000, 0x0000000085300000, 0x0000000085400000|  0%| F|  |TAMS 0x0000000085300000, 0x0000000085300000| Untracked 
|  84|0x0000000085400000, 0x0000000085400000, 0x0000000085500000|  0%| F|  |TAMS 0x0000000085400000, 0x0000000085400000| Untracked 
|  85|0x0000000085500000, 0x0000000085500000, 0x0000000085600000|  0%| F|  |TAMS 0x0000000085500000, 0x0000000085500000| Untracked 
|  86|0x0000000085600000, 0x0000000085600000, 0x0000000085700000|  0%| F|  |TAMS 0x0000000085600000, 0x0000000085600000| Untracked 
|  87|0x0000000085700000, 0x0000000085700000, 0x0000000085800000|  0%| F|  |TAMS 0x0000000085700000, 0x0000000085700000| Untracked 
|  88|0x0000000085800000, 0x0000000085800000, 0x0000000085900000|  0%| F|  |TAMS 0x0000000085800000, 0x0000000085800000| Untracked 
|  89|0x0000000085900000, 0x0000000085900000, 0x0000000085a00000|  0%| F|  |TAMS 0x0000000085900000, 0x0000000085900000| Untracked 
|  90|0x0000000085a00000, 0x0000000085a00000, 0x0000000085b00000|  0%| F|  |TAMS 0x0000000085a00000, 0x0000000085a00000| Untracked 
|  91|0x0000000085b00000, 0x0000000085b00000, 0x0000000085c00000|  0%| F|  |TAMS 0x0000000085b00000, 0x0000000085b00000| Untracked 
|  92|0x0000000085c00000, 0x0000000085c00000, 0x0000000085d00000|  0%| F|  |TAMS 0x0000000085c00000, 0x0000000085c00000| Untracked 
|  93|0x0000000085d00000, 0x0000000085d00000, 0x0000000085e00000|  0%| F|  |TAMS 0x0000000085d00000, 0x0000000085d00000| Untracked 
|  94|0x0000000085e00000, 0x0000000085e00000, 0x0000000085f00000|  0%| F|  |TAMS 0x0000000085e00000, 0x0000000085e00000| Untracked 
|  95|0x0000000085f00000, 0x0000000085f00000, 0x0000000086000000|  0%| F|  |TAMS 0x0000000085f00000, 0x0000000085f00000| Untracked 
|  96|0x0000000086000000, 0x0000000086000000, 0x0000000086100000|  0%| F|  |TAMS 0x0000000086000000, 0x0000000086000000| Untracked 
|  97|0x0000000086100000, 0x0000000086100000, 0x0000000086200000|  0%| F|  |TAMS 0x0000000086100000, 0x0000000086100000| Untracked 
|  98|0x0000000086200000, 0x0000000086200000, 0x0000000086300000|  0%| F|  |TAMS 0x0000000086200000, 0x0000000086200000| Untracked 
|  99|0x0000000086300000, 0x0000000086300000, 0x0000000086400000|  0%| F|  |TAMS 0x0000000086300000, 0x0000000086300000| Untracked 
| 100|0x0000000086400000, 0x0000000086400000, 0x0000000086500000|  0%| F|  |TAMS 0x0000000086400000, 0x0000000086400000| Untracked 
| 101|0x0000000086500000, 0x0000000086500000, 0x0000000086600000|  0%| F|  |TAMS 0x0000000086500000, 0x0000000086500000| Untracked 
| 102|0x0000000086600000, 0x0000000086600000, 0x0000000086700000|  0%| F|  |TAMS 0x0000000086600000, 0x0000000086600000| Untracked 
| 103|0x0000000086700000, 0x0000000086700000, 0x0000000086800000|  0%| F|  |TAMS 0x0000000086700000, 0x0000000086700000| Untracked 
| 104|0x0000000086800000, 0x0000000086800000, 0x0000000086900000|  0%| F|  |TAMS 0x0000000086800000, 0x0000000086800000| Untracked 
| 105|0x0000000086900000, 0x0000000086900000, 0x0000000086a00000|  0%| F|  |TAMS 0x0000000086900000, 0x0000000086900000| Untracked 
| 106|0x0000000086a00000, 0x0000000086b00000, 0x0000000086b00000|100%| S|CS|TAMS 0x0000000086a00000, 0x0000000086a00000| Complete 
| 107|0x0000000086b00000, 0x0000000086c00000, 0x0000000086c00000|100%| S|CS|TAMS 0x0000000086b00000, 0x0000000086b00000| Complete 
| 108|0x0000000086c00000, 0x0000000086d00000, 0x0000000086d00000|100%| S|CS|TAMS 0x0000000086c00000, 0x0000000086c00000| Complete 
| 109|0x0000000086d00000, 0x0000000086e00000, 0x0000000086e00000|100%| S|CS|TAMS 0x0000000086d00000, 0x0000000086d00000| Complete 
| 110|0x0000000086e00000, 0x0000000086f00000, 0x0000000086f00000|100%| S|CS|TAMS 0x0000000086e00000, 0x0000000086e00000| Complete 
| 111|0x0000000086f00000, 0x0000000086f00000, 0x0000000087000000|  0%| F|  |TAMS 0x0000000086f00000, 0x0000000086f00000| Untracked 
| 112|0x0000000087000000, 0x0000000087000000, 0x0000000087100000|  0%| F|  |TAMS 0x0000000087000000, 0x0000000087000000| Untracked 
| 113|0x0000000087100000, 0x0000000087100000, 0x0000000087200000|  0%| F|  |TAMS 0x0000000087100000, 0x0000000087100000| Untracked 
| 114|0x0000000087200000, 0x0000000087200000, 0x0000000087300000|  0%| F|  |TAMS 0x0000000087200000, 0x0000000087200000| Untracked 
| 115|0x0000000087300000, 0x0000000087300000, 0x0000000087400000|  0%| F|  |TAMS 0x0000000087300000, 0x0000000087300000| Untracked 
| 116|0x0000000087400000, 0x0000000087400000, 0x0000000087500000|  0%| F|  |TAMS 0x0000000087400000, 0x0000000087400000| Untracked 
| 117|0x0000000087500000, 0x0000000087500000, 0x0000000087600000|  0%| F|  |TAMS 0x0000000087500000, 0x0000000087500000| Untracked 
| 118|0x0000000087600000, 0x0000000087600000, 0x0000000087700000|  0%| F|  |TAMS 0x0000000087600000, 0x0000000087600000| Untracked 
| 119|0x0000000087700000, 0x0000000087700000, 0x0000000087800000|  0%| F|  |TAMS 0x0000000087700000, 0x0000000087700000| Untracked 
| 120|0x0000000087800000, 0x0000000087800000, 0x0000000087900000|  0%| F|  |TAMS 0x0000000087800000, 0x0000000087800000| Untracked 
| 121|0x0000000087900000, 0x0000000087900000, 0x0000000087a00000|  0%| F|  |TAMS 0x0000000087900000, 0x0000000087900000| Untracked 
| 122|0x0000000087a00000, 0x0000000087a00000, 0x0000000087b00000|  0%| F|  |TAMS 0x0000000087a00000, 0x0000000087a00000| Untracked 
| 123|0x0000000087b00000, 0x0000000087b00000, 0x0000000087c00000|  0%| F|  |TAMS 0x0000000087b00000, 0x0000000087b00000| Untracked 
| 124|0x0000000087c00000, 0x0000000087c00000, 0x0000000087d00000|  0%| F|  |TAMS 0x0000000087c00000, 0x0000000087c00000| Untracked 
| 125|0x0000000087d00000, 0x0000000087d00000, 0x0000000087e00000|  0%| F|  |TAMS 0x0000000087d00000, 0x0000000087d00000| Untracked 
| 126|0x0000000087e00000, 0x0000000087e00000, 0x0000000087f00000|  0%| F|  |TAMS 0x0000000087e00000, 0x0000000087e00000| Untracked 
| 127|0x0000000087f00000, 0x0000000087f00000, 0x0000000088000000|  0%| F|  |TAMS 0x0000000087f00000, 0x0000000087f00000| Untracked 
| 128|0x0000000088000000, 0x0000000088000000, 0x0000000088100000|  0%| F|  |TAMS 0x0000000088000000, 0x0000000088000000| Untracked 
| 129|0x0000000088100000, 0x0000000088100000, 0x0000000088200000|  0%| F|  |TAMS 0x0000000088100000, 0x0000000088100000| Untracked 
| 130|0x0000000088200000, 0x0000000088200000, 0x0000000088300000|  0%| F|  |TAMS 0x0000000088200000, 0x0000000088200000| Untracked 
| 131|0x0000000088300000, 0x0000000088300000, 0x0000000088400000|  0%| F|  |TAMS 0x0000000088300000, 0x0000000088300000| Untracked 
| 132|0x0000000088400000, 0x0000000088400000, 0x0000000088500000|  0%| F|  |TAMS 0x0000000088400000, 0x0000000088400000| Untracked 
| 133|0x0000000088500000, 0x0000000088500000, 0x0000000088600000|  0%| F|  |TAMS 0x0000000088500000, 0x0000000088500000| Untracked 
| 134|0x0000000088600000, 0x0000000088600000, 0x0000000088700000|  0%| F|  |TAMS 0x0000000088600000, 0x0000000088600000| Untracked 
| 135|0x0000000088700000, 0x0000000088700000, 0x0000000088800000|  0%| F|  |TAMS 0x0000000088700000, 0x0000000088700000| Untracked 
| 136|0x0000000088800000, 0x0000000088800000, 0x0000000088900000|  0%| F|  |TAMS 0x0000000088800000, 0x0000000088800000| Untracked 
| 137|0x0000000088900000, 0x0000000088900000, 0x0000000088a00000|  0%| F|  |TAMS 0x0000000088900000, 0x0000000088900000| Untracked 
| 138|0x0000000088a00000, 0x0000000088a00000, 0x0000000088b00000|  0%| F|  |TAMS 0x0000000088a00000, 0x0000000088a00000| Untracked 
| 139|0x0000000088b00000, 0x0000000088b00000, 0x0000000088c00000|  0%| F|  |TAMS 0x0000000088b00000, 0x0000000088b00000| Untracked 
| 140|0x0000000088c00000, 0x0000000088c00000, 0x0000000088d00000|  0%| F|  |TAMS 0x0000000088c00000, 0x0000000088c00000| Untracked 
| 141|0x0000000088d00000, 0x0000000088d00000, 0x0000000088e00000|  0%| F|  |TAMS 0x0000000088d00000, 0x0000000088d00000| Untracked 
| 142|0x0000000088e00000, 0x0000000088e00000, 0x0000000088f00000|  0%| F|  |TAMS 0x0000000088e00000, 0x0000000088e00000| Untracked 
| 143|0x0000000088f00000, 0x0000000088f00000, 0x0000000089000000|  0%| F|  |TAMS 0x0000000088f00000, 0x0000000088f00000| Untracked 
| 144|0x0000000089000000, 0x0000000089000000, 0x0000000089100000|  0%| F|  |TAMS 0x0000000089000000, 0x0000000089000000| Untracked 
| 145|0x0000000089100000, 0x0000000089100000, 0x0000000089200000|  0%| F|  |TAMS 0x0000000089100000, 0x0000000089100000| Untracked 
| 146|0x0000000089200000, 0x0000000089200000, 0x0000000089300000|  0%| F|  |TAMS 0x0000000089200000, 0x0000000089200000| Untracked 
| 147|0x0000000089300000, 0x0000000089300000, 0x0000000089400000|  0%| F|  |TAMS 0x0000000089300000, 0x0000000089300000| Untracked 
| 148|0x0000000089400000, 0x0000000089400000, 0x0000000089500000|  0%| F|  |TAMS 0x0000000089400000, 0x0000000089400000| Untracked 
| 149|0x0000000089500000, 0x0000000089500000, 0x0000000089600000|  0%| F|  |TAMS 0x0000000089500000, 0x0000000089500000| Untracked 
| 150|0x0000000089600000, 0x0000000089600000, 0x0000000089700000|  0%| F|  |TAMS 0x0000000089600000, 0x0000000089600000| Untracked 
| 151|0x0000000089700000, 0x0000000089700000, 0x0000000089800000|  0%| F|  |TAMS 0x0000000089700000, 0x0000000089700000| Untracked 
| 152|0x0000000089800000, 0x0000000089800000, 0x0000000089900000|  0%| F|  |TAMS 0x0000000089800000, 0x0000000089800000| Untracked 
| 153|0x0000000089900000, 0x0000000089900000, 0x0000000089a00000|  0%| F|  |TAMS 0x0000000089900000, 0x0000000089900000| Untracked 
| 154|0x0000000089a00000, 0x0000000089a00000, 0x0000000089b00000|  0%| F|  |TAMS 0x0000000089a00000, 0x0000000089a00000| Untracked 
| 155|0x0000000089b00000, 0x0000000089b00000, 0x0000000089c00000|  0%| F|  |TAMS 0x0000000089b00000, 0x0000000089b00000| Untracked 
| 156|0x0000000089c00000, 0x0000000089c00000, 0x0000000089d00000|  0%| F|  |TAMS 0x0000000089c00000, 0x0000000089c00000| Untracked 
| 157|0x0000000089d00000, 0x0000000089d00000, 0x0000000089e00000|  0%| F|  |TAMS 0x0000000089d00000, 0x0000000089d00000| Untracked 
| 158|0x0000000089e00000, 0x0000000089e00000, 0x0000000089f00000|  0%| F|  |TAMS 0x0000000089e00000, 0x0000000089e00000| Untracked 
| 159|0x0000000089f00000, 0x0000000089f00000, 0x000000008a000000|  0%| F|  |TAMS 0x0000000089f00000, 0x0000000089f00000| Untracked 
| 160|0x000000008a000000, 0x000000008a000000, 0x000000008a100000|  0%| F|  |TAMS 0x000000008a000000, 0x000000008a000000| Untracked 
| 161|0x000000008a100000, 0x000000008a183c68, 0x000000008a200000| 51%| E|  |TAMS 0x000000008a100000, 0x000000008a100000| Complete 
| 162|0x000000008a200000, 0x000000008a300000, 0x000000008a300000|100%| E|CS|TAMS 0x000000008a200000, 0x000000008a200000| Complete 
| 190|0x000000008be00000, 0x000000008bf00000, 0x000000008bf00000|100%| E|CS|TAMS 0x000000008be00000, 0x000000008be00000| Complete 
| 191|0x000000008bf00000, 0x000000008c000000, 0x000000008c000000|100%| E|CS|TAMS 0x000000008bf00000, 0x000000008bf00000| Complete 
| 192|0x000000008c000000, 0x000000008c100000, 0x000000008c100000|100%| E|CS|TAMS 0x000000008c000000, 0x000000008c000000| Complete 
| 193|0x000000008c100000, 0x000000008c200000, 0x000000008c200000|100%| E|CS|TAMS 0x000000008c100000, 0x000000008c100000| Complete 
| 194|0x000000008c200000, 0x000000008c300000, 0x000000008c300000|100%| E|CS|TAMS 0x000000008c200000, 0x000000008c200000| Complete 
| 195|0x000000008c300000, 0x000000008c400000, 0x000000008c400000|100%| E|CS|TAMS 0x000000008c300000, 0x000000008c300000| Complete 
| 196|0x000000008c400000, 0x000000008c500000, 0x000000008c500000|100%| E|CS|TAMS 0x000000008c400000, 0x000000008c400000| Complete 
| 197|0x000000008c500000, 0x000000008c600000, 0x000000008c600000|100%| E|CS|TAMS 0x000000008c500000, 0x000000008c500000| Complete 
| 198|0x000000008c600000, 0x000000008c700000, 0x000000008c700000|100%| E|CS|TAMS 0x000000008c600000, 0x000000008c600000| Complete 
| 249|0x000000008f900000, 0x000000008fa00000, 0x000000008fa00000|100%| E|CS|TAMS 0x000000008f900000, 0x000000008f900000| Complete 

Card table byte_map: [0x0000020bc87a0000,0x0000020bc8ba0000] _byte_map_base: 0x0000020bc83a0000

Marking Bits (Prev, Next): (CMBitMap*) 0x0000020bb5c05910, (CMBitMap*) 0x0000020bb5c05950
 Prev Bits: [0x0000020bc8fa0000, 0x0000020bcafa0000)
 Next Bits: [0x0000020bcafa0000, 0x0000020bccfa0000)

Polling page: 0x0000020bb5370000

Metaspace:

Usage:
  Non-class:     70.81 MB used.
      Class:     11.14 MB used.
       Both:     81.95 MB used.

Virtual space:
  Non-class space:       72.00 MB reserved,      71.06 MB ( 99%) committed,  9 nodes.
      Class space:        1.00 GB reserved,      11.44 MB (  1%) committed,  1 nodes.
             Both:        1.07 GB reserved,      82.50 MB (  8%) committed. 

Chunk freelists:
   Non-Class:  688.00 KB
       Class:  416.00 KB
        Both:  1.08 MB

MaxMetaspaceSize: unlimited
CompressedClassSpaceSize: 1.00 GB
Initial GC threshold: 21.00 MB
Current GC threshold: 100.94 MB
CDS: off
MetaspaceReclaimPolicy: balanced
 - commit_granule_bytes: 65536.
 - commit_granule_words: 8192.
 - virtual_space_node_default_size: 1048576.
 - enlarge_chunks_in_place: 1.
 - new_chunks_are_fully_committed: 0.
 - uncommit_free_chunks: 1.
 - use_allocation_guard: 0.
 - handle_deallocations: 1.


Internal statistics:

num_allocs_failed_limit: 15.
num_arena_births: 714.
num_arena_deaths: 0.
num_vsnodes_births: 10.
num_vsnodes_deaths: 0.
num_space_committed: 1320.
num_space_uncommitted: 0.
num_chunks_returned_to_freelist: 15.
num_chunks_taken_from_freelist: 3679.
num_chunk_merges: 6.
num_chunk_splits: 2447.
num_chunks_enlarged: 1653.
num_purges: 0.
num_inconsistent_stats: 0.

CodeHeap 'non-profiled nmethods': size=120000Kb used=5193Kb max_used=5193Kb free=114806Kb
 bounds [0x0000020bc0b40000, 0x0000020bc1060000, 0x0000020bc8070000]
CodeHeap 'profiled nmethods': size=120000Kb used=15032Kb max_used=15032Kb free=104968Kb
 bounds [0x0000020bb9070000, 0x0000020bb9f20000, 0x0000020bc05a0000]
CodeHeap 'non-nmethods': size=5760Kb used=2381Kb max_used=2440Kb free=3378Kb
 bounds [0x0000020bc05a0000, 0x0000020bc0820000, 0x0000020bc0b40000]
 total_blobs=8690 nmethods=7790 adapters=812
 compilation: enabled
              stopped_count=0, restarted_count=0
 full_count=0

Compilation events (20 events):
Event: 17.184 Thread 0x0000020bd048a030 nmethod 8666 0x0000020bb9f19890 code [0x0000020bb9f19a40, 0x0000020bb9f19cb8]
Event: 17.184 Thread 0x0000020bd048a030 8678       3       org.gradle.internal.typeconversion.NotationParserBuilder::fromCharSequence (59 bytes)
Event: 17.185 Thread 0x0000020bd048a030 nmethod 8678 0x0000020bb9f19d90 code [0x0000020bb9f1a040, 0x0000020bb9f1ae28]
Event: 17.186 Thread 0x0000020bd048a030 8679       3       org.gradle.internal.typeconversion.CharSequenceNotationConverter::<init> (10 bytes)
Event: 17.186 Thread 0x0000020bd048a030 nmethod 8679 0x0000020bb9f1b310 code [0x0000020bb9f1b4a0, 0x0000020bb9f1b658]
Event: 17.186 Thread 0x0000020bd048a030 8673       1       org.gradle.internal.component.local.model.DefaultLocalComponentMetadata::getId (5 bytes)
Event: 17.186 Thread 0x0000020bd048a030 nmethod 8673 0x0000020bc1051a90 code [0x0000020bc1051c20, 0x0000020bc1051cf8]
Event: 17.186 Thread 0x0000020bd048a030 8677       1       org.gradle.api.internal.artifacts.dsl.ArtifactFile::getExtension (5 bytes)
Event: 17.186 Thread 0x0000020bd048a030 nmethod 8677 0x0000020bc1051d90 code [0x0000020bc1051f20, 0x0000020bc1051ff8]
Event: 17.186 Thread 0x0000020bd048a030 8680       1       com.android.build.gradle.internal.services.ProjectServices::getProjectInfo (5 bytes)
Event: 17.186 Thread 0x0000020bd048a030 nmethod 8680 0x0000020bc1052090 code [0x0000020bc1052220, 0x0000020bc10522f8]
Event: 17.187 Thread 0x0000020bd048a030 8681       3       com.android.build.gradle.internal.utils.HasConfigurableValuesKt::setDisallowChanges (20 bytes)
Event: 17.188 Thread 0x0000020bd048a030 nmethod 8681 0x0000020bb9f1b710 code [0x0000020bb9f1b940, 0x0000020bb9f1c178]
Event: 17.188 Thread 0x0000020bd048a030 8682   !   3       org.gradle.api.internal.DefaultMutationGuard$2::execute (67 bytes)
Event: 17.189 Thread 0x0000020bd048a030 nmethod 8682 0x0000020bb9f1c490 code [0x0000020bb9f1c720, 0x0000020bb9f1d3e8]
Event: 17.189 Thread 0x0000020bd048a030 8683       3       org.gradle.api.internal.DefaultMutationGuard::access$100 (6 bytes)
Event: 17.190 Thread 0x0000020bd048a030 nmethod 8683 0x0000020bb9f1d890 code [0x0000020bb9f1da60, 0x0000020bb9f1de98]
Event: 17.190 Thread 0x0000020bd048a030 8684       1       org.gradle.api.internal.provider.AbstractProperty::getDeclaredDisplayName (5 bytes)
Event: 17.190 Thread 0x0000020bd048a030 nmethod 8684 0x0000020bc1052390 code [0x0000020bc1052520, 0x0000020bc10525f8]
Event: 17.191 Thread 0x0000020bd048a030 8685       3       org.gradle.api.internal.provider.AbstractMinimalProvider::get (37 bytes)

GC Heap History (20 events):
Event: 7.584 GC heap before
{Heap before GC invocations=13 (full 0):
 garbage-first heap   total 82944K, used 68000K [0x0000000080000000, 0x0000000100000000)
  region size 1024K, 31 young (31744K), 4 survivors (4096K)
 Metaspace       used 51241K, committed 51712K, reserved 1097728K
  class space    used 6766K, committed 6976K, reserved 1048576K
}
Event: 7.589 GC heap after
{Heap after GC invocations=14 (full 0):
 garbage-first heap   total 100352K, used 42576K [0x0000000080000000, 0x0000000100000000)
  region size 1024K, 4 young (4096K), 4 survivors (4096K)
 Metaspace       used 51241K, committed 51712K, reserved 1097728K
  class space    used 6766K, committed 6976K, reserved 1048576K
}
Event: 8.348 GC heap before
{Heap before GC invocations=14 (full 0):
 garbage-first heap   total 100352K, used 82512K [0x0000000080000000, 0x0000000100000000)
  region size 1024K, 39 young (39936K), 4 survivors (4096K)
 Metaspace       used 55409K, committed 55872K, reserved 1097728K
  class space    used 7318K, committed 7488K, reserved 1048576K
}
Event: 8.356 GC heap after
{Heap after GC invocations=15 (full 0):
 garbage-first heap   total 100352K, used 52720K [0x0000000080000000, 0x0000000100000000)
  region size 1024K, 5 young (5120K), 5 survivors (5120K)
 Metaspace       used 55409K, committed 55872K, reserved 1097728K
  class space    used 7318K, committed 7488K, reserved 1048576K
}
Event: 9.380 GC heap before
{Heap before GC invocations=15 (full 0):
 garbage-first heap   total 100352K, used 77296K [0x0000000080000000, 0x0000000100000000)
  region size 1024K, 30 young (30720K), 5 survivors (5120K)
 Metaspace       used 60059K, committed 60480K, reserved 1105920K
  class space    used 7929K, committed 8128K, reserved 1048576K
}
Event: 9.389 GC heap after
{Heap after GC invocations=16 (full 0):
 garbage-first heap   total 100352K, used 54317K [0x0000000080000000, 0x0000000100000000)
  region size 1024K, 2 young (2048K), 2 survivors (2048K)
 Metaspace       used 60059K, committed 60480K, reserved 1105920K
  class space    used 7929K, committed 8128K, reserved 1048576K
}
Event: 9.679 GC heap before
{Heap before GC invocations=17 (full 0):
 garbage-first heap   total 100352K, used 58413K [0x0000000080000000, 0x0000000100000000)
  region size 1024K, 8 young (8192K), 2 survivors (2048K)
 Metaspace       used 61491K, committed 62016K, reserved 1105920K
  class space    used 8090K, committed 8320K, reserved 1048576K
}
Event: 9.686 GC heap after
{Heap after GC invocations=18 (full 0):
 garbage-first heap   total 100352K, used 55454K [0x0000000080000000, 0x0000000100000000)
  region size 1024K, 3 young (3072K), 3 survivors (3072K)
 Metaspace       used 61491K, committed 62016K, reserved 1105920K
  class space    used 8090K, committed 8320K, reserved 1048576K
}
Event: 10.397 GC heap before
{Heap before GC invocations=19 (full 0):
 garbage-first heap   total 117760K, used 86174K [0x0000000080000000, 0x0000000100000000)
  region size 1024K, 27 young (27648K), 3 survivors (3072K)
 Metaspace       used 62974K, committed 63488K, reserved 1105920K
  class space    used 8300K, committed 8512K, reserved 1048576K
}
Event: 10.407 GC heap after
{Heap after GC invocations=20 (full 0):
 garbage-first heap   total 117760K, used 57832K [0x0000000080000000, 0x0000000100000000)
  region size 1024K, 4 young (4096K), 4 survivors (4096K)
 Metaspace       used 62974K, committed 63488K, reserved 1105920K
  class space    used 8300K, committed 8512K, reserved 1048576K
}
Event: 10.446 GC heap before
{Heap before GC invocations=20 (full 0):
 garbage-first heap   total 117760K, used 58856K [0x0000000080000000, 0x0000000100000000)
  region size 1024K, 5 young (5120K), 4 survivors (4096K)
 Metaspace       used 63087K, committed 63616K, reserved 1105920K
  class space    used 8317K, committed 8512K, reserved 1048576K
}
Event: 10.454 GC heap after
{Heap after GC invocations=21 (full 0):
 garbage-first heap   total 117760K, used 58077K [0x0000000080000000, 0x0000000100000000)
  region size 1024K, 1 young (1024K), 1 survivors (1024K)
 Metaspace       used 63087K, committed 63616K, reserved 1105920K
  class space    used 8317K, committed 8512K, reserved 1048576K
}
Event: 11.221 GC heap before
{Heap before GC invocations=21 (full 0):
 garbage-first heap   total 117760K, used 83677K [0x0000000080000000, 0x0000000100000000)
  region size 1024K, 27 young (27648K), 1 survivors (1024K)
 Metaspace       used 65119K, committed 65664K, reserved 1114112K
  class space    used 8556K, committed 8768K, reserved 1048576K
}
Event: 11.228 GC heap after
{Heap after GC invocations=22 (full 0):
 garbage-first heap   total 177152K, used 60248K [0x0000000080000000, 0x0000000100000000)
  region size 1024K, 3 young (3072K), 3 survivors (3072K)
 Metaspace       used 65119K, committed 65664K, reserved 1114112K
  class space    used 8556K, committed 8768K, reserved 1048576K
}
Event: 12.794 GC heap before
{Heap before GC invocations=22 (full 0):
 garbage-first heap   total 177152K, used 121688K [0x0000000080000000, 0x0000000100000000)
  region size 1024K, 62 young (63488K), 3 survivors (3072K)
 Metaspace       used 68577K, committed 69120K, reserved 1114112K
  class space    used 9036K, committed 9280K, reserved 1048576K
}
Event: 12.808 GC heap after
{Heap after GC invocations=23 (full 0):
 garbage-first heap   total 177152K, used 63997K [0x0000000080000000, 0x0000000100000000)
  region size 1024K, 7 young (7168K), 7 survivors (7168K)
 Metaspace       used 68577K, committed 69120K, reserved 1114112K
  class space    used 9036K, committed 9280K, reserved 1048576K
}
Event: 14.859 GC heap before
{Heap before GC invocations=23 (full 0):
 garbage-first heap   total 177152K, used 129533K [0x0000000080000000, 0x0000000100000000)
  region size 1024K, 71 young (72704K), 7 survivors (7168K)
 Metaspace       used 75565K, committed 76096K, reserved 1122304K
  class space    used 10183K, committed 10432K, reserved 1048576K
}
Event: 14.875 GC heap after
{Heap after GC invocations=24 (full 0):
 garbage-first heap   total 177152K, used 68837K [0x0000000080000000, 0x0000000100000000)
  region size 1024K, 9 young (9216K), 9 survivors (9216K)
 Metaspace       used 75565K, committed 76096K, reserved 1122304K
  class space    used 10183K, committed 10432K, reserved 1048576K
}
Event: 16.937 GC heap before
{Heap before GC invocations=24 (full 0):
 garbage-first heap   total 177152K, used 132325K [0x0000000080000000, 0x0000000100000000)
  region size 1024K, 71 young (72704K), 9 survivors (9216K)
 Metaspace       used 83086K, committed 83712K, reserved 1122304K
  class space    used 11289K, committed 11584K, reserved 1048576K
}
Event: 16.960 GC heap after
{Heap after GC invocations=25 (full 0):
 garbage-first heap   total 177152K, used 73505K [0x0000000080000000, 0x0000000100000000)
  region size 1024K, 5 young (5120K), 5 survivors (5120K)
 Metaspace       used 83086K, committed 83712K, reserved 1122304K
  class space    used 11289K, committed 11584K, reserved 1048576K
}

Dll operation events (2 events):
Event: 0.045 Loaded shared library C:\Program Files\Android\Android Studio\jbr\bin\java.dll
Event: 0.734 Loaded shared library C:\Program Files\Android\Android Studio\jbr\bin\verify.dll

Deoptimization events (20 events):
Event: 16.893 Thread 0x0000020bd2a9efd0 DEOPT PACKING pc=0x0000020bc1024950 sp=0x0000009d131f82b0
Event: 16.893 Thread 0x0000020bd2a9efd0 DEOPT UNPACKING pc=0x0000020bc05fa1a3 sp=0x0000009d131f8008 mode 2
Event: 16.897 Thread 0x0000020bd2a9efd0 Uncommon trap: trap_request=0xffffff45 fr.pc=0x0000020bc0fa9584 relative=0x00000000000008a4
Event: 16.897 Thread 0x0000020bd2a9efd0 Uncommon trap: reason=unstable_if action=reinterpret pc=0x0000020bc0fa9584 method=java.lang.ThreadLocal$ThreadLocalMap.set(Ljava/lang/ThreadLocal;Ljava/lang/Object;)V @ 125 c2
Event: 16.897 Thread 0x0000020bd2a9efd0 DEOPT PACKING pc=0x0000020bc0fa9584 sp=0x0000009d131f93a0
Event: 16.897 Thread 0x0000020bd2a9efd0 DEOPT UNPACKING pc=0x0000020bc05fa1a3 sp=0x0000009d131f9268 mode 2
Event: 16.898 Thread 0x0000020bd2a9efd0 DEOPT PACKING pc=0x0000020bb96617ce sp=0x0000009d131f8960
Event: 16.898 Thread 0x0000020bd2a9efd0 DEOPT UNPACKING pc=0x0000020bc05face3 sp=0x0000009d131f7e28 mode 0
Event: 17.001 Thread 0x0000020bd2a9efd0 Uncommon trap: trap_request=0xffffff45 fr.pc=0x0000020bc0e5ee88 relative=0x0000000000000728
Event: 17.001 Thread 0x0000020bd2a9efd0 Uncommon trap: reason=unstable_if action=reinterpret pc=0x0000020bc0e5ee88 method=java.util.HashMap.putVal(ILjava/lang/Object;Ljava/lang/Object;ZZ)Ljava/lang/Object; @ 109 c2
Event: 17.001 Thread 0x0000020bd2a9efd0 DEOPT PACKING pc=0x0000020bc0e5ee88 sp=0x0000009d131f7be0
Event: 17.001 Thread 0x0000020bd2a9efd0 DEOPT UNPACKING pc=0x0000020bc05fa1a3 sp=0x0000009d131f7af8 mode 2
Event: 17.001 Thread 0x0000020bd2a9efd0 Uncommon trap: trap_request=0xffffff45 fr.pc=0x0000020bc0e3951c relative=0x00000000000006bc
Event: 17.001 Thread 0x0000020bd2a9efd0 Uncommon trap: reason=unstable_if action=reinterpret pc=0x0000020bc0e3951c method=java.util.HashMap.putVal(ILjava/lang/Object;Ljava/lang/Object;ZZ)Ljava/lang/Object; @ 109 c2
Event: 17.001 Thread 0x0000020bd2a9efd0 DEOPT PACKING pc=0x0000020bc0e3951c sp=0x0000009d131f7b30
Event: 17.001 Thread 0x0000020bd2a9efd0 DEOPT UNPACKING pc=0x0000020bc05fa1a3 sp=0x0000009d131f7ae8 mode 2
Event: 17.093 Thread 0x0000020bd2a9efd0 Uncommon trap: trap_request=0xffffff45 fr.pc=0x0000020bc100e01c relative=0x00000000000001fc
Event: 17.093 Thread 0x0000020bd2a9efd0 Uncommon trap: reason=unstable_if action=reinterpret pc=0x0000020bc100e01c method=org.gradle.internal.instantiation.generator.AbstractClassGenerator.isNameProperty(Lorg/gradle/internal/instantiation/generator/AbstractClassGenerator$PropertyMetadata;)Z @ 2
Event: 17.093 Thread 0x0000020bd2a9efd0 DEOPT PACKING pc=0x0000020bc100e01c sp=0x0000009d131f78e0
Event: 17.093 Thread 0x0000020bd2a9efd0 DEOPT UNPACKING pc=0x0000020bc05fa1a3 sp=0x0000009d131f7870 mode 2

Classes unloaded (0 events):
No events

Classes redefined (0 events):
No events

Internal exceptions (20 events):
Event: 14.741 Thread 0x0000020bd2a9efd0 Exception <a 'java/lang/ClassNotFoundException'{0x0000000086984a88}: com/android/build/gradle/internal/api/ReadOnlyBaseConfigBeanInfo> (0x0000000086984a88) 
thrown [s\src\hotspot\share\classfile\systemDictionary.cpp, line 256]
Event: 14.743 Thread 0x0000020bd2a9efd0 Exception <a 'java/lang/ClassNotFoundException'{0x00000000869918c8}: com/android/build/gradle/internal/api/ReadOnlyBaseConfigCustomizer> (0x00000000869918c8) 
thrown [s\src\hotspot\share\classfile\systemDictionary.cpp, line 256]
Event: 14.745 Thread 0x0000020bd2a9efd0 Exception <a 'java/lang/ClassNotFoundException'{0x00000000869af2b0}: com/android/build/gradle/internal/api/ReadOnlyBuildTypeCustomizer> (0x00000000869af2b0) 
thrown [s\src\hotspot\share\classfile\systemDictionary.cpp, line 256]
Event: 14.839 Thread 0x0000020bd2a9efd0 Exception <a 'java/lang/NoSuchMethodError'{0x000000008666eb48}: 'void java.lang.invoke.DirectMethodHandle$Holder.invokeStatic(java.lang.Object, java.lang.Object, java.lang.Object, java.lang.Object, java.lang.Object, java.lang.Object, java.lang.Object)'> (0x000000008666eb48) 
thrown [s\src\hotspot\share\interpreter\linkResolver.cpp, line 771]
Event: 15.148 Thread 0x0000020bd2a9efd0 Implicit null exception at 0x0000020bc0fa2f7a to 0x0000020bc0fa373c
Event: 15.148 Thread 0x0000020bd2a9efd0 Implicit null exception at 0x0000020bc0f9fb84 to 0x0000020bc0f9fcf0
Event: 15.148 Thread 0x0000020bd2a9efd0 Implicit null exception at 0x0000020bc0fa235b to 0x0000020bc0fa23e4
Event: 15.148 Thread 0x0000020bd2a9efd0 Implicit null exception at 0x0000020bc0fa2f7a to 0x0000020bc0fa373c
Event: 15.152 Thread 0x0000020bd2a9efd0 Implicit null exception at 0x0000020bc0fa2f7a to 0x0000020bc0fa373c
Event: 15.152 Thread 0x0000020bd2a9efd0 Implicit null exception at 0x0000020bc0fa2f7a to 0x0000020bc0fa373c
Event: 15.215 Thread 0x0000020bd2a9efd0 Implicit null exception at 0x0000020bc0e40d12 to 0x0000020bc0e41378
Event: 15.215 Thread 0x0000020bd2a9efd0 Implicit null exception at 0x0000020bc0e3ed94 to 0x0000020bc0e3f470
Event: 15.911 Thread 0x0000020bd2a9efd0 Exception <a 'sun/nio/fs/WindowsException'{0x0000000088f39908}> (0x0000000088f39908) 
thrown [s\src\hotspot\share\prims\jni.cpp, line 517]
Event: 16.098 Thread 0x0000020bd2a9efd0 Exception <a 'java/lang/NullPointerException'{0x00000000888a9568}> (0x00000000888a9568) 
thrown [s\src\hotspot\share\interpreter\linkResolver.cpp, line 1447]
Event: 16.257 Thread 0x0000020bd2a9efd0 Implicit null exception at 0x0000020bc0cece1b to 0x0000020bc0cef01c
Event: 16.650 Thread 0x0000020bd2a9efd0 Exception <a 'sun/nio/fs/WindowsException'{0x0000000087904af0}> (0x0000000087904af0) 
thrown [s\src\hotspot\share\prims\jni.cpp, line 517]
Event: 16.650 Thread 0x0000020bd2a9efd0 Exception <a 'sun/nio/fs/WindowsException'{0x0000000087905e80}> (0x0000000087905e80) 
thrown [s\src\hotspot\share\prims\jni.cpp, line 517]
Event: 16.650 Thread 0x0000020bd2a9efd0 Exception <a 'sun/nio/fs/WindowsException'{0x0000000087907248}> (0x0000000087907248) 
thrown [s\src\hotspot\share\prims\jni.cpp, line 517]
Event: 16.650 Thread 0x0000020bd2a9efd0 Exception <a 'sun/nio/fs/WindowsException'{0x0000000087908610}> (0x0000000087908610) 
thrown [s\src\hotspot\share\prims\jni.cpp, line 517]
Event: 17.036 Thread 0x0000020bd2a9efd0 Exception <a 'java/lang/NoSuchMethodError'{0x000000008c467d70}: 'java.lang.Object java.lang.invoke.DirectMethodHandle$Holder.newInvokeSpecial(java.lang.Object, java.lang.Object, int)'> (0x000000008c467d70) 
thrown [s\src\hotspot\share\interpreter\linkResolver.cpp, line 771]

VM Operations (20 events):
Event: 14.209 Executing VM operation: HandshakeAllThreads
Event: 14.209 Executing VM operation: HandshakeAllThreads done
Event: 14.209 Executing VM operation: Cleanup
Event: 14.209 Executing VM operation: Cleanup done
Event: 14.859 Executing VM operation: G1CollectForAllocation
Event: 14.875 Executing VM operation: G1CollectForAllocation done
Event: 15.206 Executing VM operation: HandshakeAllThreads
Event: 15.206 Executing VM operation: HandshakeAllThreads done
Event: 15.537 Executing VM operation: ICBufferFull
Event: 15.537 Executing VM operation: ICBufferFull done
Event: 16.035 Executing VM operation: HandshakeAllThreads
Event: 16.035 Executing VM operation: HandshakeAllThreads done
Event: 16.277 Executing VM operation: ICBufferFull
Event: 16.277 Executing VM operation: ICBufferFull done
Event: 16.565 Executing VM operation: HandshakeAllThreads
Event: 16.565 Executing VM operation: HandshakeAllThreads done
Event: 16.674 Executing VM operation: HandshakeAllThreads
Event: 16.674 Executing VM operation: HandshakeAllThreads done
Event: 16.935 Executing VM operation: G1CollectForAllocation
Event: 16.960 Executing VM operation: G1CollectForAllocation done

Events (20 events):
Event: 16.612 loading class java/util/regex/Pattern$Behind
Event: 16.612 loading class java/util/regex/Pattern$Behind done
Event: 16.636 loading class javax/xml/datatype/DatatypeConfigurationException
Event: 16.637 loading class javax/xml/datatype/DatatypeConfigurationException done
Event: 16.640 loading class jdk/internal/reflect/UnsafeIntegerFieldAccessorImpl
Event: 16.640 loading class jdk/internal/reflect/UnsafeIntegerFieldAccessorImpl done
Event: 16.644 loading class com/sun/org/apache/xerces/internal/impl/io/MalformedByteSequenceException
Event: 16.644 loading class java/io/CharConversionException
Event: 16.644 loading class java/io/CharConversionException done
Event: 16.644 loading class com/sun/org/apache/xerces/internal/impl/io/MalformedByteSequenceException done
Event: 16.650 loading class java/util/EnumMap$EntrySet
Event: 16.651 loading class java/util/EnumMap$EntrySet done
Event: 16.651 loading class java/util/EnumMap$EntryIterator
Event: 16.651 loading class java/util/EnumMap$EnumMapIterator
Event: 16.651 loading class java/util/EnumMap$EnumMapIterator done
Event: 16.651 loading class java/util/EnumMap$EntryIterator done
Event: 16.651 loading class java/util/EnumMap$EntryIterator$Entry
Event: 16.651 loading class java/util/EnumMap$EntryIterator$Entry done
Event: 16.667 loading class jdk/internal/reflect/UnsafeBooleanFieldAccessorImpl
Event: 16.667 loading class jdk/internal/reflect/UnsafeBooleanFieldAccessorImpl done


Dynamic libraries:
0x00007ff616aa0000 - 0x00007ff616aaa000 	C:\Program Files\Android\Android Studio\jbr\bin\java.exe
0x00007fff2f450000 - 0x00007fff2f664000 	C:\WINDOWS\SYSTEM32\ntdll.dll
0x00007fff2da40000 - 0x00007fff2db02000 	C:\WINDOWS\System32\KERNEL32.DLL
0x00007fff2cdd0000 - 0x00007fff2d16c000 	C:\WINDOWS\System32\KERNELBASE.dll
0x00007fff2cc10000 - 0x00007fff2cd21000 	C:\WINDOWS\System32\ucrtbase.dll
0x00007ffefb010000 - 0x00007ffefb02b000 	C:\Program Files\Android\Android Studio\jbr\bin\VCRUNTIME140.dll
0x00007ffeefe00000 - 0x00007ffeefe17000 	C:\Program Files\Android\Android Studio\jbr\bin\jli.dll
0x00007fff2d380000 - 0x00007fff2d52b000 	C:\WINDOWS\System32\USER32.dll
0x00007fff1edc0000 - 0x00007fff1f04e000 	C:\WINDOWS\WinSxS\amd64_microsoft.windows.common-controls_6595b64144ccf1df_6.0.22621.608_none_a9444ca7c10bb01d\COMCTL32.dll
0x00007fff2cb20000 - 0x00007fff2cb46000 	C:\WINDOWS\System32\win32u.dll
0x00007fff2f150000 - 0x00007fff2f1f7000 	C:\WINDOWS\System32\msvcrt.dll
0x00007fff2e2c0000 - 0x00007fff2e2e9000 	C:\WINDOWS\System32\GDI32.dll
0x00007fff2c890000 - 0x00007fff2c9a3000 	C:\WINDOWS\System32\gdi32full.dll
0x00007fff2cd30000 - 0x00007fff2cdca000 	C:\WINDOWS\System32\msvcp_win.dll
0x00007fff2d340000 - 0x00007fff2d371000 	C:\WINDOWS\System32\IMM32.DLL
0x00007fff21ad0000 - 0x00007fff21adc000 	C:\Program Files\Android\Android Studio\jbr\bin\vcruntime140_1.dll
0x00007ffee04c0000 - 0x00007ffee054d000 	C:\Program Files\Android\Android Studio\jbr\bin\msvcp140.dll
0x00007ffe9b930000 - 0x00007ffe9c59d000 	C:\Program Files\Android\Android Studio\jbr\bin\server\jvm.dll
0x00007fff2dc90000 - 0x00007fff2dd3e000 	C:\WINDOWS\System32\ADVAPI32.dll
0x00007fff2d930000 - 0x00007fff2d9d4000 	C:\WINDOWS\System32\sechost.dll
0x00007fff2e680000 - 0x00007fff2e797000 	C:\WINDOWS\System32\RPCRT4.dll
0x00007fff21940000 - 0x00007fff21974000 	C:\WINDOWS\SYSTEM32\WINMM.dll
0x00007fff27900000 - 0x00007fff27909000 	C:\WINDOWS\SYSTEM32\WSOCK32.dll
0x00007fff241e0000 - 0x00007fff241ea000 	C:\WINDOWS\SYSTEM32\VERSION.dll
0x00007fff2f260000 - 0x00007fff2f2d1000 	C:\WINDOWS\System32\WS2_32.dll
0x00007fff2b9d0000 - 0x00007fff2b9e8000 	C:\WINDOWS\SYSTEM32\kernel.appcore.dll
0x00007fff278d0000 - 0x00007fff278da000 	C:\Program Files\Android\Android Studio\jbr\bin\jimage.dll
0x00007fff29ba0000 - 0x00007fff29dce000 	C:\WINDOWS\SYSTEM32\DBGHELP.DLL
0x00007fff2e2f0000 - 0x00007fff2e679000 	C:\WINDOWS\System32\combase.dll
0x00007fff2d260000 - 0x00007fff2d337000 	C:\WINDOWS\System32\OLEAUT32.dll
0x00007fff03a90000 - 0x00007fff03ac2000 	C:\WINDOWS\SYSTEM32\dbgcore.DLL
0x00007fff2d1e0000 - 0x00007fff2d25b000 	C:\WINDOWS\System32\bcryptPrimitives.dll
0x00007fff17bf0000 - 0x00007fff17c15000 	C:\Program Files\Android\Android Studio\jbr\bin\java.dll
0x00007fff20e50000 - 0x00007fff20e68000 	C:\Program Files\Android\Android Studio\jbr\bin\zip.dll
0x00007fff2e7a0000 - 0x00007fff2ef90000 	C:\WINDOWS\System32\SHELL32.dll
0x00007fff2a8a0000 - 0x00007fff2b16d000 	C:\WINDOWS\SYSTEM32\windows.storage.dll
0x00007fff2a760000 - 0x00007fff2a89e000 	C:\WINDOWS\SYSTEM32\wintypes.dll
0x00007fff2f2e0000 - 0x00007fff2f3d1000 	C:\WINDOWS\System32\SHCORE.dll
0x00007fff2d9e0000 - 0x00007fff2da3e000 	C:\WINDOWS\System32\shlwapi.dll
0x00007fff2c7c0000 - 0x00007fff2c7e1000 	C:\WINDOWS\SYSTEM32\profapi.dll
0x00007fff19930000 - 0x00007fff19949000 	C:\Program Files\Android\Android Studio\jbr\bin\net.dll
0x00007fff26480000 - 0x00007fff265b7000 	C:\WINDOWS\SYSTEM32\WINHTTP.dll
0x00007fff2be40000 - 0x00007fff2bea9000 	C:\WINDOWS\system32\mswsock.dll
0x00007fff197f0000 - 0x00007fff19806000 	C:\Program Files\Android\Android Studio\jbr\bin\nio.dll
0x00007fff240d0000 - 0x00007fff240e0000 	C:\Program Files\Android\Android Studio\jbr\bin\verify.dll
0x00007ffedf8f0000 - 0x00007ffedf917000 	C:\Users\georg\Documents\edistynytmobiiliohjelmointi-master (1)\edistynytmobiiliohjelmointi-master\native\e1d6ef7f7dcc3fd88c89a11ec53ec762bb8ba0a96d01ffa2cd45eb1d1d8dd5c5\windows-amd64\native-platform.dll
0x00007ffe8a690000 - 0x00007ffe8a7d4000 	C:\Users\georg\Documents\edistynytmobiiliohjelmointi-master (1)\edistynytmobiiliohjelmointi-master\native\0d407fdbe67a94daf76414ababcb853783967236a71b16ec16e742cd7a986fd3\windows-amd64\native-platform-file-events.dll
0x00007fff278b0000 - 0x00007fff278b9000 	C:\Program Files\Android\Android Studio\jbr\bin\management.dll
0x00007fff27850000 - 0x00007fff2785b000 	C:\Program Files\Android\Android Studio\jbr\bin\management_ext.dll
0x00007fff2d920000 - 0x00007fff2d928000 	C:\WINDOWS\System32\PSAPI.DLL
0x00007fff2c0a0000 - 0x00007fff2c0bb000 	C:\WINDOWS\SYSTEM32\CRYPTSP.dll
0x00007fff2b940000 - 0x00007fff2b975000 	C:\WINDOWS\system32\rsaenh.dll
0x00007fff2bf40000 - 0x00007fff2bf68000 	C:\WINDOWS\SYSTEM32\USERENV.dll
0x00007fff2c260000 - 0x00007fff2c288000 	C:\WINDOWS\SYSTEM32\bcrypt.dll
0x00007fff2c0c0000 - 0x00007fff2c0cc000 	C:\WINDOWS\SYSTEM32\CRYPTBASE.dll
0x00007fff2b480000 - 0x00007fff2b4ad000 	C:\WINDOWS\SYSTEM32\IPHLPAPI.DLL
0x00007fff2e2b0000 - 0x00007fff2e2b9000 	C:\WINDOWS\System32\NSI.dll
0x00007fff25640000 - 0x00007fff25659000 	C:\WINDOWS\SYSTEM32\dhcpcsvc6.DLL
0x00007fff25620000 - 0x00007fff2563f000 	C:\WINDOWS\SYSTEM32\dhcpcsvc.DLL
0x00007fff2b500000 - 0x00007fff2b5f3000 	C:\WINDOWS\SYSTEM32\DNSAPI.dll
0x00007fff05bf0000 - 0x00007fff05bf8000 	C:\WINDOWS\system32\wshunix.dll

dbghelp: loaded successfully - version: 4.0.5 - missing functions: none
symbol engine: initialized successfully - sym options: 0x614 - pdb path: .;C:\Program Files\Android\Android Studio\jbr\bin;C:\WINDOWS\SYSTEM32;C:\WINDOWS\WinSxS\amd64_microsoft.windows.common-controls_6595b64144ccf1df_6.0.22621.608_none_a9444ca7c10bb01d;C:\Program Files\Android\Android Studio\jbr\bin\server;C:\Users\georg\Documents\edistynytmobiiliohjelmointi-master (1)\edistynytmobiiliohjelmointi-master\native\e1d6ef7f7dcc3fd88c89a11ec53ec762bb8ba0a96d01ffa2cd45eb1d1d8dd5c5\windows-amd64;C:\Users\georg\Documents\edistynytmobiiliohjelmointi-master (1)\edistynytmobiiliohjelmointi-master\native\0d407fdbe67a94daf76414ababcb853783967236a71b16ec16e742cd7a986fd3\windows-amd64

VM Arguments:
jvm_args: --add-opens=java.base/java.util=ALL-UNNAMED --add-opens=java.base/java.lang=ALL-UNNAMED --add-opens=java.base/java.lang.invoke=ALL-UNNAMED --add-opens=java.base/java.util=ALL-UNNAMED --add-opens=java.prefs/java.util.prefs=ALL-UNNAMED --add-opens=java.prefs/java.util.prefs=ALL-UNNAMED --add-opens=java.base/java.nio.charset=ALL-UNNAMED --add-opens=java.base/java.net=ALL-UNNAMED --add-opens=java.base/java.util.concurrent.atomic=ALL-UNNAMED -Xmx2048m -Dfile.encoding=UTF-8 -Duser.country=US -Duser.language=en -Duser.variant 
java_command: org.gradle.launcher.daemon.bootstrap.GradleDaemon 7.5
java_class_path (initial): C:\Users\georg\Documents\edistynytmobiiliohjelmointi-master (1)\edistynytmobiiliohjelmointi-master\wrapper\dists\gradle-7.5-bin\f1w0cc9nuo0eivz97x2xlu9sv\gradle-7.5\lib\gradle-launcher-7.5.jar
Launcher Type: SUN_STANDARD

[Global flags]
     intx CICompilerCount                          = 4                                         {product} {ergonomic}
     uint ConcGCThreads                            = 2                                         {product} {ergonomic}
     uint G1ConcRefinementThreads                  = 8                                         {product} {ergonomic}
   size_t G1HeapRegionSize                         = 1048576                                   {product} {ergonomic}
    uintx GCDrainStackTargetSize                   = 64                                        {product} {ergonomic}
   size_t InitialHeapSize                          = 262144000                                 {product} {ergonomic}
   size_t MarkStackSize                            = 4194304                                   {product} {ergonomic}
   size_t MaxHeapSize                              = 2147483648                                {product} {command line}
   size_t MaxNewSize                               = 1287651328                                {product} {ergonomic}
   size_t MinHeapDeltaBytes                        = 1048576                                   {product} {ergonomic}
   size_t MinHeapSize                              = 8388608                                   {product} {ergonomic}
    uintx NonNMethodCodeHeapSize                   = 5839372                                {pd product} {ergonomic}
    uintx NonProfiledCodeHeapSize                  = 122909434                              {pd product} {ergonomic}
    uintx ProfiledCodeHeapSize                     = 122909434                              {pd product} {ergonomic}
    uintx ReservedCodeCacheSize                    = 251658240                              {pd product} {ergonomic}
     bool SegmentedCodeCache                       = true                                      {product} {ergonomic}
   size_t SoftMaxHeapSize                          = 2147483648                             {manageable} {ergonomic}
     bool UseCompressedClassPointers               = true                           {product lp64_product} {ergonomic}
     bool UseCompressedOops                        = true                           {product lp64_product} {ergonomic}
     bool UseG1GC                                  = true                                      {product} {ergonomic}
     bool UseLargePagesIndividualAllocation        = false                                  {pd product} {ergonomic}

Logging:
Log output configuration:
 #0: stdout all=warning uptime,level,tags
 #1: stderr all=off uptime,level,tags

Environment Variables:
PATH=C:\WINDOWS\system32;C:\WINDOWS;C:\WINDOWS\System32\Wbem;C:\WINDOWS\System32\WindowsPowerShell\v1.0\;C:\WINDOWS\System32\OpenSSH\;C:\Users\georg\AppData\Local\Microsoft\WindowsApps;C:\Users\georg\AppData\Local\GitHubDesktop\bin
USERNAME=georg
OS=Windows_NT
PROCESSOR_IDENTIFIER=Intel64 Family 6 Model 140 Stepping 1, GenuineIntel
TMP=C:\Users\georg\AppData\Local\Temp
TEMP=C:\Users\georg\AppData\Local\Temp



---------------  S Y S T E M  ---------------

OS:
 Windows 11 , 64 bit Build 22621 (10.0.22621.1485)
OS uptime: 3 days 8:15 hours

CPU: total 8 (initial active 8) (4 cores per cpu, 2 threads per core) family 6 model 140 stepping 1 microcode 0xa4, cx8, cmov, fxsr, ht, mmx, 3dnowpref, sse, sse2, sse3, ssse3, sse4.1, sse4.2, popcnt, lzcnt, tsc, tscinvbit, avx, avx2, aes, erms, clmul, bmi1, bmi2, adx, avx512f, avx512dq, avx512cd, avx512bw, avx512vl, sha, fma, vzeroupper, avx512_vpopcntdq, avx512_vpclmulqdq, avx512_vaes, avx512_vnni, clflush, clflushopt, clwb, avx512_vbmi2, avx512_vbmi

Memory: 4k page, system-wide physical 15963M (3035M free)
TotalPageFile size 15963M (AvailPageFile size 0M)
current process WorkingSet (physical memory assigned to process): 420M, peak: 420M
current process commit charge ("private bytes"): 455M, peak: 456M

vm_info: OpenJDK 64-Bit Server VM (17.0.6+0-b2043.56-9586694) for windows-amd64 JRE (17.0.6+0-b2043.56-9586694), built on Feb  9 2023 20:06:20 by "androidbuild" with MS VC++ 16.10 / 16.11 (VS2019)

END.
