#
# There is insufficient memory for the Java Runtime Environment to continue.
# Native memory allocation (malloc) failed to allocate 1413136 bytes for Chunk::new
# Possible reasons:
#   The system is out of physical RAM or swap space
#   The process is running with CompressedOops enabled, and the Java Heap may be blocking the growth of the native heap
# Possible solutions:
#   Reduce memory load on the system
#   Increase physical memory or swap space
#   Check if swap backing store is full
#   Decrease Java heap size (-Xmx/-Xms)
#   Decrease number of Java threads
#   Decrease Java thread stack sizes (-Xss)
#   Set larger code cache with -XX:ReservedCodeCacheSize=
#   JVM is running with Unscaled Compressed Oops mode in which the Java heap is
#     placed in the first 4GB address space. The Java Heap base address is the
#     maximum limit for the native heap growth. Please use -XX:HeapBaseMinAddress
#     to set the Java Heap base and to place the Java Heap above 4GB virtual address.
# This output file may be truncated or incomplete.
#
#  Out of Memory Error (arena.cpp:189), pid=14944, tid=18292
#
# JRE version: OpenJDK Runtime Environment (17.0.6) (build 17.0.6+0-b2043.56-9586694)
# Java VM: OpenJDK 64-Bit Server VM (17.0.6+0-b2043.56-9586694, mixed mode, tiered, compressed oops, compressed class ptrs, g1 gc, windows-amd64)
# No core dump will be written. Minidumps are not enabled by default on client versions of Windows
#

---------------  S U M M A R Y ------------

Command Line: --add-opens=java.base/java.util=ALL-UNNAMED --add-opens=java.base/java.lang=ALL-UNNAMED --add-opens=java.base/java.lang.invoke=ALL-UNNAMED --add-opens=java.base/java.util=ALL-UNNAMED --add-opens=java.prefs/java.util.prefs=ALL-UNNAMED --add-opens=java.prefs/java.util.prefs=ALL-UNNAMED --add-opens=java.base/java.nio.charset=ALL-UNNAMED --add-opens=java.base/java.net=ALL-UNNAMED --add-opens=java.base/java.util.concurrent.atomic=ALL-UNNAMED -Xmx2048m -Dfile.encoding=UTF-8 -Duser.country=US -Duser.language=en -Duser.variant org.gradle.launcher.daemon.bootstrap.GradleDaemon 7.5

Host: 11th Gen Intel(R) Core(TM) i7-1185G7 @ 3.00GHz, 8 cores, 15G,  Windows 11 , 64 bit Build 22621 (10.0.22621.1485)
Time: Sun May  7 22:06:46 2023 FLE Daylight Time elapsed time: 12.841133 seconds (0d 0h 0m 12s)

---------------  T H R E A D  ---------------

Current thread (0x00000204dec24470):  JavaThread "C2 CompilerThread1" daemon [_thread_in_native, id=18292, stack(0x00000009e5b00000,0x00000009e5c00000)]


Current CompileTask:
C2:  12841 7251 %     4       org.gradle.internal.instantiation.generator.AbstractClassGenerator::inspectType @ 341 (560 bytes)

Stack: [0x00000009e5b00000,0x00000009e5c00000]
Native frames: (J=compiled Java code, j=interpreted, Vv=VM code, C=native code)
V  [jvm.dll+0x683b4a]
V  [jvm.dll+0x842654]
V  [jvm.dll+0x843dfe]
V  [jvm.dll+0x844463]
V  [jvm.dll+0x249b75]
V  [jvm.dll+0xabcac]
V  [jvm.dll+0xac27c]
V  [jvm.dll+0x2b0eef]
V  [jvm.dll+0x58a207]
V  [jvm.dll+0x2243b2]
V  [jvm.dll+0x22478f]
V  [jvm.dll+0x21e055]
V  [jvm.dll+0x21b51b]
V  [jvm.dll+0x1a4fdd]
V  [jvm.dll+0x22b098]
V  [jvm.dll+0x229159]
V  [jvm.dll+0x7f809c]
V  [jvm.dll+0x7f25fa]
V  [jvm.dll+0x682985]
C  [ucrtbase.dll+0x29363]
C  [KERNEL32.DLL+0x1269d]
C  [ntdll.dll+0x5a9f8]


---------------  P R O C E S S  ---------------

Threads class SMR info:
_java_thread_list=0x00000204e2b1e080, length=126, elements={
0x00000204c3ed8ec0, 0x00000204de8180e0, 0x00000204de819430, 0x00000204de87f730,
0x00000204de88e540, 0x00000204de890e10, 0x00000204de8926e0, 0x00000204de8932d0,
0x00000204de894b10, 0x00000204de899370, 0x00000204dea14be0, 0x00000204dea190c0,
0x00000204dec24470, 0x00000204e18a99e0, 0x00000204e13bec90, 0x00000204e0fbb020,
0x00000204e01eb620, 0x00000204e01d5280, 0x00000204df72e190, 0x00000204df72f000,
0x00000204df72eb30, 0x00000204df72f4d0, 0x00000204df72dcc0, 0x00000204df72c980,
0x00000204df72ce50, 0x00000204df72d320, 0x00000204df72f9a0, 0x00000204df72d7f0,
0x00000204df72e660, 0x00000204df72fe70, 0x00000204df730340, 0x00000204e4a12530,
0x00000204e4a17230, 0x00000204e4a17bd0, 0x00000204e4a16d60, 0x00000204e4a17700,
0x00000204e4a133a0, 0x00000204e4a13870, 0x00000204e4a180a0, 0x00000204e4a193e0,
0x00000204e4a13d40, 0x00000204e4a14bb0, 0x00000204e4a15080, 0x00000204e4a198b0,
0x00000204e4a15a20, 0x00000204e4a12060, 0x00000204e4a15ef0, 0x00000204e4a16890,
0x00000204e4a18a40, 0x00000204e4a18570, 0x00000204e4a18f10, 0x00000204dfc95220,
0x00000204dfc91860, 0x00000204dfc93540, 0x00000204dfc94880, 0x00000204dfc97d70,
0x00000204dfc956f0, 0x00000204dfc973d0, 0x00000204dfc91d30, 0x00000204dfc94d50,
0x00000204dfc95bc0, 0x00000204dfc92ba0, 0x00000204dfc926d0, 0x00000204dfc978a0,
0x00000204dfc93a10, 0x00000204dfc96090, 0x00000204dfc93070, 0x00000204dfc98240,
0x00000204dfc943b0, 0x00000204dfc96560, 0x00000204dfc91390, 0x00000204dfc92200,
0x00000204dfc96f00, 0x00000204dfc96a30, 0x00000204dfc93ee0, 0x00000204dfc98710,
0x00000204dfc90ec0, 0x00000204e54b62f0, 0x00000204e54b9310, 0x00000204e54b7160,
0x00000204e54b4ae0, 0x00000204e54b4140, 0x00000204e54b37a0, 0x00000204e54b7630,
0x00000204e54b4fb0, 0x00000204e54b84a0, 0x00000204e54b9cb0, 0x00000204e54ba650,
0x00000204e54b5480, 0x00000204e54b8970, 0x00000204e54b97e0, 0x00000204e54b5e20,
0x00000204e54b7b00, 0x00000204e54b7fd0, 0x00000204e54b8e40, 0x00000204e54b67c0,
0x00000204e54b32d0, 0x00000204e54b5950, 0x00000204e54b2e00, 0x00000204e54b4610,
0x00000204e54ba180, 0x00000204e54b3c70, 0x00000204e54b6c90, 0x00000204e470a650,
0x00000204e470b990, 0x00000204e47097e0, 0x00000204e4707fd0, 0x00000204e4705950,
0x00000204e470ab20, 0x00000204e47062f0, 0x00000204e4708970, 0x00000204e4708e40,
0x00000204e470ccd0, 0x00000204e470c800, 0x00000204e47084a0, 0x00000204e470be60,
0x00000204e4709310, 0x00000204e4709cb0, 0x00000204e470a180, 0x00000204e470aff0,
0x00000204e470b4c0, 0x00000204e470c330, 0x00000204e470d1a0, 0x00000204e4705e20,
0x00000204e4706c90, 0x00000204e4707630
}

Java Threads: ( => current thread )
  0x00000204c3ed8ec0 JavaThread "main" [_thread_blocked, id=23408, stack(0x00000009e4800000,0x00000009e4900000)]
  0x00000204de8180e0 JavaThread "Reference Handler" daemon [_thread_blocked, id=16544, stack(0x00000009e4f00000,0x00000009e5000000)]
  0x00000204de819430 JavaThread "Finalizer" daemon [_thread_blocked, id=9820, stack(0x00000009e5000000,0x00000009e5100000)]
  0x00000204de87f730 JavaThread "Signal Dispatcher" daemon [_thread_blocked, id=19624, stack(0x00000009e5100000,0x00000009e5200000)]
  0x00000204de88e540 JavaThread "Attach Listener" daemon [_thread_blocked, id=23384, stack(0x00000009e5200000,0x00000009e5300000)]
  0x00000204de890e10 JavaThread "Service Thread" daemon [_thread_blocked, id=16372, stack(0x00000009e5300000,0x00000009e5400000)]
  0x00000204de8926e0 JavaThread "Monitor Deflation Thread" daemon [_thread_blocked, id=18080, stack(0x00000009e5400000,0x00000009e5500000)]
  0x00000204de8932d0 JavaThread "C2 CompilerThread0" daemon [_thread_in_native, id=13668, stack(0x00000009e5500000,0x00000009e5600000)]
  0x00000204de894b10 JavaThread "C1 CompilerThread0" daemon [_thread_blocked, id=14668, stack(0x00000009e5600000,0x00000009e5700000)]
  0x00000204de899370 JavaThread "Sweeper thread" daemon [_thread_blocked, id=20580, stack(0x00000009e5700000,0x00000009e5800000)]
  0x00000204dea14be0 JavaThread "Common-Cleaner" daemon [_thread_blocked, id=23744, stack(0x00000009e5800000,0x00000009e5900000)]
  0x00000204dea190c0 JavaThread "Notification Thread" daemon [_thread_blocked, id=11028, stack(0x00000009e5900000,0x00000009e5a00000)]
=>0x00000204dec24470 JavaThread "C2 CompilerThread1" daemon [_thread_in_native, id=18292, stack(0x00000009e5b00000,0x00000009e5c00000)]
  0x00000204e18a99e0 JavaThread "Daemon health stats" [_thread_blocked, id=12424, stack(0x00000009e6200000,0x00000009e6300000)]
  0x00000204e13bec90 JavaThread "Incoming local TCP Connector on port 57872" [_thread_in_native, id=12140, stack(0x00000009e6300000,0x00000009e6400000)]
  0x00000204e0fbb020 JavaThread "Daemon periodic checks" [_thread_blocked, id=7372, stack(0x00000009e6400000,0x00000009e6500000)]
  0x00000204e01eb620 JavaThread "Daemon" [_thread_blocked, id=16032, stack(0x00000009e6500000,0x00000009e6600000)]
  0x00000204e01d5280 JavaThread "Handler for socket connection from /127.0.0.1:57872 to /127.0.0.1:57873" [_thread_in_native, id=16772, stack(0x00000009e6600000,0x00000009e6700000)]
  0x00000204df72e190 JavaThread "Cancel handler" [_thread_blocked, id=16580, stack(0x00000009e6700000,0x00000009e6800000)]
  0x00000204df72f000 JavaThread "Daemon worker" [_thread_in_vm, id=7868, stack(0x00000009e6800000,0x00000009e6900000)]
  0x00000204df72eb30 JavaThread "Asynchronous log dispatcher for DefaultDaemonConnection: socket connection from /127.0.0.1:57872 to /127.0.0.1:57873" [_thread_blocked, id=8804, stack(0x00000009e6900000,0x00000009e6a00000)]
  0x00000204df72f4d0 JavaThread "Stdin handler" [_thread_blocked, id=20316, stack(0x00000009e6a00000,0x00000009e6b00000)]
  0x00000204df72dcc0 JavaThread "Daemon client event forwarder" [_thread_blocked, id=4272, stack(0x00000009e6b00000,0x00000009e6c00000)]
  0x00000204df72c980 JavaThread "Cache worker for journal cache (C:\Users\georg\Documents\edistynytmobiiliohjelmointi-master (1)\edistynytmobiiliohjelmointi-master\caches\journal-1)" [_thread_blocked, id=21364, stack(0x00000009e6c00000,0x00000009e6d00000)]
  0x00000204df72ce50 JavaThread "File lock request listener" [_thread_in_native, id=7652, stack(0x00000009e6d00000,0x00000009e6e00000)]
  0x00000204df72d320 JavaThread "Cache worker for file hash cache (C:\Users\georg\Documents\edistynytmobiiliohjelmointi-master (1)\edistynytmobiiliohjelmointi-master\caches\7.5\fileHashes)" [_thread_blocked, id=5076, stack(0x00000009e7100000,0x00000009e7200000)]
  0x00000204df72f9a0 JavaThread "File watcher server" daemon [_thread_in_native, id=4396, stack(0x00000009e7200000,0x00000009e7300000)]
  0x00000204df72d7f0 JavaThread "File watcher consumer" daemon [_thread_blocked, id=11300, stack(0x00000009e7300000,0x00000009e7400000)]
  0x00000204df72e660 JavaThread "Cache worker for checksums cache (C:\Users\georg\Documents\edistynytmobiiliohjelmointi-master (1)\edistynytmobiiliohjelmointi-master\.gradle\7.5\checksums)" [_thread_blocked, id=14484, stack(0x00000009e7400000,0x00000009e7500000)]
  0x00000204df72fe70 JavaThread "Cache worker for cache directory md-rule (C:\Users\georg\Documents\edistynytmobiiliohjelmointi-master (1)\edistynytmobiiliohjelmointi-master\caches\7.5\md-rule)" [_thread_blocked, id=23696, stack(0x00000009e7500000,0x00000009e7600000)]
  0x00000204df730340 JavaThread "Cache worker for file content cache (C:\Users\georg\Documents\edistynytmobiiliohjelmointi-master (1)\edistynytmobiiliohjelmointi-master\caches\7.5\fileContent)" [_thread_blocked, id=15752, stack(0x00000009e7600000,0x00000009e7700000)]
  0x00000204e4a12530 JavaThread "Cache worker for file hash cache (C:\Users\georg\Documents\edistynytmobiiliohjelmointi-master (1)\edistynytmobiiliohjelmointi-master\.gradle\7.5\fileHashes)" [_thread_blocked, id=7172, stack(0x00000009e7700000,0x00000009e7800000)]
  0x00000204e4a17230 JavaThread "Cache worker for cache directory md-supplier (C:\Users\georg\Documents\edistynytmobiiliohjelmointi-master (1)\edistynytmobiiliohjelmointi-master\caches\7.5\md-supplier)" [_thread_blocked, id=4640, stack(0x00000009e7800000,0x00000009e7900000)]
  0x00000204e4a17bd0 JavaThread "Cache worker for execution history cache (C:\Users\georg\Documents\edistynytmobiiliohjelmointi-master (1)\edistynytmobiiliohjelmointi-master\caches\7.5\executionHistory)" [_thread_blocked, id=17088, stack(0x00000009e7900000,0x00000009e7a00000)]
  0x00000204e4a16d60 JavaThread "jar transforms" [_thread_blocked, id=196, stack(0x00000009e6100000,0x00000009e6200000)]
  0x00000204e4a17700 JavaThread "jar transforms Thread 2" [_thread_blocked, id=22736, stack(0x00000009e7a00000,0x00000009e7b00000)]
  0x00000204e4a133a0 JavaThread "jar transforms Thread 3" [_thread_blocked, id=22904, stack(0x00000009e7c00000,0x00000009e7d00000)]
  0x00000204e4a13870 JavaThread "jar transforms Thread 4" [_thread_blocked, id=22848, stack(0x00000009e7d00000,0x00000009e7e00000)]
  0x00000204e4a180a0 JavaThread "Cache worker for dependencies-accessors (C:\Users\georg\Documents\edistynytmobiiliohjelmointi-master (1)\edistynytmobiiliohjelmointi-master\.gradle\7.5\dependencies-accessors)" [_thread_blocked, id=2812, stack(0x00000009e7e00000,0x00000009e7f00000)]
  0x00000204e4a193e0 JavaThread "jar transforms Thread 5" [_thread_blocked, id=18336, stack(0x00000009e7f00000,0x00000009e8000000)]
  0x00000204e4a13d40 JavaThread "Cache worker for Build Output Cleanup Cache (C:\Users\georg\Documents\edistynytmobiiliohjelmointi-master (1)\edistynytmobiiliohjelmointi-master\.gradle\buildOutputCleanup)" [_thread_blocked, id=7112, stack(0x00000009e8000000,0x00000009e8100000)]
  0x00000204e4a14bb0 JavaThread "Unconstrained build operations" [_thread_blocked, id=13188, stack(0x00000009e8100000,0x00000009e8200000)]
  0x00000204e4a15080 JavaThread "Unconstrained build operations Thread 2" [_thread_blocked, id=7856, stack(0x00000009e8200000,0x00000009e8300000)]
  0x00000204e4a198b0 JavaThread "Unconstrained build operations Thread 3" [_thread_blocked, id=18732, stack(0x00000009e8300000,0x00000009e8400000)]
  0x00000204e4a15a20 JavaThread "Unconstrained build operations Thread 4" [_thread_blocked, id=23480, stack(0x00000009e8400000,0x00000009e8500000)]
  0x00000204e4a12060 JavaThread "Unconstrained build operations Thread 5" [_thread_blocked, id=7820, stack(0x00000009e8500000,0x00000009e8600000)]
  0x00000204e4a15ef0 JavaThread "Unconstrained build operations Thread 6" [_thread_blocked, id=1540, stack(0x00000009e8600000,0x00000009e8700000)]
  0x00000204e4a16890 JavaThread "Unconstrained build operations Thread 7" [_thread_blocked, id=12024, stack(0x00000009e8700000,0x00000009e8800000)]
  0x00000204e4a18a40 JavaThread "Unconstrained build operations Thread 8" [_thread_blocked, id=24304, stack(0x00000009e8800000,0x00000009e8900000)]
  0x00000204e4a18570 JavaThread "Unconstrained build operations Thread 9" [_thread_blocked, id=4228, stack(0x00000009e8900000,0x00000009e8a00000)]
  0x00000204e4a18f10 JavaThread "Unconstrained build operations Thread 10" [_thread_blocked, id=17100, stack(0x00000009e8a00000,0x00000009e8b00000)]
  0x00000204dfc95220 JavaThread "Unconstrained build operations Thread 11" [_thread_blocked, id=9988, stack(0x00000009e8b00000,0x00000009e8c00000)]
  0x00000204dfc91860 JavaThread "Unconstrained build operations Thread 12" [_thread_blocked, id=19580, stack(0x00000009e8c00000,0x00000009e8d00000)]
  0x00000204dfc93540 JavaThread "Unconstrained build operations Thread 13" [_thread_blocked, id=18684, stack(0x00000009e8d00000,0x00000009e8e00000)]
  0x00000204dfc94880 JavaThread "Unconstrained build operations Thread 14" [_thread_blocked, id=6112, stack(0x00000009e8e00000,0x00000009e8f00000)]
  0x00000204dfc97d70 JavaThread "Unconstrained build operations Thread 15" [_thread_blocked, id=6748, stack(0x00000009e8f00000,0x00000009e9000000)]
  0x00000204dfc956f0 JavaThread "Unconstrained build operations Thread 16" [_thread_blocked, id=7612, stack(0x00000009e9000000,0x00000009e9100000)]
  0x00000204dfc973d0 JavaThread "Unconstrained build operations Thread 17" [_thread_blocked, id=14936, stack(0x00000009e9100000,0x00000009e9200000)]
  0x00000204dfc91d30 JavaThread "Unconstrained build operations Thread 18" [_thread_blocked, id=23976, stack(0x00000009e9200000,0x00000009e9300000)]
  0x00000204dfc94d50 JavaThread "Unconstrained build operations Thread 19" [_thread_blocked, id=9596, stack(0x00000009e9300000,0x00000009e9400000)]
  0x00000204dfc95bc0 JavaThread "Unconstrained build operations Thread 20" [_thread_blocked, id=14444, stack(0x00000009e9400000,0x00000009e9500000)]
  0x00000204dfc92ba0 JavaThread "Unconstrained build operations Thread 21" [_thread_blocked, id=18088, stack(0x00000009e9500000,0x00000009e9600000)]
  0x00000204dfc926d0 JavaThread "Unconstrained build operations Thread 22" [_thread_blocked, id=23836, stack(0x00000009e9600000,0x00000009e9700000)]
  0x00000204dfc978a0 JavaThread "Unconstrained build operations Thread 23" [_thread_blocked, id=9824, stack(0x00000009e9700000,0x00000009e9800000)]
  0x00000204dfc93a10 JavaThread "Unconstrained build operations Thread 24" [_thread_blocked, id=18408, stack(0x00000009e9800000,0x00000009e9900000)]
  0x00000204dfc96090 JavaThread "Unconstrained build operations Thread 25" [_thread_blocked, id=21876, stack(0x00000009e9900000,0x00000009e9a00000)]
  0x00000204dfc93070 JavaThread "Unconstrained build operations Thread 26" [_thread_blocked, id=7604, stack(0x00000009e9a00000,0x00000009e9b00000)]
  0x00000204dfc98240 JavaThread "Unconstrained build operations Thread 27" [_thread_blocked, id=19428, stack(0x00000009e9b00000,0x00000009e9c00000)]
  0x00000204dfc943b0 JavaThread "Unconstrained build operations Thread 28" [_thread_blocked, id=20232, stack(0x00000009e9c00000,0x00000009e9d00000)]
  0x00000204dfc96560 JavaThread "Unconstrained build operations Thread 29" [_thread_blocked, id=14428, stack(0x00000009e9d00000,0x00000009e9e00000)]
  0x00000204dfc91390 JavaThread "Unconstrained build operations Thread 30" [_thread_blocked, id=15984, stack(0x00000009e9e00000,0x00000009e9f00000)]
  0x00000204dfc92200 JavaThread "Unconstrained build operations Thread 31" [_thread_blocked, id=2028, stack(0x00000009e9f00000,0x00000009ea000000)]
  0x00000204dfc96f00 JavaThread "Unconstrained build operations Thread 32" [_thread_blocked, id=8980, stack(0x00000009ea000000,0x00000009ea100000)]
  0x00000204dfc96a30 JavaThread "Unconstrained build operations Thread 33" [_thread_blocked, id=1628, stack(0x00000009ea100000,0x00000009ea200000)]
  0x00000204dfc93ee0 JavaThread "Unconstrained build operations Thread 34" [_thread_blocked, id=19068, stack(0x00000009ea200000,0x00000009ea300000)]
  0x00000204dfc98710 JavaThread "Unconstrained build operations Thread 35" [_thread_blocked, id=12392, stack(0x00000009ea300000,0x00000009ea400000)]
  0x00000204dfc90ec0 JavaThread "Unconstrained build operations Thread 36" [_thread_blocked, id=9476, stack(0x00000009ea400000,0x00000009ea500000)]
  0x00000204e54b62f0 JavaThread "Unconstrained build operations Thread 37" [_thread_blocked, id=4648, stack(0x00000009ea500000,0x00000009ea600000)]
  0x00000204e54b9310 JavaThread "Unconstrained build operations Thread 38" [_thread_blocked, id=18196, stack(0x00000009ea600000,0x00000009ea700000)]
  0x00000204e54b7160 JavaThread "Unconstrained build operations Thread 39" [_thread_blocked, id=24204, stack(0x00000009ea700000,0x00000009ea800000)]
  0x00000204e54b4ae0 JavaThread "Unconstrained build operations Thread 40" [_thread_blocked, id=16488, stack(0x00000009ea800000,0x00000009ea900000)]
  0x00000204e54b4140 JavaThread "Unconstrained build operations Thread 41" [_thread_blocked, id=13752, stack(0x00000009ea900000,0x00000009eaa00000)]
  0x00000204e54b37a0 JavaThread "Unconstrained build operations Thread 42" [_thread_blocked, id=3088, stack(0x00000009eaa00000,0x00000009eab00000)]
  0x00000204e54b7630 JavaThread "Unconstrained build operations Thread 43" [_thread_blocked, id=16312, stack(0x00000009eab00000,0x00000009eac00000)]
  0x00000204e54b4fb0 JavaThread "Unconstrained build operations Thread 44" [_thread_blocked, id=13568, stack(0x00000009eac00000,0x00000009ead00000)]
  0x00000204e54b84a0 JavaThread "Unconstrained build operations Thread 45" [_thread_blocked, id=9040, stack(0x00000009ead00000,0x00000009eae00000)]
  0x00000204e54b9cb0 JavaThread "Unconstrained build operations Thread 46" [_thread_blocked, id=14028, stack(0x00000009eae00000,0x00000009eaf00000)]
  0x00000204e54ba650 JavaThread "Unconstrained build operations Thread 47" [_thread_blocked, id=20644, stack(0x00000009eaf00000,0x00000009eb000000)]
  0x00000204e54b5480 JavaThread "Unconstrained build operations Thread 48" [_thread_blocked, id=17692, stack(0x00000009eb000000,0x00000009eb100000)]
  0x00000204e54b8970 JavaThread "Unconstrained build operations Thread 49" [_thread_blocked, id=7920, stack(0x00000009eb100000,0x00000009eb200000)]
  0x00000204e54b97e0 JavaThread "Unconstrained build operations Thread 50" [_thread_blocked, id=24208, stack(0x00000009eb200000,0x00000009eb300000)]
  0x00000204e54b5e20 JavaThread "Unconstrained build operations Thread 51" [_thread_blocked, id=6052, stack(0x00000009eb300000,0x00000009eb400000)]
  0x00000204e54b7b00 JavaThread "Unconstrained build operations Thread 52" [_thread_blocked, id=7968, stack(0x00000009eb400000,0x00000009eb500000)]
  0x00000204e54b7fd0 JavaThread "Unconstrained build operations Thread 53" [_thread_blocked, id=2464, stack(0x00000009eb500000,0x00000009eb600000)]
  0x00000204e54b8e40 JavaThread "Unconstrained build operations Thread 54" [_thread_blocked, id=11072, stack(0x00000009eb600000,0x00000009eb700000)]
  0x00000204e54b67c0 JavaThread "Unconstrained build operations Thread 55" [_thread_blocked, id=21692, stack(0x00000009eb700000,0x00000009eb800000)]
  0x00000204e54b32d0 JavaThread "Unconstrained build operations Thread 56" [_thread_blocked, id=20308, stack(0x00000009eb800000,0x00000009eb900000)]
  0x00000204e54b5950 JavaThread "Unconstrained build operations Thread 57" [_thread_blocked, id=20248, stack(0x00000009eb900000,0x00000009eba00000)]
  0x00000204e54b2e00 JavaThread "Unconstrained build operations Thread 58" [_thread_blocked, id=6564, stack(0x00000009eba00000,0x00000009ebb00000)]
  0x00000204e54b4610 JavaThread "Unconstrained build operations Thread 59" [_thread_blocked, id=10516, stack(0x00000009ebb00000,0x00000009ebc00000)]
  0x00000204e54ba180 JavaThread "Unconstrained build operations Thread 60" [_thread_blocked, id=12968, stack(0x00000009ebc00000,0x00000009ebd00000)]
  0x00000204e54b3c70 JavaThread "Unconstrained build operations Thread 61" [_thread_blocked, id=5516, stack(0x00000009ebd00000,0x00000009ebe00000)]
  0x00000204e54b6c90 JavaThread "Unconstrained build operations Thread 62" [_thread_blocked, id=23172, stack(0x00000009ebe00000,0x00000009ebf00000)]
  0x00000204e470a650 JavaThread "Unconstrained build operations Thread 63" [_thread_blocked, id=22924, stack(0x00000009ebf00000,0x00000009ec000000)]
  0x00000204e470b990 JavaThread "Unconstrained build operations Thread 64" [_thread_blocked, id=20652, stack(0x00000009ec000000,0x00000009ec100000)]
  0x00000204e47097e0 JavaThread "Unconstrained build operations Thread 65" [_thread_blocked, id=8776, stack(0x00000009ec100000,0x00000009ec200000)]
  0x00000204e4707fd0 JavaThread "Unconstrained build operations Thread 66" [_thread_blocked, id=8088, stack(0x00000009ec200000,0x00000009ec300000)]
  0x00000204e4705950 JavaThread "Unconstrained build operations Thread 67" [_thread_blocked, id=7560, stack(0x00000009ec300000,0x00000009ec400000)]
  0x00000204e470ab20 JavaThread "Unconstrained build operations Thread 68" [_thread_blocked, id=22704, stack(0x00000009ec400000,0x00000009ec500000)]
  0x00000204e47062f0 JavaThread "Unconstrained build operations Thread 69" [_thread_blocked, id=20096, stack(0x00000009ec500000,0x00000009ec600000)]
  0x00000204e4708970 JavaThread "Unconstrained build operations Thread 70" [_thread_blocked, id=7524, stack(0x00000009ec600000,0x00000009ec700000)]
  0x00000204e4708e40 JavaThread "Unconstrained build operations Thread 71" [_thread_blocked, id=19704, stack(0x00000009ec700000,0x00000009ec800000)]
  0x00000204e470ccd0 JavaThread "Unconstrained build operations Thread 72" [_thread_blocked, id=3180, stack(0x00000009ec800000,0x00000009ec900000)]
  0x00000204e470c800 JavaThread "Unconstrained build operations Thread 73" [_thread_blocked, id=14524, stack(0x00000009ec900000,0x00000009eca00000)]
  0x00000204e47084a0 JavaThread "Unconstrained build operations Thread 74" [_thread_blocked, id=8868, stack(0x00000009eca00000,0x00000009ecb00000)]
  0x00000204e470be60 JavaThread "Unconstrained build operations Thread 75" [_thread_blocked, id=23528, stack(0x00000009ecb00000,0x00000009ecc00000)]
  0x00000204e4709310 JavaThread "Unconstrained build operations Thread 76" [_thread_blocked, id=14172, stack(0x00000009ecc00000,0x00000009ecd00000)]
  0x00000204e4709cb0 JavaThread "Unconstrained build operations Thread 77" [_thread_blocked, id=23952, stack(0x00000009ecd00000,0x00000009ece00000)]
  0x00000204e470a180 JavaThread "Unconstrained build operations Thread 78" [_thread_blocked, id=20060, stack(0x00000009ece00000,0x00000009ecf00000)]
  0x00000204e470aff0 JavaThread "Unconstrained build operations Thread 79" [_thread_blocked, id=792, stack(0x00000009ecf00000,0x00000009ed000000)]
  0x00000204e470b4c0 JavaThread "Unconstrained build operations Thread 80" [_thread_blocked, id=15740, stack(0x00000009ed000000,0x00000009ed100000)]
  0x00000204e470c330 JavaThread "jar transforms Thread 6" [_thread_blocked, id=648, stack(0x00000009ed100000,0x00000009ed200000)]
  0x00000204e470d1a0 JavaThread "jar transforms Thread 7" [_thread_blocked, id=176, stack(0x00000009ed200000,0x00000009ed300000)]
  0x00000204e4705e20 JavaThread "jar transforms Thread 8" [_thread_blocked, id=11580, stack(0x00000009ed300000,0x00000009ed400000)]
  0x00000204e4706c90 JavaThread "build event listener" [_thread_blocked, id=11248, stack(0x00000009ed400000,0x00000009ed500000)]
  0x00000204e4707630 JavaThread "Memory manager" [_thread_blocked, id=6000, stack(0x00000009ed500000,0x00000009ed600000)]

Other Threads:
  0x00000204de84ac20 VMThread "VM Thread" [stack: 0x00000009e4e00000,0x00000009e4f00000] [id=8960]
  0x00000204dea1b5a0 WatcherThread [stack: 0x00000009e5a00000,0x00000009e5b00000] [id=23984]
  0x00000204c3f358e0 GCTaskThread "GC Thread#0" [stack: 0x00000009e4900000,0x00000009e4a00000] [id=572]
  0x00000204df8ddac0 GCTaskThread "GC Thread#1" [stack: 0x00000009e5c00000,0x00000009e5d00000] [id=13080]
  0x00000204df6d73d0 GCTaskThread "GC Thread#2" [stack: 0x00000009e5d00000,0x00000009e5e00000] [id=5816]
  0x00000204df6d7680 GCTaskThread "GC Thread#3" [stack: 0x00000009e5e00000,0x00000009e5f00000] [id=18532]
  0x00000204df522030 GCTaskThread "GC Thread#4" [stack: 0x00000009e5f00000,0x00000009e6000000] [id=8356]
  0x00000204df9ed3d0 GCTaskThread "GC Thread#5" [stack: 0x00000009e6000000,0x00000009e6100000] [id=9380]
  0x00000204e02bbe30 GCTaskThread "GC Thread#6" [stack: 0x00000009e6e00000,0x00000009e6f00000] [id=18724]
  0x00000204e19156a0 GCTaskThread "GC Thread#7" [stack: 0x00000009e6f00000,0x00000009e7000000] [id=17656]
  0x00000204c3f46820 ConcurrentGCThread "G1 Main Marker" [stack: 0x00000009e4a00000,0x00000009e4b00000] [id=22984]
  0x00000204c3f47230 ConcurrentGCThread "G1 Conc#0" [stack: 0x00000009e4b00000,0x00000009e4c00000] [id=21376]
  0x00000204e12fb600 ConcurrentGCThread "G1 Conc#1" [stack: 0x00000009e7000000,0x00000009e7100000] [id=17292]
  0x00000204ddbe2570 ConcurrentGCThread "G1 Refine#0" [stack: 0x00000009e4c00000,0x00000009e4d00000] [id=19256]
  0x00000204ddbe2ea0 ConcurrentGCThread "G1 Service" [stack: 0x00000009e4d00000,0x00000009e4e00000] [id=16480]

Threads with active compile tasks:
C2 CompilerThread0    12891 7435   !   4       java.util.stream.ReferencePipeline$7$1::accept (127 bytes)
C2 CompilerThread1    12891 7251 %     4       org.gradle.internal.instantiation.generator.AbstractClassGenerator::inspectType @ 341 (560 bytes)

VM state: not at safepoint (normal execution)

VM Mutex/Monitor currently owned by a thread: None

Heap address: 0x0000000080000000, size: 2048 MB, Compressed Oops mode: 32-bit

CDS archive(s) not mapped
Compressed class space mapped at: 0x0000000100000000-0x0000000140000000, reserved size: 1073741824
Narrow klass base: 0x0000000000000000, Narrow klass shift: 3, Narrow klass range: 0x140000000

GC Precious Log:
 CPUs: 8 total, 8 available
 Memory: 15963M
 Large Page Support: Disabled
 NUMA Support: Disabled
 Compressed Oops: Enabled (32-bit)
 Heap Region Size: 1M
 Heap Min Capacity: 8M
 Heap Initial Capacity: 250M
 Heap Max Capacity: 2G
 Pre-touch: Disabled
 Parallel Workers: 8
 Concurrent Workers: 2
 Concurrent Refinement Workers: 8
 Periodic GC: Disabled

Heap:
 garbage-first heap   total 119808K, used 65286K [0x0000000080000000, 0x0000000100000000)
  region size 1024K, 10 young (10240K), 4 survivors (4096K)
 Metaspace       used 68474K, committed 68992K, reserved 1114112K
  class space    used 9000K, committed 9216K, reserved 1048576K

Heap Regions: E=young(eden), S=young(survivor), O=old, HS=humongous(starts), HC=humongous(continues), CS=collection set, F=free, OA=open archive, CA=closed archive, TAMS=top-at-mark-start (previous, next)
|   0|0x0000000080000000, 0x0000000080100000, 0x0000000080100000|100%| O|  |TAMS 0x0000000080100000, 0x0000000080000000| Untracked 
|   1|0x0000000080100000, 0x0000000080200000, 0x0000000080200000|100%| O|  |TAMS 0x0000000080200000, 0x0000000080100000| Untracked 
|   2|0x0000000080200000, 0x0000000080300000, 0x0000000080300000|100%| O|  |TAMS 0x0000000080300000, 0x0000000080200000| Untracked 
|   3|0x0000000080300000, 0x0000000080400000, 0x0000000080400000|100%|HS|  |TAMS 0x0000000080400000, 0x0000000080300000| Complete 
|   4|0x0000000080400000, 0x0000000080500000, 0x0000000080500000|100%|HC|  |TAMS 0x0000000080500000, 0x0000000080400000| Complete 
|   5|0x0000000080500000, 0x0000000080600000, 0x0000000080600000|100%|HC|  |TAMS 0x0000000080600000, 0x0000000080500000| Complete 
|   6|0x0000000080600000, 0x0000000080700000, 0x0000000080700000|100%| O|  |TAMS 0x0000000080700000, 0x0000000080600000| Untracked 
|   7|0x0000000080700000, 0x0000000080800000, 0x0000000080800000|100%| O|  |TAMS 0x0000000080800000, 0x0000000080700000| Untracked 
|   8|0x0000000080800000, 0x0000000080900000, 0x0000000080900000|100%| O|  |TAMS 0x0000000080900000, 0x0000000080800000| Untracked 
|   9|0x0000000080900000, 0x0000000080a00000, 0x0000000080a00000|100%| O|  |TAMS 0x0000000080a00000, 0x0000000080900000| Untracked 
|  10|0x0000000080a00000, 0x0000000080b00000, 0x0000000080b00000|100%| O|  |TAMS 0x0000000080b00000, 0x0000000080a00000| Untracked 
|  11|0x0000000080b00000, 0x0000000080c00000, 0x0000000080c00000|100%| O|  |TAMS 0x0000000080c00000, 0x0000000080b00000| Untracked 
|  12|0x0000000080c00000, 0x0000000080d00000, 0x0000000080d00000|100%| O|  |TAMS 0x0000000080d00000, 0x0000000080c00000| Untracked 
|  13|0x0000000080d00000, 0x0000000080e00000, 0x0000000080e00000|100%| O|  |TAMS 0x0000000080e00000, 0x0000000080d00000| Untracked 
|  14|0x0000000080e00000, 0x0000000080f00000, 0x0000000080f00000|100%| O|  |TAMS 0x0000000080f00000, 0x0000000080e00000| Untracked 
|  15|0x0000000080f00000, 0x0000000081000000, 0x0000000081000000|100%| O|  |TAMS 0x0000000081000000, 0x0000000080f00000| Untracked 
|  16|0x0000000081000000, 0x0000000081100000, 0x0000000081100000|100%| O|  |TAMS 0x0000000081100000, 0x0000000081000000| Untracked 
|  17|0x0000000081100000, 0x0000000081200000, 0x0000000081200000|100%| O|  |TAMS 0x0000000081200000, 0x0000000081100000| Untracked 
|  18|0x0000000081200000, 0x0000000081300000, 0x0000000081300000|100%| O|  |TAMS 0x0000000081300000, 0x0000000081200000| Untracked 
|  19|0x0000000081300000, 0x0000000081400000, 0x0000000081400000|100%| O|  |TAMS 0x0000000081400000, 0x0000000081300000| Untracked 
|  20|0x0000000081400000, 0x0000000081500000, 0x0000000081500000|100%| O|  |TAMS 0x0000000081500000, 0x0000000081400000| Untracked 
|  21|0x0000000081500000, 0x0000000081600000, 0x0000000081600000|100%| O|  |TAMS 0x0000000081600000, 0x0000000081500000| Untracked 
|  22|0x0000000081600000, 0x0000000081700000, 0x0000000081700000|100%| O|  |TAMS 0x0000000081700000, 0x0000000081600000| Untracked 
|  23|0x0000000081700000, 0x0000000081800000, 0x0000000081800000|100%| O|  |TAMS 0x0000000081800000, 0x0000000081700000| Untracked 
|  24|0x0000000081800000, 0x0000000081900000, 0x0000000081900000|100%| O|  |TAMS 0x0000000081900000, 0x0000000081800000| Untracked 
|  25|0x0000000081900000, 0x0000000081a00000, 0x0000000081a00000|100%| O|  |TAMS 0x0000000081a00000, 0x0000000081900000| Untracked 
|  26|0x0000000081a00000, 0x0000000081b00000, 0x0000000081b00000|100%| O|  |TAMS 0x0000000081b00000, 0x0000000081a00000| Untracked 
|  27|0x0000000081b00000, 0x0000000081c00000, 0x0000000081c00000|100%| O|  |TAMS 0x0000000081c00000, 0x0000000081b00000| Untracked 
|  28|0x0000000081c00000, 0x0000000081d00000, 0x0000000081d00000|100%| O|  |TAMS 0x0000000081d00000, 0x0000000081c00000| Untracked 
|  29|0x0000000081d00000, 0x0000000081e00000, 0x0000000081e00000|100%| O|  |TAMS 0x0000000081e00000, 0x0000000081d00000| Untracked 
|  30|0x0000000081e00000, 0x0000000081f00000, 0x0000000081f00000|100%| O|  |TAMS 0x0000000081f00000, 0x0000000081e00000| Untracked 
|  31|0x0000000081f00000, 0x0000000082000000, 0x0000000082000000|100%| O|  |TAMS 0x0000000082000000, 0x0000000081f00000| Untracked 
|  32|0x0000000082000000, 0x0000000082100000, 0x0000000082100000|100%|HS|  |TAMS 0x0000000082100000, 0x0000000082000000| Complete 
|  33|0x0000000082100000, 0x0000000082200000, 0x0000000082200000|100%|HS|  |TAMS 0x0000000082200000, 0x0000000082100000| Complete 
|  34|0x0000000082200000, 0x0000000082300000, 0x0000000082300000|100%|HS|  |TAMS 0x0000000082300000, 0x0000000082200000| Complete 
|  35|0x0000000082300000, 0x0000000082400000, 0x0000000082400000|100%|HC|  |TAMS 0x0000000082400000, 0x0000000082300000| Complete 
|  36|0x0000000082400000, 0x0000000082500000, 0x0000000082500000|100%|HS|  |TAMS 0x0000000082500000, 0x0000000082400000| Complete 
|  37|0x0000000082500000, 0x0000000082600000, 0x0000000082600000|100%|HC|  |TAMS 0x0000000082600000, 0x0000000082500000| Complete 
|  38|0x0000000082600000, 0x0000000082700000, 0x0000000082700000|100%|HC|  |TAMS 0x0000000082700000, 0x0000000082600000| Complete 
|  39|0x0000000082700000, 0x0000000082800000, 0x0000000082800000|100%|HC|  |TAMS 0x0000000082800000, 0x0000000082700000| Complete 
|  40|0x0000000082800000, 0x0000000082900000, 0x0000000082900000|100%| O|  |TAMS 0x0000000082900000, 0x0000000082800000| Untracked 
|  41|0x0000000082900000, 0x0000000082a00000, 0x0000000082a00000|100%| O|  |TAMS 0x0000000082a00000, 0x0000000082900000| Untracked 
|  42|0x0000000082a00000, 0x0000000082b00000, 0x0000000082b00000|100%| O|  |TAMS 0x0000000082b00000, 0x0000000082a00000| Untracked 
|  43|0x0000000082b00000, 0x0000000082c00000, 0x0000000082c00000|100%| O|  |TAMS 0x0000000082c00000, 0x0000000082b00000| Untracked 
|  44|0x0000000082c00000, 0x0000000082d00000, 0x0000000082d00000|100%| O|  |TAMS 0x0000000082d00000, 0x0000000082c00000| Untracked 
|  45|0x0000000082d00000, 0x0000000082e00000, 0x0000000082e00000|100%| O|  |TAMS 0x0000000082e00000, 0x0000000082d00000| Untracked 
|  46|0x0000000082e00000, 0x0000000082f00000, 0x0000000082f00000|100%| O|  |TAMS 0x0000000082f00000, 0x0000000082e00000| Untracked 
|  47|0x0000000082f00000, 0x0000000083000000, 0x0000000083000000|100%| O|  |TAMS 0x0000000083000000, 0x0000000082f00000| Untracked 
|  48|0x0000000083000000, 0x0000000083100000, 0x0000000083100000|100%| O|  |TAMS 0x0000000083100000, 0x0000000083000000| Untracked 
|  49|0x0000000083100000, 0x0000000083200000, 0x0000000083200000|100%| O|  |TAMS 0x0000000083200000, 0x0000000083100000| Untracked 
|  50|0x0000000083200000, 0x0000000083200000, 0x0000000083300000|  0%| F|  |TAMS 0x0000000083200000, 0x0000000083200000| Untracked 
|  51|0x0000000083300000, 0x00000000833f5800, 0x0000000083400000| 95%| O|  |TAMS 0x0000000083300000, 0x0000000083300000| Untracked 
|  52|0x0000000083400000, 0x0000000083400000, 0x0000000083500000|  0%| F|  |TAMS 0x0000000083400000, 0x0000000083400000| Untracked 
|  53|0x0000000083500000, 0x0000000083500000, 0x0000000083600000|  0%| F|  |TAMS 0x0000000083500000, 0x0000000083500000| Untracked 
|  54|0x0000000083600000, 0x0000000083600000, 0x0000000083700000|  0%| F|  |TAMS 0x0000000083600000, 0x0000000083600000| Untracked 
|  55|0x0000000083700000, 0x0000000083700000, 0x0000000083800000|  0%| F|  |TAMS 0x0000000083700000, 0x0000000083700000| Untracked 
|  56|0x0000000083800000, 0x0000000083900000, 0x0000000083900000|100%| O|  |TAMS 0x0000000083900000, 0x0000000083800000| Untracked 
|  57|0x0000000083900000, 0x0000000083a00000, 0x0000000083a00000|100%| O|  |TAMS 0x0000000083a00000, 0x0000000083900000| Untracked 
|  58|0x0000000083a00000, 0x0000000083b00000, 0x0000000083b00000|100%| O|  |TAMS 0x0000000083b00000, 0x0000000083a00000| Untracked 
|  59|0x0000000083b00000, 0x0000000083c00000, 0x0000000083c00000|100%| O|  |TAMS 0x0000000083b5f600, 0x0000000083b00000| Untracked 
|  60|0x0000000083c00000, 0x0000000083c00000, 0x0000000083d00000|  0%| F|  |TAMS 0x0000000083c00000, 0x0000000083c00000| Untracked 
|  61|0x0000000083d00000, 0x0000000083d00000, 0x0000000083e00000|  0%| F|  |TAMS 0x0000000083d00000, 0x0000000083d00000| Untracked 
|  62|0x0000000083e00000, 0x0000000083e00000, 0x0000000083f00000|  0%| F|  |TAMS 0x0000000083e00000, 0x0000000083e00000| Untracked 
|  63|0x0000000083f00000, 0x0000000083f00000, 0x0000000084000000|  0%| F|  |TAMS 0x0000000083f00000, 0x0000000083f00000| Untracked 
|  64|0x0000000084000000, 0x0000000084000000, 0x0000000084100000|  0%| F|  |TAMS 0x0000000084000000, 0x0000000084000000| Untracked 
|  65|0x0000000084100000, 0x0000000084100000, 0x0000000084200000|  0%| F|  |TAMS 0x0000000084100000, 0x0000000084100000| Untracked 
|  66|0x0000000084200000, 0x0000000084200000, 0x0000000084300000|  0%| F|  |TAMS 0x0000000084200000, 0x0000000084200000| Untracked 
|  67|0x0000000084300000, 0x0000000084300000, 0x0000000084400000|  0%| F|  |TAMS 0x0000000084300000, 0x0000000084300000| Untracked 
|  68|0x0000000084400000, 0x0000000084400000, 0x0000000084500000|  0%| F|  |TAMS 0x0000000084400000, 0x0000000084400000| Untracked 
|  69|0x0000000084500000, 0x0000000084500000, 0x0000000084600000|  0%| F|  |TAMS 0x0000000084500000, 0x0000000084500000| Untracked 
|  70|0x0000000084600000, 0x0000000084600000, 0x0000000084700000|  0%| F|  |TAMS 0x0000000084600000, 0x0000000084600000| Untracked 
|  71|0x0000000084700000, 0x0000000084700000, 0x0000000084800000|  0%| F|  |TAMS 0x0000000084700000, 0x0000000084700000| Untracked 
|  72|0x0000000084800000, 0x0000000084800000, 0x0000000084900000|  0%| F|  |TAMS 0x0000000084800000, 0x0000000084800000| Untracked 
|  73|0x0000000084900000, 0x0000000084900000, 0x0000000084a00000|  0%| F|  |TAMS 0x0000000084900000, 0x0000000084900000| Untracked 
|  74|0x0000000084a00000, 0x0000000084a00000, 0x0000000084b00000|  0%| F|  |TAMS 0x0000000084a00000, 0x0000000084a00000| Untracked 
|  75|0x0000000084b00000, 0x0000000084b00000, 0x0000000084c00000|  0%| F|  |TAMS 0x0000000084b00000, 0x0000000084b00000| Untracked 
|  76|0x0000000084c00000, 0x0000000084c00000, 0x0000000084d00000|  0%| F|  |TAMS 0x0000000084c00000, 0x0000000084c00000| Untracked 
|  77|0x0000000084d00000, 0x0000000084d00000, 0x0000000084e00000|  0%| F|  |TAMS 0x0000000084d00000, 0x0000000084d00000| Untracked 
|  78|0x0000000084e00000, 0x0000000084e00000, 0x0000000084f00000|  0%| F|  |TAMS 0x0000000084e00000, 0x0000000084e00000| Untracked 
|  79|0x0000000084f00000, 0x0000000084f00000, 0x0000000085000000|  0%| F|  |TAMS 0x0000000084f00000, 0x0000000084f00000| Untracked 
|  80|0x0000000085000000, 0x00000000850cc380, 0x0000000085100000| 79%| S|CS|TAMS 0x0000000085000000, 0x0000000085000000| Complete 
|  81|0x0000000085100000, 0x0000000085200000, 0x0000000085200000|100%| S|CS|TAMS 0x0000000085100000, 0x0000000085100000| Complete 
|  82|0x0000000085200000, 0x0000000085300000, 0x0000000085300000|100%| S|CS|TAMS 0x0000000085200000, 0x0000000085200000| Complete 
|  83|0x0000000085300000, 0x0000000085400000, 0x0000000085400000|100%| S|CS|TAMS 0x0000000085300000, 0x0000000085300000| Complete 
|  84|0x0000000085400000, 0x0000000085400000, 0x0000000085500000|  0%| F|  |TAMS 0x0000000085400000, 0x0000000085400000| Untracked 
|  85|0x0000000085500000, 0x0000000085500000, 0x0000000085600000|  0%| F|  |TAMS 0x0000000085500000, 0x0000000085500000| Untracked 
|  86|0x0000000085600000, 0x0000000085600000, 0x0000000085700000|  0%| F|  |TAMS 0x0000000085600000, 0x0000000085600000| Untracked 
|  87|0x0000000085700000, 0x0000000085700000, 0x0000000085800000|  0%| F|  |TAMS 0x0000000085700000, 0x0000000085700000| Untracked 
|  88|0x0000000085800000, 0x0000000085800000, 0x0000000085900000|  0%| F|  |TAMS 0x0000000085800000, 0x0000000085800000| Untracked 
|  89|0x0000000085900000, 0x0000000085900000, 0x0000000085a00000|  0%| F|  |TAMS 0x0000000085900000, 0x0000000085900000| Untracked 
|  90|0x0000000085a00000, 0x0000000085a00000, 0x0000000085b00000|  0%| F|  |TAMS 0x0000000085a00000, 0x0000000085a00000| Untracked 
|  91|0x0000000085b00000, 0x0000000085b00000, 0x0000000085c00000|  0%| F|  |TAMS 0x0000000085b00000, 0x0000000085b00000| Untracked 
|  92|0x0000000085c00000, 0x0000000085c00000, 0x0000000085d00000|  0%| F|  |TAMS 0x0000000085c00000, 0x0000000085c00000| Untracked 
|  93|0x0000000085d00000, 0x0000000085d00000, 0x0000000085e00000|  0%| F|  |TAMS 0x0000000085d00000, 0x0000000085d00000| Untracked 
|  94|0x0000000085e00000, 0x0000000085e00000, 0x0000000085f00000|  0%| F|  |TAMS 0x0000000085e00000, 0x0000000085e00000| Untracked 
|  95|0x0000000085f00000, 0x0000000085f00000, 0x0000000086000000|  0%| F|  |TAMS 0x0000000085f00000, 0x0000000085f00000| Untracked 
|  96|0x0000000086000000, 0x0000000086000000, 0x0000000086100000|  0%| F|  |TAMS 0x0000000086000000, 0x0000000086000000| Untracked 
|  97|0x0000000086100000, 0x0000000086100000, 0x0000000086200000|  0%| F|  |TAMS 0x0000000086100000, 0x0000000086100000| Untracked 
|  98|0x0000000086200000, 0x0000000086200000, 0x0000000086300000|  0%| F|  |TAMS 0x0000000086200000, 0x0000000086200000| Untracked 
|  99|0x0000000086300000, 0x0000000086300000, 0x0000000086400000|  0%| F|  |TAMS 0x0000000086300000, 0x0000000086300000| Untracked 
| 100|0x0000000086400000, 0x0000000086400000, 0x0000000086500000|  0%| F|  |TAMS 0x0000000086400000, 0x0000000086400000| Untracked 
| 101|0x0000000086500000, 0x0000000086500000, 0x0000000086600000|  0%| F|  |TAMS 0x0000000086500000, 0x0000000086500000| Untracked 
| 102|0x0000000086600000, 0x0000000086600000, 0x0000000086700000|  0%| F|  |TAMS 0x0000000086600000, 0x0000000086600000| Untracked 
| 103|0x0000000086700000, 0x0000000086700000, 0x0000000086800000|  0%| F|  |TAMS 0x0000000086700000, 0x0000000086700000| Untracked 
| 104|0x0000000086800000, 0x0000000086800000, 0x0000000086900000|  0%| F|  |TAMS 0x0000000086800000, 0x0000000086800000| Untracked 
| 105|0x0000000086900000, 0x0000000086900000, 0x0000000086a00000|  0%| F|  |TAMS 0x0000000086900000, 0x0000000086900000| Untracked 
| 106|0x0000000086a00000, 0x0000000086a00000, 0x0000000086b00000|  0%| F|  |TAMS 0x0000000086a00000, 0x0000000086a00000| Untracked 
| 190|0x000000008be00000, 0x000000008be00000, 0x000000008bf00000|  0%| F|  |TAMS 0x000000008be00000, 0x000000008be00000| Untracked 
| 191|0x000000008bf00000, 0x000000008bf00000, 0x000000008c000000|  0%| F|  |TAMS 0x000000008bf00000, 0x000000008bf00000| Untracked 
| 192|0x000000008c000000, 0x000000008c000000, 0x000000008c100000|  0%| F|  |TAMS 0x000000008c000000, 0x000000008c000000| Untracked 
| 193|0x000000008c100000, 0x000000008c100000, 0x000000008c200000|  0%| F|  |TAMS 0x000000008c100000, 0x000000008c100000| Untracked 
| 194|0x000000008c200000, 0x000000008c280800, 0x000000008c300000| 50%| E|  |TAMS 0x000000008c200000, 0x000000008c200000| Complete 
| 195|0x000000008c300000, 0x000000008c400000, 0x000000008c400000|100%| E|CS|TAMS 0x000000008c300000, 0x000000008c300000| Complete 
| 196|0x000000008c400000, 0x000000008c500000, 0x000000008c500000|100%| E|CS|TAMS 0x000000008c400000, 0x000000008c400000| Complete 
| 197|0x000000008c500000, 0x000000008c600000, 0x000000008c600000|100%| E|CS|TAMS 0x000000008c500000, 0x000000008c500000| Complete 
| 198|0x000000008c600000, 0x000000008c700000, 0x000000008c700000|100%| E|CS|TAMS 0x000000008c600000, 0x000000008c600000| Complete 
| 249|0x000000008f900000, 0x000000008fa00000, 0x000000008fa00000|100%| E|CS|TAMS 0x000000008f900000, 0x000000008f900000| Complete 

Card table byte_map: [0x00000204d6ad0000,0x00000204d6ed0000] _byte_map_base: 0x00000204d66d0000

Marking Bits (Prev, Next): (CMBitMap*) 0x00000204c3f35f30, (CMBitMap*) 0x00000204c3f35ef0
 Prev Bits: [0x00000204d92d0000, 0x00000204db2d0000)
 Next Bits: [0x00000204d72d0000, 0x00000204d92d0000)

Polling page: 0x00000204c1ed0000

Metaspace:

Usage:
  Non-class:     58.11 MB used.
      Class:      8.80 MB used.
       Both:     66.91 MB used.

Virtual space:
  Non-class space:       64.00 MB reserved,      58.38 MB ( 91%) committed,  8 nodes.
      Class space:        1.00 GB reserved,       9.00 MB ( <1%) committed,  1 nodes.
             Both:        1.06 GB reserved,      67.38 MB (  6%) committed. 

Chunk freelists:
   Non-Class:  1.20 MB
       Class:  3.01 MB
        Both:  4.20 MB

MaxMetaspaceSize: unlimited
CompressedClassSpaceSize: 1.00 GB
Initial GC threshold: 21.00 MB
Current GC threshold: 107.00 MB
CDS: off
MetaspaceReclaimPolicy: balanced
 - commit_granule_bytes: 65536.
 - commit_granule_words: 8192.
 - virtual_space_node_default_size: 1048576.
 - enlarge_chunks_in_place: 1.
 - new_chunks_are_fully_committed: 0.
 - uncommit_free_chunks: 1.
 - use_allocation_guard: 0.
 - handle_deallocations: 1.


Internal statistics:

num_allocs_failed_limit: 12.
num_arena_births: 602.
num_arena_deaths: 0.
num_vsnodes_births: 9.
num_vsnodes_deaths: 0.
num_space_committed: 1078.
num_space_uncommitted: 0.
num_chunks_returned_to_freelist: 12.
num_chunks_taken_from_freelist: 2896.
num_chunk_merges: 6.
num_chunk_splits: 1911.
num_chunks_enlarged: 1291.
num_purges: 0.
num_inconsistent_stats: 0.

CodeHeap 'non-profiled nmethods': size=120000Kb used=3995Kb max_used=3995Kb free=116005Kb
 bounds [0x00000204cee70000, 0x00000204cf260000, 0x00000204d63a0000]
CodeHeap 'profiled nmethods': size=120000Kb used=12650Kb max_used=12650Kb free=107349Kb
 bounds [0x00000204c73a0000, 0x00000204c8000000, 0x00000204ce8d0000]
CodeHeap 'non-nmethods': size=5760Kb used=2369Kb max_used=2416Kb free=3391Kb
 bounds [0x00000204ce8d0000, 0x00000204ceb40000, 0x00000204cee70000]
 total_blobs=7452 nmethods=6570 adapters=794
 compilation: enabled
              stopped_count=0, restarted_count=0
 full_count=0

Compilation events (20 events):
Event: 12.777 Thread 0x00000204de894b10 nmethod 7409 0x00000204c7fef610 code [0x00000204c7fef7c0, 0x00000204c7fefa68]
Event: 12.777 Thread 0x00000204de894b10 7411       3       groovy.lang.MetaClassImpl$Index::put (10 bytes)
Event: 12.777 Thread 0x00000204de894b10 nmethod 7411 0x00000204c7fefb90 code [0x00000204c7fefd40, 0x00000204c7feff68]
Event: 12.778 Thread 0x00000204de894b10 7412       3       groovy.lang.GroovySystem::getMetaClassRegistry (4 bytes)
Event: 12.779 Thread 0x00000204de894b10 nmethod 7412 0x00000204c7ff0090 code [0x00000204c7ff0220, 0x00000204c7ff0318]
Event: 12.779 Thread 0x00000204de894b10 7413       3       java.lang.reflect.Constructor::isSynthetic (5 bytes)
Event: 12.780 Thread 0x00000204de894b10 nmethod 7413 0x00000204c7ff0390 code [0x00000204c7ff0540, 0x00000204c7ff0778]
Event: 12.786 Thread 0x00000204de894b10 7415       3       java.lang.Character::toTitleCase (6 bytes)
Event: 12.786 Thread 0x00000204de894b10 nmethod 7415 0x00000204c7ff0890 code [0x00000204c7ff0a40, 0x00000204c7ff0c98]
Event: 12.786 Thread 0x00000204de894b10 7416       3       java.lang.Character::toTitleCase (9 bytes)
Event: 12.787 Thread 0x00000204de894b10 nmethod 7416 0x00000204c7ff0d90 code [0x00000204c7ff0f40, 0x00000204c7ff1138]
Event: 12.787 Thread 0x00000204de894b10 7417       3       java.lang.CharacterDataLatin1::toTitleCase (6 bytes)
Event: 12.787 Thread 0x00000204de894b10 nmethod 7417 0x00000204c7ff1210 code [0x00000204c7ff13c0, 0x00000204c7ff1508]
Event: 12.788 Thread 0x00000204de894b10 7419       3       org.codehaus.groovy.util.FastArray::set (8 bytes)
Event: 12.788 Thread 0x00000204de894b10 nmethod 7419 0x00000204c7ff1590 code [0x00000204c7ff1740, 0x00000204c7ff19d8]
Event: 12.795 Thread 0x00000204de8932d0 nmethod 7410 0x00000204cf253510 code [0x00000204cf253720, 0x00000204cf253d20]
Event: 12.795 Thread 0x00000204de8932d0 7414       4       org.codehaus.groovy.runtime.metaclass.MetaMethodIndex::copyNonPrivateNonNewMetaMethods (171 bytes)
Event: 12.797 Thread 0x00000204de894b10 7421       3       org.gradle.api.internal.project.DefaultProject::getExtensions (5 bytes)
Event: 12.798 Thread 0x00000204de894b10 nmethod 7421 0x00000204c7ff1b10 code [0x00000204c7ff1cc0, 0x00000204c7ff2118]
Event: 12.804 Thread 0x00000204de894b10 7422   !   3       jdk.internal.reflect.GeneratedConstructorAccessor2::newInstance (53 bytes)

GC Heap History (20 events):
Event: 5.566 GC heap before
{Heap before GC invocations=11 (full 0):
 garbage-first heap   total 65536K, used 51731K [0x0000000080000000, 0x0000000100000000)
  region size 1024K, 26 young (26624K), 4 survivors (4096K)
 Metaspace       used 41866K, committed 42176K, reserved 1089536K
  class space    used 5475K, committed 5632K, reserved 1048576K
}
Event: 5.573 GC heap after
{Heap after GC invocations=12 (full 0):
 garbage-first heap   total 114688K, used 28622K [0x0000000080000000, 0x0000000100000000)
  region size 1024K, 3 young (3072K), 3 survivors (3072K)
 Metaspace       used 41866K, committed 42176K, reserved 1089536K
  class space    used 5475K, committed 5632K, reserved 1048576K
}
Event: 6.477 GC heap before
{Heap before GC invocations=12 (full 0):
 garbage-first heap   total 114688K, used 80846K [0x0000000080000000, 0x0000000100000000)
  region size 1024K, 53 young (54272K), 3 survivors (3072K)
 Metaspace       used 47159K, committed 47552K, reserved 1097728K
  class space    used 6213K, committed 6400K, reserved 1048576K
}
Event: 6.484 GC heap after
{Heap after GC invocations=13 (full 0):
 garbage-first heap   total 114688K, used 32195K [0x0000000080000000, 0x0000000100000000)
  region size 1024K, 7 young (7168K), 7 survivors (7168K)
 Metaspace       used 47159K, committed 47552K, reserved 1097728K
  class space    used 6213K, committed 6400K, reserved 1048576K
}
Event: 7.472 GC heap before
{Heap before GC invocations=13 (full 0):
 garbage-first heap   total 114688K, used 81347K [0x0000000080000000, 0x0000000100000000)
  region size 1024K, 56 young (57344K), 7 survivors (7168K)
 Metaspace       used 50768K, committed 51136K, reserved 1097728K
  class space    used 6705K, committed 6848K, reserved 1048576K
}
Event: 7.480 GC heap after
{Heap after GC invocations=14 (full 0):
 garbage-first heap   total 114688K, used 34986K [0x0000000080000000, 0x0000000100000000)
  region size 1024K, 3 young (3072K), 3 survivors (3072K)
 Metaspace       used 50768K, committed 51136K, reserved 1097728K
  class space    used 6705K, committed 6848K, reserved 1048576K
}
Event: 8.598 GC heap before
{Heap before GC invocations=14 (full 0):
 garbage-first heap   total 114688K, used 93354K [0x0000000080000000, 0x0000000100000000)
  region size 1024K, 52 young (53248K), 3 survivors (3072K)
 Metaspace       used 54893K, committed 55424K, reserved 1097728K
  class space    used 7262K, committed 7488K, reserved 1048576K
}
Event: 8.608 GC heap after
{Heap after GC invocations=15 (full 0):
 garbage-first heap   total 114688K, used 51171K [0x0000000080000000, 0x0000000100000000)
  region size 1024K, 7 young (7168K), 7 survivors (7168K)
 Metaspace       used 54893K, committed 55424K, reserved 1097728K
  class space    used 7262K, committed 7488K, reserved 1048576K
}
Event: 9.807 GC heap before
{Heap before GC invocations=15 (full 0):
 garbage-first heap   total 114688K, used 78819K [0x0000000080000000, 0x0000000100000000)
  region size 1024K, 35 young (35840K), 7 survivors (7168K)
 Metaspace       used 60052K, committed 60480K, reserved 1105920K
  class space    used 7927K, committed 8128K, reserved 1048576K
}
Event: 9.815 GC heap after
{Heap after GC invocations=16 (full 0):
 garbage-first heap   total 114688K, used 52667K [0x0000000080000000, 0x0000000100000000)
  region size 1024K, 2 young (2048K), 2 survivors (2048K)
 Metaspace       used 60052K, committed 60480K, reserved 1105920K
  class space    used 7927K, committed 8128K, reserved 1048576K
}
Event: 10.140 GC heap before
{Heap before GC invocations=17 (full 0):
 garbage-first heap   total 114688K, used 57787K [0x0000000080000000, 0x0000000100000000)
  region size 1024K, 8 young (8192K), 2 survivors (2048K)
 Metaspace       used 61488K, committed 62016K, reserved 1105920K
  class space    used 8088K, committed 8320K, reserved 1048576K
}
Event: 10.144 GC heap after
{Heap after GC invocations=18 (full 0):
 garbage-first heap   total 114688K, used 53762K [0x0000000080000000, 0x0000000100000000)
  region size 1024K, 3 young (3072K), 3 survivors (3072K)
 Metaspace       used 61488K, committed 62016K, reserved 1105920K
  class space    used 8088K, committed 8320K, reserved 1048576K
}
Event: 10.162 GC heap before
{Heap before GC invocations=18 (full 0):
 garbage-first heap   total 114688K, used 57858K [0x0000000080000000, 0x0000000100000000)
  region size 1024K, 7 young (7168K), 3 survivors (3072K)
 Metaspace       used 61488K, committed 62016K, reserved 1105920K
  class space    used 8088K, committed 8320K, reserved 1048576K
}
Event: 10.168 GC heap after
{Heap after GC invocations=19 (full 0):
 garbage-first heap   total 114688K, used 56469K [0x0000000080000000, 0x0000000100000000)
  region size 1024K, 5 young (5120K), 5 survivors (5120K)
 Metaspace       used 61488K, committed 62016K, reserved 1105920K
  class space    used 8088K, committed 8320K, reserved 1048576K
}
Event: 10.924 GC heap before
{Heap before GC invocations=20 (full 0):
 garbage-first heap   total 119808K, used 86165K [0x0000000080000000, 0x0000000100000000)
  region size 1024K, 29 young (29696K), 5 survivors (5120K)
 Metaspace       used 63265K, committed 63744K, reserved 1105920K
  class space    used 8335K, committed 8512K, reserved 1048576K
}
Event: 10.933 GC heap after
{Heap after GC invocations=21 (full 0):
 garbage-first heap   total 119808K, used 56855K [0x0000000080000000, 0x0000000100000000)
  region size 1024K, 3 young (3072K), 3 survivors (3072K)
 Metaspace       used 63265K, committed 63744K, reserved 1105920K
  class space    used 8335K, committed 8512K, reserved 1048576K
}
Event: 11.646 GC heap before
{Heap before GC invocations=21 (full 0):
 garbage-first heap   total 119808K, used 80407K [0x0000000080000000, 0x0000000100000000)
  region size 1024K, 27 young (27648K), 3 survivors (3072K)
 Metaspace       used 65145K, committed 65664K, reserved 1114112K
  class space    used 8550K, committed 8768K, reserved 1048576K
}
Event: 11.653 GC heap after
{Heap after GC invocations=22 (full 0):
 garbage-first heap   total 119808K, used 58693K [0x0000000080000000, 0x0000000100000000)
  region size 1024K, 4 young (4096K), 4 survivors (4096K)
 Metaspace       used 65145K, committed 65664K, reserved 1114112K
  class space    used 8550K, committed 8768K, reserved 1048576K
}
Event: 12.763 GC heap before
{Heap before GC invocations=23 (full 0):
 garbage-first heap   total 119808K, used 89413K [0x0000000080000000, 0x0000000100000000)
  region size 1024K, 33 young (33792K), 4 survivors (4096K)
 Metaspace       used 68367K, committed 68864K, reserved 1114112K
  class space    used 8984K, committed 9216K, reserved 1048576K
}
Event: 12.772 GC heap after
{Heap after GC invocations=24 (full 0):
 garbage-first heap   total 119808K, used 60166K [0x0000000080000000, 0x0000000100000000)
  region size 1024K, 4 young (4096K), 4 survivors (4096K)
 Metaspace       used 68367K, committed 68864K, reserved 1114112K
  class space    used 8984K, committed 9216K, reserved 1048576K
}

Dll operation events (2 events):
Event: 0.020 Loaded shared library C:\Program Files\Android\Android Studio\jbr\bin\java.dll
Event: 0.744 Loaded shared library C:\Program Files\Android\Android Studio\jbr\bin\verify.dll

Deoptimization events (20 events):
Event: 12.181 Thread 0x00000204df72f000 Uncommon trap: trap_request=0xffffff45 fr.pc=0x00000204cef4735c relative=0x000000000000053c
Event: 12.181 Thread 0x00000204df72f000 Uncommon trap: reason=unstable_if action=reinterpret pc=0x00000204cef4735c method=java.lang.String.replace(CC)Ljava/lang/String; @ 2 c2
Event: 12.181 Thread 0x00000204df72f000 DEOPT PACKING pc=0x00000204cef4735c sp=0x00000009e68f7a20
Event: 12.181 Thread 0x00000204df72f000 DEOPT UNPACKING pc=0x00000204ce92a1a3 sp=0x00000009e68f79d0 mode 2
Event: 12.189 Thread 0x00000204df72f000 Uncommon trap: trap_request=0xffffff45 fr.pc=0x00000204cef511e8 relative=0x0000000000000c08
Event: 12.189 Thread 0x00000204df72f000 Uncommon trap: reason=unstable_if action=reinterpret pc=0x00000204cef511e8 method=groovy.lang.MetaClassImpl.checkIfStdMethod(Lgroovy/lang/MetaMethod;)V @ 55 c2
Event: 12.189 Thread 0x00000204df72f000 DEOPT PACKING pc=0x00000204cef511e8 sp=0x00000009e68f7710
Event: 12.189 Thread 0x00000204df72f000 DEOPT UNPACKING pc=0x00000204ce92a1a3 sp=0x00000009e68f7680 mode 2
Event: 12.232 Thread 0x00000204df72f000 Uncommon trap: trap_request=0xffffffdc fr.pc=0x00000204cf23c120 relative=0x0000000000000280
Event: 12.232 Thread 0x00000204df72f000 Uncommon trap: reason=class_check action=make_not_entrant pc=0x00000204cf23c120 method=java.util.ArrayList.toArray([Ljava/lang/Object;)[Ljava/lang/Object; @ 21 c2
Event: 12.232 Thread 0x00000204df72f000 DEOPT PACKING pc=0x00000204cf23c120 sp=0x00000009e68f69c0
Event: 12.232 Thread 0x00000204df72f000 DEOPT UNPACKING pc=0x00000204ce92a1a3 sp=0x00000009e68f6990 mode 2
Event: 12.472 Thread 0x00000204df72f000 Uncommon trap: trap_request=0xffffff45 fr.pc=0x00000204ceffd4f8 relative=0x0000000000003e58
Event: 12.472 Thread 0x00000204df72f000 Uncommon trap: reason=unstable_if action=reinterpret pc=0x00000204ceffd4f8 method=sun.net.www.protocol.jar.Handler.parseURL(Ljava/net/URL;Ljava/lang/String;II)V @ 116 c2
Event: 12.472 Thread 0x00000204df72f000 DEOPT PACKING pc=0x00000204ceffd4f8 sp=0x00000009e68f7cd0
Event: 12.473 Thread 0x00000204df72f000 DEOPT UNPACKING pc=0x00000204ce92a1a3 sp=0x00000009e68f7bd8 mode 2
Event: 12.474 Thread 0x00000204df72f000 Uncommon trap: trap_request=0xffffff45 fr.pc=0x00000204cf22ec00 relative=0x0000000000000be0
Event: 12.474 Thread 0x00000204df72f000 Uncommon trap: reason=unstable_if action=reinterpret pc=0x00000204cf22ec00 method=java.util.regex.Pattern.escape(ZZZ)I @ 8 c2
Event: 12.474 Thread 0x00000204df72f000 DEOPT PACKING pc=0x00000204cf22ec00 sp=0x00000009e68f7980
Event: 12.474 Thread 0x00000204df72f000 DEOPT UNPACKING pc=0x00000204ce92a1a3 sp=0x00000009e68f7920 mode 2

Classes unloaded (0 events):
No events

Classes redefined (0 events):
No events

Internal exceptions (20 events):
Event: 12.196 Thread 0x00000204df72f000 Exception <a 'java/lang/ClassNotFoundException'{0x0000000086923758}: org/gradle/api/AntBuilderBeanInfo> (0x0000000086923758) 
thrown [s\src\hotspot\share\classfile\systemDictionary.cpp, line 256]
Event: 12.199 Thread 0x00000204df72f000 Exception <a 'java/lang/ClassNotFoundException'{0x000000008698caa8}: groovy/util/AntBuilderBeanInfo> (0x000000008698caa8) 
thrown [s\src\hotspot\share\classfile\systemDictionary.cpp, line 256]
Event: 12.201 Thread 0x00000204df72f000 Exception <a 'java/lang/ClassNotFoundException'{0x00000000869f6498}: groovy/util/BuilderSupportBeanInfo> (0x00000000869f6498) 
thrown [s\src\hotspot\share\classfile\systemDictionary.cpp, line 256]
Event: 12.204 Thread 0x00000204df72f000 Exception <a 'java/lang/ClassNotFoundException'{0x00000000868600b0}: groovy/util/BuilderSupportCustomizer> (0x00000000868600b0) 
thrown [s\src\hotspot\share\classfile\systemDictionary.cpp, line 256]
Event: 12.208 Thread 0x00000204df72f000 Exception <a 'java/lang/ClassNotFoundException'{0x00000000868cb1a0}: groovy/util/AntBuilderCustomizer> (0x00000000868cb1a0) 
thrown [s\src\hotspot\share\classfile\systemDictionary.cpp, line 256]
Event: 12.210 Thread 0x00000204df72f000 Exception <a 'java/lang/ClassNotFoundException'{0x00000000868e53b8}: org/gradle/api/AntBuilderCustomizer> (0x00000000868e53b8) 
thrown [s\src\hotspot\share\classfile\systemDictionary.cpp, line 256]
Event: 12.213 Thread 0x00000204df72f000 Exception <a 'java/lang/ClassNotFoundException'{0x00000000867069b0}: org/gradle/api/internal/project/ant/BasicAntBuilderCustomizer> (0x00000000867069b0) 
thrown [s\src\hotspot\share\classfile\systemDictionary.cpp, line 256]
Event: 12.215 Thread 0x00000204df72f000 Exception <a 'java/lang/ClassNotFoundException'{0x000000008672f1f0}: org/gradle/api/internal/project/DefaultAntBuilderCustomizer> (0x000000008672f1f0) 
thrown [s\src\hotspot\share\classfile\systemDictionary.cpp, line 256]
Event: 12.749 Thread 0x00000204df72f000 Exception <a 'java/lang/ClassNotFoundException'{0x00000000854646d0}: org/jetbrains/kotlin/gradle/targets/js/npm/DefaultNpmDependencyExtensionBeanInfo> (0x00000000854646d0) 
thrown [s\src\hotspot\share\classfile\systemDictionary.cpp, line 256]
Event: 12.750 Thread 0x00000204df72f000 Exception <a 'java/lang/ClassNotFoundException'{0x000000008546fd68}: org/jetbrains/kotlin/gradle/targets/js/npm/DefaultNpmDependencyExtensionCustomizer> (0x000000008546fd68) 
thrown [s\src\hotspot\share\classfile\systemDictionary.cpp, line 256]
Event: 12.760 Thread 0x00000204df72f000 Exception <a 'java/lang/ClassNotFoundException'{0x00000000854d9390}: org/jetbrains/kotlin/gradle/targets/js/npm/NpmDependencyExtensionKt$defaultNpmDependencyDelegate$1BeanInfo> (0x00000000854d9390) 
thrown [s\src\hotspot\share\classfile\systemDictionary.cpp, line 256]
Event: 12.760 Thread 0x00000204df72f000 Exception <a 'java/lang/ClassNotFoundException'{0x00000000854e3a58}: org/jetbrains/kotlin/gradle/targets/js/npm/NpmDependencyExtensionDelegateBeanInfo> (0x00000000854e3a58) 
thrown [s\src\hotspot\share\classfile\systemDictionary.cpp, line 256]
Event: 12.761 Thread 0x00000204df72f000 Exception <a 'java/lang/ClassNotFoundException'{0x00000000854ede40}: org/jetbrains/kotlin/gradle/targets/js/npm/NpmDependencyExtensionDelegateCustomizer> (0x00000000854ede40) 
thrown [s\src\hotspot\share\classfile\systemDictionary.cpp, line 256]
Event: 12.775 Thread 0x00000204df72f000 Exception <a 'java/lang/ClassNotFoundException'{0x000000008f910680}: org/jetbrains/kotlin/gradle/targets/js/npm/NpmDependencyExtensionKt$defaultNpmDependencyDelegate$1Customizer> (0x000000008f910680) 
thrown [s\src\hotspot\share\classfile\systemDictionary.cpp, line 256]
Event: 12.782 Thread 0x00000204df72f000 Exception <a 'java/lang/ClassNotFoundException'{0x000000008f944160}: org/jetbrains/kotlin/gradle/targets/js/npm/DefaultDevNpmDependencyExtensionBeanInfo> (0x000000008f944160) 
thrown [s\src\hotspot\share\classfile\systemDictionary.cpp, line 256]
Event: 12.784 Thread 0x00000204df72f000 Exception <a 'java/lang/ClassNotFoundException'{0x000000008f94e550}: org/jetbrains/kotlin/gradle/targets/js/npm/DefaultDevNpmDependencyExtensionCustomizer> (0x000000008f94e550) 
thrown [s\src\hotspot\share\classfile\systemDictionary.cpp, line 256]
Event: 12.789 Thread 0x00000204df72f000 Exception <a 'java/lang/ClassNotFoundException'{0x000000008f986f78}: org/jetbrains/kotlin/gradle/targets/js/npm/DefaultPeerNpmDependencyExtensionBeanInfo> (0x000000008f986f78) 
thrown [s\src\hotspot\share\classfile\systemDictionary.cpp, line 256]
Event: 12.790 Thread 0x00000204df72f000 Exception <a 'java/lang/ClassNotFoundException'{0x000000008f991398}: org/jetbrains/kotlin/gradle/targets/js/npm/DefaultPeerNpmDependencyExtensionCustomizer> (0x000000008f991398) 
thrown [s\src\hotspot\share\classfile\systemDictionary.cpp, line 256]
Event: 12.795 Thread 0x00000204df72f000 Exception <a 'java/lang/ClassNotFoundException'{0x000000008f9cfef0}: org/jetbrains/kotlin/gradle/targets/js/npm/DefaultPeerNpmDependencyExtension$delegate$1BeanInfo> (0x000000008f9cfef0) 
thrown [s\src\hotspot\share\classfile\systemDictionary.cpp, line 256]
Event: 12.795 Thread 0x00000204df72f000 Exception <a 'java/lang/ClassNotFoundException'{0x000000008f9da4f8}: org/jetbrains/kotlin/gradle/targets/js/npm/DefaultPeerNpmDependencyExtension$delegate$1Customizer> (0x000000008f9da4f8) 
thrown [s\src\hotspot\share\classfile\systemDictionary.cpp, line 256]

VM Operations (20 events):
Event: 10.245 Executing VM operation: G1Concurrent
Event: 10.251 Executing VM operation: G1Concurrent done
Event: 10.293 Executing VM operation: G1Concurrent
Event: 10.294 Executing VM operation: G1Concurrent done
Event: 10.923 Executing VM operation: G1CollectForAllocation
Event: 10.933 Executing VM operation: G1CollectForAllocation done
Event: 11.547 Executing VM operation: ICBufferFull
Event: 11.547 Executing VM operation: ICBufferFull done
Event: 11.646 Executing VM operation: G1TryInitiateConcMark
Event: 11.657 Executing VM operation: G1TryInitiateConcMark done
Event: 11.725 Executing VM operation: G1Concurrent
Event: 11.759 Executing VM operation: G1Concurrent done
Event: 11.792 Executing VM operation: G1Concurrent
Event: 11.792 Executing VM operation: G1Concurrent done
Event: 12.071 Executing VM operation: HandshakeAllThreads
Event: 12.072 Executing VM operation: HandshakeAllThreads done
Event: 12.586 Executing VM operation: HandshakeAllThreads
Event: 12.587 Executing VM operation: HandshakeAllThreads done
Event: 12.762 Executing VM operation: G1CollectForAllocation
Event: 12.773 Executing VM operation: G1CollectForAllocation done

Events (20 events):
Event: 12.124 loading class org/xml/sax/DTDHandler done
Event: 12.140 loading class java/util/Spliterators$IntArraySpliterator
Event: 12.140 loading class java/util/Spliterators$IntArraySpliterator done
Event: 12.145 Thread 0x00000204defec320 Thread exited: 0x00000204defec320
Event: 12.147 loading class java/text/ParsePosition
Event: 12.147 loading class java/text/ParsePosition done
Event: 12.160 loading class java/text/CharacterIterator
Event: 12.161 loading class java/text/CharacterIterator done
Event: 12.161 loading class java/text/StringCharacterIterator
Event: 12.162 loading class java/text/StringCharacterIterator done
Event: 12.256 loading class java/time/format/DateTimeFormatterBuilder$WeekBasedFieldPrinterParser
Event: 12.257 loading class java/time/format/DateTimeFormatterBuilder$WeekBasedFieldPrinterParser done
Event: 12.272 loading class com/sun/jmx/mbeanserver/StandardMBeanSupport
Event: 12.272 loading class com/sun/jmx/mbeanserver/StandardMBeanSupport done
Event: 12.272 loading class com/sun/jmx/mbeanserver/StandardMBeanIntrospector
Event: 12.272 loading class com/sun/jmx/mbeanserver/StandardMBeanIntrospector done
Event: 12.568 loading class java/util/concurrent/LinkedBlockingDeque$Itr
Event: 12.568 loading class java/util/concurrent/LinkedBlockingDeque$AbstractItr
Event: 12.568 loading class java/util/concurrent/LinkedBlockingDeque$AbstractItr done
Event: 12.568 loading class java/util/concurrent/LinkedBlockingDeque$Itr done


Dynamic libraries:
0x00007ff616aa0000 - 0x00007ff616aaa000 	C:\Program Files\Android\Android Studio\jbr\bin\java.exe
0x00007fff2f450000 - 0x00007fff2f664000 	C:\WINDOWS\SYSTEM32\ntdll.dll
0x00007fff2da40000 - 0x00007fff2db02000 	C:\WINDOWS\System32\KERNEL32.DLL
0x00007fff2cdd0000 - 0x00007fff2d16c000 	C:\WINDOWS\System32\KERNELBASE.dll
0x00007fff2cc10000 - 0x00007fff2cd21000 	C:\WINDOWS\System32\ucrtbase.dll
0x00007ffeefe00000 - 0x00007ffeefe17000 	C:\Program Files\Android\Android Studio\jbr\bin\jli.dll
0x00007ffefb010000 - 0x00007ffefb02b000 	C:\Program Files\Android\Android Studio\jbr\bin\VCRUNTIME140.dll
0x00007fff2d380000 - 0x00007fff2d52b000 	C:\WINDOWS\System32\USER32.dll
0x00007fff1edc0000 - 0x00007fff1f04e000 	C:\WINDOWS\WinSxS\amd64_microsoft.windows.common-controls_6595b64144ccf1df_6.0.22621.608_none_a9444ca7c10bb01d\COMCTL32.dll
0x00007fff2cb20000 - 0x00007fff2cb46000 	C:\WINDOWS\System32\win32u.dll
0x00007fff2f150000 - 0x00007fff2f1f7000 	C:\WINDOWS\System32\msvcrt.dll
0x00007fff2e2c0000 - 0x00007fff2e2e9000 	C:\WINDOWS\System32\GDI32.dll
0x00007fff2c890000 - 0x00007fff2c9a3000 	C:\WINDOWS\System32\gdi32full.dll
0x00007fff2cd30000 - 0x00007fff2cdca000 	C:\WINDOWS\System32\msvcp_win.dll
0x00007fff2d340000 - 0x00007fff2d371000 	C:\WINDOWS\System32\IMM32.DLL
0x00007fff21ad0000 - 0x00007fff21adc000 	C:\Program Files\Android\Android Studio\jbr\bin\vcruntime140_1.dll
0x00007ffee04c0000 - 0x00007ffee054d000 	C:\Program Files\Android\Android Studio\jbr\bin\msvcp140.dll
0x00007ffe9b930000 - 0x00007ffe9c59d000 	C:\Program Files\Android\Android Studio\jbr\bin\server\jvm.dll
0x00007fff2dc90000 - 0x00007fff2dd3e000 	C:\WINDOWS\System32\ADVAPI32.dll
0x00007fff2d930000 - 0x00007fff2d9d4000 	C:\WINDOWS\System32\sechost.dll
0x00007fff2e680000 - 0x00007fff2e797000 	C:\WINDOWS\System32\RPCRT4.dll
0x00007fff27900000 - 0x00007fff27909000 	C:\WINDOWS\SYSTEM32\WSOCK32.dll
0x00007fff2f260000 - 0x00007fff2f2d1000 	C:\WINDOWS\System32\WS2_32.dll
0x00007fff21940000 - 0x00007fff21974000 	C:\WINDOWS\SYSTEM32\WINMM.dll
0x00007fff241e0000 - 0x00007fff241ea000 	C:\WINDOWS\SYSTEM32\VERSION.dll
0x00007fff2b9d0000 - 0x00007fff2b9e8000 	C:\WINDOWS\SYSTEM32\kernel.appcore.dll
0x00007fff278d0000 - 0x00007fff278da000 	C:\Program Files\Android\Android Studio\jbr\bin\jimage.dll
0x00007fff29ba0000 - 0x00007fff29dce000 	C:\WINDOWS\SYSTEM32\DBGHELP.DLL
0x00007fff2e2f0000 - 0x00007fff2e679000 	C:\WINDOWS\System32\combase.dll
0x00007fff2d260000 - 0x00007fff2d337000 	C:\WINDOWS\System32\OLEAUT32.dll
0x00007fff03a90000 - 0x00007fff03ac2000 	C:\WINDOWS\SYSTEM32\dbgcore.DLL
0x00007fff2d1e0000 - 0x00007fff2d25b000 	C:\WINDOWS\System32\bcryptPrimitives.dll
0x00007fff17bf0000 - 0x00007fff17c15000 	C:\Program Files\Android\Android Studio\jbr\bin\java.dll
0x00007fff20e50000 - 0x00007fff20e68000 	C:\Program Files\Android\Android Studio\jbr\bin\zip.dll
0x00007fff2e7a0000 - 0x00007fff2ef90000 	C:\WINDOWS\System32\SHELL32.dll
0x00007fff2a8a0000 - 0x00007fff2b16d000 	C:\WINDOWS\SYSTEM32\windows.storage.dll
0x00007fff2a760000 - 0x00007fff2a89e000 	C:\WINDOWS\SYSTEM32\wintypes.dll
0x00007fff2f2e0000 - 0x00007fff2f3d1000 	C:\WINDOWS\System32\SHCORE.dll
0x00007fff2d9e0000 - 0x00007fff2da3e000 	C:\WINDOWS\System32\shlwapi.dll
0x00007fff2c7c0000 - 0x00007fff2c7e1000 	C:\WINDOWS\SYSTEM32\profapi.dll
0x00007fff19930000 - 0x00007fff19949000 	C:\Program Files\Android\Android Studio\jbr\bin\net.dll
0x00007fff26480000 - 0x00007fff265b7000 	C:\WINDOWS\SYSTEM32\WINHTTP.dll
0x00007fff2be40000 - 0x00007fff2bea9000 	C:\WINDOWS\system32\mswsock.dll
0x00007fff197f0000 - 0x00007fff19806000 	C:\Program Files\Android\Android Studio\jbr\bin\nio.dll
0x00007fff240d0000 - 0x00007fff240e0000 	C:\Program Files\Android\Android Studio\jbr\bin\verify.dll
0x00007ffedf8f0000 - 0x00007ffedf917000 	C:\Users\georg\Documents\edistynytmobiiliohjelmointi-master (1)\edistynytmobiiliohjelmointi-master\native\e1d6ef7f7dcc3fd88c89a11ec53ec762bb8ba0a96d01ffa2cd45eb1d1d8dd5c5\windows-amd64\native-platform.dll
0x00007ffe9c5d0000 - 0x00007ffe9c714000 	C:\Users\georg\Documents\edistynytmobiiliohjelmointi-master (1)\edistynytmobiiliohjelmointi-master\native\0d407fdbe67a94daf76414ababcb853783967236a71b16ec16e742cd7a986fd3\windows-amd64\native-platform-file-events.dll
0x00007fff278b0000 - 0x00007fff278b9000 	C:\Program Files\Android\Android Studio\jbr\bin\management.dll
0x00007fff27850000 - 0x00007fff2785b000 	C:\Program Files\Android\Android Studio\jbr\bin\management_ext.dll
0x00007fff2d920000 - 0x00007fff2d928000 	C:\WINDOWS\System32\PSAPI.DLL
0x00007fff2c0a0000 - 0x00007fff2c0bb000 	C:\WINDOWS\SYSTEM32\CRYPTSP.dll
0x00007fff2b940000 - 0x00007fff2b975000 	C:\WINDOWS\system32\rsaenh.dll
0x00007fff2bf40000 - 0x00007fff2bf68000 	C:\WINDOWS\SYSTEM32\USERENV.dll
0x00007fff2c260000 - 0x00007fff2c288000 	C:\WINDOWS\SYSTEM32\bcrypt.dll
0x00007fff2c0c0000 - 0x00007fff2c0cc000 	C:\WINDOWS\SYSTEM32\CRYPTBASE.dll
0x00007fff2b480000 - 0x00007fff2b4ad000 	C:\WINDOWS\SYSTEM32\IPHLPAPI.DLL
0x00007fff2e2b0000 - 0x00007fff2e2b9000 	C:\WINDOWS\System32\NSI.dll
0x00007fff25640000 - 0x00007fff25659000 	C:\WINDOWS\SYSTEM32\dhcpcsvc6.DLL
0x00007fff25620000 - 0x00007fff2563f000 	C:\WINDOWS\SYSTEM32\dhcpcsvc.DLL
0x00007fff2b500000 - 0x00007fff2b5f3000 	C:\WINDOWS\SYSTEM32\DNSAPI.dll
0x00007fff05bf0000 - 0x00007fff05bf8000 	C:\WINDOWS\system32\wshunix.dll

dbghelp: loaded successfully - version: 4.0.5 - missing functions: none
symbol engine: initialized successfully - sym options: 0x614 - pdb path: .;C:\Program Files\Android\Android Studio\jbr\bin;C:\WINDOWS\SYSTEM32;C:\WINDOWS\WinSxS\amd64_microsoft.windows.common-controls_6595b64144ccf1df_6.0.22621.608_none_a9444ca7c10bb01d;C:\Program Files\Android\Android Studio\jbr\bin\server;C:\Users\georg\Documents\edistynytmobiiliohjelmointi-master (1)\edistynytmobiiliohjelmointi-master\native\e1d6ef7f7dcc3fd88c89a11ec53ec762bb8ba0a96d01ffa2cd45eb1d1d8dd5c5\windows-amd64;C:\Users\georg\Documents\edistynytmobiiliohjelmointi-master (1)\edistynytmobiiliohjelmointi-master\native\0d407fdbe67a94daf76414ababcb853783967236a71b16ec16e742cd7a986fd3\windows-amd64

VM Arguments:
jvm_args: --add-opens=java.base/java.util=ALL-UNNAMED --add-opens=java.base/java.lang=ALL-UNNAMED --add-opens=java.base/java.lang.invoke=ALL-UNNAMED --add-opens=java.base/java.util=ALL-UNNAMED --add-opens=java.prefs/java.util.prefs=ALL-UNNAMED --add-opens=java.prefs/java.util.prefs=ALL-UNNAMED --add-opens=java.base/java.nio.charset=ALL-UNNAMED --add-opens=java.base/java.net=ALL-UNNAMED --add-opens=java.base/java.util.concurrent.atomic=ALL-UNNAMED -Xmx2048m -Dfile.encoding=UTF-8 -Duser.country=US -Duser.language=en -Duser.variant 
java_command: org.gradle.launcher.daemon.bootstrap.GradleDaemon 7.5
java_class_path (initial): C:\Users\georg\Documents\edistynytmobiiliohjelmointi-master (1)\edistynytmobiiliohjelmointi-master\wrapper\dists\gradle-7.5-bin\f1w0cc9nuo0eivz97x2xlu9sv\gradle-7.5\lib\gradle-launcher-7.5.jar
Launcher Type: SUN_STANDARD

[Global flags]
     intx CICompilerCount                          = 4                                         {product} {ergonomic}
     uint ConcGCThreads                            = 2                                         {product} {ergonomic}
     uint G1ConcRefinementThreads                  = 8                                         {product} {ergonomic}
   size_t G1HeapRegionSize                         = 1048576                                   {product} {ergonomic}
    uintx GCDrainStackTargetSize                   = 64                                        {product} {ergonomic}
   size_t InitialHeapSize                          = 262144000                                 {product} {ergonomic}
   size_t MarkStackSize                            = 4194304                                   {product} {ergonomic}
   size_t MaxHeapSize                              = 2147483648                                {product} {command line}
   size_t MaxNewSize                               = 1287651328                                {product} {ergonomic}
   size_t MinHeapDeltaBytes                        = 1048576                                   {product} {ergonomic}
   size_t MinHeapSize                              = 8388608                                   {product} {ergonomic}
    uintx NonNMethodCodeHeapSize                   = 5839372                                {pd product} {ergonomic}
    uintx NonProfiledCodeHeapSize                  = 122909434                              {pd product} {ergonomic}
    uintx ProfiledCodeHeapSize                     = 122909434                              {pd product} {ergonomic}
    uintx ReservedCodeCacheSize                    = 251658240                              {pd product} {ergonomic}
     bool SegmentedCodeCache                       = true                                      {product} {ergonomic}
   size_t SoftMaxHeapSize                          = 2147483648                             {manageable} {ergonomic}
     bool UseCompressedClassPointers               = true                           {product lp64_product} {ergonomic}
     bool UseCompressedOops                        = true                           {product lp64_product} {ergonomic}
     bool UseG1GC                                  = true                                      {product} {ergonomic}
     bool UseLargePagesIndividualAllocation        = false                                  {pd product} {ergonomic}

Logging:
Log output configuration:
 #0: stdout all=warning uptime,level,tags
 #1: stderr all=off uptime,level,tags

Environment Variables:
PATH=C:\WINDOWS\system32;C:\WINDOWS;C:\WINDOWS\System32\Wbem;C:\WINDOWS\System32\WindowsPowerShell\v1.0\;C:\WINDOWS\System32\OpenSSH\;C:\Users\georg\AppData\Local\Microsoft\WindowsApps;C:\Users\georg\AppData\Local\GitHubDesktop\bin
USERNAME=georg
OS=Windows_NT
PROCESSOR_IDENTIFIER=Intel64 Family 6 Model 140 Stepping 1, GenuineIntel
TMP=C:\Users\georg\AppData\Local\Temp
TEMP=C:\Users\georg\AppData\Local\Temp



---------------  S Y S T E M  ---------------

OS:
 Windows 11 , 64 bit Build 22621 (10.0.22621.1485)
OS uptime: 3 days 8:13 hours

CPU: total 8 (initial active 8) (4 cores per cpu, 2 threads per core) family 6 model 140 stepping 1 microcode 0xa4, cx8, cmov, fxsr, ht, mmx, 3dnowpref, sse, sse2, sse3, ssse3, sse4.1, sse4.2, popcnt, lzcnt, tsc, tscinvbit, avx, avx2, aes, erms, clmul, bmi1, bmi2, adx, avx512f, avx512dq, avx512cd, avx512bw, avx512vl, sha, fma, vzeroupper, avx512_vpopcntdq, avx512_vpclmulqdq, avx512_vaes, avx512_vnni, clflush, clflushopt, clwb, avx512_vbmi2, avx512_vbmi

Memory: 4k page, system-wide physical 15963M (3052M free)
TotalPageFile size 15963M (AvailPageFile size 0M)
current process WorkingSet (physical memory assigned to process): 326M, peak: 326M
current process commit charge ("private bytes"): 358M, peak: 390M

vm_info: OpenJDK 64-Bit Server VM (17.0.6+0-b2043.56-9586694) for windows-amd64 JRE (17.0.6+0-b2043.56-9586694), built on Feb  9 2023 20:06:20 by "androidbuild" with MS VC++ 16.10 / 16.11 (VS2019)

END.
