#
# There is insufficient memory for the Java Runtime Environment to continue.
# Native memory allocation (mmap) failed to map 52428800 bytes for G1 virtual space
# Possible reasons:
#   The system is out of physical RAM or swap space
#   The process is running with CompressedOops enabled, and the Java Heap may be blocking the growth of the native heap
# Possible solutions:
#   Reduce memory load on the system
#   Increase physical memory or swap space
#   Check if swap backing store is full
#   Decrease Java heap size (-Xmx/-Xms)
#   Decrease number of Java threads
#   Decrease Java thread stack sizes (-Xss)
#   Set larger code cache with -XX:ReservedCodeCacheSize=
#   JVM is running with Unscaled Compressed Oops mode in which the Java heap is
#     placed in the first 4GB address space. The Java Heap base address is the
#     maximum limit for the native heap growth. Please use -XX:HeapBaseMinAddress
#     to set the Java Heap base and to place the Java Heap above 4GB virtual address.
# This output file may be truncated or incomplete.
#
#  Out of Memory Error (os_windows.cpp:3769), pid=23484, tid=5568
#
# JRE version: OpenJDK Runtime Environment (17.0.6) (build 17.0.6+0-b2043.56-9586694)
# Java VM: OpenJDK 64-Bit Server VM (17.0.6+0-b2043.56-9586694, mixed mode, tiered, compressed oops, compressed class ptrs, g1 gc, windows-amd64)
# No core dump will be written. Minidumps are not enabled by default on client versions of Windows
#

---------------  S U M M A R Y ------------

Command Line: --add-opens=java.base/java.util=ALL-UNNAMED --add-opens=java.base/java.lang=ALL-UNNAMED --add-opens=java.base/java.lang.invoke=ALL-UNNAMED --add-opens=java.base/java.util=ALL-UNNAMED --add-opens=java.prefs/java.util.prefs=ALL-UNNAMED --add-opens=java.prefs/java.util.prefs=ALL-UNNAMED --add-opens=java.base/java.nio.charset=ALL-UNNAMED --add-opens=java.base/java.net=ALL-UNNAMED --add-opens=java.base/java.util.concurrent.atomic=ALL-UNNAMED -Xmx2048m -Dfile.encoding=UTF-8 -Duser.country=US -Duser.language=en -Duser.variant org.gradle.launcher.daemon.bootstrap.GradleDaemon 7.5

Host: 11th Gen Intel(R) Core(TM) i7-1185G7 @ 3.00GHz, 8 cores, 15G,  Windows 11 , 64 bit Build 22621 (10.0.22621.1485)
Time: Sun May  7 22:17:05 2023 FLE Daylight Time elapsed time: 16.457195 seconds (0d 0h 0m 16s)

---------------  T H R E A D  ---------------

Current thread (0x000001c651f98630):  VMThread "VM Thread" [stack: 0x0000008088b00000,0x0000008088c00000] [id=5568]

Stack: [0x0000008088b00000,0x0000008088c00000]
Native frames: (J=compiled Java code, j=interpreted, Vv=VM code, C=native code)
V  [jvm.dll+0x683b4a]
V  [jvm.dll+0x842654]
V  [jvm.dll+0x843dfe]
V  [jvm.dll+0x844463]
V  [jvm.dll+0x249b75]
V  [jvm.dll+0x680a19]
V  [jvm.dll+0x674f0a]
V  [jvm.dll+0x309acb]
V  [jvm.dll+0x310f86]
V  [jvm.dll+0x3608ee]
V  [jvm.dll+0x360b1f]
V  [jvm.dll+0x2dfbf8]
V  [jvm.dll+0x2ddec4]
V  [jvm.dll+0x2dd4cc]
V  [jvm.dll+0x322261]
V  [jvm.dll+0x84893b]
V  [jvm.dll+0x849674]
V  [jvm.dll+0x849b8d]
V  [jvm.dll+0x849f64]
V  [jvm.dll+0x84a030]
V  [jvm.dll+0x7f25fa]
V  [jvm.dll+0x682985]
C  [ucrtbase.dll+0x29363]
C  [KERNEL32.DLL+0x1269d]
C  [ntdll.dll+0x5a9f8]

VM_Operation (0x0000008091cf88c0): G1TryInitiateConcMark, mode: safepoint, requested by thread 0x000001c658be67f0


---------------  P R O C E S S  ---------------

Threads class SMR info:
_java_thread_list=0x000001c658386c40, length=137, elements={
0x000001c638139120, 0x000001c652836dc0, 0x000001c652837e20, 0x000001c65287f690,
0x000001c65287ff50, 0x000001c652880810, 0x000001c6528810d0, 0x000001c6528822d0,
0x000001c652885380, 0x000001c652886420, 0x000001c652a310f0, 0x000001c652a355d0,
0x000001c6554bcee0, 0x000001c655b3d4b0, 0x000001c653e00d30, 0x000001c6554b7040,
0x000001c653a77a50, 0x000001c652f55f90, 0x000001c652f555f0, 0x000001c652f53440,
0x000001c652f525d0, 0x000001c652f52f70, 0x000001c652f55ac0, 0x000001c652f52aa0,
0x000001c652f53910, 0x000001c652f542b0, 0x000001c652f54780, 0x000001c652f54c50,
0x000001c655a0c9e0, 0x000001c655a0d380, 0x000001c655a0fed0, 0x000001c655a0ad00,
0x000001c655a103a0, 0x000001c655a099c0, 0x000001c655a09020, 0x000001c655a0e1f0,
0x000001c655a0d850, 0x000001c655a0b1d0, 0x000001c655a0c510, 0x000001c655a0a360,
0x000001c655a094f0, 0x000001c655a09e90, 0x000001c655a0b6a0, 0x000001c655a0dd20,
0x000001c655a0a830, 0x000001c655a0f530, 0x000001c655a0bb70, 0x000001c655a0f060,
0x000001c655a0c040, 0x000001c6541c4d30, 0x000001c6541c73b0, 0x000001c6541c4390,
0x000001c6541c7880, 0x000001c6541c4860, 0x000001c6541c6ee0, 0x000001c6541c56d0,
0x000001c6541c3ec0, 0x000001c6541c6070, 0x000001c6541c5ba0, 0x000001c6541c5200,
0x000001c6541c6540, 0x000001c6541c6a10, 0x000001c6566bf4a0, 0x000001c6566c24c0,
0x000001c6566c6820, 0x000001c6566c5010, 0x000001c6566befd0, 0x000001c6566c4b40,
0x000001c6566c2990, 0x000001c6566c3330, 0x000001c6566c3cd0, 0x000001c6566c2e60,
0x000001c6566c54e0, 0x000001c6566c3800, 0x000001c6566c41a0, 0x000001c6566bf970,
0x000001c6566c0cb0, 0x000001c6566c5e80, 0x000001c6566bfe40, 0x000001c6566c0310,
0x000001c6566c4670, 0x000001c6566c1180, 0x000001c6566c59b0, 0x000001c6566c1650,
0x000001c6566c07e0, 0x000001c6566c1b20, 0x000001c6566c1ff0, 0x000001c6566c6350,
0x000001c658734730, 0x000001c658734260, 0x000001c658731240, 0x000001c6587350d0,
0x000001c658735a70, 0x000001c658737750, 0x000001c6587368e0, 0x000001c658732580,
0x000001c658733d90, 0x000001c658737280, 0x000001c658731710, 0x000001c658735f40,
0x000001c6587355a0, 0x000001c658736410, 0x000001c658736db0, 0x000001c658737c20,
0x000001c658731be0, 0x000001c6587380f0, 0x000001c6587385c0, 0x000001c658734c00,
0x000001c658738a90, 0x000001c6587320b0, 0x000001c658732a50, 0x000001c658732f20,
0x000001c6587333f0, 0x000001c6587338c0, 0x000001c658be84d0, 0x000001c658be7660,
0x000001c658be8000, 0x000001c658be6cc0, 0x000001c658be4fe0, 0x000001c658be54b0,
0x000001c658bea680, 0x000001c658be7190, 0x000001c658be3300, 0x000001c658be4b10,
0x000001c658be7b30, 0x000001c658be8e70, 0x000001c658be37d0, 0x000001c658be9340,
0x000001c658be2e30, 0x000001c658be67f0, 0x000001c658be9ce0, 0x000001c658bea1b0,
0x000001c658be3ca0, 0x000001c658be4170, 0x000001c65bb01020, 0x000001c65bef1ed0,
0x000001c658be5e50
}

Java Threads: ( => current thread )
  0x000001c638139120 JavaThread "main" [_thread_blocked, id=14188, stack(0x0000008088500000,0x0000008088600000)]
  0x000001c652836dc0 JavaThread "Reference Handler" daemon [_thread_blocked, id=15932, stack(0x0000008088c00000,0x0000008088d00000)]
  0x000001c652837e20 JavaThread "Finalizer" daemon [_thread_blocked, id=9756, stack(0x0000008088d00000,0x0000008088e00000)]
  0x000001c65287f690 JavaThread "Signal Dispatcher" daemon [_thread_blocked, id=11300, stack(0x0000008088e00000,0x0000008088f00000)]
  0x000001c65287ff50 JavaThread "Attach Listener" daemon [_thread_blocked, id=9880, stack(0x0000008088f00000,0x0000008089000000)]
  0x000001c652880810 JavaThread "Service Thread" daemon [_thread_blocked, id=22488, stack(0x0000008089000000,0x0000008089100000)]
  0x000001c6528810d0 JavaThread "Monitor Deflation Thread" daemon [_thread_blocked, id=10112, stack(0x0000008089100000,0x0000008089200000)]
  0x000001c6528822d0 JavaThread "C2 CompilerThread0" daemon [_thread_blocked, id=21744, stack(0x0000008089200000,0x0000008089300000)]
  0x000001c652885380 JavaThread "C1 CompilerThread0" daemon [_thread_blocked, id=22896, stack(0x0000008089300000,0x0000008089400000)]
  0x000001c652886420 JavaThread "Sweeper thread" daemon [_thread_blocked, id=21088, stack(0x0000008089400000,0x0000008089500000)]
  0x000001c652a310f0 JavaThread "Common-Cleaner" daemon [_thread_blocked, id=22484, stack(0x0000008089500000,0x0000008089600000)]
  0x000001c652a355d0 JavaThread "Notification Thread" daemon [_thread_blocked, id=23536, stack(0x0000008089600000,0x0000008089700000)]
  0x000001c6554bcee0 JavaThread "Daemon health stats" [_thread_blocked, id=19088, stack(0x0000008089f00000,0x000000808a000000)]
  0x000001c655b3d4b0 JavaThread "Incoming local TCP Connector on port 59289" [_thread_in_native, id=5796, stack(0x000000808a000000,0x000000808a100000)]
  0x000001c653e00d30 JavaThread "Daemon periodic checks" [_thread_blocked, id=15416, stack(0x000000808a100000,0x000000808a200000)]
  0x000001c6554b7040 JavaThread "Daemon" [_thread_blocked, id=20640, stack(0x000000808a200000,0x000000808a300000)]
  0x000001c653a77a50 JavaThread "Handler for socket connection from /127.0.0.1:59289 to /127.0.0.1:59290" [_thread_in_native, id=9644, stack(0x000000808a300000,0x000000808a400000)]
  0x000001c652f55f90 JavaThread "Cancel handler" [_thread_blocked, id=23588, stack(0x000000808a400000,0x000000808a500000)]
  0x000001c652f555f0 JavaThread "Daemon worker" [_thread_blocked, id=16964, stack(0x000000808a500000,0x000000808a600000)]
  0x000001c652f53440 JavaThread "Asynchronous log dispatcher for DefaultDaemonConnection: socket connection from /127.0.0.1:59289 to /127.0.0.1:59290" [_thread_blocked, id=19772, stack(0x000000808a600000,0x000000808a700000)]
  0x000001c652f525d0 JavaThread "Stdin handler" [_thread_blocked, id=11592, stack(0x000000808a700000,0x000000808a800000)]
  0x000001c652f52f70 JavaThread "Daemon client event forwarder" [_thread_blocked, id=7524, stack(0x000000808a800000,0x000000808a900000)]
  0x000001c652f55ac0 JavaThread "Cache worker for journal cache (C:\Users\georg\Documents\edistynytmobiiliohjelmointi-master (1)\edistynytmobiiliohjelmointi-master\caches\journal-1)" [_thread_blocked, id=6904, stack(0x000000808a900000,0x000000808aa00000)]
  0x000001c652f52aa0 JavaThread "File lock request listener" [_thread_in_native, id=4576, stack(0x000000808aa00000,0x000000808ab00000)]
  0x000001c652f53910 JavaThread "Cache worker for file hash cache (C:\Users\georg\Documents\edistynytmobiiliohjelmointi-master (1)\edistynytmobiiliohjelmointi-master\caches\7.5\fileHashes)" [_thread_blocked, id=13696, stack(0x000000808ae00000,0x000000808af00000)]
  0x000001c652f542b0 JavaThread "File watcher server" daemon [_thread_blocked, id=15868, stack(0x000000808af00000,0x000000808b000000)]
  0x000001c652f54780 JavaThread "File watcher consumer" daemon [_thread_blocked, id=3880, stack(0x000000808b000000,0x000000808b100000)]
  0x000001c652f54c50 JavaThread "Cache worker for checksums cache (C:\Users\georg\Documents\edistynytmobiiliohjelmointi-master (1)\edistynytmobiiliohjelmointi-master\.gradle\7.5\checksums)" [_thread_blocked, id=9440, stack(0x000000808b100000,0x000000808b200000)]
  0x000001c655a0c9e0 JavaThread "Cache worker for cache directory md-rule (C:\Users\georg\Documents\edistynytmobiiliohjelmointi-master (1)\edistynytmobiiliohjelmointi-master\caches\7.5\md-rule)" [_thread_blocked, id=17068, stack(0x000000808b200000,0x000000808b300000)]
  0x000001c655a0d380 JavaThread "Cache worker for file content cache (C:\Users\georg\Documents\edistynytmobiiliohjelmointi-master (1)\edistynytmobiiliohjelmointi-master\caches\7.5\fileContent)" [_thread_blocked, id=10436, stack(0x000000808b300000,0x000000808b400000)]
  0x000001c655a0fed0 JavaThread "Cache worker for file hash cache (C:\Users\georg\Documents\edistynytmobiiliohjelmointi-master (1)\edistynytmobiiliohjelmointi-master\.gradle\7.5\fileHashes)" [_thread_blocked, id=17528, stack(0x000000808b400000,0x000000808b500000)]
  0x000001c655a0ad00 JavaThread "Cache worker for cache directory md-supplier (C:\Users\georg\Documents\edistynytmobiiliohjelmointi-master (1)\edistynytmobiiliohjelmointi-master\caches\7.5\md-supplier)" [_thread_blocked, id=18704, stack(0x000000808b500000,0x000000808b600000)]
  0x000001c655a103a0 JavaThread "Cache worker for execution history cache (C:\Users\georg\Documents\edistynytmobiiliohjelmointi-master (1)\edistynytmobiiliohjelmointi-master\caches\7.5\executionHistory)" [_thread_blocked, id=21240, stack(0x000000808b600000,0x000000808b700000)]
  0x000001c655a099c0 JavaThread "jar transforms" [_thread_blocked, id=8960, stack(0x000000808b700000,0x000000808b800000)]
  0x000001c655a09020 JavaThread "jar transforms Thread 2" [_thread_blocked, id=20052, stack(0x000000808b800000,0x000000808b900000)]
  0x000001c655a0e1f0 JavaThread "jar transforms Thread 3" [_thread_blocked, id=6580, stack(0x000000808ba00000,0x000000808bb00000)]
  0x000001c655a0d850 JavaThread "jar transforms Thread 4" [_thread_blocked, id=11724, stack(0x000000808bb00000,0x000000808bc00000)]
  0x000001c655a0b1d0 JavaThread "Cache worker for dependencies-accessors (C:\Users\georg\Documents\edistynytmobiiliohjelmointi-master (1)\edistynytmobiiliohjelmointi-master\.gradle\7.5\dependencies-accessors)" [_thread_blocked, id=9816, stack(0x000000808bc00000,0x000000808bd00000)]
  0x000001c655a0c510 JavaThread "jar transforms Thread 5" [_thread_blocked, id=6448, stack(0x000000808bd00000,0x000000808be00000)]
  0x000001c655a0a360 JavaThread "Cache worker for Build Output Cleanup Cache (C:\Users\georg\Documents\edistynytmobiiliohjelmointi-master (1)\edistynytmobiiliohjelmointi-master\.gradle\buildOutputCleanup)" [_thread_blocked, id=22796, stack(0x0000008089e00000,0x0000008089f00000)]
  0x000001c655a094f0 JavaThread "Unconstrained build operations" [_thread_blocked, id=3344, stack(0x000000808bf00000,0x000000808c000000)]
  0x000001c655a09e90 JavaThread "Unconstrained build operations Thread 2" [_thread_blocked, id=9836, stack(0x000000808c000000,0x000000808c100000)]
  0x000001c655a0b6a0 JavaThread "Unconstrained build operations Thread 3" [_thread_blocked, id=12020, stack(0x000000808c100000,0x000000808c200000)]
  0x000001c655a0dd20 JavaThread "Unconstrained build operations Thread 4" [_thread_blocked, id=9040, stack(0x000000808c200000,0x000000808c300000)]
  0x000001c655a0a830 JavaThread "Unconstrained build operations Thread 5" [_thread_blocked, id=9652, stack(0x000000808c300000,0x000000808c400000)]
  0x000001c655a0f530 JavaThread "Unconstrained build operations Thread 6" [_thread_blocked, id=18220, stack(0x000000808c400000,0x000000808c500000)]
  0x000001c655a0bb70 JavaThread "Unconstrained build operations Thread 7" [_thread_blocked, id=18760, stack(0x000000808c500000,0x000000808c600000)]
  0x000001c655a0f060 JavaThread "Unconstrained build operations Thread 8" [_thread_blocked, id=18272, stack(0x000000808c600000,0x000000808c700000)]
  0x000001c655a0c040 JavaThread "Unconstrained build operations Thread 9" [_thread_blocked, id=11928, stack(0x000000808c700000,0x000000808c800000)]
  0x000001c6541c4d30 JavaThread "Unconstrained build operations Thread 10" [_thread_blocked, id=2372, stack(0x000000808c800000,0x000000808c900000)]
  0x000001c6541c73b0 JavaThread "Unconstrained build operations Thread 11" [_thread_blocked, id=1756, stack(0x000000808c900000,0x000000808ca00000)]
  0x000001c6541c4390 JavaThread "Unconstrained build operations Thread 12" [_thread_blocked, id=23468, stack(0x000000808ca00000,0x000000808cb00000)]
  0x000001c6541c7880 JavaThread "Unconstrained build operations Thread 13" [_thread_blocked, id=13580, stack(0x000000808cb00000,0x000000808cc00000)]
  0x000001c6541c4860 JavaThread "Unconstrained build operations Thread 14" [_thread_blocked, id=7912, stack(0x000000808cc00000,0x000000808cd00000)]
  0x000001c6541c6ee0 JavaThread "Unconstrained build operations Thread 15" [_thread_blocked, id=19120, stack(0x000000808cd00000,0x000000808ce00000)]
  0x000001c6541c56d0 JavaThread "Unconstrained build operations Thread 16" [_thread_blocked, id=11148, stack(0x000000808ce00000,0x000000808cf00000)]
  0x000001c6541c3ec0 JavaThread "Unconstrained build operations Thread 17" [_thread_blocked, id=9372, stack(0x000000808cf00000,0x000000808d000000)]
  0x000001c6541c6070 JavaThread "Unconstrained build operations Thread 18" [_thread_blocked, id=12344, stack(0x000000808d000000,0x000000808d100000)]
  0x000001c6541c5ba0 JavaThread "Unconstrained build operations Thread 19" [_thread_blocked, id=24080, stack(0x000000808d100000,0x000000808d200000)]
  0x000001c6541c5200 JavaThread "Unconstrained build operations Thread 20" [_thread_blocked, id=8276, stack(0x000000808d200000,0x000000808d300000)]
  0x000001c6541c6540 JavaThread "Unconstrained build operations Thread 21" [_thread_blocked, id=5536, stack(0x000000808d300000,0x000000808d400000)]
  0x000001c6541c6a10 JavaThread "Unconstrained build operations Thread 22" [_thread_blocked, id=14936, stack(0x000000808d400000,0x000000808d500000)]
  0x000001c6566bf4a0 JavaThread "Unconstrained build operations Thread 23" [_thread_blocked, id=21732, stack(0x000000808d500000,0x000000808d600000)]
  0x000001c6566c24c0 JavaThread "Unconstrained build operations Thread 24" [_thread_blocked, id=10540, stack(0x000000808d600000,0x000000808d700000)]
  0x000001c6566c6820 JavaThread "Unconstrained build operations Thread 25" [_thread_blocked, id=23164, stack(0x000000808d700000,0x000000808d800000)]
  0x000001c6566c5010 JavaThread "Unconstrained build operations Thread 26" [_thread_blocked, id=6268, stack(0x000000808d800000,0x000000808d900000)]
  0x000001c6566befd0 JavaThread "Unconstrained build operations Thread 27" [_thread_blocked, id=14900, stack(0x000000808d900000,0x000000808da00000)]
  0x000001c6566c4b40 JavaThread "Unconstrained build operations Thread 28" [_thread_blocked, id=19860, stack(0x000000808da00000,0x000000808db00000)]
  0x000001c6566c2990 JavaThread "Unconstrained build operations Thread 29" [_thread_blocked, id=9968, stack(0x000000808db00000,0x000000808dc00000)]
  0x000001c6566c3330 JavaThread "Unconstrained build operations Thread 30" [_thread_blocked, id=22640, stack(0x000000808dc00000,0x000000808dd00000)]
  0x000001c6566c3cd0 JavaThread "Unconstrained build operations Thread 31" [_thread_blocked, id=23704, stack(0x000000808dd00000,0x000000808de00000)]
  0x000001c6566c2e60 JavaThread "Unconstrained build operations Thread 32" [_thread_blocked, id=21416, stack(0x000000808de00000,0x000000808df00000)]
  0x000001c6566c54e0 JavaThread "Unconstrained build operations Thread 33" [_thread_blocked, id=13664, stack(0x000000808df00000,0x000000808e000000)]
  0x000001c6566c3800 JavaThread "Unconstrained build operations Thread 34" [_thread_blocked, id=22244, stack(0x000000808e000000,0x000000808e100000)]
  0x000001c6566c41a0 JavaThread "Unconstrained build operations Thread 35" [_thread_blocked, id=20352, stack(0x000000808e100000,0x000000808e200000)]
  0x000001c6566bf970 JavaThread "Unconstrained build operations Thread 36" [_thread_blocked, id=12348, stack(0x000000808e200000,0x000000808e300000)]
  0x000001c6566c0cb0 JavaThread "Unconstrained build operations Thread 37" [_thread_blocked, id=24252, stack(0x000000808e300000,0x000000808e400000)]
  0x000001c6566c5e80 JavaThread "Unconstrained build operations Thread 38" [_thread_blocked, id=14208, stack(0x000000808e400000,0x000000808e500000)]
  0x000001c6566bfe40 JavaThread "Unconstrained build operations Thread 39" [_thread_blocked, id=22604, stack(0x000000808e500000,0x000000808e600000)]
  0x000001c6566c0310 JavaThread "Unconstrained build operations Thread 40" [_thread_blocked, id=5260, stack(0x000000808e600000,0x000000808e700000)]
  0x000001c6566c4670 JavaThread "Unconstrained build operations Thread 41" [_thread_blocked, id=1564, stack(0x000000808e700000,0x000000808e800000)]
  0x000001c6566c1180 JavaThread "Unconstrained build operations Thread 42" [_thread_blocked, id=2136, stack(0x000000808e800000,0x000000808e900000)]
  0x000001c6566c59b0 JavaThread "Unconstrained build operations Thread 43" [_thread_blocked, id=6068, stack(0x000000808e900000,0x000000808ea00000)]
  0x000001c6566c1650 JavaThread "Unconstrained build operations Thread 44" [_thread_blocked, id=19656, stack(0x000000808ea00000,0x000000808eb00000)]
  0x000001c6566c07e0 JavaThread "Unconstrained build operations Thread 45" [_thread_blocked, id=19688, stack(0x000000808eb00000,0x000000808ec00000)]
  0x000001c6566c1b20 JavaThread "Unconstrained build operations Thread 46" [_thread_blocked, id=4060, stack(0x000000808ec00000,0x000000808ed00000)]
  0x000001c6566c1ff0 JavaThread "Unconstrained build operations Thread 47" [_thread_blocked, id=8412, stack(0x000000808ed00000,0x000000808ee00000)]
  0x000001c6566c6350 JavaThread "Unconstrained build operations Thread 48" [_thread_blocked, id=14880, stack(0x000000808ee00000,0x000000808ef00000)]
  0x000001c658734730 JavaThread "Unconstrained build operations Thread 49" [_thread_blocked, id=13344, stack(0x000000808ef00000,0x000000808f000000)]
  0x000001c658734260 JavaThread "Unconstrained build operations Thread 50" [_thread_blocked, id=13740, stack(0x000000808f000000,0x000000808f100000)]
  0x000001c658731240 JavaThread "Unconstrained build operations Thread 51" [_thread_blocked, id=4532, stack(0x000000808f100000,0x000000808f200000)]
  0x000001c6587350d0 JavaThread "Unconstrained build operations Thread 52" [_thread_blocked, id=16060, stack(0x000000808f200000,0x000000808f300000)]
  0x000001c658735a70 JavaThread "Unconstrained build operations Thread 53" [_thread_blocked, id=14768, stack(0x000000808f300000,0x000000808f400000)]
  0x000001c658737750 JavaThread "Unconstrained build operations Thread 54" [_thread_blocked, id=15332, stack(0x000000808f400000,0x000000808f500000)]
  0x000001c6587368e0 JavaThread "Unconstrained build operations Thread 55" [_thread_blocked, id=20832, stack(0x000000808f500000,0x000000808f600000)]
  0x000001c658732580 JavaThread "Unconstrained build operations Thread 56" [_thread_blocked, id=14576, stack(0x000000808f600000,0x000000808f700000)]
  0x000001c658733d90 JavaThread "Unconstrained build operations Thread 57" [_thread_blocked, id=3060, stack(0x000000808f700000,0x000000808f800000)]
  0x000001c658737280 JavaThread "Unconstrained build operations Thread 58" [_thread_blocked, id=7568, stack(0x000000808f800000,0x000000808f900000)]
  0x000001c658731710 JavaThread "Unconstrained build operations Thread 59" [_thread_blocked, id=20960, stack(0x000000808f900000,0x000000808fa00000)]
  0x000001c658735f40 JavaThread "Unconstrained build operations Thread 60" [_thread_blocked, id=18820, stack(0x000000808fa00000,0x000000808fb00000)]
  0x000001c6587355a0 JavaThread "Unconstrained build operations Thread 61" [_thread_blocked, id=9888, stack(0x000000808fb00000,0x000000808fc00000)]
  0x000001c658736410 JavaThread "Unconstrained build operations Thread 62" [_thread_blocked, id=17716, stack(0x000000808fc00000,0x000000808fd00000)]
  0x000001c658736db0 JavaThread "Unconstrained build operations Thread 63" [_thread_blocked, id=10060, stack(0x000000808fd00000,0x000000808fe00000)]
  0x000001c658737c20 JavaThread "Unconstrained build operations Thread 64" [_thread_blocked, id=19516, stack(0x000000808fe00000,0x000000808ff00000)]
  0x000001c658731be0 JavaThread "Unconstrained build operations Thread 65" [_thread_blocked, id=13204, stack(0x000000808ff00000,0x0000008090000000)]
  0x000001c6587380f0 JavaThread "Unconstrained build operations Thread 66" [_thread_blocked, id=780, stack(0x0000008090000000,0x0000008090100000)]
  0x000001c6587385c0 JavaThread "Unconstrained build operations Thread 67" [_thread_blocked, id=9032, stack(0x0000008090100000,0x0000008090200000)]
  0x000001c658734c00 JavaThread "Unconstrained build operations Thread 68" [_thread_blocked, id=14368, stack(0x0000008090200000,0x0000008090300000)]
  0x000001c658738a90 JavaThread "Unconstrained build operations Thread 69" [_thread_blocked, id=19828, stack(0x0000008090300000,0x0000008090400000)]
  0x000001c6587320b0 JavaThread "Unconstrained build operations Thread 70" [_thread_blocked, id=21776, stack(0x0000008090400000,0x0000008090500000)]
  0x000001c658732a50 JavaThread "Unconstrained build operations Thread 71" [_thread_blocked, id=21952, stack(0x0000008090500000,0x0000008090600000)]
  0x000001c658732f20 JavaThread "Unconstrained build operations Thread 72" [_thread_blocked, id=22124, stack(0x0000008090600000,0x0000008090700000)]
  0x000001c6587333f0 JavaThread "Unconstrained build operations Thread 73" [_thread_blocked, id=4612, stack(0x0000008090700000,0x0000008090800000)]
  0x000001c6587338c0 JavaThread "Unconstrained build operations Thread 74" [_thread_blocked, id=11372, stack(0x0000008090800000,0x0000008090900000)]
  0x000001c658be84d0 JavaThread "Unconstrained build operations Thread 75" [_thread_blocked, id=12176, stack(0x0000008090900000,0x0000008090a00000)]
  0x000001c658be7660 JavaThread "Unconstrained build operations Thread 76" [_thread_blocked, id=2196, stack(0x0000008090a00000,0x0000008090b00000)]
  0x000001c658be8000 JavaThread "Unconstrained build operations Thread 77" [_thread_blocked, id=8564, stack(0x0000008090b00000,0x0000008090c00000)]
  0x000001c658be6cc0 JavaThread "Unconstrained build operations Thread 78" [_thread_blocked, id=21916, stack(0x0000008090c00000,0x0000008090d00000)]
  0x000001c658be4fe0 JavaThread "Unconstrained build operations Thread 79" [_thread_blocked, id=11336, stack(0x0000008090d00000,0x0000008090e00000)]
  0x000001c658be54b0 JavaThread "Unconstrained build operations Thread 80" [_thread_blocked, id=24124, stack(0x0000008090e00000,0x0000008090f00000)]
  0x000001c658bea680 JavaThread "jar transforms Thread 6" [_thread_blocked, id=10532, stack(0x0000008090f00000,0x0000008091000000)]
  0x000001c658be7190 JavaThread "jar transforms Thread 7" [_thread_blocked, id=22556, stack(0x0000008091000000,0x0000008091100000)]
  0x000001c658be3300 JavaThread "jar transforms Thread 8" [_thread_blocked, id=15628, stack(0x0000008091100000,0x0000008091200000)]
  0x000001c658be4b10 JavaThread "build event listener" [_thread_blocked, id=19100, stack(0x0000008091200000,0x0000008091300000)]
  0x000001c658be7b30 JavaThread "Memory manager" [_thread_blocked, id=19132, stack(0x0000008091300000,0x0000008091400000)]
  0x000001c658be8e70 JavaThread "included builds" [_thread_blocked, id=11240, stack(0x0000008091800000,0x0000008091900000)]
  0x000001c658be37d0 JavaThread "Execution worker" [_thread_blocked, id=21768, stack(0x0000008091900000,0x0000008091a00000)]
  0x000001c658be9340 JavaThread "Execution worker Thread 2" [_thread_blocked, id=18824, stack(0x0000008091a00000,0x0000008091b00000)]
  0x000001c658be2e30 JavaThread "Execution worker Thread 3" [_thread_blocked, id=17284, stack(0x0000008091b00000,0x0000008091c00000)]
  0x000001c658be67f0 JavaThread "Execution worker Thread 4" [_thread_blocked, id=5388, stack(0x0000008091c00000,0x0000008091d00000)]
  0x000001c658be9ce0 JavaThread "Execution worker Thread 5" [_thread_blocked, id=4504, stack(0x0000008091d00000,0x0000008091e00000)]
  0x000001c658bea1b0 JavaThread "Execution worker Thread 6" [_thread_blocked, id=15308, stack(0x0000008091e00000,0x0000008091f00000)]
  0x000001c658be3ca0 JavaThread "Execution worker Thread 7" [_thread_blocked, id=22420, stack(0x0000008091f00000,0x0000008092000000)]
  0x000001c658be4170 JavaThread "Cache worker for execution history cache (C:\Users\georg\Documents\edistynytmobiiliohjelmointi-master (1)\edistynytmobiiliohjelmointi-master\.gradle\7.5\executionHistory)" [_thread_blocked, id=18920, stack(0x0000008092000000,0x0000008092100000)]
  0x000001c65bb01020 JavaThread "C2 CompilerThread1" daemon [_thread_in_native, id=14332, stack(0x0000008089800000,0x0000008089900000)]
  0x000001c65bef1ed0 JavaThread "C2 CompilerThread2" daemon [_thread_blocked, id=14360, stack(0x000000808be00000,0x000000808bf00000)]
  0x000001c658be5e50 JavaThread "WorkerExecutor Queue" [_thread_blocked, id=24348, stack(0x0000008092100000,0x0000008092200000)]

Other Threads:
=>0x000001c651f98630 VMThread "VM Thread" [stack: 0x0000008088b00000,0x0000008088c00000] [id=5568]
  0x000001c652a28df0 WatcherThread [stack: 0x0000008089700000,0x0000008089800000] [id=15004]
  0x000001c6381950a0 GCTaskThread "GC Thread#0" [stack: 0x0000008088600000,0x0000008088700000] [id=11508]
  0x000001c653c42500 GCTaskThread "GC Thread#1" [stack: 0x0000008089900000,0x0000008089a00000] [id=22412]
  0x000001c653ab6620 GCTaskThread "GC Thread#2" [stack: 0x0000008089a00000,0x0000008089b00000] [id=6720]
  0x000001c652f9f2e0 GCTaskThread "GC Thread#3" [stack: 0x0000008089b00000,0x0000008089c00000] [id=20060]
  0x000001c652f9f9a0 GCTaskThread "GC Thread#4" [stack: 0x0000008089c00000,0x0000008089d00000] [id=19096]
  0x000001c652f9fc50 GCTaskThread "GC Thread#5" [stack: 0x0000008089d00000,0x0000008089e00000] [id=9512]
  0x000001c65620b470 GCTaskThread "GC Thread#6" [stack: 0x000000808ab00000,0x000000808ac00000] [id=14600]
  0x000001c65403db60 GCTaskThread "GC Thread#7" [stack: 0x000000808ac00000,0x000000808ad00000] [id=21920]
  0x000001c6381a6140 ConcurrentGCThread "G1 Main Marker" [stack: 0x0000008088700000,0x0000008088800000] [id=3728]
  0x000001c6381a6b50 ConcurrentGCThread "G1 Conc#0" [stack: 0x0000008088800000,0x0000008088900000] [id=21792]
  0x000001c654232210 ConcurrentGCThread "G1 Conc#1" [stack: 0x000000808ad00000,0x000000808ae00000] [id=16096]
  0x000001c6381fd570 ConcurrentGCThread "G1 Refine#0" [stack: 0x0000008088900000,0x0000008088a00000] [id=16836]
  0x000001c656a1fea0 ConcurrentGCThread "G1 Refine#1" [stack: 0x000000808b900000,0x000000808ba00000] [id=17748]
  0x000001c65981fcc0 ConcurrentGCThread "G1 Refine#2" [stack: 0x0000008091400000,0x0000008091500000] [id=18080]
  0x000001c65981f140 ConcurrentGCThread "G1 Refine#3" [stack: 0x0000008091500000,0x0000008091600000] [id=8696]
  0x000001c65981da40 ConcurrentGCThread "G1 Refine#4" [stack: 0x0000008091600000,0x0000008091700000] [id=12520]
  0x000001c65981f420 ConcurrentGCThread "G1 Refine#5" [stack: 0x0000008091700000,0x0000008091800000] [id=19008]
  0x000001c6381fec50 ConcurrentGCThread "G1 Service" [stack: 0x0000008088a00000,0x0000008088b00000] [id=21112]

Threads with active compile tasks:
C2 CompilerThread0    16480 11838       4       org.apache.xerces.dom.ParentNode::nodeListGetLength (141 bytes)
C2 CompilerThread1    16480 11747 % !   4       com.android.ide.common.resources.DataMerger::mergeData @ 247 (611 bytes)
C2 CompilerThread2    16480 11887       4       com.android.utils.XmlUtils::toXmlTextValue (65 bytes)

VM state: at safepoint (normal execution)

VM Mutex/Monitor currently owned by a thread:  ([mutex/lock_event])
[0x000001c638134030] Threads_lock - owner thread: 0x000001c651f98630
[0x000001c638133df0] Heap_lock - owner thread: 0x000001c658be67f0

Heap address: 0x0000000080000000, size: 2048 MB, Compressed Oops mode: 32-bit

CDS archive(s) not mapped
Compressed class space mapped at: 0x0000000100000000-0x0000000140000000, reserved size: 1073741824
Narrow klass base: 0x0000000000000000, Narrow klass shift: 3, Narrow klass range: 0x140000000

GC Precious Log:
 CPUs: 8 total, 8 available
 Memory: 15963M
 Large Page Support: Disabled
 NUMA Support: Disabled
 Compressed Oops: Enabled (32-bit)
 Heap Region Size: 1M
 Heap Min Capacity: 8M
 Heap Initial Capacity: 250M
 Heap Max Capacity: 2G
 Pre-touch: Disabled
 Parallel Workers: 8
 Concurrent Workers: 2
 Concurrent Refinement Workers: 8
 Periodic GC: Disabled

Heap:
 garbage-first heap   total 204800K, used 124441K [0x0000000080000000, 0x0000000100000000)
  region size 1024K, 1 young (1024K), 1 survivors (1024K)
 Metaspace       used 93482K, committed 94144K, reserved 1138688K
  class space    used 12622K, committed 12928K, reserved 1048576K

Heap Regions: E=young(eden), S=young(survivor), O=old, HS=humongous(starts), HC=humongous(continues), CS=collection set, F=free, OA=open archive, CA=closed archive, TAMS=top-at-mark-start (previous, next)
|   0|0x0000000080000000, 0x0000000080100000, 0x0000000080100000|100%| O|  |TAMS 0x0000000080100000, 0x0000000080100000| Untracked 
|   1|0x0000000080100000, 0x0000000080200000, 0x0000000080200000|100%| O|  |TAMS 0x0000000080200000, 0x0000000080200000| Untracked 
|   2|0x0000000080200000, 0x0000000080300000, 0x0000000080300000|100%| O|  |TAMS 0x0000000080300000, 0x0000000080300000| Untracked 
|   3|0x0000000080300000, 0x0000000080400000, 0x0000000080400000|100%|HS|  |TAMS 0x0000000080400000, 0x0000000080400000| Complete 
|   4|0x0000000080400000, 0x0000000080500000, 0x0000000080500000|100%|HC|  |TAMS 0x0000000080500000, 0x0000000080500000| Complete 
|   5|0x0000000080500000, 0x0000000080600000, 0x0000000080600000|100%|HC|  |TAMS 0x0000000080600000, 0x0000000080600000| Complete 
|   6|0x0000000080600000, 0x0000000080700000, 0x0000000080700000|100%| O|  |TAMS 0x0000000080700000, 0x0000000080700000| Untracked 
|   7|0x0000000080700000, 0x0000000080800000, 0x0000000080800000|100%| O|  |TAMS 0x0000000080800000, 0x0000000080800000| Untracked 
|   8|0x0000000080800000, 0x0000000080900000, 0x0000000080900000|100%| O|  |TAMS 0x0000000080900000, 0x0000000080900000| Untracked 
|   9|0x0000000080900000, 0x0000000080a00000, 0x0000000080a00000|100%| O|  |TAMS 0x0000000080a00000, 0x0000000080a00000| Untracked 
|  10|0x0000000080a00000, 0x0000000080b00000, 0x0000000080b00000|100%| O|  |TAMS 0x0000000080b00000, 0x0000000080b00000| Untracked 
|  11|0x0000000080b00000, 0x0000000080c00000, 0x0000000080c00000|100%| O|  |TAMS 0x0000000080c00000, 0x0000000080c00000| Untracked 
|  12|0x0000000080c00000, 0x0000000080d00000, 0x0000000080d00000|100%| O|  |TAMS 0x0000000080d00000, 0x0000000080d00000| Untracked 
|  13|0x0000000080d00000, 0x0000000080e00000, 0x0000000080e00000|100%| O|  |TAMS 0x0000000080e00000, 0x0000000080e00000| Untracked 
|  14|0x0000000080e00000, 0x0000000080f00000, 0x0000000080f00000|100%| O|  |TAMS 0x0000000080f00000, 0x0000000080f00000| Untracked 
|  15|0x0000000080f00000, 0x0000000081000000, 0x0000000081000000|100%| O|  |TAMS 0x0000000081000000, 0x0000000081000000| Untracked 
|  16|0x0000000081000000, 0x0000000081100000, 0x0000000081100000|100%| O|  |TAMS 0x0000000081100000, 0x0000000081100000| Untracked 
|  17|0x0000000081100000, 0x0000000081200000, 0x0000000081200000|100%| O|  |TAMS 0x0000000081200000, 0x0000000081200000| Untracked 
|  18|0x0000000081200000, 0x0000000081300000, 0x0000000081300000|100%| O|  |TAMS 0x0000000081300000, 0x0000000081300000| Untracked 
|  19|0x0000000081300000, 0x0000000081400000, 0x0000000081400000|100%| O|  |TAMS 0x0000000081400000, 0x0000000081400000| Untracked 
|  20|0x0000000081400000, 0x0000000081500000, 0x0000000081500000|100%| O|  |TAMS 0x0000000081500000, 0x0000000081500000| Untracked 
|  21|0x0000000081500000, 0x0000000081600000, 0x0000000081600000|100%| O|  |TAMS 0x0000000081600000, 0x0000000081600000| Untracked 
|  22|0x0000000081600000, 0x0000000081700000, 0x0000000081700000|100%| O|  |TAMS 0x0000000081700000, 0x0000000081700000| Untracked 
|  23|0x0000000081700000, 0x0000000081800000, 0x0000000081800000|100%| O|  |TAMS 0x0000000081800000, 0x0000000081800000| Untracked 
|  24|0x0000000081800000, 0x0000000081900000, 0x0000000081900000|100%| O|  |TAMS 0x0000000081900000, 0x0000000081900000| Untracked 
|  25|0x0000000081900000, 0x0000000081a00000, 0x0000000081a00000|100%| O|  |TAMS 0x0000000081a00000, 0x0000000081a00000| Untracked 
|  26|0x0000000081a00000, 0x0000000081b00000, 0x0000000081b00000|100%| O|  |TAMS 0x0000000081b00000, 0x0000000081b00000| Untracked 
|  27|0x0000000081b00000, 0x0000000081c00000, 0x0000000081c00000|100%| O|  |TAMS 0x0000000081c00000, 0x0000000081c00000| Untracked 
|  28|0x0000000081c00000, 0x0000000081d00000, 0x0000000081d00000|100%| O|  |TAMS 0x0000000081d00000, 0x0000000081d00000| Untracked 
|  29|0x0000000081d00000, 0x0000000081e00000, 0x0000000081e00000|100%| O|  |TAMS 0x0000000081e00000, 0x0000000081e00000| Untracked 
|  30|0x0000000081e00000, 0x0000000081f00000, 0x0000000081f00000|100%| O|  |TAMS 0x0000000081f00000, 0x0000000081f00000| Untracked 
|  31|0x0000000081f00000, 0x0000000082000000, 0x0000000082000000|100%| O|  |TAMS 0x0000000082000000, 0x0000000082000000| Untracked 
|  32|0x0000000082000000, 0x0000000082100000, 0x0000000082100000|100%| O|  |TAMS 0x0000000082100000, 0x0000000082100000| Untracked 
|  33|0x0000000082100000, 0x0000000082200000, 0x0000000082200000|100%| O|  |TAMS 0x0000000082200000, 0x0000000082200000| Untracked 
|  34|0x0000000082200000, 0x0000000082300000, 0x0000000082300000|100%| O|  |TAMS 0x0000000082300000, 0x0000000082300000| Untracked 
|  35|0x0000000082300000, 0x0000000082400000, 0x0000000082400000|100%| O|  |TAMS 0x0000000082400000, 0x0000000082400000| Untracked 
|  36|0x0000000082400000, 0x0000000082500000, 0x0000000082500000|100%|HS|  |TAMS 0x0000000082500000, 0x0000000082500000| Complete 
|  37|0x0000000082500000, 0x0000000082600000, 0x0000000082600000|100%|HS|  |TAMS 0x0000000082600000, 0x0000000082600000| Complete 
|  38|0x0000000082600000, 0x0000000082700000, 0x0000000082700000|100%|HS|  |TAMS 0x0000000082700000, 0x0000000082700000| Complete 
|  39|0x0000000082700000, 0x0000000082800000, 0x0000000082800000|100%|HC|  |TAMS 0x0000000082800000, 0x0000000082800000| Complete 
|  40|0x0000000082800000, 0x0000000082900000, 0x0000000082900000|100%| O|  |TAMS 0x0000000082900000, 0x0000000082900000| Untracked 
|  41|0x0000000082900000, 0x0000000082a00000, 0x0000000082a00000|100%|HS|  |TAMS 0x0000000082a00000, 0x0000000082a00000| Complete 
|  42|0x0000000082a00000, 0x0000000082b00000, 0x0000000082b00000|100%|HC|  |TAMS 0x0000000082b00000, 0x0000000082b00000| Complete 
|  43|0x0000000082b00000, 0x0000000082c00000, 0x0000000082c00000|100%|HC|  |TAMS 0x0000000082c00000, 0x0000000082c00000| Complete 
|  44|0x0000000082c00000, 0x0000000082d00000, 0x0000000082d00000|100%|HC|  |TAMS 0x0000000082d00000, 0x0000000082d00000| Complete 
|  45|0x0000000082d00000, 0x0000000082e00000, 0x0000000082e00000|100%| O|  |TAMS 0x0000000082e00000, 0x0000000082e00000| Untracked 
|  46|0x0000000082e00000, 0x0000000082f00000, 0x0000000082f00000|100%| O|  |TAMS 0x0000000082f00000, 0x0000000082f00000| Untracked 
|  47|0x0000000082f00000, 0x0000000083000000, 0x0000000083000000|100%| O|  |TAMS 0x0000000083000000, 0x0000000083000000| Untracked 
|  48|0x0000000083000000, 0x0000000083100000, 0x0000000083100000|100%| O|  |TAMS 0x0000000083100000, 0x0000000083100000| Untracked 
|  49|0x0000000083100000, 0x0000000083200000, 0x0000000083200000|100%| O|  |TAMS 0x0000000083200000, 0x0000000083200000| Untracked 
|  50|0x0000000083200000, 0x0000000083300000, 0x0000000083300000|100%| O|  |TAMS 0x0000000083300000, 0x0000000083300000| Untracked 
|  51|0x0000000083300000, 0x0000000083400000, 0x0000000083400000|100%| O|  |TAMS 0x0000000083400000, 0x0000000083400000| Untracked 
|  52|0x0000000083400000, 0x0000000083500000, 0x0000000083500000|100%| O|  |TAMS 0x0000000083500000, 0x0000000083500000| Untracked 
|  53|0x0000000083500000, 0x0000000083600000, 0x0000000083600000|100%| O|  |TAMS 0x0000000083600000, 0x0000000083600000| Untracked 
|  54|0x0000000083600000, 0x0000000083700000, 0x0000000083700000|100%| O|  |TAMS 0x0000000083700000, 0x0000000083700000| Untracked 
|  55|0x0000000083700000, 0x0000000083800000, 0x0000000083800000|100%| O|  |TAMS 0x0000000083800000, 0x0000000083800000| Untracked 
|  56|0x0000000083800000, 0x0000000083900000, 0x0000000083900000|100%| O|  |TAMS 0x0000000083900000, 0x0000000083900000| Untracked 
|  57|0x0000000083900000, 0x0000000083a00000, 0x0000000083a00000|100%| O|  |TAMS 0x0000000083a00000, 0x0000000083a00000| Untracked 
|  58|0x0000000083a00000, 0x0000000083b00000, 0x0000000083b00000|100%| O|  |TAMS 0x0000000083b00000, 0x0000000083b00000| Untracked 
|  59|0x0000000083b00000, 0x0000000083c00000, 0x0000000083c00000|100%| O|  |TAMS 0x0000000083c00000, 0x0000000083c00000| Untracked 
|  60|0x0000000083c00000, 0x0000000083d00000, 0x0000000083d00000|100%| O|  |TAMS 0x0000000083d00000, 0x0000000083d00000| Untracked 
|  61|0x0000000083d00000, 0x0000000083e00000, 0x0000000083e00000|100%| O|  |TAMS 0x0000000083e00000, 0x0000000083e00000| Untracked 
|  62|0x0000000083e00000, 0x0000000083f00000, 0x0000000083f00000|100%| O|  |TAMS 0x0000000083f00000, 0x0000000083f00000| Untracked 
|  63|0x0000000083f00000, 0x0000000084000000, 0x0000000084000000|100%| O|  |TAMS 0x0000000084000000, 0x0000000084000000| Untracked 
|  64|0x0000000084000000, 0x0000000084100000, 0x0000000084100000|100%| O|  |TAMS 0x0000000084100000, 0x0000000084100000| Untracked 
|  65|0x0000000084100000, 0x0000000084200000, 0x0000000084200000|100%| O|  |TAMS 0x0000000084200000, 0x0000000084200000| Untracked 
|  66|0x0000000084200000, 0x0000000084300000, 0x0000000084300000|100%| O|  |TAMS 0x0000000084300000, 0x0000000084300000| Untracked 
|  67|0x0000000084300000, 0x0000000084400000, 0x0000000084400000|100%| O|  |TAMS 0x0000000084400000, 0x0000000084400000| Untracked 
|  68|0x0000000084400000, 0x0000000084500000, 0x0000000084500000|100%| O|  |TAMS 0x0000000084500000, 0x0000000084500000| Untracked 
|  69|0x0000000084500000, 0x0000000084600000, 0x0000000084600000|100%| O|  |TAMS 0x0000000084600000, 0x0000000084600000| Untracked 
|  70|0x0000000084600000, 0x0000000084700000, 0x0000000084700000|100%| O|  |TAMS 0x0000000084700000, 0x0000000084700000| Untracked 
|  71|0x0000000084700000, 0x0000000084800000, 0x0000000084800000|100%| O|  |TAMS 0x0000000084800000, 0x0000000084800000| Untracked 
|  72|0x0000000084800000, 0x0000000084900000, 0x0000000084900000|100%| O|  |TAMS 0x0000000084900000, 0x0000000084900000| Untracked 
|  73|0x0000000084900000, 0x0000000084a00000, 0x0000000084a00000|100%| O|  |TAMS 0x0000000084a00000, 0x0000000084a00000| Untracked 
|  74|0x0000000084a00000, 0x0000000084b00000, 0x0000000084b00000|100%| O|  |TAMS 0x0000000084b00000, 0x0000000084b00000| Untracked 
|  75|0x0000000084b00000, 0x0000000084c00000, 0x0000000084c00000|100%| O|  |TAMS 0x0000000084c00000, 0x0000000084c00000| Untracked 
|  76|0x0000000084c00000, 0x0000000084d00000, 0x0000000084d00000|100%| O|  |TAMS 0x0000000084d00000, 0x0000000084d00000| Untracked 
|  77|0x0000000084d00000, 0x0000000084e00000, 0x0000000084e00000|100%| O|  |TAMS 0x0000000084e00000, 0x0000000084e00000| Untracked 
|  78|0x0000000084e00000, 0x0000000084f00000, 0x0000000084f00000|100%| O|  |TAMS 0x0000000084f00000, 0x0000000084f00000| Untracked 
|  79|0x0000000084f00000, 0x0000000085000000, 0x0000000085000000|100%| O|  |TAMS 0x0000000085000000, 0x0000000085000000| Untracked 
|  80|0x0000000085000000, 0x0000000085100000, 0x0000000085100000|100%| O|  |TAMS 0x0000000085100000, 0x0000000085100000| Untracked 
|  81|0x0000000085100000, 0x0000000085200000, 0x0000000085200000|100%| O|  |TAMS 0x0000000085200000, 0x0000000085200000| Untracked 
|  82|0x0000000085200000, 0x0000000085300000, 0x0000000085300000|100%| O|  |TAMS 0x0000000085300000, 0x0000000085300000| Untracked 
|  83|0x0000000085300000, 0x0000000085400000, 0x0000000085400000|100%| O|  |TAMS 0x0000000085400000, 0x0000000085400000| Untracked 
|  84|0x0000000085400000, 0x0000000085500000, 0x0000000085500000|100%| O|  |TAMS 0x0000000085500000, 0x0000000085500000| Untracked 
|  85|0x0000000085500000, 0x0000000085600000, 0x0000000085600000|100%| O|  |TAMS 0x0000000085600000, 0x0000000085600000| Untracked 
|  86|0x0000000085600000, 0x0000000085600000, 0x0000000085700000|  0%| F|  |TAMS 0x0000000085600000, 0x0000000085600000| Untracked 
|  87|0x0000000085700000, 0x0000000085800000, 0x0000000085800000|100%| O|  |TAMS 0x0000000085800000, 0x0000000085800000| Untracked 
|  88|0x0000000085800000, 0x0000000085900000, 0x0000000085900000|100%| O|  |TAMS 0x0000000085900000, 0x0000000085900000| Untracked 
|  89|0x0000000085900000, 0x0000000085a00000, 0x0000000085a00000|100%| O|  |TAMS 0x0000000085a00000, 0x0000000085a00000| Untracked 
|  90|0x0000000085a00000, 0x0000000085b00000, 0x0000000085b00000|100%| O|  |TAMS 0x0000000085b00000, 0x0000000085b00000| Untracked 
|  91|0x0000000085b00000, 0x0000000085c00000, 0x0000000085c00000|100%| O|  |TAMS 0x0000000085c00000, 0x0000000085c00000| Untracked 
|  92|0x0000000085c00000, 0x0000000085d00000, 0x0000000085d00000|100%| O|  |TAMS 0x0000000085d00000, 0x0000000085d00000| Untracked 
|  93|0x0000000085d00000, 0x0000000085e00000, 0x0000000085e00000|100%| O|  |TAMS 0x0000000085dc2000, 0x0000000085e00000| Untracked 
|  94|0x0000000085e00000, 0x0000000085f00000, 0x0000000085f00000|100%| O|  |TAMS 0x0000000085e00000, 0x0000000085f00000| Untracked 
|  95|0x0000000085f00000, 0x0000000086000000, 0x0000000086000000|100%| O|  |TAMS 0x0000000085f00000, 0x0000000086000000| Untracked 
|  96|0x0000000086000000, 0x0000000086100000, 0x0000000086100000|100%| O|  |TAMS 0x0000000086000000, 0x0000000086100000| Untracked 
|  97|0x0000000086100000, 0x0000000086200000, 0x0000000086200000|100%| O|  |TAMS 0x0000000086100000, 0x0000000086200000| Untracked 
|  98|0x0000000086200000, 0x0000000086300000, 0x0000000086300000|100%| O|  |TAMS 0x0000000086200000, 0x0000000086300000| Untracked 
|  99|0x0000000086300000, 0x0000000086400000, 0x0000000086400000|100%| O|  |TAMS 0x0000000086300000, 0x0000000086400000| Untracked 
| 100|0x0000000086400000, 0x0000000086500000, 0x0000000086500000|100%| O|  |TAMS 0x0000000086400000, 0x0000000086500000| Untracked 
| 101|0x0000000086500000, 0x0000000086600000, 0x0000000086600000|100%| O|  |TAMS 0x0000000086500000, 0x0000000086600000| Untracked 
| 102|0x0000000086600000, 0x0000000086700000, 0x0000000086700000|100%| O|  |TAMS 0x0000000086600000, 0x0000000086700000| Untracked 
| 103|0x0000000086700000, 0x0000000086800000, 0x0000000086800000|100%|HS|  |TAMS 0x0000000086700000, 0x0000000086800000| Complete 
| 104|0x0000000086800000, 0x0000000086900000, 0x0000000086900000|100%|HS|  |TAMS 0x0000000086800000, 0x0000000086900000| Complete 
| 105|0x0000000086900000, 0x0000000086a00000, 0x0000000086a00000|100%|HS|  |TAMS 0x0000000086900000, 0x0000000086a00000| Complete 
| 106|0x0000000086a00000, 0x0000000086b00000, 0x0000000086b00000|100%| O|  |TAMS 0x0000000086a00000, 0x0000000086b00000| Untracked 
| 107|0x0000000086b00000, 0x0000000086c00000, 0x0000000086c00000|100%| O|  |TAMS 0x0000000086b00000, 0x0000000086c00000| Untracked 
| 108|0x0000000086c00000, 0x0000000086d00000, 0x0000000086d00000|100%| O|  |TAMS 0x0000000086c00000, 0x0000000086d00000| Untracked 
| 109|0x0000000086d00000, 0x0000000086e00000, 0x0000000086e00000|100%| O|  |TAMS 0x0000000086d00000, 0x0000000086e00000| Untracked 
| 110|0x0000000086e00000, 0x0000000086f00000, 0x0000000086f00000|100%| O|  |TAMS 0x0000000086e00000, 0x0000000086f00000| Untracked 
| 111|0x0000000086f00000, 0x0000000087000000, 0x0000000087000000|100%| O|  |TAMS 0x0000000086f00000, 0x0000000087000000| Untracked 
| 112|0x0000000087000000, 0x0000000087100000, 0x0000000087100000|100%| O|  |TAMS 0x0000000087000000, 0x0000000087100000| Untracked 
| 113|0x0000000087100000, 0x0000000087200000, 0x0000000087200000|100%| O|  |TAMS 0x0000000087100000, 0x0000000087200000| Untracked 
| 114|0x0000000087200000, 0x0000000087300000, 0x0000000087300000|100%| O|  |TAMS 0x0000000087200000, 0x0000000087300000| Untracked 
| 115|0x0000000087300000, 0x0000000087400000, 0x0000000087400000|100%| O|  |TAMS 0x0000000087300000, 0x0000000087400000| Untracked 
| 116|0x0000000087400000, 0x0000000087500000, 0x0000000087500000|100%| O|  |TAMS 0x0000000087400000, 0x0000000087500000| Untracked 
| 117|0x0000000087500000, 0x0000000087600000, 0x0000000087600000|100%| O|  |TAMS 0x0000000087500000, 0x0000000087600000| Untracked 
| 118|0x0000000087600000, 0x0000000087700000, 0x0000000087700000|100%| O|  |TAMS 0x0000000087600000, 0x0000000087700000| Untracked 
| 119|0x0000000087700000, 0x0000000087800000, 0x0000000087800000|100%| O|  |TAMS 0x0000000087700000, 0x0000000087800000| Untracked 
| 120|0x0000000087800000, 0x0000000087900000, 0x0000000087900000|100%| O|  |TAMS 0x0000000087800000, 0x0000000087900000| Untracked 
| 121|0x0000000087900000, 0x0000000087991600, 0x0000000087a00000| 56%| O|  |TAMS 0x0000000087900000, 0x0000000087991600| Untracked 
| 122|0x0000000087a00000, 0x0000000087a00000, 0x0000000087b00000|  0%| F|  |TAMS 0x0000000087a00000, 0x0000000087a00000| Untracked 
| 123|0x0000000087b00000, 0x0000000087b00000, 0x0000000087c00000|  0%| F|  |TAMS 0x0000000087b00000, 0x0000000087b00000| Untracked 
| 124|0x0000000087c00000, 0x0000000087c00000, 0x0000000087d00000|  0%| F|  |TAMS 0x0000000087c00000, 0x0000000087c00000| Untracked 
| 125|0x0000000087d00000, 0x0000000087d00000, 0x0000000087e00000|  0%| F|  |TAMS 0x0000000087d00000, 0x0000000087d00000| Untracked 
| 126|0x0000000087e00000, 0x0000000087e00000, 0x0000000087f00000|  0%| F|  |TAMS 0x0000000087e00000, 0x0000000087e00000| Untracked 
| 127|0x0000000087f00000, 0x0000000087f00000, 0x0000000088000000|  0%| F|  |TAMS 0x0000000087f00000, 0x0000000087f00000| Untracked 
| 128|0x0000000088000000, 0x0000000088000000, 0x0000000088100000|  0%| F|  |TAMS 0x0000000088000000, 0x0000000088000000| Untracked 
| 129|0x0000000088100000, 0x0000000088100000, 0x0000000088200000|  0%| F|  |TAMS 0x0000000088100000, 0x0000000088100000| Untracked 
| 130|0x0000000088200000, 0x0000000088200000, 0x0000000088300000|  0%| F|  |TAMS 0x0000000088200000, 0x0000000088200000| Untracked 
| 131|0x0000000088300000, 0x0000000088300000, 0x0000000088400000|  0%| F|  |TAMS 0x0000000088300000, 0x0000000088300000| Untracked 
| 132|0x0000000088400000, 0x0000000088400000, 0x0000000088500000|  0%| F|  |TAMS 0x0000000088400000, 0x0000000088400000| Untracked 
| 133|0x0000000088500000, 0x0000000088500000, 0x0000000088600000|  0%| F|  |TAMS 0x0000000088500000, 0x0000000088500000| Untracked 
| 134|0x0000000088600000, 0x0000000088600000, 0x0000000088700000|  0%| F|  |TAMS 0x0000000088600000, 0x0000000088600000| Untracked 
| 135|0x0000000088700000, 0x0000000088700000, 0x0000000088800000|  0%| F|  |TAMS 0x0000000088700000, 0x0000000088700000| Untracked 
| 136|0x0000000088800000, 0x0000000088800000, 0x0000000088900000|  0%| F|  |TAMS 0x0000000088800000, 0x0000000088800000| Untracked 
| 137|0x0000000088900000, 0x0000000088900000, 0x0000000088a00000|  0%| F|  |TAMS 0x0000000088900000, 0x0000000088900000| Untracked 
| 138|0x0000000088a00000, 0x0000000088a00000, 0x0000000088b00000|  0%| F|  |TAMS 0x0000000088a00000, 0x0000000088a00000| Untracked 
| 139|0x0000000088b00000, 0x0000000088b00000, 0x0000000088c00000|  0%| F|  |TAMS 0x0000000088b00000, 0x0000000088b00000| Untracked 
| 140|0x0000000088c00000, 0x0000000088c00000, 0x0000000088d00000|  0%| F|  |TAMS 0x0000000088c00000, 0x0000000088c00000| Untracked 
| 141|0x0000000088d00000, 0x0000000088d00000, 0x0000000088e00000|  0%| F|  |TAMS 0x0000000088d00000, 0x0000000088d00000| Untracked 
| 142|0x0000000088e00000, 0x0000000088e00000, 0x0000000088f00000|  0%| F|  |TAMS 0x0000000088e00000, 0x0000000088e00000| Untracked 
| 143|0x0000000088f00000, 0x0000000088f00000, 0x0000000089000000|  0%| F|  |TAMS 0x0000000088f00000, 0x0000000088f00000| Untracked 
| 144|0x0000000089000000, 0x0000000089000000, 0x0000000089100000|  0%| F|  |TAMS 0x0000000089000000, 0x0000000089000000| Untracked 
| 145|0x0000000089100000, 0x0000000089100000, 0x0000000089200000|  0%| F|  |TAMS 0x0000000089100000, 0x0000000089100000| Untracked 
| 146|0x0000000089200000, 0x0000000089200000, 0x0000000089300000|  0%| F|  |TAMS 0x0000000089200000, 0x0000000089200000| Untracked 
| 147|0x0000000089300000, 0x0000000089300000, 0x0000000089400000|  0%| F|  |TAMS 0x0000000089300000, 0x0000000089300000| Untracked 
| 148|0x0000000089400000, 0x0000000089400000, 0x0000000089500000|  0%| F|  |TAMS 0x0000000089400000, 0x0000000089400000| Untracked 
| 149|0x0000000089500000, 0x0000000089500000, 0x0000000089600000|  0%| F|  |TAMS 0x0000000089500000, 0x0000000089500000| Untracked 
| 150|0x0000000089600000, 0x0000000089600000, 0x0000000089700000|  0%| F|  |TAMS 0x0000000089600000, 0x0000000089600000| Untracked 
| 151|0x0000000089700000, 0x0000000089700000, 0x0000000089800000|  0%| F|  |TAMS 0x0000000089700000, 0x0000000089700000| Untracked 
| 152|0x0000000089800000, 0x0000000089800000, 0x0000000089900000|  0%| F|  |TAMS 0x0000000089800000, 0x0000000089800000| Untracked 
| 153|0x0000000089900000, 0x0000000089900000, 0x0000000089a00000|  0%| F|  |TAMS 0x0000000089900000, 0x0000000089900000| Untracked 
| 154|0x0000000089a00000, 0x0000000089a00000, 0x0000000089b00000|  0%| F|  |TAMS 0x0000000089a00000, 0x0000000089a00000| Untracked 
| 155|0x0000000089b00000, 0x0000000089b00000, 0x0000000089c00000|  0%| F|  |TAMS 0x0000000089b00000, 0x0000000089b00000| Untracked 
| 156|0x0000000089c00000, 0x0000000089c00000, 0x0000000089d00000|  0%| F|  |TAMS 0x0000000089c00000, 0x0000000089c00000| Untracked 
| 157|0x0000000089d00000, 0x0000000089d00000, 0x0000000089e00000|  0%| F|  |TAMS 0x0000000089d00000, 0x0000000089d00000| Untracked 
| 158|0x0000000089e00000, 0x0000000089e00000, 0x0000000089f00000|  0%| F|  |TAMS 0x0000000089e00000, 0x0000000089e00000| Untracked 
| 159|0x0000000089f00000, 0x0000000089f00000, 0x000000008a000000|  0%| F|  |TAMS 0x0000000089f00000, 0x0000000089f00000| Untracked 
| 160|0x000000008a000000, 0x000000008a000000, 0x000000008a100000|  0%| F|  |TAMS 0x000000008a000000, 0x000000008a000000| Untracked 
| 161|0x000000008a100000, 0x000000008a100000, 0x000000008a200000|  0%| F|  |TAMS 0x000000008a100000, 0x000000008a100000| Untracked 
| 162|0x000000008a200000, 0x000000008a200000, 0x000000008a300000|  0%| F|  |TAMS 0x000000008a200000, 0x000000008a200000| Untracked 
| 163|0x000000008a300000, 0x000000008a300000, 0x000000008a400000|  0%| F|  |TAMS 0x000000008a300000, 0x000000008a300000| Untracked 
| 164|0x000000008a400000, 0x000000008a400000, 0x000000008a500000|  0%| F|  |TAMS 0x000000008a400000, 0x000000008a400000| Untracked 
| 165|0x000000008a500000, 0x000000008a500000, 0x000000008a600000|  0%| F|  |TAMS 0x000000008a500000, 0x000000008a500000| Untracked 
| 166|0x000000008a600000, 0x000000008a600000, 0x000000008a700000|  0%| F|  |TAMS 0x000000008a600000, 0x000000008a600000| Untracked 
| 167|0x000000008a700000, 0x000000008a700000, 0x000000008a800000|  0%| F|  |TAMS 0x000000008a700000, 0x000000008a700000| Untracked 
| 168|0x000000008a800000, 0x000000008a800000, 0x000000008a900000|  0%| F|  |TAMS 0x000000008a800000, 0x000000008a800000| Untracked 
| 169|0x000000008a900000, 0x000000008a900000, 0x000000008aa00000|  0%| F|  |TAMS 0x000000008a900000, 0x000000008a900000| Untracked 
| 170|0x000000008aa00000, 0x000000008aa00000, 0x000000008ab00000|  0%| F|  |TAMS 0x000000008aa00000, 0x000000008aa00000| Untracked 
| 171|0x000000008ab00000, 0x000000008ab00000, 0x000000008ac00000|  0%| F|  |TAMS 0x000000008ab00000, 0x000000008ab00000| Untracked 
| 172|0x000000008ac00000, 0x000000008ac00000, 0x000000008ad00000|  0%| F|  |TAMS 0x000000008ac00000, 0x000000008ac00000| Untracked 
| 173|0x000000008ad00000, 0x000000008ad00000, 0x000000008ae00000|  0%| F|  |TAMS 0x000000008ad00000, 0x000000008ad00000| Untracked 
| 174|0x000000008ae00000, 0x000000008ae00000, 0x000000008af00000|  0%| F|  |TAMS 0x000000008ae00000, 0x000000008ae00000| Untracked 
| 175|0x000000008af00000, 0x000000008af00000, 0x000000008b000000|  0%| F|  |TAMS 0x000000008af00000, 0x000000008af00000| Untracked 
| 176|0x000000008b000000, 0x000000008b000000, 0x000000008b100000|  0%| F|  |TAMS 0x000000008b000000, 0x000000008b000000| Untracked 
| 177|0x000000008b100000, 0x000000008b100000, 0x000000008b200000|  0%| F|  |TAMS 0x000000008b100000, 0x000000008b100000| Untracked 
| 178|0x000000008b200000, 0x000000008b200000, 0x000000008b300000|  0%| F|  |TAMS 0x000000008b200000, 0x000000008b200000| Untracked 
| 179|0x000000008b300000, 0x000000008b300000, 0x000000008b400000|  0%| F|  |TAMS 0x000000008b300000, 0x000000008b300000| Untracked 
| 180|0x000000008b400000, 0x000000008b400000, 0x000000008b500000|  0%| F|  |TAMS 0x000000008b400000, 0x000000008b400000| Untracked 
| 181|0x000000008b500000, 0x000000008b500000, 0x000000008b600000|  0%| F|  |TAMS 0x000000008b500000, 0x000000008b500000| Untracked 
| 182|0x000000008b600000, 0x000000008b600000, 0x000000008b700000|  0%| F|  |TAMS 0x000000008b600000, 0x000000008b600000| Untracked 
| 183|0x000000008b700000, 0x000000008b700000, 0x000000008b800000|  0%| F|  |TAMS 0x000000008b700000, 0x000000008b700000| Untracked 
| 184|0x000000008b800000, 0x000000008b800000, 0x000000008b900000|  0%| F|  |TAMS 0x000000008b800000, 0x000000008b800000| Untracked 
| 185|0x000000008b900000, 0x000000008b900000, 0x000000008ba00000|  0%| F|  |TAMS 0x000000008b900000, 0x000000008b900000| Untracked 
| 186|0x000000008ba00000, 0x000000008ba00000, 0x000000008bb00000|  0%| F|  |TAMS 0x000000008ba00000, 0x000000008ba00000| Untracked 
| 187|0x000000008bb00000, 0x000000008bb00000, 0x000000008bc00000|  0%| F|  |TAMS 0x000000008bb00000, 0x000000008bb00000| Untracked 
| 188|0x000000008bc00000, 0x000000008bc00000, 0x000000008bd00000|  0%| F|  |TAMS 0x000000008bc00000, 0x000000008bc00000| Untracked 
| 189|0x000000008bd00000, 0x000000008bd00000, 0x000000008be00000|  0%| F|  |TAMS 0x000000008bd00000, 0x000000008bd00000| Untracked 
| 190|0x000000008be00000, 0x000000008be00000, 0x000000008bf00000|  0%| F|  |TAMS 0x000000008be00000, 0x000000008be00000| Untracked 
| 191|0x000000008bf00000, 0x000000008bf00000, 0x000000008c000000|  0%| F|  |TAMS 0x000000008bf00000, 0x000000008bf00000| Untracked 
| 192|0x000000008c000000, 0x000000008c000000, 0x000000008c100000|  0%| F|  |TAMS 0x000000008c000000, 0x000000008c000000| Untracked 
| 193|0x000000008c100000, 0x000000008c100000, 0x000000008c200000|  0%| F|  |TAMS 0x000000008c100000, 0x000000008c100000| Untracked 
| 194|0x000000008c200000, 0x000000008c200000, 0x000000008c300000|  0%| F|  |TAMS 0x000000008c200000, 0x000000008c200000| Untracked 
| 195|0x000000008c300000, 0x000000008c300000, 0x000000008c400000|  0%| F|  |TAMS 0x000000008c300000, 0x000000008c300000| Untracked 
| 196|0x000000008c400000, 0x000000008c400000, 0x000000008c500000|  0%| F|  |TAMS 0x000000008c400000, 0x000000008c400000| Untracked 
| 197|0x000000008c500000, 0x000000008c500000, 0x000000008c600000|  0%| F|  |TAMS 0x000000008c500000, 0x000000008c500000| Untracked 
| 198|0x000000008c600000, 0x000000008c6f5030, 0x000000008c700000| 95%| S|CS|TAMS 0x000000008c600000, 0x000000008c600000| Complete 
| 249|0x000000008f900000, 0x000000008f900000, 0x000000008fa00000|  0%| F|  |TAMS 0x000000008f900000, 0x000000008f900000| Untracked 

Card table byte_map: [0x000001c64ad40000,0x000001c64b140000] _byte_map_base: 0x000001c64a940000

Marking Bits (Prev, Next): (CMBitMap*) 0x000001c6381956f0, (CMBitMap*) 0x000001c6381956b0
 Prev Bits: [0x000001c64d540000, 0x000001c64f540000)
 Next Bits: [0x000001c64b540000, 0x000001c64d540000)

Polling page: 0x000001c637900000

Metaspace:

Usage:
  Non-class:     78.97 MB used.
      Class:     12.33 MB used.
       Both:     91.29 MB used.

Virtual space:
  Non-class space:       88.00 MB reserved,      79.31 MB ( 90%) committed,  11 nodes.
      Class space:        1.00 GB reserved,      12.62 MB (  1%) committed,  1 nodes.
             Both:        1.09 GB reserved,      91.94 MB (  8%) committed. 

Chunk freelists:
   Non-Class:  3.77 MB
       Class:  3.31 MB
        Both:  7.08 MB

MaxMetaspaceSize: unlimited
CompressedClassSpaceSize: 1.00 GB
Initial GC threshold: 21.00 MB
Current GC threshold: 152.50 MB
CDS: off
MetaspaceReclaimPolicy: balanced
 - commit_granule_bytes: 65536.
 - commit_granule_words: 8192.
 - virtual_space_node_default_size: 1048576.
 - enlarge_chunks_in_place: 1.
 - new_chunks_are_fully_committed: 0.
 - uncommit_free_chunks: 1.
 - use_allocation_guard: 0.
 - handle_deallocations: 1.


Internal statistics:

num_allocs_failed_limit: 6.
num_arena_births: 882.
num_arena_deaths: 14.
num_vsnodes_births: 12.
num_vsnodes_deaths: 0.
num_space_committed: 1471.
num_space_uncommitted: 0.
num_chunks_returned_to_freelist: 26.
num_chunks_taken_from_freelist: 4319.
num_chunk_merges: 12.
num_chunk_splits: 2829.
num_chunks_enlarged: 1894.
num_purges: 2.
num_inconsistent_stats: 0.

CodeHeap 'non-profiled nmethods': size=120000Kb used=6826Kb max_used=6826Kb free=113173Kb
 bounds [0x000001c6430d0000, 0x000001c643780000, 0x000001c64a600000]
CodeHeap 'profiled nmethods': size=120000Kb used=20034Kb max_used=20034Kb free=99965Kb
 bounds [0x000001c63b600000, 0x000001c63c9a0000, 0x000001c642b30000]
CodeHeap 'non-nmethods': size=5760Kb used=2397Kb max_used=2479Kb free=3362Kb
 bounds [0x000001c642b30000, 0x000001c642db0000, 0x000001c6430d0000]
 total_blobs=11205 nmethods=10288 adapters=828
 compilation: enabled
              stopped_count=0, restarted_count=0
 full_count=0

Compilation events (20 events):
Event: 16.419 Thread 0x000001c652885380 11871       2       com.android.utils.PositionXmlParser$Position::toSourcePosition (69 bytes)
Event: 16.419 Thread 0x000001c652885380 nmethod 11871 0x000001c63c985110 code [0x000001c63c9852c0, 0x000001c63c9854a8]
Event: 16.419 Thread 0x000001c652885380 11879       3       com.android.utils.XmlUtils::toXmlTextValue (65 bytes)
Event: 16.420 Thread 0x000001c652885380 nmethod 11879 0x000001c63c985590 code [0x000001c63c985860, 0x000001c63c986658]
Event: 16.420 Thread 0x000001c652885380 11880 %     3       com.google.common.base.CharMatcher::countIn @ 4 (39 bytes)
Event: 16.420 Thread 0x000001c652885380 nmethod 11880% 0x000001c63c986c90 code [0x000001c63c986e60, 0x000001c63c987348]
Event: 16.420 Thread 0x000001c652885380 11875       2       com.android.ide.common.blame.SourcePosition::hashCode (69 bytes)
Event: 16.422 Thread 0x000001c652885380 nmethod 11875 0x000001c63c987490 code [0x000001c63c9876a0, 0x000001c63c988048]
Event: 16.426 Thread 0x000001c652885380 11882       3       com.google.common.base.CharMatcher::countIn (39 bytes)
Event: 16.427 Thread 0x000001c652885380 nmethod 11882 0x000001c63c988410 code [0x000001c63c9885e0, 0x000001c63c988a48]
Event: 16.430 Thread 0x000001c6528822d0 nmethod 11877 0x000001c643777790 code [0x000001c643777940, 0x000001c6437782a8]
Event: 16.430 Thread 0x000001c6528822d0 11884       4       com.android.utils.XmlUtils::toXmlAttributeValue (89 bytes)
Event: 16.433 Thread 0x000001c652885380 11886 %     3       com.android.utils.XmlUtils::append @ 348 (597 bytes)
Event: 16.434 Thread 0x000001c65bef1ed0 nmethod 11786 0x000001c643778690 code [0x000001c6437788e0, 0x000001c6437798e0]
Event: 16.434 Thread 0x000001c65bef1ed0 11887       4       com.android.utils.XmlUtils::toXmlTextValue (65 bytes)
Event: 16.437 Thread 0x000001c652885380 nmethod 11886% 0x000001c63c988b90 code [0x000001c63c9891c0, 0x000001c63c98c548]
Event: 16.438 Thread 0x000001c652885380 11889       3       com.android.utils.XmlUtils::append (597 bytes)
Event: 16.439 Thread 0x000001c6528822d0 nmethod 11884 0x000001c64377a210 code [0x000001c64377a3a0, 0x000001c64377a898]
Event: 16.439 Thread 0x000001c6528822d0 11838       4       org.apache.xerces.dom.ParentNode::nodeListGetLength (141 bytes)
Event: 16.448 Thread 0x000001c652885380 nmethod 11889 0x000001c63c98d810 code [0x000001c63c98de40, 0x000001c63c990da8]

GC Heap History (20 events):
Event: 10.102 GC heap after
{Heap after GC invocations=32 (full 0):
 garbage-first heap   total 117760K, used 66309K [0x0000000080000000, 0x0000000100000000)
  region size 1024K, 5 young (5120K), 5 survivors (5120K)
 Metaspace       used 71461K, committed 72000K, reserved 1114112K
  class space    used 9458K, committed 9728K, reserved 1048576K
}
Event: 10.120 GC heap before
{Heap before GC invocations=32 (full 0):
 garbage-first heap   total 117760K, used 67333K [0x0000000080000000, 0x0000000100000000)
  region size 1024K, 6 young (6144K), 5 survivors (5120K)
 Metaspace       used 71592K, committed 72128K, reserved 1114112K
  class space    used 9489K, committed 9728K, reserved 1048576K
}
Event: 10.126 GC heap after
{Heap after GC invocations=33 (full 0):
 garbage-first heap   total 197632K, used 66433K [0x0000000080000000, 0x0000000100000000)
  region size 1024K, 1 young (1024K), 1 survivors (1024K)
 Metaspace       used 71592K, committed 72128K, reserved 1114112K
  class space    used 9489K, committed 9728K, reserved 1048576K
}
Event: 11.379 GC heap before
{Heap before GC invocations=33 (full 0):
 garbage-first heap   total 197632K, used 142209K [0x0000000080000000, 0x0000000100000000)
  region size 1024K, 75 young (76800K), 1 survivors (1024K)
 Metaspace       used 79846K, committed 80448K, reserved 1122304K
  class space    used 10837K, committed 11072K, reserved 1048576K
}
Event: 11.390 GC heap after
{Heap after GC invocations=34 (full 0):
 garbage-first heap   total 197632K, used 70536K [0x0000000080000000, 0x0000000100000000)
  region size 1024K, 5 young (5120K), 5 survivors (5120K)
 Metaspace       used 79846K, committed 80448K, reserved 1122304K
  class space    used 10837K, committed 11072K, reserved 1048576K
}
Event: 12.410 GC heap before
{Heap before GC invocations=34 (full 0):
 garbage-first heap   total 197632K, used 150408K [0x0000000080000000, 0x0000000100000000)
  region size 1024K, 83 young (84992K), 5 survivors (5120K)
 Metaspace       used 85201K, committed 85824K, reserved 1130496K
  class space    used 11549K, committed 11840K, reserved 1048576K
}
Event: 12.423 GC heap after
{Heap after GC invocations=35 (full 0):
 garbage-first heap   total 197632K, used 79199K [0x0000000080000000, 0x0000000100000000)
  region size 1024K, 11 young (11264K), 11 survivors (11264K)
 Metaspace       used 85201K, committed 85824K, reserved 1130496K
  class space    used 11549K, committed 11840K, reserved 1048576K
}
Event: 13.731 GC heap before
{Heap before GC invocations=35 (full 0):
 garbage-first heap   total 197632K, used 150879K [0x0000000080000000, 0x0000000100000000)
  region size 1024K, 82 young (83968K), 11 survivors (11264K)
 Metaspace       used 89557K, committed 90176K, reserved 1130496K
  class space    used 12219K, committed 12480K, reserved 1048576K
}
Event: 13.748 GC heap after
{Heap after GC invocations=36 (full 0):
 garbage-first heap   total 197632K, used 87693K [0x0000000080000000, 0x0000000100000000)
  region size 1024K, 9 young (9216K), 9 survivors (9216K)
 Metaspace       used 89557K, committed 90176K, reserved 1130496K
  class space    used 12219K, committed 12480K, reserved 1048576K
}
Event: 14.236 GC heap before
{Heap before GC invocations=36 (full 0):
 garbage-first heap   total 197632K, used 153229K [0x0000000080000000, 0x0000000100000000)
  region size 1024K, 73 young (74752K), 9 survivors (9216K)
 Metaspace       used 90102K, committed 90816K, reserved 1130496K
  class space    used 12266K, committed 12608K, reserved 1048576K
}
Event: 14.247 GC heap after
{Heap after GC invocations=37 (full 0):
 garbage-first heap   total 197632K, used 92811K [0x0000000080000000, 0x0000000100000000)
  region size 1024K, 5 young (5120K), 5 survivors (5120K)
 Metaspace       used 90102K, committed 90816K, reserved 1130496K
  class space    used 12266K, committed 12608K, reserved 1048576K
}
Event: 15.478 GC heap before
{Heap before GC invocations=37 (full 0):
 garbage-first heap   total 197632K, used 156299K [0x0000000080000000, 0x0000000100000000)
  region size 1024K, 68 young (69632K), 5 survivors (5120K)
 Metaspace       used 92977K, committed 93696K, reserved 1130496K
  class space    used 12576K, committed 12928K, reserved 1048576K
}
Event: 15.490 GC heap after
{Heap after GC invocations=38 (full 0):
 garbage-first heap   total 197632K, used 105224K [0x0000000080000000, 0x0000000100000000)
  region size 1024K, 9 young (9216K), 9 survivors (9216K)
 Metaspace       used 92977K, committed 93696K, reserved 1130496K
  class space    used 12576K, committed 12928K, reserved 1048576K
}
Event: 15.492 GC heap before
{Heap before GC invocations=38 (full 0):
 garbage-first heap   total 197632K, used 105224K [0x0000000080000000, 0x0000000100000000)
  region size 1024K, 10 young (10240K), 9 survivors (9216K)
 Metaspace       used 92977K, committed 93696K, reserved 1130496K
  class space    used 12576K, committed 12928K, reserved 1048576K
}
Event: 15.502 GC heap after
{Heap after GC invocations=39 (full 0):
 garbage-first heap   total 197632K, used 105913K [0x0000000080000000, 0x0000000100000000)
  region size 1024K, 1 young (1024K), 1 survivors (1024K)
 Metaspace       used 92977K, committed 93696K, reserved 1130496K
  class space    used 12576K, committed 12928K, reserved 1048576K
}
Event: 16.360 GC heap before
{Heap before GC invocations=40 (full 0):
 garbage-first heap   total 201728K, used 154041K [0x0000000080000000, 0x0000000100000000)
  region size 1024K, 46 young (47104K), 1 survivors (1024K)
 Metaspace       used 93445K, committed 94080K, reserved 1138688K
  class space    used 12621K, committed 12928K, reserved 1048576K
}
Event: 16.372 GC heap after
{Heap after GC invocations=41 (full 0):
 garbage-first heap   total 201728K, used 122263K [0x0000000080000000, 0x0000000100000000)
  region size 1024K, 6 young (6144K), 6 survivors (6144K)
 Metaspace       used 93445K, committed 94080K, reserved 1138688K
  class space    used 12621K, committed 12928K, reserved 1048576K
}
Event: 16.441 GC heap before
{Heap before GC invocations=41 (full 0):
 garbage-first heap   total 201728K, used 125335K [0x0000000080000000, 0x0000000100000000)
  region size 1024K, 9 young (9216K), 6 survivors (6144K)
 Metaspace       used 93482K, committed 94144K, reserved 1138688K
  class space    used 12622K, committed 12928K, reserved 1048576K
}
Event: 16.448 GC heap after
{Heap after GC invocations=42 (full 0):
 garbage-first heap   total 201728K, used 124485K [0x0000000080000000, 0x0000000100000000)
  region size 1024K, 1 young (1024K), 1 survivors (1024K)
 Metaspace       used 93482K, committed 94144K, reserved 1138688K
  class space    used 12622K, committed 12928K, reserved 1048576K
}
Event: 16.450 GC heap before
{Heap before GC invocations=42 (full 0):
 garbage-first heap   total 201728K, used 124485K [0x0000000080000000, 0x0000000100000000)
  region size 1024K, 2 young (2048K), 1 survivors (1024K)
 Metaspace       used 93482K, committed 94144K, reserved 1138688K
  class space    used 12622K, committed 12928K, reserved 1048576K
}

Dll operation events (2 events):
Event: 0.007 Loaded shared library C:\Program Files\Android\Android Studio\jbr\bin\java.dll
Event: 0.523 Loaded shared library C:\Program Files\Android\Android Studio\jbr\bin\verify.dll

Deoptimization events (20 events):
Event: 16.374 Thread 0x000001c658be67f0 Uncommon trap: trap_request=0xffffffde fr.pc=0x000001c643725dc4 relative=0x0000000000001204
Event: 16.374 Thread 0x000001c658be67f0 Uncommon trap: reason=class_check action=maybe_recompile pc=0x000001c643725dc4 method=org.apache.xerces.dom.AttributeMap.setNamedItem(Lorg/w3c/dom/Node;)Lorg/w3c/dom/Node; @ 4 c2
Event: 16.374 Thread 0x000001c658be67f0 DEOPT PACKING pc=0x000001c643725dc4 sp=0x0000008091cfa460
Event: 16.374 Thread 0x000001c658be67f0 DEOPT UNPACKING pc=0x000001c642b8a1a3 sp=0x0000008091cfa440 mode 2
Event: 16.374 Thread 0x000001c658be67f0 Uncommon trap: trap_request=0xffffff3d fr.pc=0x000001c64370bf04 relative=0x0000000000000564
Event: 16.374 Thread 0x000001c658be67f0 Uncommon trap: reason=unstable_fused_if action=reinterpret pc=0x000001c64370bf04 method=org.apache.xerces.dom.ParentNode.nodeListItem(I)Lorg/w3c/dom/Node; @ 142 c2
Event: 16.374 Thread 0x000001c658be67f0 DEOPT PACKING pc=0x000001c64370bf04 sp=0x0000008091cfa670
Event: 16.374 Thread 0x000001c658be67f0 DEOPT UNPACKING pc=0x000001c642b8a1a3 sp=0x0000008091cfa5b0 mode 2
Event: 16.374 Thread 0x000001c658be67f0 Uncommon trap: trap_request=0xffffff3d fr.pc=0x000001c643708e90 relative=0x0000000000000570
Event: 16.374 Thread 0x000001c658be67f0 Uncommon trap: reason=unstable_fused_if action=reinterpret pc=0x000001c643708e90 method=org.apache.xerces.dom.ParentNode.nodeListItem(I)Lorg/w3c/dom/Node; @ 142 c2
Event: 16.374 Thread 0x000001c658be67f0 DEOPT PACKING pc=0x000001c643708e90 sp=0x0000008091cfa5e0
Event: 16.374 Thread 0x000001c658be67f0 DEOPT UNPACKING pc=0x000001c642b8a1a3 sp=0x0000008091cfa598 mode 2
Event: 16.408 Thread 0x000001c658be67f0 DEOPT PACKING pc=0x000001c63c9745e8 sp=0x0000008091cfa370
Event: 16.408 Thread 0x000001c658be67f0 DEOPT UNPACKING pc=0x000001c642b8ace3 sp=0x0000008091cf9880 mode 0
Event: 16.411 Thread 0x000001c658be67f0 DEOPT PACKING pc=0x000001c63c9745e8 sp=0x0000008091cfa370
Event: 16.411 Thread 0x000001c658be67f0 DEOPT UNPACKING pc=0x000001c642b8ace3 sp=0x0000008091cf9880 mode 0
Event: 16.415 Thread 0x000001c658be67f0 DEOPT PACKING pc=0x000001c63c9745e8 sp=0x0000008091cfa230
Event: 16.415 Thread 0x000001c658be67f0 DEOPT UNPACKING pc=0x000001c642b8ace3 sp=0x0000008091cf9740 mode 0
Event: 16.419 Thread 0x000001c658be67f0 DEOPT PACKING pc=0x000001c63c977e48 sp=0x0000008091cfa0f0
Event: 16.419 Thread 0x000001c658be67f0 DEOPT UNPACKING pc=0x000001c642b8ace3 sp=0x0000008091cf9600 mode 0

Classes unloaded (7 events):
Event: 15.642 Thread 0x000001c651f98630 Unloading class 0x0000000100c3d800 'java/lang/invoke/LambdaForm$DMH+0x0000000100c3d800'
Event: 15.642 Thread 0x000001c651f98630 Unloading class 0x0000000100c3dc00 'java/lang/invoke/LambdaForm$DMH+0x0000000100c3dc00'
Event: 15.642 Thread 0x000001c651f98630 Unloading class 0x0000000100c3d400 'java/lang/invoke/LambdaForm$DMH+0x0000000100c3d400'
Event: 15.642 Thread 0x000001c651f98630 Unloading class 0x0000000100c3d000 'java/lang/invoke/LambdaForm$DMH+0x0000000100c3d000'
Event: 15.642 Thread 0x000001c651f98630 Unloading class 0x0000000100c3cc00 'java/lang/invoke/LambdaForm$DMH+0x0000000100c3cc00'
Event: 15.642 Thread 0x000001c651f98630 Unloading class 0x0000000100c3c800 'java/lang/invoke/LambdaForm$DMH+0x0000000100c3c800'
Event: 15.642 Thread 0x000001c651f98630 Unloading class 0x0000000100c3c000 'java/lang/invoke/LambdaForm$DMH+0x0000000100c3c000'

Classes redefined (0 events):
No events

Internal exceptions (20 events):
Event: 13.138 Thread 0x000001c658be4b10 Exception <a 'java/lang/NoSuchMethodError'{0x0000000089df3b70}: static Lcom/android/ide/common/attribution/AndroidGradlePluginAttributionData$JavaInfo;.<clinit>()V> (0x0000000089df3b70) 
thrown [s\src\hotspot\share\prims\jni.cpp, line 1108]
Event: 13.140 Thread 0x000001c658be4b10 Exception <a 'java/lang/NoSuchMethodError'{0x0000000089c5f558}: static [Ljava/lang/String;.<clinit>()V> (0x0000000089c5f558) 
thrown [s\src\hotspot\share\prims\jni.cpp, line 1108]
Event: 13.142 Thread 0x000001c658be4b10 Exception <a 'java/lang/NoSuchMethodError'{0x0000000089c63cf8}: 'void java.lang.invoke.DirectMethodHandle$Holder.invokeSpecial(java.lang.Object, java.lang.Object, java.lang.Object, int)'> (0x0000000089c63cf8) 
thrown [s\src\hotspot\share\interpreter\linkResolver.cpp, line 771]
Event: 13.142 Thread 0x000001c658be67f0 Exception <a 'java/lang/IncompatibleClassChangeError'{0x0000000089c238e8}: Found class java.lang.Object, but interface was expected> (0x0000000089c238e8) 
thrown [s\src\hotspot\share\interpreter\linkResolver.cpp, line 838]
Event: 13.159 Thread 0x000001c658be67f0 Exception <a 'java/lang/NoSuchMethodError'{0x0000000089be8740}: 'int java.lang.invoke.DirectMethodHandle$Holder.invokeStaticInit(java.lang.Object, java.lang.Object, java.lang.Object, java.lang.Object, java.lang.Object)'> (0x0000000089be8740) 
thrown [s\src\hotspot\share\interpreter\linkResolver.cpp, line 771]
Event: 13.197 Thread 0x000001c658be67f0 Exception <a 'sun/nio/fs/WindowsException'{0x00000000898249f0}> (0x00000000898249f0) 
thrown [s\src\hotspot\share\prims\jni.cpp, line 517]
Event: 13.197 Thread 0x000001c658be67f0 Exception <a 'sun/nio/fs/WindowsException'{0x0000000089825910}> (0x0000000089825910) 
thrown [s\src\hotspot\share\prims\jni.cpp, line 517]
Event: 13.261 Thread 0x000001c658be67f0 Implicit null exception at 0x000001c64355df57 to 0x000001c64355e0f4
Event: 13.286 Thread 0x000001c652f52f70 Exception <a 'java/lang/NoSuchMethodError'{0x00000000893c61c0}: static Lorg/gradle/internal/build/event/types/DefaultTaskSkippedResult;.<clinit>()V> (0x00000000893c61c0) 
thrown [s\src\hotspot\share\prims\jni.cpp, line 1108]
Event: 13.295 Thread 0x000001c658be8e70 Exception <a 'java/lang/NoSuchMethodError'{0x00000000893b6030}: 'int java.lang.invoke.DirectMethodHandle$Holder.invokeSpecial(java.lang.Object, java.lang.Object, java.lang.Object, java.lang.Object, java.lang.Object)'> (0x00000000893b6030) 
thrown [s\src\hotspot\share\interpreter\linkResolver.cpp, line 771]
Event: 13.645 Thread 0x000001c658be8e70 Exception <a 'java/lang/NoSuchMethodError'{0x00000000888f8548}: 'void java.lang.invoke.DirectMethodHandle$Holder.invokeStatic(java.lang.Object, java.lang.Object, java.lang.Object, java.lang.Object, int, java.lang.Object, java.lang.Object)'> (0x00000000888f8548) 
thrown [s\src\hotspot\share\interpreter\linkResolver.cpp, line 771]
Event: 13.681 Thread 0x000001c6541c56d0 Exception <a 'java/lang/NoSuchMethodError'{0x0000000087fe0af0}: 'java.lang.Object java.lang.invoke.DirectMethodHandle$Holder.invokeSpecialIFC(java.lang.Object, java.lang.Object, java.lang.Object)'> (0x0000000087fe0af0) 
thrown [s\src\hotspot\share\interpreter\linkResolver.cpp, line 771]
Event: 13.681 Thread 0x000001c655a0b6a0 Exception <a 'java/lang/NoSuchMethodError'{0x0000000087e11cd0}: 'java.lang.Object java.lang.invoke.DirectMethodHandle$Holder.invokeSpecialIFC(java.lang.Object, java.lang.Object, java.lang.Object)'> (0x0000000087e11cd0) 
thrown [s\src\hotspot\share\interpreter\linkResolver.cpp, line 771]
Event: 13.681 Thread 0x000001c6566c3800 Exception <a 'java/lang/NoSuchMethodError'{0x0000000087e29f10}: 'java.lang.Object java.lang.invoke.DirectMethodHandle$Holder.invokeSpecialIFC(java.lang.Object, java.lang.Object, java.lang.Object)'> (0x0000000087e29f10) 
thrown [s\src\hotspot\share\interpreter\linkResolver.cpp, line 771]
Event: 13.681 Thread 0x000001c655a0f530 Exception <a 'java/lang/NoSuchMethodError'{0x0000000087ff8490}: 'java.lang.Object java.lang.invoke.DirectMethodHandle$Holder.invokeSpecialIFC(java.lang.Object, java.lang.Object, java.lang.Object)'> (0x0000000087ff8490) 
thrown [s\src\hotspot\share\interpreter\linkResolver.cpp, line 771]
Event: 13.681 Thread 0x000001c658736410 Exception <a 'java/lang/NoSuchMethodError'{0x0000000087e5bfe8}: 'java.lang.Object java.lang.invoke.DirectMethodHandle$Holder.invokeSpecialIFC(java.lang.Object, java.lang.Object, java.lang.Object)'> (0x0000000087e5bfe8) 
thrown [s\src\hotspot\share\interpreter\linkResolver.cpp, line 771]
Event: 13.681 Thread 0x000001c658be4fe0 Exception <a 'java/lang/NoSuchMethodError'{0x0000000087e6ef50}: 'java.lang.Object java.lang.invoke.DirectMethodHandle$Holder.invokeSpecialIFC(java.lang.Object, java.lang.Object, java.lang.Object)'> (0x0000000087e6ef50) 
thrown [s\src\hotspot\share\interpreter\linkResolver.cpp, line 771]
Event: 13.681 Thread 0x000001c658be8e70 Exception <a 'java/lang/NoSuchMethodError'{0x00000000883c4900}: 'java.lang.Object java.lang.invoke.DirectMethodHandle$Holder.invokeSpecialIFC(java.lang.Object, java.lang.Object, java.lang.Object)'> (0x00000000883c4900) 
thrown [s\src\hotspot\share\interpreter\linkResolver.cpp, line 771]
Event: 13.681 Thread 0x000001c658be54b0 Exception <a 'java/lang/NoSuchMethodError'{0x0000000087e42a28}: 'java.lang.Object java.lang.invoke.DirectMethodHandle$Holder.invokeSpecialIFC(java.lang.Object, java.lang.Object, java.lang.Object)'> (0x0000000087e42a28) 
thrown [s\src\hotspot\share\interpreter\linkResolver.cpp, line 771]
Event: 14.197 Thread 0x000001c658be3ca0 Exception <a 'java/lang/NoSuchMethodError'{0x000000008bfc3630}: 'void java.lang.invoke.DirectMethodHandle$Holder.invokeInterface(java.lang.Object, java.lang.Object, java.lang.Object, java.lang.Object)'> (0x000000008bfc3630) 
thrown [s\src\hotspot\share\interpreter\linkResolver.cpp, line 771]

VM Operations (20 events):
Event: 14.885 Executing VM operation: ICBufferFull done
Event: 15.478 Executing VM operation: G1CollectForAllocation
Event: 15.490 Executing VM operation: G1CollectForAllocation done
Event: 15.492 Executing VM operation: G1TryInitiateConcMark
Event: 15.503 Executing VM operation: G1TryInitiateConcMark done
Event: 15.641 Executing VM operation: G1Concurrent
Event: 15.652 Executing VM operation: G1Concurrent done
Event: 15.715 Executing VM operation: G1Concurrent
Event: 15.716 Executing VM operation: G1Concurrent done
Event: 16.158 Executing VM operation: HandshakeAllThreads
Event: 16.158 Executing VM operation: HandshakeAllThreads done
Event: 16.175 Executing VM operation: HandshakeAllThreads
Event: 16.175 Executing VM operation: HandshakeAllThreads done
Event: 16.335 Executing VM operation: HandshakeAllThreads
Event: 16.336 Executing VM operation: HandshakeAllThreads done
Event: 16.360 Executing VM operation: G1CollectForAllocation
Event: 16.372 Executing VM operation: G1CollectForAllocation done
Event: 16.441 Executing VM operation: G1CollectForAllocation
Event: 16.448 Executing VM operation: G1CollectForAllocation done
Event: 16.450 Executing VM operation: G1TryInitiateConcMark

Events (20 events):
Event: 16.168 Thread 0x000001c652886420 flushing nmethod 0x000001c63bf64710
Event: 16.168 Thread 0x000001c652886420 flushing nmethod 0x000001c63bf6ab10
Event: 16.171 Thread 0x000001c652886420 flushing nmethod 0x000001c63c2d3c10
Event: 16.171 Thread 0x000001c652886420 flushing nmethod 0x000001c63c2d6610
Event: 16.172 Thread 0x000001c652886420 flushing nmethod 0x000001c63c372490
Event: 16.172 Thread 0x000001c652886420 flushing nmethod 0x000001c63c3ac390
Event: 16.172 Thread 0x000001c652886420 flushing nmethod 0x000001c63c3b5f90
Event: 16.173 Thread 0x000001c652886420 flushing nmethod 0x000001c63c512390
Event: 16.340 loading class org/w3c/dom/DOMImplementation
Event: 16.340 loading class org/w3c/dom/DOMImplementation done
Event: 16.341 loading class org/w3c/dom/ls/DOMImplementationLS
Event: 16.341 loading class org/w3c/dom/ls/DOMImplementationLS done
Event: 16.342 loading class org/w3c/dom/ls/LSSerializer
Event: 16.342 loading class org/w3c/dom/ls/LSSerializer done
Event: 16.342 loading class org/w3c/dom/ls/LSOutput
Event: 16.342 loading class org/w3c/dom/ls/LSOutput done
Event: 16.342 loading class org/w3c/dom/ls/LSInput
Event: 16.342 loading class org/w3c/dom/ls/LSInput done
Event: 16.343 loading class org/w3c/dom/ls/LSParser
Event: 16.343 loading class org/w3c/dom/ls/LSParser done


Dynamic libraries:
0x00007ff616aa0000 - 0x00007ff616aaa000 	C:\Program Files\Android\Android Studio\jbr\bin\java.exe
0x00007fff2f450000 - 0x00007fff2f664000 	C:\WINDOWS\SYSTEM32\ntdll.dll
0x00007fff2da40000 - 0x00007fff2db02000 	C:\WINDOWS\System32\KERNEL32.DLL
0x00007fff2cdd0000 - 0x00007fff2d16c000 	C:\WINDOWS\System32\KERNELBASE.dll
0x00007fff2cc10000 - 0x00007fff2cd21000 	C:\WINDOWS\System32\ucrtbase.dll
0x00007ffeefe00000 - 0x00007ffeefe17000 	C:\Program Files\Android\Android Studio\jbr\bin\jli.dll
0x00007ffefb010000 - 0x00007ffefb02b000 	C:\Program Files\Android\Android Studio\jbr\bin\VCRUNTIME140.dll
0x00007fff2d380000 - 0x00007fff2d52b000 	C:\WINDOWS\System32\USER32.dll
0x00007fff2cb20000 - 0x00007fff2cb46000 	C:\WINDOWS\System32\win32u.dll
0x00007fff1edc0000 - 0x00007fff1f04e000 	C:\WINDOWS\WinSxS\amd64_microsoft.windows.common-controls_6595b64144ccf1df_6.0.22621.608_none_a9444ca7c10bb01d\COMCTL32.dll
0x00007fff2e2c0000 - 0x00007fff2e2e9000 	C:\WINDOWS\System32\GDI32.dll
0x00007fff2f150000 - 0x00007fff2f1f7000 	C:\WINDOWS\System32\msvcrt.dll
0x00007fff2c890000 - 0x00007fff2c9a3000 	C:\WINDOWS\System32\gdi32full.dll
0x00007fff2cd30000 - 0x00007fff2cdca000 	C:\WINDOWS\System32\msvcp_win.dll
0x00007fff2d340000 - 0x00007fff2d371000 	C:\WINDOWS\System32\IMM32.DLL
0x00007fff21ad0000 - 0x00007fff21adc000 	C:\Program Files\Android\Android Studio\jbr\bin\vcruntime140_1.dll
0x00007ffee04c0000 - 0x00007ffee054d000 	C:\Program Files\Android\Android Studio\jbr\bin\msvcp140.dll
0x00007ffe9b930000 - 0x00007ffe9c59d000 	C:\Program Files\Android\Android Studio\jbr\bin\server\jvm.dll
0x00007fff2dc90000 - 0x00007fff2dd3e000 	C:\WINDOWS\System32\ADVAPI32.dll
0x00007fff2d930000 - 0x00007fff2d9d4000 	C:\WINDOWS\System32\sechost.dll
0x00007fff2e680000 - 0x00007fff2e797000 	C:\WINDOWS\System32\RPCRT4.dll
0x00007fff27900000 - 0x00007fff27909000 	C:\WINDOWS\SYSTEM32\WSOCK32.dll
0x00007fff21940000 - 0x00007fff21974000 	C:\WINDOWS\SYSTEM32\WINMM.dll
0x00007fff2f260000 - 0x00007fff2f2d1000 	C:\WINDOWS\System32\WS2_32.dll
0x00007fff241e0000 - 0x00007fff241ea000 	C:\WINDOWS\SYSTEM32\VERSION.dll
0x00007fff2b9d0000 - 0x00007fff2b9e8000 	C:\WINDOWS\SYSTEM32\kernel.appcore.dll
0x00007fff278d0000 - 0x00007fff278da000 	C:\Program Files\Android\Android Studio\jbr\bin\jimage.dll
0x00007fff29ba0000 - 0x00007fff29dce000 	C:\WINDOWS\SYSTEM32\DBGHELP.DLL
0x00007fff2e2f0000 - 0x00007fff2e679000 	C:\WINDOWS\System32\combase.dll
0x00007fff2d260000 - 0x00007fff2d337000 	C:\WINDOWS\System32\OLEAUT32.dll
0x00007fff03a90000 - 0x00007fff03ac2000 	C:\WINDOWS\SYSTEM32\dbgcore.DLL
0x00007fff2d1e0000 - 0x00007fff2d25b000 	C:\WINDOWS\System32\bcryptPrimitives.dll
0x00007fff17bf0000 - 0x00007fff17c15000 	C:\Program Files\Android\Android Studio\jbr\bin\java.dll
0x00007fff20e50000 - 0x00007fff20e68000 	C:\Program Files\Android\Android Studio\jbr\bin\zip.dll
0x00007fff2e7a0000 - 0x00007fff2ef90000 	C:\WINDOWS\System32\SHELL32.dll
0x00007fff2a8a0000 - 0x00007fff2b16d000 	C:\WINDOWS\SYSTEM32\windows.storage.dll
0x00007fff2a760000 - 0x00007fff2a89e000 	C:\WINDOWS\SYSTEM32\wintypes.dll
0x00007fff2f2e0000 - 0x00007fff2f3d1000 	C:\WINDOWS\System32\SHCORE.dll
0x00007fff2d9e0000 - 0x00007fff2da3e000 	C:\WINDOWS\System32\shlwapi.dll
0x00007fff2c7c0000 - 0x00007fff2c7e1000 	C:\WINDOWS\SYSTEM32\profapi.dll
0x00007fff19930000 - 0x00007fff19949000 	C:\Program Files\Android\Android Studio\jbr\bin\net.dll
0x00007fff26480000 - 0x00007fff265b7000 	C:\WINDOWS\SYSTEM32\WINHTTP.dll
0x00007fff2be40000 - 0x00007fff2bea9000 	C:\WINDOWS\system32\mswsock.dll
0x00007fff197f0000 - 0x00007fff19806000 	C:\Program Files\Android\Android Studio\jbr\bin\nio.dll
0x00007fff240d0000 - 0x00007fff240e0000 	C:\Program Files\Android\Android Studio\jbr\bin\verify.dll
0x00007ffedf8f0000 - 0x00007ffedf917000 	C:\Users\georg\Documents\edistynytmobiiliohjelmointi-master (1)\edistynytmobiiliohjelmointi-master\native\e1d6ef7f7dcc3fd88c89a11ec53ec762bb8ba0a96d01ffa2cd45eb1d1d8dd5c5\windows-amd64\native-platform.dll
0x00007ffe99f30000 - 0x00007ffe9a074000 	C:\Users\georg\Documents\edistynytmobiiliohjelmointi-master (1)\edistynytmobiiliohjelmointi-master\native\0d407fdbe67a94daf76414ababcb853783967236a71b16ec16e742cd7a986fd3\windows-amd64\native-platform-file-events.dll
0x00007fff278b0000 - 0x00007fff278b9000 	C:\Program Files\Android\Android Studio\jbr\bin\management.dll
0x00007fff27850000 - 0x00007fff2785b000 	C:\Program Files\Android\Android Studio\jbr\bin\management_ext.dll
0x00007fff2d920000 - 0x00007fff2d928000 	C:\WINDOWS\System32\PSAPI.DLL
0x00007fff2c0a0000 - 0x00007fff2c0bb000 	C:\WINDOWS\SYSTEM32\CRYPTSP.dll
0x00007fff2b940000 - 0x00007fff2b975000 	C:\WINDOWS\system32\rsaenh.dll
0x00007fff2bf40000 - 0x00007fff2bf68000 	C:\WINDOWS\SYSTEM32\USERENV.dll
0x00007fff2c260000 - 0x00007fff2c288000 	C:\WINDOWS\SYSTEM32\bcrypt.dll
0x00007fff2c0c0000 - 0x00007fff2c0cc000 	C:\WINDOWS\SYSTEM32\CRYPTBASE.dll
0x00007fff2b480000 - 0x00007fff2b4ad000 	C:\WINDOWS\SYSTEM32\IPHLPAPI.DLL
0x00007fff2e2b0000 - 0x00007fff2e2b9000 	C:\WINDOWS\System32\NSI.dll
0x00007fff25640000 - 0x00007fff25659000 	C:\WINDOWS\SYSTEM32\dhcpcsvc6.DLL
0x00007fff25620000 - 0x00007fff2563f000 	C:\WINDOWS\SYSTEM32\dhcpcsvc.DLL
0x00007fff2b500000 - 0x00007fff2b5f3000 	C:\WINDOWS\SYSTEM32\DNSAPI.dll
0x00007fff05bf0000 - 0x00007fff05bf8000 	C:\WINDOWS\system32\wshunix.dll

dbghelp: loaded successfully - version: 4.0.5 - missing functions: none
symbol engine: initialized successfully - sym options: 0x614 - pdb path: .;C:\Program Files\Android\Android Studio\jbr\bin;C:\WINDOWS\SYSTEM32;C:\WINDOWS\WinSxS\amd64_microsoft.windows.common-controls_6595b64144ccf1df_6.0.22621.608_none_a9444ca7c10bb01d;C:\Program Files\Android\Android Studio\jbr\bin\server;C:\Users\georg\Documents\edistynytmobiiliohjelmointi-master (1)\edistynytmobiiliohjelmointi-master\native\e1d6ef7f7dcc3fd88c89a11ec53ec762bb8ba0a96d01ffa2cd45eb1d1d8dd5c5\windows-amd64;C:\Users\georg\Documents\edistynytmobiiliohjelmointi-master (1)\edistynytmobiiliohjelmointi-master\native\0d407fdbe67a94daf76414ababcb853783967236a71b16ec16e742cd7a986fd3\windows-amd64

VM Arguments:
jvm_args: --add-opens=java.base/java.util=ALL-UNNAMED --add-opens=java.base/java.lang=ALL-UNNAMED --add-opens=java.base/java.lang.invoke=ALL-UNNAMED --add-opens=java.base/java.util=ALL-UNNAMED --add-opens=java.prefs/java.util.prefs=ALL-UNNAMED --add-opens=java.prefs/java.util.prefs=ALL-UNNAMED --add-opens=java.base/java.nio.charset=ALL-UNNAMED --add-opens=java.base/java.net=ALL-UNNAMED --add-opens=java.base/java.util.concurrent.atomic=ALL-UNNAMED -Xmx2048m -Dfile.encoding=UTF-8 -Duser.country=US -Duser.language=en -Duser.variant 
java_command: org.gradle.launcher.daemon.bootstrap.GradleDaemon 7.5
java_class_path (initial): C:\Users\georg\Documents\edistynytmobiiliohjelmointi-master (1)\edistynytmobiiliohjelmointi-master\wrapper\dists\gradle-7.5-bin\f1w0cc9nuo0eivz97x2xlu9sv\gradle-7.5\lib\gradle-launcher-7.5.jar
Launcher Type: SUN_STANDARD

[Global flags]
     intx CICompilerCount                          = 4                                         {product} {ergonomic}
     uint ConcGCThreads                            = 2                                         {product} {ergonomic}
     uint G1ConcRefinementThreads                  = 8                                         {product} {ergonomic}
   size_t G1HeapRegionSize                         = 1048576                                   {product} {ergonomic}
    uintx GCDrainStackTargetSize                   = 64                                        {product} {ergonomic}
   size_t InitialHeapSize                          = 262144000                                 {product} {ergonomic}
   size_t MarkStackSize                            = 4194304                                   {product} {ergonomic}
   size_t MaxHeapSize                              = 2147483648                                {product} {command line}
   size_t MaxNewSize                               = 1287651328                                {product} {ergonomic}
   size_t MinHeapDeltaBytes                        = 1048576                                   {product} {ergonomic}
   size_t MinHeapSize                              = 8388608                                   {product} {ergonomic}
    uintx NonNMethodCodeHeapSize                   = 5839372                                {pd product} {ergonomic}
    uintx NonProfiledCodeHeapSize                  = 122909434                              {pd product} {ergonomic}
    uintx ProfiledCodeHeapSize                     = 122909434                              {pd product} {ergonomic}
    uintx ReservedCodeCacheSize                    = 251658240                              {pd product} {ergonomic}
     bool SegmentedCodeCache                       = true                                      {product} {ergonomic}
   size_t SoftMaxHeapSize                          = 2147483648                             {manageable} {ergonomic}
     bool UseCompressedClassPointers               = true                           {product lp64_product} {ergonomic}
     bool UseCompressedOops                        = true                           {product lp64_product} {ergonomic}
     bool UseG1GC                                  = true                                      {product} {ergonomic}
     bool UseLargePagesIndividualAllocation        = false                                  {pd product} {ergonomic}

Logging:
Log output configuration:
 #0: stdout all=warning uptime,level,tags
 #1: stderr all=off uptime,level,tags

Environment Variables:
PATH=C:\WINDOWS\system32;C:\WINDOWS;C:\WINDOWS\System32\Wbem;C:\WINDOWS\System32\WindowsPowerShell\v1.0\;C:\WINDOWS\System32\OpenSSH\;C:\Users\georg\AppData\Local\Microsoft\WindowsApps;C:\Users\georg\AppData\Local\GitHubDesktop\bin
USERNAME=georg
OS=Windows_NT
PROCESSOR_IDENTIFIER=Intel64 Family 6 Model 140 Stepping 1, GenuineIntel
TMP=C:\Users\georg\AppData\Local\Temp
TEMP=C:\Users\georg\AppData\Local\Temp



---------------  S Y S T E M  ---------------

OS:
 Windows 11 , 64 bit Build 22621 (10.0.22621.1485)
OS uptime: 3 days 8:24 hours

CPU: total 8 (initial active 8) (4 cores per cpu, 2 threads per core) family 6 model 140 stepping 1 microcode 0xa4, cx8, cmov, fxsr, ht, mmx, 3dnowpref, sse, sse2, sse3, ssse3, sse4.1, sse4.2, popcnt, lzcnt, tsc, tscinvbit, avx, avx2, aes, erms, clmul, bmi1, bmi2, adx, avx512f, avx512dq, avx512cd, avx512bw, avx512vl, sha, fma, vzeroupper, avx512_vpopcntdq, avx512_vpclmulqdq, avx512_vaes, avx512_vnni, clflush, clflushopt, clwb, avx512_vbmi2, avx512_vbmi

Memory: 4k page, system-wide physical 15963M (3393M free)
TotalPageFile size 15963M (AvailPageFile size 29M)
current process WorkingSet (physical memory assigned to process): 457M, peak: 469M
current process commit charge ("private bytes"): 499M, peak: 546M

vm_info: OpenJDK 64-Bit Server VM (17.0.6+0-b2043.56-9586694) for windows-amd64 JRE (17.0.6+0-b2043.56-9586694), built on Feb  9 2023 20:06:20 by "androidbuild" with MS VC++ 16.10 / 16.11 (VS2019)

END.
