#
# There is insufficient memory for the Java Runtime Environment to continue.
# Native memory allocation (malloc) failed to allocate 32744 bytes for ChunkPool::allocate
# Possible reasons:
#   The system is out of physical RAM or swap space
#   The process is running with CompressedOops enabled, and the Java Heap may be blocking the growth of the native heap
# Possible solutions:
#   Reduce memory load on the system
#   Increase physical memory or swap space
#   Check if swap backing store is full
#   Decrease Java heap size (-Xmx/-Xms)
#   Decrease number of Java threads
#   Decrease Java thread stack sizes (-Xss)
#   Set larger code cache with -XX:ReservedCodeCacheSize=
#   JVM is running with Unscaled Compressed Oops mode in which the Java heap is
#     placed in the first 4GB address space. The Java Heap base address is the
#     maximum limit for the native heap growth. Please use -XX:HeapBaseMinAddress
#     to set the Java Heap base and to place the Java Heap above 4GB virtual address.
# This output file may be truncated or incomplete.
#
#  Out of Memory Error (arena.cpp:78), pid=11180, tid=7236
#
# JRE version: OpenJDK Runtime Environment (17.0.6) (build 17.0.6+0-b2043.56-9586694)
# Java VM: OpenJDK 64-Bit Server VM (17.0.6+0-b2043.56-9586694, mixed mode, tiered, compressed oops, compressed class ptrs, g1 gc, windows-amd64)
# No core dump will be written. Minidumps are not enabled by default on client versions of Windows
#

---------------  S U M M A R Y ------------

Command Line: --add-opens=java.base/java.util=ALL-UNNAMED --add-opens=java.base/java.lang=ALL-UNNAMED --add-opens=java.base/java.lang.invoke=ALL-UNNAMED --add-opens=java.base/java.util=ALL-UNNAMED --add-opens=java.prefs/java.util.prefs=ALL-UNNAMED --add-opens=java.prefs/java.util.prefs=ALL-UNNAMED --add-opens=java.base/java.nio.charset=ALL-UNNAMED --add-opens=java.base/java.net=ALL-UNNAMED --add-opens=java.base/java.util.concurrent.atomic=ALL-UNNAMED -Xmx2048m -Dfile.encoding=UTF-8 -Duser.country=US -Duser.language=en -Duser.variant org.gradle.launcher.daemon.bootstrap.GradleDaemon 7.5

Host: 11th Gen Intel(R) Core(TM) i7-1185G7 @ 3.00GHz, 8 cores, 15G,  Windows 11 , 64 bit Build 22621 (10.0.22621.1485)
Time: Sun May  7 22:18:04 2023 FLE Daylight Time elapsed time: 16.332479 seconds (0d 0h 0m 16s)

---------------  T H R E A D  ---------------

Current thread (0x000001be548f1550):  JavaThread "C2 CompilerThread2" daemon [_thread_in_native, id=7236, stack(0x0000001452800000,0x0000001452900000)]


Current CompileTask:
C2:  16332 7955       4       sun.reflect.generics.parser.SignatureParser::parseFieldTypeSignature (73 bytes)

Stack: [0x0000001452800000,0x0000001452900000]
Native frames: (J=compiled Java code, j=interpreted, Vv=VM code, C=native code)
V  [jvm.dll+0x683b4a]
V  [jvm.dll+0x842654]
V  [jvm.dll+0x843dfe]
V  [jvm.dll+0x844463]
V  [jvm.dll+0x249b75]
V  [jvm.dll+0xabecc]
V  [jvm.dll+0xac27c]
V  [jvm.dll+0xabdbb]
V  [jvm.dll+0x661ea9]
V  [jvm.dll+0x6aa07c]
V  [jvm.dll+0x5a3d6c]
V  [jvm.dll+0x5a5ff3]
V  [jvm.dll+0x21e18a]
V  [jvm.dll+0x21b51b]
V  [jvm.dll+0x1a4fdd]
V  [jvm.dll+0x22b098]
V  [jvm.dll+0x229159]
V  [jvm.dll+0x7f809c]
V  [jvm.dll+0x7f25fa]
V  [jvm.dll+0x682985]
C  [ucrtbase.dll+0x29363]
C  [KERNEL32.DLL+0x1269d]
C  [ntdll.dll+0x5a9f8]


---------------  P R O C E S S  ---------------

Threads class SMR info:
_java_thread_list=0x000001be593bc880, length=126, elements={
0x000001be38c287a0, 0x000001be5345a2b0, 0x000001be5345ad70, 0x000001be5344c540,
0x000001be5344cd00, 0x000001be53481f30, 0x000001be53483800, 0x000001be53487bf0,
0x000001be534895b0, 0x000001be534c6210, 0x000001be536379d0, 0x000001be53637ea0,
0x000001be537078d0, 0x000001be5679e820, 0x000001be55e0a070, 0x000001be54d9e6d0,
0x000001be54c30940, 0x000001be54c2f980, 0x000001be539e90e0, 0x000001be539e6a60,
0x000001be539e8270, 0x000001be539e95b0, 0x000001be539e8c10, 0x000001be539e8740,
0x000001be539e7400, 0x000001be539e5bf0, 0x000001be539e60c0, 0x000001be539e6f30,
0x000001be539e6590, 0x000001be539e78d0, 0x000001be539e7da0, 0x000001be56eaa6b0,
0x000001be56eadba0, 0x000001be56eaa1e0, 0x000001be56eabec0, 0x000001be56ead200,
0x000001be56eac860, 0x000001be56eab9f0, 0x000001be56eab520, 0x000001be56eacd30,
0x000001be56eaab80, 0x000001be56eab050, 0x000001be56810cc0, 0x000001be56811190,
0x000001be56811660, 0x000001be568124d0, 0x000001be5680e170, 0x000001be56813ce0,
0x000001be568129a0, 0x000001be56811b30, 0x000001be56812000, 0x000001be56812e70,
0x000001be56813340, 0x000001be56813810, 0x000001be568141b0, 0x000001be5680d7d0,
0x000001be56814680, 0x000001be5680e640, 0x000001be5680eb10, 0x000001be5680ce30,
0x000001be5680d300, 0x000001be56c018d0, 0x000001be56c04dc0, 0x000001be56c00590,
0x000001be56c03f50, 0x000001be56c03a80, 0x000001be56c01400, 0x000001be56c05c30,
0x000001be56c000c0, 0x000001be56c05290, 0x000001be56c02270, 0x000001be56c06aa0,
0x000001be56c02740, 0x000001be56c00a60, 0x000001be56c06f70, 0x000001be56c065d0,
0x000001be56c06100, 0x000001be56c04420, 0x000001be56c07440, 0x000001be56c048f0,
0x000001be56c02c10, 0x000001be56c030e0, 0x000001be56c05760, 0x000001be56bffbf0,
0x000001be56c035b0, 0x000001be56c00f30, 0x000001be56c01da0, 0x000001be56b31ed0,
0x000001be56b32d40, 0x000001be56b36bd0, 0x000001be56b32870, 0x000001be56b33210,
0x000001be56b370a0, 0x000001be56b336e0, 0x000001be56b323a0, 0x000001be56b34a20,
0x000001be56b35890, 0x000001be56b34550, 0x000001be56b37570, 0x000001be56b34080,
0x000001be56b34ef0, 0x000001be56b36700, 0x000001be56b35d60, 0x000001be56b353c0,
0x000001be56b31a00, 0x000001be56b33bb0, 0x000001be56b36230, 0x000001be56b37a40,
0x000001be56b37f10, 0x000001be56b383e0, 0x000001be56b388b0, 0x000001be56b31060,
0x000001be56b31530, 0x000001be5b7c7560, 0x000001be5b7c4ee0, 0x000001be5b7c5880,
0x000001be5b7c4a10, 0x000001be5b7c6220, 0x000001be5b7c5d50, 0x000001be5b7c4540,
0x000001be5b7c53b0, 0x000001be5b7c7090, 0x000001be5b7c66f0, 0x000001be5b7c3ba0,
0x000001be548f1550, 0x000001be5b4124d0
}

Java Threads: ( => current thread )
  0x000001be38c287a0 JavaThread "main" [_thread_blocked, id=17724, stack(0x000000144ff00000,0x0000001450000000)]
  0x000001be5345a2b0 JavaThread "Reference Handler" daemon [_thread_blocked, id=7612, stack(0x0000001450600000,0x0000001450700000)]
  0x000001be5345ad70 JavaThread "Finalizer" daemon [_thread_blocked, id=21364, stack(0x0000001450700000,0x0000001450800000)]
  0x000001be5344c540 JavaThread "Signal Dispatcher" daemon [_thread_blocked, id=14676, stack(0x0000001450800000,0x0000001450900000)]
  0x000001be5344cd00 JavaThread "Attach Listener" daemon [_thread_blocked, id=23040, stack(0x0000001450900000,0x0000001450a00000)]
  0x000001be53481f30 JavaThread "Service Thread" daemon [_thread_blocked, id=20232, stack(0x0000001450a00000,0x0000001450b00000)]
  0x000001be53483800 JavaThread "Monitor Deflation Thread" daemon [_thread_blocked, id=19024, stack(0x0000001450b00000,0x0000001450c00000)]
  0x000001be53487bf0 JavaThread "C2 CompilerThread0" daemon [_thread_in_native, id=18684, stack(0x0000001450c00000,0x0000001450d00000)]
  0x000001be534895b0 JavaThread "C1 CompilerThread0" daemon [_thread_in_native, id=6832, stack(0x0000001450d00000,0x0000001450e00000)]
  0x000001be534c6210 JavaThread "Sweeper thread" daemon [_thread_blocked, id=17656, stack(0x0000001450e00000,0x0000001450f00000)]
  0x000001be536379d0 JavaThread "Common-Cleaner" daemon [_thread_blocked, id=21760, stack(0x0000001450f00000,0x0000001451000000)]
  0x000001be53637ea0 JavaThread "Notification Thread" daemon [_thread_blocked, id=20440, stack(0x0000001451000000,0x0000001451100000)]
  0x000001be537078d0 JavaThread "C2 CompilerThread1" daemon [_thread_in_native, id=17820, stack(0x0000001451200000,0x0000001451300000)]
  0x000001be5679e820 JavaThread "Daemon health stats" [_thread_blocked, id=7860, stack(0x0000001451900000,0x0000001451a00000)]
  0x000001be55e0a070 JavaThread "Incoming local TCP Connector on port 59381" [_thread_in_native, id=11392, stack(0x0000001451a00000,0x0000001451b00000)]
  0x000001be54d9e6d0 JavaThread "Daemon periodic checks" [_thread_blocked, id=2028, stack(0x0000001451b00000,0x0000001451c00000)]
  0x000001be54c30940 JavaThread "Daemon" [_thread_blocked, id=22288, stack(0x0000001451c00000,0x0000001451d00000)]
  0x000001be54c2f980 JavaThread "Handler for socket connection from /127.0.0.1:59381 to /127.0.0.1:59382" [_thread_in_native, id=13748, stack(0x0000001451d00000,0x0000001451e00000)]
  0x000001be539e90e0 JavaThread "Cancel handler" [_thread_blocked, id=456, stack(0x0000001451e00000,0x0000001451f00000)]
  0x000001be539e6a60 JavaThread "Daemon worker" [_thread_in_vm, id=5008, stack(0x0000001451f00000,0x0000001452000000)]
  0x000001be539e8270 JavaThread "Asynchronous log dispatcher for DefaultDaemonConnection: socket connection from /127.0.0.1:59381 to /127.0.0.1:59382" [_thread_blocked, id=6620, stack(0x0000001452000000,0x0000001452100000)]
  0x000001be539e95b0 JavaThread "Stdin handler" [_thread_blocked, id=4516, stack(0x0000001452100000,0x0000001452200000)]
  0x000001be539e8c10 JavaThread "Daemon client event forwarder" [_thread_blocked, id=13776, stack(0x0000001452200000,0x0000001452300000)]
  0x000001be539e8740 JavaThread "Cache worker for journal cache (C:\Users\georg\Documents\edistynytmobiiliohjelmointi-master (1)\edistynytmobiiliohjelmointi-master\caches\journal-1)" [_thread_blocked, id=11276, stack(0x0000001452300000,0x0000001452400000)]
  0x000001be539e7400 JavaThread "File lock request listener" [_thread_in_native, id=16236, stack(0x0000001452400000,0x0000001452500000)]
  0x000001be539e5bf0 JavaThread "Cache worker for file hash cache (C:\Users\georg\Documents\edistynytmobiiliohjelmointi-master (1)\edistynytmobiiliohjelmointi-master\caches\7.5\fileHashes)" [_thread_blocked, id=14860, stack(0x0000001452700000,0x0000001452800000)]
  0x000001be539e60c0 JavaThread "File watcher server" daemon [_thread_in_native, id=5160, stack(0x0000001452900000,0x0000001452a00000)]
  0x000001be539e6f30 JavaThread "File watcher consumer" daemon [_thread_blocked, id=15996, stack(0x0000001452a00000,0x0000001452b00000)]
  0x000001be539e6590 JavaThread "jar transforms" [_thread_blocked, id=14524, stack(0x0000001452b00000,0x0000001452c00000)]
  0x000001be539e78d0 JavaThread "jar transforms Thread 2" [_thread_blocked, id=14816, stack(0x0000001452c00000,0x0000001452d00000)]
  0x000001be539e7da0 JavaThread "jar transforms Thread 3" [_thread_blocked, id=17208, stack(0x0000001452d00000,0x0000001452e00000)]
  0x000001be56eaa6b0 JavaThread "jar transforms Thread 4" [_thread_blocked, id=14496, stack(0x0000001452e00000,0x0000001452f00000)]
  0x000001be56eadba0 JavaThread "jar transforms Thread 5" [_thread_blocked, id=15540, stack(0x0000001452f00000,0x0000001453000000)]
  0x000001be56eaa1e0 JavaThread "jar transforms Thread 6" [_thread_blocked, id=3876, stack(0x0000001453000000,0x0000001453100000)]
  0x000001be56eabec0 JavaThread "jar transforms Thread 7" [_thread_blocked, id=10748, stack(0x0000001453100000,0x0000001453200000)]
  0x000001be56ead200 JavaThread "jar transforms Thread 8" [_thread_blocked, id=6900, stack(0x0000001453200000,0x0000001453300000)]
  0x000001be56eac860 JavaThread "Cache worker for checksums cache (C:\Users\georg\Documents\edistynytmobiiliohjelmointi-master (1)\edistynytmobiiliohjelmointi-master\.gradle\7.5\checksums)" [_thread_blocked, id=23408, stack(0x0000001453300000,0x0000001453400000)]
  0x000001be56eab9f0 JavaThread "Cache worker for cache directory md-rule (C:\Users\georg\Documents\edistynytmobiiliohjelmointi-master (1)\edistynytmobiiliohjelmointi-master\caches\7.5\md-rule)" [_thread_blocked, id=15552, stack(0x0000001453400000,0x0000001453500000)]
  0x000001be56eab520 JavaThread "Cache worker for file content cache (C:\Users\georg\Documents\edistynytmobiiliohjelmointi-master (1)\edistynytmobiiliohjelmointi-master\caches\7.5\fileContent)" [_thread_blocked, id=5604, stack(0x0000001453500000,0x0000001453600000)]
  0x000001be56eacd30 JavaThread "Cache worker for file hash cache (C:\Users\georg\Documents\edistynytmobiiliohjelmointi-master (1)\edistynytmobiiliohjelmointi-master\.gradle\7.5\fileHashes)" [_thread_blocked, id=18188, stack(0x0000001453600000,0x0000001453700000)]
  0x000001be56eaab80 JavaThread "Cache worker for cache directory md-supplier (C:\Users\georg\Documents\edistynytmobiiliohjelmointi-master (1)\edistynytmobiiliohjelmointi-master\caches\7.5\md-supplier)" [_thread_blocked, id=16676, stack(0x0000001453700000,0x0000001453800000)]
  0x000001be56eab050 JavaThread "Cache worker for execution history cache (C:\Users\georg\Documents\edistynytmobiiliohjelmointi-master (1)\edistynytmobiiliohjelmointi-master\caches\7.5\executionHistory)" [_thread_blocked, id=11604, stack(0x0000001453800000,0x0000001453900000)]
  0x000001be56810cc0 JavaThread "Cache worker for dependencies-accessors (C:\Users\georg\Documents\edistynytmobiiliohjelmointi-master (1)\edistynytmobiiliohjelmointi-master\.gradle\7.5\dependencies-accessors)" [_thread_blocked, id=5456, stack(0x0000001453b00000,0x0000001453c00000)]
  0x000001be56811190 JavaThread "Cache worker for Build Output Cleanup Cache (C:\Users\georg\Documents\edistynytmobiiliohjelmointi-master (1)\edistynytmobiiliohjelmointi-master\.gradle\buildOutputCleanup)" [_thread_blocked, id=9820, stack(0x0000001453c00000,0x0000001453d00000)]
  0x000001be56811660 JavaThread "Unconstrained build operations" [_thread_blocked, id=18364, stack(0x0000001453d00000,0x0000001453e00000)]
  0x000001be568124d0 JavaThread "Unconstrained build operations Thread 2" [_thread_blocked, id=8888, stack(0x0000001453e00000,0x0000001453f00000)]
  0x000001be5680e170 JavaThread "Unconstrained build operations Thread 3" [_thread_blocked, id=14752, stack(0x0000001453f00000,0x0000001454000000)]
  0x000001be56813ce0 JavaThread "Unconstrained build operations Thread 4" [_thread_blocked, id=16452, stack(0x0000001454000000,0x0000001454100000)]
  0x000001be568129a0 JavaThread "Unconstrained build operations Thread 5" [_thread_blocked, id=648, stack(0x0000001454100000,0x0000001454200000)]
  0x000001be56811b30 JavaThread "Unconstrained build operations Thread 6" [_thread_blocked, id=8868, stack(0x0000001454200000,0x0000001454300000)]
  0x000001be56812000 JavaThread "Unconstrained build operations Thread 7" [_thread_blocked, id=15040, stack(0x0000001454300000,0x0000001454400000)]
  0x000001be56812e70 JavaThread "Unconstrained build operations Thread 8" [_thread_blocked, id=13808, stack(0x0000001454400000,0x0000001454500000)]
  0x000001be56813340 JavaThread "Unconstrained build operations Thread 9" [_thread_blocked, id=9196, stack(0x0000001454500000,0x0000001454600000)]
  0x000001be56813810 JavaThread "Unconstrained build operations Thread 10" [_thread_blocked, id=18508, stack(0x0000001454600000,0x0000001454700000)]
  0x000001be568141b0 JavaThread "Unconstrained build operations Thread 11" [_thread_blocked, id=23976, stack(0x0000001454700000,0x0000001454800000)]
  0x000001be5680d7d0 JavaThread "Unconstrained build operations Thread 12" [_thread_blocked, id=9596, stack(0x0000001454800000,0x0000001454900000)]
  0x000001be56814680 JavaThread "Unconstrained build operations Thread 13" [_thread_blocked, id=22316, stack(0x0000001454900000,0x0000001454a00000)]
  0x000001be5680e640 JavaThread "Unconstrained build operations Thread 14" [_thread_blocked, id=11292, stack(0x0000001454a00000,0x0000001454b00000)]
  0x000001be5680eb10 JavaThread "Unconstrained build operations Thread 15" [_thread_blocked, id=13476, stack(0x0000001454b00000,0x0000001454c00000)]
  0x000001be5680ce30 JavaThread "Unconstrained build operations Thread 16" [_thread_blocked, id=12796, stack(0x0000001454c00000,0x0000001454d00000)]
  0x000001be5680d300 JavaThread "Unconstrained build operations Thread 17" [_thread_blocked, id=8348, stack(0x0000001454d00000,0x0000001454e00000)]
  0x000001be56c018d0 JavaThread "Unconstrained build operations Thread 18" [_thread_blocked, id=9344, stack(0x0000001454e00000,0x0000001454f00000)]
  0x000001be56c04dc0 JavaThread "Unconstrained build operations Thread 19" [_thread_blocked, id=22656, stack(0x0000001454f00000,0x0000001455000000)]
  0x000001be56c00590 JavaThread "Unconstrained build operations Thread 20" [_thread_blocked, id=24128, stack(0x0000001455000000,0x0000001455100000)]
  0x000001be56c03f50 JavaThread "Unconstrained build operations Thread 21" [_thread_blocked, id=9360, stack(0x0000001455100000,0x0000001455200000)]
  0x000001be56c03a80 JavaThread "Unconstrained build operations Thread 22" [_thread_blocked, id=6936, stack(0x0000001455200000,0x0000001455300000)]
  0x000001be56c01400 JavaThread "Unconstrained build operations Thread 23" [_thread_blocked, id=18232, stack(0x0000001455300000,0x0000001455400000)]
  0x000001be56c05c30 JavaThread "Unconstrained build operations Thread 24" [_thread_blocked, id=6964, stack(0x0000001455400000,0x0000001455500000)]
  0x000001be56c000c0 JavaThread "Unconstrained build operations Thread 25" [_thread_blocked, id=14864, stack(0x0000001455500000,0x0000001455600000)]
  0x000001be56c05290 JavaThread "Unconstrained build operations Thread 26" [_thread_blocked, id=1340, stack(0x0000001455600000,0x0000001455700000)]
  0x000001be56c02270 JavaThread "Unconstrained build operations Thread 27" [_thread_blocked, id=15720, stack(0x0000001455700000,0x0000001455800000)]
  0x000001be56c06aa0 JavaThread "Unconstrained build operations Thread 28" [_thread_blocked, id=6892, stack(0x0000001455800000,0x0000001455900000)]
  0x000001be56c02740 JavaThread "Unconstrained build operations Thread 29" [_thread_blocked, id=19676, stack(0x0000001455900000,0x0000001455a00000)]
  0x000001be56c00a60 JavaThread "Unconstrained build operations Thread 30" [_thread_blocked, id=7600, stack(0x0000001455a00000,0x0000001455b00000)]
  0x000001be56c06f70 JavaThread "Unconstrained build operations Thread 31" [_thread_blocked, id=22900, stack(0x0000001455b00000,0x0000001455c00000)]
  0x000001be56c065d0 JavaThread "Unconstrained build operations Thread 32" [_thread_blocked, id=13524, stack(0x0000001455c00000,0x0000001455d00000)]
  0x000001be56c06100 JavaThread "Unconstrained build operations Thread 33" [_thread_blocked, id=10548, stack(0x0000001455d00000,0x0000001455e00000)]
  0x000001be56c04420 JavaThread "Unconstrained build operations Thread 34" [_thread_blocked, id=18484, stack(0x0000001455e00000,0x0000001455f00000)]
  0x000001be56c07440 JavaThread "Unconstrained build operations Thread 35" [_thread_blocked, id=17472, stack(0x0000001455f00000,0x0000001456000000)]
  0x000001be56c048f0 JavaThread "Unconstrained build operations Thread 36" [_thread_blocked, id=13332, stack(0x0000001456000000,0x0000001456100000)]
  0x000001be56c02c10 JavaThread "Unconstrained build operations Thread 37" [_thread_blocked, id=14248, stack(0x0000001456100000,0x0000001456200000)]
  0x000001be56c030e0 JavaThread "Unconstrained build operations Thread 38" [_thread_blocked, id=11632, stack(0x0000001456200000,0x0000001456300000)]
  0x000001be56c05760 JavaThread "Unconstrained build operations Thread 39" [_thread_blocked, id=11224, stack(0x0000001456300000,0x0000001456400000)]
  0x000001be56bffbf0 JavaThread "Unconstrained build operations Thread 40" [_thread_blocked, id=6660, stack(0x0000001456400000,0x0000001456500000)]
  0x000001be56c035b0 JavaThread "Unconstrained build operations Thread 41" [_thread_blocked, id=1544, stack(0x0000001456500000,0x0000001456600000)]
  0x000001be56c00f30 JavaThread "Unconstrained build operations Thread 42" [_thread_blocked, id=19624, stack(0x0000001456600000,0x0000001456700000)]
  0x000001be56c01da0 JavaThread "Unconstrained build operations Thread 43" [_thread_blocked, id=19384, stack(0x0000001456700000,0x0000001456800000)]
  0x000001be56b31ed0 JavaThread "Unconstrained build operations Thread 44" [_thread_blocked, id=13704, stack(0x0000001456800000,0x0000001456900000)]
  0x000001be56b32d40 JavaThread "Unconstrained build operations Thread 45" [_thread_blocked, id=10260, stack(0x0000001456900000,0x0000001456a00000)]
  0x000001be56b36bd0 JavaThread "Unconstrained build operations Thread 46" [_thread_blocked, id=18068, stack(0x0000001456a00000,0x0000001456b00000)]
  0x000001be56b32870 JavaThread "Unconstrained build operations Thread 47" [_thread_blocked, id=15292, stack(0x0000001456b00000,0x0000001456c00000)]
  0x000001be56b33210 JavaThread "Unconstrained build operations Thread 48" [_thread_blocked, id=5772, stack(0x0000001456c00000,0x0000001456d00000)]
  0x000001be56b370a0 JavaThread "Unconstrained build operations Thread 49" [_thread_blocked, id=23048, stack(0x0000001456d00000,0x0000001456e00000)]
  0x000001be56b336e0 JavaThread "Unconstrained build operations Thread 50" [_thread_blocked, id=20316, stack(0x0000001456e00000,0x0000001456f00000)]
  0x000001be56b323a0 JavaThread "Unconstrained build operations Thread 51" [_thread_blocked, id=11484, stack(0x0000001456f00000,0x0000001457000000)]
  0x000001be56b34a20 JavaThread "Unconstrained build operations Thread 52" [_thread_blocked, id=9868, stack(0x0000001457000000,0x0000001457100000)]
  0x000001be56b35890 JavaThread "Unconstrained build operations Thread 53" [_thread_blocked, id=14868, stack(0x0000001457100000,0x0000001457200000)]
  0x000001be56b34550 JavaThread "Unconstrained build operations Thread 54" [_thread_blocked, id=1060, stack(0x0000001457200000,0x0000001457300000)]
  0x000001be56b37570 JavaThread "Unconstrained build operations Thread 55" [_thread_blocked, id=21068, stack(0x0000001457300000,0x0000001457400000)]
  0x000001be56b34080 JavaThread "Unconstrained build operations Thread 56" [_thread_blocked, id=21168, stack(0x0000001457400000,0x0000001457500000)]
  0x000001be56b34ef0 JavaThread "Unconstrained build operations Thread 57" [_thread_blocked, id=12116, stack(0x0000001457500000,0x0000001457600000)]
  0x000001be56b36700 JavaThread "Unconstrained build operations Thread 58" [_thread_blocked, id=12888, stack(0x0000001457600000,0x0000001457700000)]
  0x000001be56b35d60 JavaThread "Unconstrained build operations Thread 59" [_thread_blocked, id=5672, stack(0x0000001457700000,0x0000001457800000)]
  0x000001be56b353c0 JavaThread "Unconstrained build operations Thread 60" [_thread_blocked, id=19760, stack(0x0000001457800000,0x0000001457900000)]
  0x000001be56b31a00 JavaThread "Unconstrained build operations Thread 61" [_thread_blocked, id=20036, stack(0x0000001457900000,0x0000001457a00000)]
  0x000001be56b33bb0 JavaThread "Unconstrained build operations Thread 62" [_thread_blocked, id=11564, stack(0x0000001457a00000,0x0000001457b00000)]
  0x000001be56b36230 JavaThread "Unconstrained build operations Thread 63" [_thread_blocked, id=14172, stack(0x0000001457b00000,0x0000001457c00000)]
  0x000001be56b37a40 JavaThread "Unconstrained build operations Thread 64" [_thread_blocked, id=21420, stack(0x0000001457c00000,0x0000001457d00000)]
  0x000001be56b37f10 JavaThread "Unconstrained build operations Thread 65" [_thread_blocked, id=11524, stack(0x0000001457d00000,0x0000001457e00000)]
  0x000001be56b383e0 JavaThread "Unconstrained build operations Thread 66" [_thread_blocked, id=1344, stack(0x0000001457e00000,0x0000001457f00000)]
  0x000001be56b388b0 JavaThread "Unconstrained build operations Thread 67" [_thread_blocked, id=10728, stack(0x0000001457f00000,0x0000001458000000)]
  0x000001be56b31060 JavaThread "Unconstrained build operations Thread 68" [_thread_blocked, id=3028, stack(0x0000001458000000,0x0000001458100000)]
  0x000001be56b31530 JavaThread "Unconstrained build operations Thread 69" [_thread_blocked, id=9128, stack(0x0000001458100000,0x0000001458200000)]
  0x000001be5b7c7560 JavaThread "Unconstrained build operations Thread 70" [_thread_blocked, id=5248, stack(0x0000001458200000,0x0000001458300000)]
  0x000001be5b7c4ee0 JavaThread "Unconstrained build operations Thread 71" [_thread_blocked, id=13756, stack(0x0000001458300000,0x0000001458400000)]
  0x000001be5b7c5880 JavaThread "Unconstrained build operations Thread 72" [_thread_blocked, id=8804, stack(0x0000001458400000,0x0000001458500000)]
  0x000001be5b7c4a10 JavaThread "Unconstrained build operations Thread 73" [_thread_blocked, id=13048, stack(0x0000001458500000,0x0000001458600000)]
  0x000001be5b7c6220 JavaThread "Unconstrained build operations Thread 74" [_thread_blocked, id=18380, stack(0x0000001458600000,0x0000001458700000)]
  0x000001be5b7c5d50 JavaThread "Unconstrained build operations Thread 75" [_thread_blocked, id=15248, stack(0x0000001458700000,0x0000001458800000)]
  0x000001be5b7c4540 JavaThread "Unconstrained build operations Thread 76" [_thread_blocked, id=23916, stack(0x0000001458800000,0x0000001458900000)]
  0x000001be5b7c53b0 JavaThread "Unconstrained build operations Thread 77" [_thread_blocked, id=18392, stack(0x0000001458900000,0x0000001458a00000)]
  0x000001be5b7c7090 JavaThread "Unconstrained build operations Thread 78" [_thread_blocked, id=4296, stack(0x0000001458a00000,0x0000001458b00000)]
  0x000001be5b7c66f0 JavaThread "Unconstrained build operations Thread 79" [_thread_blocked, id=21040, stack(0x0000001458b00000,0x0000001458c00000)]
  0x000001be5b7c3ba0 JavaThread "Unconstrained build operations Thread 80" [_thread_blocked, id=18224, stack(0x0000001458c00000,0x0000001458d00000)]
=>0x000001be548f1550 JavaThread "C2 CompilerThread2" daemon [_thread_in_native, id=7236, stack(0x0000001452800000,0x0000001452900000)]
  0x000001be5b4124d0 JavaThread "Memory manager" [_thread_blocked, id=10576, stack(0x0000001458d00000,0x0000001458e00000)]

Other Threads:
  0x000001be52aaec90 VMThread "VM Thread" [stack: 0x0000001450500000,0x0000001450600000] [id=11776]
  0x000001be38cafc70 WatcherThread [stack: 0x0000001451100000,0x0000001451200000] [id=20304]
  0x000001be38c84910 GCTaskThread "GC Thread#0" [stack: 0x0000001450000000,0x0000001450100000] [id=19864]
  0x000001be54720030 GCTaskThread "GC Thread#1" [stack: 0x0000001451400000,0x0000001451500000] [id=3740]
  0x000001be543a3ae0 GCTaskThread "GC Thread#2" [stack: 0x0000001451500000,0x0000001451600000] [id=18852]
  0x000001be543a3d90 GCTaskThread "GC Thread#3" [stack: 0x0000001451600000,0x0000001451700000] [id=11552]
  0x000001be53c17e90 GCTaskThread "GC Thread#4" [stack: 0x0000001451700000,0x0000001451800000] [id=7920]
  0x000001be541e1ac0 GCTaskThread "GC Thread#5" [stack: 0x0000001451800000,0x0000001451900000] [id=2900]
  0x000001be56667270 GCTaskThread "GC Thread#6" [stack: 0x0000001451300000,0x0000001451400000] [id=13420]
  0x000001be56858930 GCTaskThread "GC Thread#7" [stack: 0x0000001452500000,0x0000001452600000] [id=23212]
  0x000001be38c959b0 ConcurrentGCThread "G1 Main Marker" [stack: 0x0000001450100000,0x0000001450200000] [id=2176]
  0x000001be38c96b60 ConcurrentGCThread "G1 Conc#0" [stack: 0x0000001450200000,0x0000001450300000] [id=23240]
  0x000001be5668f240 ConcurrentGCThread "G1 Conc#1" [stack: 0x0000001452600000,0x0000001452700000] [id=21904]
  0x000001be38cedfa0 ConcurrentGCThread "G1 Refine#0" [stack: 0x0000001450300000,0x0000001450400000] [id=20644]
  0x000001be55cda030 ConcurrentGCThread "G1 Refine#1" [stack: 0x0000001453900000,0x0000001453a00000] [id=9592]
  0x000001be55cdabb0 ConcurrentGCThread "G1 Refine#2" [stack: 0x0000001453a00000,0x0000001453b00000] [id=1808]
  0x000001be38cee860 ConcurrentGCThread "G1 Service" [stack: 0x0000001450400000,0x0000001450500000] [id=18988]

Threads with active compile tasks:
C2 CompilerThread0    16371 7967 %     4       org.gradle.internal.instantiation.generator.AbstractClassGenerator::inspectType @ 77 (560 bytes)
C1 CompilerThread0    16371 7997       3       java.lang.invoke.MethodHandles$Lookup::newLookup (15 bytes)
C2 CompilerThread1    16371 7982       4       sun.reflect.generics.parser.SignatureParser::parsePackageNameAndSimpleClassTypeSignature (119 bytes)
C2 CompilerThread2    16371 7955       4       sun.reflect.generics.parser.SignatureParser::parseFieldTypeSignature (73 bytes)

VM state: not at safepoint (normal execution)

VM Mutex/Monitor currently owned by a thread: None

Heap address: 0x0000000080000000, size: 2048 MB, Compressed Oops mode: 32-bit

CDS archive(s) not mapped
Compressed class space mapped at: 0x0000000100000000-0x0000000140000000, reserved size: 1073741824
Narrow klass base: 0x0000000000000000, Narrow klass shift: 3, Narrow klass range: 0x140000000

GC Precious Log:
 CPUs: 8 total, 8 available
 Memory: 15963M
 Large Page Support: Disabled
 NUMA Support: Disabled
 Compressed Oops: Enabled (32-bit)
 Heap Region Size: 1M
 Heap Min Capacity: 8M
 Heap Initial Capacity: 250M
 Heap Max Capacity: 2G
 Pre-touch: Disabled
 Parallel Workers: 8
 Concurrent Workers: 2
 Concurrent Refinement Workers: 8
 Periodic GC: Disabled

Heap:
 garbage-first heap   total 225280K, used 168007K [0x0000000080000000, 0x0000000100000000)
  region size 1024K, 41 young (41984K), 4 survivors (4096K)
 Metaspace       used 77272K, committed 77952K, reserved 1122304K
  class space    used 10462K, committed 10816K, reserved 1048576K

Heap Regions: E=young(eden), S=young(survivor), O=old, HS=humongous(starts), HC=humongous(continues), CS=collection set, F=free, OA=open archive, CA=closed archive, TAMS=top-at-mark-start (previous, next)
|   0|0x0000000080000000, 0x0000000080100000, 0x0000000080100000|100%| O|  |TAMS 0x0000000080100000, 0x0000000080000000| Untracked 
|   1|0x0000000080100000, 0x0000000080200000, 0x0000000080200000|100%| O|  |TAMS 0x0000000080200000, 0x0000000080100000| Untracked 
|   2|0x0000000080200000, 0x0000000080300000, 0x0000000080300000|100%|HS|  |TAMS 0x0000000080300000, 0x0000000080200000| Complete 
|   3|0x0000000080300000, 0x0000000080400000, 0x0000000080400000|100%|HS|  |TAMS 0x0000000080400000, 0x0000000080300000| Complete 
|   4|0x0000000080400000, 0x0000000080500000, 0x0000000080500000|100%|HC|  |TAMS 0x0000000080500000, 0x0000000080400000| Complete 
|   5|0x0000000080500000, 0x0000000080600000, 0x0000000080600000|100%|HC|  |TAMS 0x0000000080600000, 0x0000000080500000| Complete 
|   6|0x0000000080600000, 0x0000000080700000, 0x0000000080700000|100%| O|  |TAMS 0x0000000080700000, 0x0000000080600000| Untracked 
|   7|0x0000000080700000, 0x0000000080800000, 0x0000000080800000|100%| O|  |TAMS 0x0000000080800000, 0x0000000080700000| Untracked 
|   8|0x0000000080800000, 0x0000000080900000, 0x0000000080900000|100%| O|  |TAMS 0x0000000080900000, 0x0000000080800000| Untracked 
|   9|0x0000000080900000, 0x0000000080a00000, 0x0000000080a00000|100%| O|  |TAMS 0x0000000080a00000, 0x0000000080900000| Untracked 
|  10|0x0000000080a00000, 0x0000000080b00000, 0x0000000080b00000|100%| O|  |TAMS 0x0000000080b00000, 0x0000000080a00000| Untracked 
|  11|0x0000000080b00000, 0x0000000080c00000, 0x0000000080c00000|100%| O|  |TAMS 0x0000000080c00000, 0x0000000080b00000| Untracked 
|  12|0x0000000080c00000, 0x0000000080d00000, 0x0000000080d00000|100%| O|  |TAMS 0x0000000080d00000, 0x0000000080c00000| Untracked 
|  13|0x0000000080d00000, 0x0000000080e00000, 0x0000000080e00000|100%| O|  |TAMS 0x0000000080e00000, 0x0000000080d00000| Untracked 
|  14|0x0000000080e00000, 0x0000000080effff8, 0x0000000080f00000| 99%| O|  |TAMS 0x0000000080effff8, 0x0000000080e00000| Untracked 
|  15|0x0000000080f00000, 0x0000000081000000, 0x0000000081000000|100%| O|  |TAMS 0x0000000081000000, 0x0000000080f00000| Untracked 
|  16|0x0000000081000000, 0x0000000081100000, 0x0000000081100000|100%| O|  |TAMS 0x0000000081100000, 0x0000000081000000| Untracked 
|  17|0x0000000081100000, 0x0000000081200000, 0x0000000081200000|100%| O|  |TAMS 0x0000000081200000, 0x0000000081100000| Untracked 
|  18|0x0000000081200000, 0x0000000081300000, 0x0000000081300000|100%| O|  |TAMS 0x0000000081300000, 0x0000000081200000| Untracked 
|  19|0x0000000081300000, 0x0000000081400000, 0x0000000081400000|100%| O|  |TAMS 0x0000000081400000, 0x0000000081300000| Untracked 
|  20|0x0000000081400000, 0x0000000081500000, 0x0000000081500000|100%|HS|  |TAMS 0x0000000081500000, 0x0000000081400000| Complete 
|  21|0x0000000081500000, 0x0000000081600000, 0x0000000081600000|100%|HC|  |TAMS 0x0000000081600000, 0x0000000081500000| Complete 
|  22|0x0000000081600000, 0x0000000081700000, 0x0000000081700000|100%|HS|  |TAMS 0x0000000081700000, 0x0000000081600000| Complete 
|  23|0x0000000081700000, 0x0000000081800000, 0x0000000081800000|100%|HC|  |TAMS 0x0000000081800000, 0x0000000081700000| Complete 
|  24|0x0000000081800000, 0x0000000081900000, 0x0000000081900000|100%|HC|  |TAMS 0x0000000081900000, 0x0000000081800000| Complete 
|  25|0x0000000081900000, 0x0000000081a00000, 0x0000000081a00000|100%|HS|  |TAMS 0x0000000081a00000, 0x0000000081900000| Complete 
|  26|0x0000000081a00000, 0x0000000081b00000, 0x0000000081b00000|100%|HC|  |TAMS 0x0000000081b00000, 0x0000000081a00000| Complete 
|  27|0x0000000081b00000, 0x0000000081c00000, 0x0000000081c00000|100%|HC|  |TAMS 0x0000000081c00000, 0x0000000081b00000| Complete 
|  28|0x0000000081c00000, 0x0000000081d00000, 0x0000000081d00000|100%|HS|  |TAMS 0x0000000081d00000, 0x0000000081c00000| Complete 
|  29|0x0000000081d00000, 0x0000000081e00000, 0x0000000081e00000|100%|HC|  |TAMS 0x0000000081e00000, 0x0000000081d00000| Complete 
|  30|0x0000000081e00000, 0x0000000081f00000, 0x0000000081f00000|100%|HS|  |TAMS 0x0000000081f00000, 0x0000000081e00000| Complete 
|  31|0x0000000081f00000, 0x0000000082000000, 0x0000000082000000|100%|HC|  |TAMS 0x0000000082000000, 0x0000000081f00000| Complete 
|  32|0x0000000082000000, 0x0000000082100000, 0x0000000082100000|100%|HC|  |TAMS 0x0000000082100000, 0x0000000082000000| Complete 
|  33|0x0000000082100000, 0x0000000082200000, 0x0000000082200000|100%|HC|  |TAMS 0x0000000082200000, 0x0000000082100000| Complete 
|  34|0x0000000082200000, 0x0000000082300000, 0x0000000082300000|100%|HC|  |TAMS 0x0000000082300000, 0x0000000082200000| Complete 
|  35|0x0000000082300000, 0x0000000082400000, 0x0000000082400000|100%|HC|  |TAMS 0x0000000082400000, 0x0000000082300000| Complete 
|  36|0x0000000082400000, 0x0000000082500000, 0x0000000082500000|100%| O|  |TAMS 0x0000000082500000, 0x0000000082400000| Untracked 
|  37|0x0000000082500000, 0x0000000082600000, 0x0000000082600000|100%| O|  |TAMS 0x0000000082600000, 0x0000000082500000| Untracked 
|  38|0x0000000082600000, 0x0000000082700000, 0x0000000082700000|100%| O|  |TAMS 0x0000000082700000, 0x0000000082600000| Untracked 
|  39|0x0000000082700000, 0x0000000082800000, 0x0000000082800000|100%|HS|  |TAMS 0x0000000082800000, 0x0000000082700000| Complete 
|  40|0x0000000082800000, 0x0000000082900000, 0x0000000082900000|100%|HC|  |TAMS 0x0000000082900000, 0x0000000082800000| Complete 
|  41|0x0000000082900000, 0x0000000082a00000, 0x0000000082a00000|100%|HC|  |TAMS 0x0000000082a00000, 0x0000000082900000| Complete 
|  42|0x0000000082a00000, 0x0000000082b00000, 0x0000000082b00000|100%|HC|  |TAMS 0x0000000082b00000, 0x0000000082a00000| Complete 
|  43|0x0000000082b00000, 0x0000000082c00000, 0x0000000082c00000|100%|HC|  |TAMS 0x0000000082c00000, 0x0000000082b00000| Complete 
|  44|0x0000000082c00000, 0x0000000082d00000, 0x0000000082d00000|100%|HC|  |TAMS 0x0000000082d00000, 0x0000000082c00000| Complete 
|  45|0x0000000082d00000, 0x0000000082e00000, 0x0000000082e00000|100%|HC|  |TAMS 0x0000000082e00000, 0x0000000082d00000| Complete 
|  46|0x0000000082e00000, 0x0000000082f00000, 0x0000000082f00000|100%|HC|  |TAMS 0x0000000082f00000, 0x0000000082e00000| Complete 
|  47|0x0000000082f00000, 0x0000000083000000, 0x0000000083000000|100%|HC|  |TAMS 0x0000000083000000, 0x0000000082f00000| Complete 
|  48|0x0000000083000000, 0x0000000083100000, 0x0000000083100000|100%|HC|  |TAMS 0x0000000083100000, 0x0000000083000000| Complete 
|  49|0x0000000083100000, 0x0000000083200000, 0x0000000083200000|100%|HS|  |TAMS 0x0000000083200000, 0x0000000083100000| Complete 
|  50|0x0000000083200000, 0x0000000083300000, 0x0000000083300000|100%|HC|  |TAMS 0x0000000083300000, 0x0000000083200000| Complete 
|  51|0x0000000083300000, 0x0000000083400000, 0x0000000083400000|100%| O|  |TAMS 0x0000000083400000, 0x0000000083300000| Untracked 
|  52|0x0000000083400000, 0x0000000083500000, 0x0000000083500000|100%| O|  |TAMS 0x0000000083500000, 0x0000000083400000| Untracked 
|  53|0x0000000083500000, 0x0000000083600000, 0x0000000083600000|100%| O|  |TAMS 0x0000000083600000, 0x0000000083500000| Untracked 
|  54|0x0000000083600000, 0x0000000083700000, 0x0000000083700000|100%| O|  |TAMS 0x0000000083700000, 0x0000000083600000| Untracked 
|  55|0x0000000083700000, 0x0000000083800000, 0x0000000083800000|100%|HS|  |TAMS 0x0000000083800000, 0x0000000083700000| Complete 
|  56|0x0000000083800000, 0x0000000083900000, 0x0000000083900000|100%| O|  |TAMS 0x0000000083900000, 0x0000000083800000| Untracked 
|  57|0x0000000083900000, 0x0000000083a00000, 0x0000000083a00000|100%| O|  |TAMS 0x0000000083a00000, 0x0000000083900000| Untracked 
|  58|0x0000000083a00000, 0x0000000083b00000, 0x0000000083b00000|100%|HS|  |TAMS 0x0000000083b00000, 0x0000000083a00000| Complete 
|  59|0x0000000083b00000, 0x0000000083c00000, 0x0000000083c00000|100%|HC|  |TAMS 0x0000000083c00000, 0x0000000083b00000| Complete 
|  60|0x0000000083c00000, 0x0000000083d00000, 0x0000000083d00000|100%|HC|  |TAMS 0x0000000083d00000, 0x0000000083c00000| Complete 
|  61|0x0000000083d00000, 0x0000000083e00000, 0x0000000083e00000|100%|HC|  |TAMS 0x0000000083e00000, 0x0000000083d00000| Complete 
|  62|0x0000000083e00000, 0x0000000083f00000, 0x0000000083f00000|100%|HC|  |TAMS 0x0000000083f00000, 0x0000000083e00000| Complete 
|  63|0x0000000083f00000, 0x0000000084000000, 0x0000000084000000|100%|HC|  |TAMS 0x0000000084000000, 0x0000000083f00000| Complete 
|  64|0x0000000084000000, 0x0000000084100000, 0x0000000084100000|100%|HC|  |TAMS 0x0000000084100000, 0x0000000084000000| Complete 
|  65|0x0000000084100000, 0x0000000084200000, 0x0000000084200000|100%|HC|  |TAMS 0x0000000084200000, 0x0000000084100000| Complete 
|  66|0x0000000084200000, 0x0000000084300000, 0x0000000084300000|100%|HC|  |TAMS 0x0000000084300000, 0x0000000084200000| Complete 
|  67|0x0000000084300000, 0x0000000084400000, 0x0000000084400000|100%|HC|  |TAMS 0x0000000084400000, 0x0000000084300000| Complete 
|  68|0x0000000084400000, 0x0000000084500000, 0x0000000084500000|100%|HC|  |TAMS 0x0000000084500000, 0x0000000084400000| Complete 
|  69|0x0000000084500000, 0x0000000084600000, 0x0000000084600000|100%|HS|  |TAMS 0x0000000084600000, 0x0000000084500000| Complete 
|  70|0x0000000084600000, 0x0000000084700000, 0x0000000084700000|100%|HC|  |TAMS 0x0000000084700000, 0x0000000084600000| Complete 
|  71|0x0000000084700000, 0x0000000084800000, 0x0000000084800000|100%| O|  |TAMS 0x0000000084800000, 0x0000000084700000| Untracked 
|  72|0x0000000084800000, 0x0000000084900000, 0x0000000084900000|100%| O|  |TAMS 0x0000000084900000, 0x0000000084800000| Untracked 
|  73|0x0000000084900000, 0x0000000084a00000, 0x0000000084a00000|100%| O|  |TAMS 0x0000000084a00000, 0x0000000084900000| Untracked 
|  74|0x0000000084a00000, 0x0000000084b00000, 0x0000000084b00000|100%| O|  |TAMS 0x0000000084b00000, 0x0000000084a00000| Untracked 
|  75|0x0000000084b00000, 0x0000000084c00000, 0x0000000084c00000|100%|HS|  |TAMS 0x0000000084c00000, 0x0000000084b00000| Complete 
|  76|0x0000000084c00000, 0x0000000084d00000, 0x0000000084d00000|100%|HC|  |TAMS 0x0000000084d00000, 0x0000000084c00000| Complete 
|  77|0x0000000084d00000, 0x0000000084e00000, 0x0000000084e00000|100%|HC|  |TAMS 0x0000000084e00000, 0x0000000084d00000| Complete 
|  78|0x0000000084e00000, 0x0000000084f00000, 0x0000000084f00000|100%|HS|  |TAMS 0x0000000084f00000, 0x0000000084e00000| Complete 
|  79|0x0000000084f00000, 0x0000000085000000, 0x0000000085000000|100%|HC|  |TAMS 0x0000000085000000, 0x0000000084f00000| Complete 
|  80|0x0000000085000000, 0x0000000085100000, 0x0000000085100000|100%|HS|  |TAMS 0x0000000085100000, 0x0000000085000000| Complete 
|  81|0x0000000085100000, 0x0000000085200000, 0x0000000085200000|100%|HC|  |TAMS 0x0000000085200000, 0x0000000085100000| Complete 
|  82|0x0000000085200000, 0x0000000085300000, 0x0000000085300000|100%|HC|  |TAMS 0x0000000085300000, 0x0000000085200000| Complete 
|  83|0x0000000085300000, 0x0000000085300000, 0x0000000085400000|  0%| F|  |TAMS 0x0000000085300000, 0x0000000085300000| Untracked 
|  84|0x0000000085400000, 0x0000000085500000, 0x0000000085500000|100%| O|  |TAMS 0x0000000085500000, 0x0000000085400000| Untracked 
|  85|0x0000000085500000, 0x0000000085600000, 0x0000000085600000|100%| O|  |TAMS 0x0000000085600000, 0x0000000085500000| Untracked 
|  86|0x0000000085600000, 0x0000000085700000, 0x0000000085700000|100%| O|  |TAMS 0x0000000085700000, 0x0000000085600000| Untracked 
|  87|0x0000000085700000, 0x0000000085800000, 0x0000000085800000|100%|HS|  |TAMS 0x0000000085800000, 0x0000000085700000| Complete 
|  88|0x0000000085800000, 0x0000000085900000, 0x0000000085900000|100%|HC|  |TAMS 0x0000000085900000, 0x0000000085800000| Complete 
|  89|0x0000000085900000, 0x0000000085a00000, 0x0000000085a00000|100%|HC|  |TAMS 0x0000000085a00000, 0x0000000085900000| Complete 
|  90|0x0000000085a00000, 0x0000000085b00000, 0x0000000085b00000|100%|HC|  |TAMS 0x0000000085b00000, 0x0000000085a00000| Complete 
|  91|0x0000000085b00000, 0x0000000085c00000, 0x0000000085c00000|100%|HC|  |TAMS 0x0000000085c00000, 0x0000000085b00000| Complete 
|  92|0x0000000085c00000, 0x0000000085d00000, 0x0000000085d00000|100%|HC|  |TAMS 0x0000000085d00000, 0x0000000085c00000| Complete 
|  93|0x0000000085d00000, 0x0000000085e00000, 0x0000000085e00000|100%| O|  |TAMS 0x0000000085e00000, 0x0000000085d00000| Untracked 
|  94|0x0000000085e00000, 0x0000000085f00000, 0x0000000085f00000|100%| O|  |TAMS 0x0000000085f00000, 0x0000000085e00000| Untracked 
|  95|0x0000000085f00000, 0x0000000086000000, 0x0000000086000000|100%| O|  |TAMS 0x0000000086000000, 0x0000000085f00000| Untracked 
|  96|0x0000000086000000, 0x0000000086100000, 0x0000000086100000|100%| O|  |TAMS 0x0000000086100000, 0x0000000086000000| Untracked 
|  97|0x0000000086100000, 0x0000000086200000, 0x0000000086200000|100%| O|  |TAMS 0x0000000086200000, 0x0000000086100000| Untracked 
|  98|0x0000000086200000, 0x0000000086300000, 0x0000000086300000|100%| O|  |TAMS 0x0000000086300000, 0x0000000086200000| Untracked 
|  99|0x0000000086300000, 0x0000000086400000, 0x0000000086400000|100%| O|  |TAMS 0x0000000086400000, 0x0000000086300000| Untracked 
| 100|0x0000000086400000, 0x0000000086500000, 0x0000000086500000|100%|HS|  |TAMS 0x0000000086500000, 0x0000000086400000| Complete 
| 101|0x0000000086500000, 0x0000000086600000, 0x0000000086600000|100%|HS|  |TAMS 0x0000000086600000, 0x0000000086500000| Complete 
| 102|0x0000000086600000, 0x0000000086700000, 0x0000000086700000|100%|HS|  |TAMS 0x0000000086700000, 0x0000000086600000| Complete 
| 103|0x0000000086700000, 0x0000000086800000, 0x0000000086800000|100%|HC|  |TAMS 0x0000000086800000, 0x0000000086700000| Complete 
| 104|0x0000000086800000, 0x0000000086900000, 0x0000000086900000|100%|HS|  |TAMS 0x0000000086900000, 0x0000000086800000| Complete 
| 105|0x0000000086900000, 0x0000000086a00000, 0x0000000086a00000|100%|HC|  |TAMS 0x0000000086a00000, 0x0000000086900000| Complete 
| 106|0x0000000086a00000, 0x0000000086b00000, 0x0000000086b00000|100%|HC|  |TAMS 0x0000000086b00000, 0x0000000086a00000| Complete 
| 107|0x0000000086b00000, 0x0000000086c00000, 0x0000000086c00000|100%|HC|  |TAMS 0x0000000086c00000, 0x0000000086b00000| Complete 
| 108|0x0000000086c00000, 0x0000000086d00000, 0x0000000086d00000|100%| O|  |TAMS 0x0000000086d00000, 0x0000000086c00000| Untracked 
| 109|0x0000000086d00000, 0x0000000086e00000, 0x0000000086e00000|100%| O|  |TAMS 0x0000000086e00000, 0x0000000086d00000| Untracked 
| 110|0x0000000086e00000, 0x0000000086f00000, 0x0000000086f00000|100%| O|  |TAMS 0x0000000086f00000, 0x0000000086e00000| Untracked 
| 111|0x0000000086f00000, 0x0000000087000000, 0x0000000087000000|100%| O|  |TAMS 0x0000000087000000, 0x0000000086f00000| Untracked 
| 112|0x0000000087000000, 0x0000000087100000, 0x0000000087100000|100%| O|  |TAMS 0x0000000087100000, 0x0000000087000000| Untracked 
| 113|0x0000000087100000, 0x0000000087200000, 0x0000000087200000|100%| O|  |TAMS 0x0000000087200000, 0x0000000087100000| Untracked 
| 114|0x0000000087200000, 0x0000000087300000, 0x0000000087300000|100%| O|  |TAMS 0x0000000087300000, 0x0000000087200000| Untracked 
| 115|0x0000000087300000, 0x0000000087400000, 0x0000000087400000|100%| O|  |TAMS 0x0000000087400000, 0x0000000087300000| Untracked 
| 116|0x0000000087400000, 0x0000000087500000, 0x0000000087500000|100%| O|  |TAMS 0x0000000087500000, 0x0000000087400000| Untracked 
| 117|0x0000000087500000, 0x0000000087600000, 0x0000000087600000|100%| O|  |TAMS 0x0000000087600000, 0x0000000087500000| Untracked 
| 118|0x0000000087600000, 0x0000000087700000, 0x0000000087700000|100%| O|  |TAMS 0x0000000087700000, 0x0000000087600000| Untracked 
| 119|0x0000000087700000, 0x0000000087800000, 0x0000000087800000|100%| O|  |TAMS 0x0000000087800000, 0x0000000087700000| Untracked 
| 120|0x0000000087800000, 0x0000000087900000, 0x0000000087900000|100%| O|  |TAMS 0x0000000087900000, 0x0000000087800000| Untracked 
| 121|0x0000000087900000, 0x0000000087a00000, 0x0000000087a00000|100%| O|  |TAMS 0x0000000087a00000, 0x0000000087900000| Untracked 
| 122|0x0000000087a00000, 0x0000000087b00000, 0x0000000087b00000|100%| O|  |TAMS 0x0000000087b00000, 0x0000000087a00000| Untracked 
| 123|0x0000000087b00000, 0x0000000087c00000, 0x0000000087c00000|100%| O|  |TAMS 0x0000000087c00000, 0x0000000087b00000| Untracked 
| 124|0x0000000087c00000, 0x0000000087d00000, 0x0000000087d00000|100%| O|  |TAMS 0x0000000087d00000, 0x0000000087c00000| Untracked 
| 125|0x0000000087d00000, 0x0000000087da4800, 0x0000000087e00000| 64%| O|  |TAMS 0x0000000087da4800, 0x0000000087d00000| Untracked 
| 126|0x0000000087e00000, 0x0000000087e00000, 0x0000000087f00000|  0%| F|  |TAMS 0x0000000087e00000, 0x0000000087e00000| Untracked 
| 127|0x0000000087f00000, 0x0000000087f00000, 0x0000000088000000|  0%| F|  |TAMS 0x0000000087f00000, 0x0000000087f00000| Untracked 
| 128|0x0000000088000000, 0x0000000088000000, 0x0000000088100000|  0%| F|  |TAMS 0x0000000088000000, 0x0000000088000000| Untracked 
| 129|0x0000000088100000, 0x0000000088100000, 0x0000000088200000|  0%| F|  |TAMS 0x0000000088100000, 0x0000000088100000| Untracked 
| 130|0x0000000088200000, 0x0000000088200000, 0x0000000088300000|  0%| F|  |TAMS 0x0000000088200000, 0x0000000088200000| Untracked 
| 131|0x0000000088300000, 0x0000000088300000, 0x0000000088400000|  0%| F|  |TAMS 0x0000000088300000, 0x0000000088300000| Untracked 
| 132|0x0000000088400000, 0x0000000088400000, 0x0000000088500000|  0%| F|  |TAMS 0x0000000088400000, 0x0000000088400000| Untracked 
| 133|0x0000000088500000, 0x0000000088500000, 0x0000000088600000|  0%| F|  |TAMS 0x0000000088500000, 0x0000000088500000| Untracked 
| 134|0x0000000088600000, 0x0000000088600000, 0x0000000088700000|  0%| F|  |TAMS 0x0000000088600000, 0x0000000088600000| Untracked 
| 135|0x0000000088700000, 0x0000000088700000, 0x0000000088800000|  0%| F|  |TAMS 0x0000000088700000, 0x0000000088700000| Untracked 
| 136|0x0000000088800000, 0x0000000088800000, 0x0000000088900000|  0%| F|  |TAMS 0x0000000088800000, 0x0000000088800000| Untracked 
| 137|0x0000000088900000, 0x0000000088900000, 0x0000000088a00000|  0%| F|  |TAMS 0x0000000088900000, 0x0000000088900000| Untracked 
| 138|0x0000000088a00000, 0x0000000088a00000, 0x0000000088b00000|  0%| F|  |TAMS 0x0000000088a00000, 0x0000000088a00000| Untracked 
| 139|0x0000000088b00000, 0x0000000088b00000, 0x0000000088c00000|  0%| F|  |TAMS 0x0000000088b00000, 0x0000000088b00000| Untracked 
| 140|0x0000000088c00000, 0x0000000088c00000, 0x0000000088d00000|  0%| F|  |TAMS 0x0000000088c00000, 0x0000000088c00000| Untracked 
| 141|0x0000000088d00000, 0x0000000088d00000, 0x0000000088e00000|  0%| F|  |TAMS 0x0000000088d00000, 0x0000000088d00000| Untracked 
| 142|0x0000000088e00000, 0x0000000088e00000, 0x0000000088f00000|  0%| F|  |TAMS 0x0000000088e00000, 0x0000000088e00000| Untracked 
| 143|0x0000000088f00000, 0x0000000088f00000, 0x0000000089000000|  0%| F|  |TAMS 0x0000000088f00000, 0x0000000088f00000| Untracked 
| 144|0x0000000089000000, 0x0000000089000000, 0x0000000089100000|  0%| F|  |TAMS 0x0000000089000000, 0x0000000089000000| Untracked 
| 145|0x0000000089100000, 0x0000000089100000, 0x0000000089200000|  0%| F|  |TAMS 0x0000000089100000, 0x0000000089100000| Untracked 
| 146|0x0000000089200000, 0x0000000089200000, 0x0000000089300000|  0%| F|  |TAMS 0x0000000089200000, 0x0000000089200000| Untracked 
| 147|0x0000000089300000, 0x0000000089300000, 0x0000000089400000|  0%| F|  |TAMS 0x0000000089300000, 0x0000000089300000| Untracked 
| 148|0x0000000089400000, 0x0000000089400000, 0x0000000089500000|  0%| F|  |TAMS 0x0000000089400000, 0x0000000089400000| Untracked 
| 149|0x0000000089500000, 0x0000000089500000, 0x0000000089600000|  0%| F|  |TAMS 0x0000000089500000, 0x0000000089500000| Untracked 
| 150|0x0000000089600000, 0x0000000089600000, 0x0000000089700000|  0%| F|  |TAMS 0x0000000089600000, 0x0000000089600000| Untracked 
| 151|0x0000000089700000, 0x0000000089700000, 0x0000000089800000|  0%| F|  |TAMS 0x0000000089700000, 0x0000000089700000| Untracked 
| 152|0x0000000089800000, 0x0000000089800000, 0x0000000089900000|  0%| F|  |TAMS 0x0000000089800000, 0x0000000089800000| Untracked 
| 153|0x0000000089900000, 0x0000000089900000, 0x0000000089a00000|  0%| F|  |TAMS 0x0000000089900000, 0x0000000089900000| Untracked 
| 154|0x0000000089a00000, 0x0000000089a00000, 0x0000000089b00000|  0%| F|  |TAMS 0x0000000089a00000, 0x0000000089a00000| Untracked 
| 155|0x0000000089b00000, 0x0000000089b00000, 0x0000000089c00000|  0%| F|  |TAMS 0x0000000089b00000, 0x0000000089b00000| Untracked 
| 156|0x0000000089c00000, 0x0000000089c00000, 0x0000000089d00000|  0%| F|  |TAMS 0x0000000089c00000, 0x0000000089c00000| Untracked 
| 157|0x0000000089d00000, 0x0000000089d00000, 0x0000000089e00000|  0%| F|  |TAMS 0x0000000089d00000, 0x0000000089d00000| Untracked 
| 158|0x0000000089e00000, 0x0000000089e00000, 0x0000000089f00000|  0%| F|  |TAMS 0x0000000089e00000, 0x0000000089e00000| Untracked 
| 159|0x0000000089f00000, 0x0000000089f00000, 0x000000008a000000|  0%| F|  |TAMS 0x0000000089f00000, 0x0000000089f00000| Untracked 
| 160|0x000000008a000000, 0x000000008a000000, 0x000000008a100000|  0%| F|  |TAMS 0x000000008a000000, 0x000000008a000000| Untracked 
| 161|0x000000008a100000, 0x000000008a100000, 0x000000008a200000|  0%| F|  |TAMS 0x000000008a100000, 0x000000008a100000| Untracked 
| 162|0x000000008a200000, 0x000000008a200000, 0x000000008a300000|  0%| F|  |TAMS 0x000000008a200000, 0x000000008a200000| Untracked 
| 163|0x000000008a300000, 0x000000008a300000, 0x000000008a400000|  0%| F|  |TAMS 0x000000008a300000, 0x000000008a300000| Untracked 
| 164|0x000000008a400000, 0x000000008a400000, 0x000000008a500000|  0%| F|  |TAMS 0x000000008a400000, 0x000000008a400000| Untracked 
| 165|0x000000008a500000, 0x000000008a500000, 0x000000008a600000|  0%| F|  |TAMS 0x000000008a500000, 0x000000008a500000| Untracked 
| 166|0x000000008a600000, 0x000000008a600000, 0x000000008a700000|  0%| F|  |TAMS 0x000000008a600000, 0x000000008a600000| Untracked 
| 167|0x000000008a700000, 0x000000008a76d4b0, 0x000000008a800000| 42%| S|CS|TAMS 0x000000008a700000, 0x000000008a700000| Complete 
| 168|0x000000008a800000, 0x000000008a900000, 0x000000008a900000|100%| S|CS|TAMS 0x000000008a800000, 0x000000008a800000| Complete 
| 169|0x000000008a900000, 0x000000008aa00000, 0x000000008aa00000|100%| S|CS|TAMS 0x000000008a900000, 0x000000008a900000| Complete 
| 170|0x000000008aa00000, 0x000000008ab00000, 0x000000008ab00000|100%| S|CS|TAMS 0x000000008aa00000, 0x000000008aa00000| Complete 
| 171|0x000000008ab00000, 0x000000008ab00000, 0x000000008ac00000|  0%| F|  |TAMS 0x000000008ab00000, 0x000000008ab00000| Untracked 
| 172|0x000000008ac00000, 0x000000008ac00000, 0x000000008ad00000|  0%| F|  |TAMS 0x000000008ac00000, 0x000000008ac00000| Untracked 
| 173|0x000000008ad00000, 0x000000008ad00000, 0x000000008ae00000|  0%| F|  |TAMS 0x000000008ad00000, 0x000000008ad00000| Untracked 
| 174|0x000000008ae00000, 0x000000008ae00000, 0x000000008af00000|  0%| F|  |TAMS 0x000000008ae00000, 0x000000008ae00000| Untracked 
| 175|0x000000008af00000, 0x000000008af00000, 0x000000008b000000|  0%| F|  |TAMS 0x000000008af00000, 0x000000008af00000| Untracked 
| 176|0x000000008b000000, 0x000000008b000000, 0x000000008b100000|  0%| F|  |TAMS 0x000000008b000000, 0x000000008b000000| Untracked 
| 177|0x000000008b100000, 0x000000008b100000, 0x000000008b200000|  0%| F|  |TAMS 0x000000008b100000, 0x000000008b100000| Untracked 
| 178|0x000000008b200000, 0x000000008b200000, 0x000000008b300000|  0%| F|  |TAMS 0x000000008b200000, 0x000000008b200000| Untracked 
| 179|0x000000008b300000, 0x000000008b300000, 0x000000008b400000|  0%| F|  |TAMS 0x000000008b300000, 0x000000008b300000| Untracked 
| 180|0x000000008b400000, 0x000000008b400000, 0x000000008b500000|  0%| F|  |TAMS 0x000000008b400000, 0x000000008b400000| Untracked 
| 181|0x000000008b500000, 0x000000008b500000, 0x000000008b600000|  0%| F|  |TAMS 0x000000008b500000, 0x000000008b500000| Untracked 
| 182|0x000000008b600000, 0x000000008b600000, 0x000000008b700000|  0%| F|  |TAMS 0x000000008b600000, 0x000000008b600000| Untracked 
| 183|0x000000008b700000, 0x000000008b700800, 0x000000008b800000|  0%| E|  |TAMS 0x000000008b700000, 0x000000008b700000| Complete 
| 184|0x000000008b800000, 0x000000008b900000, 0x000000008b900000|100%| E|CS|TAMS 0x000000008b800000, 0x000000008b800000| Complete 
| 185|0x000000008b900000, 0x000000008ba00000, 0x000000008ba00000|100%| E|CS|TAMS 0x000000008b900000, 0x000000008b900000| Complete 
| 186|0x000000008ba00000, 0x000000008bb00000, 0x000000008bb00000|100%| E|CS|TAMS 0x000000008ba00000, 0x000000008ba00000| Complete 
| 187|0x000000008bb00000, 0x000000008bc00000, 0x000000008bc00000|100%| E|CS|TAMS 0x000000008bb00000, 0x000000008bb00000| Complete 
| 188|0x000000008bc00000, 0x000000008bd00000, 0x000000008bd00000|100%| E|CS|TAMS 0x000000008bc00000, 0x000000008bc00000| Complete 
| 189|0x000000008bd00000, 0x000000008be00000, 0x000000008be00000|100%| E|CS|TAMS 0x000000008bd00000, 0x000000008bd00000| Complete 
| 190|0x000000008be00000, 0x000000008bf00000, 0x000000008bf00000|100%| E|CS|TAMS 0x000000008be00000, 0x000000008be00000| Complete 
| 191|0x000000008bf00000, 0x000000008c000000, 0x000000008c000000|100%| E|CS|TAMS 0x000000008bf00000, 0x000000008bf00000| Complete 
| 192|0x000000008c000000, 0x000000008c100000, 0x000000008c100000|100%| E|CS|TAMS 0x000000008c000000, 0x000000008c000000| Complete 
| 193|0x000000008c100000, 0x000000008c200000, 0x000000008c200000|100%| E|CS|TAMS 0x000000008c100000, 0x000000008c100000| Complete 
| 194|0x000000008c200000, 0x000000008c300000, 0x000000008c300000|100%| E|CS|TAMS 0x000000008c200000, 0x000000008c200000| Complete 
| 195|0x000000008c300000, 0x000000008c400000, 0x000000008c400000|100%| E|CS|TAMS 0x000000008c300000, 0x000000008c300000| Complete 
| 196|0x000000008c400000, 0x000000008c500000, 0x000000008c500000|100%| E|CS|TAMS 0x000000008c400000, 0x000000008c400000| Complete 
| 197|0x000000008c500000, 0x000000008c600000, 0x000000008c600000|100%| E|CS|TAMS 0x000000008c500000, 0x000000008c500000| Complete 
| 198|0x000000008c600000, 0x000000008c700000, 0x000000008c700000|100%| E|CS|TAMS 0x000000008c600000, 0x000000008c600000| Complete 
| 199|0x000000008c700000, 0x000000008c800000, 0x000000008c800000|100%| E|CS|TAMS 0x000000008c700000, 0x000000008c700000| Complete 
| 200|0x000000008c800000, 0x000000008c900000, 0x000000008c900000|100%| E|CS|TAMS 0x000000008c800000, 0x000000008c800000| Complete 
| 201|0x000000008c900000, 0x000000008ca00000, 0x000000008ca00000|100%| E|CS|TAMS 0x000000008c900000, 0x000000008c900000| Complete 
| 202|0x000000008ca00000, 0x000000008cb00000, 0x000000008cb00000|100%| E|CS|TAMS 0x000000008ca00000, 0x000000008ca00000| Complete 
| 203|0x000000008cb00000, 0x000000008cc00000, 0x000000008cc00000|100%| E|CS|TAMS 0x000000008cb00000, 0x000000008cb00000| Complete 
| 204|0x000000008cc00000, 0x000000008cd00000, 0x000000008cd00000|100%| E|CS|TAMS 0x000000008cc00000, 0x000000008cc00000| Complete 
| 205|0x000000008cd00000, 0x000000008ce00000, 0x000000008ce00000|100%| E|CS|TAMS 0x000000008cd00000, 0x000000008cd00000| Complete 
| 206|0x000000008ce00000, 0x000000008cf00000, 0x000000008cf00000|100%| E|CS|TAMS 0x000000008ce00000, 0x000000008ce00000| Complete 
| 207|0x000000008cf00000, 0x000000008d000000, 0x000000008d000000|100%| E|CS|TAMS 0x000000008cf00000, 0x000000008cf00000| Complete 
| 208|0x000000008d000000, 0x000000008d100000, 0x000000008d100000|100%| E|CS|TAMS 0x000000008d000000, 0x000000008d000000| Complete 
| 209|0x000000008d100000, 0x000000008d200000, 0x000000008d200000|100%| E|CS|TAMS 0x000000008d100000, 0x000000008d100000| Complete 
| 210|0x000000008d200000, 0x000000008d300000, 0x000000008d300000|100%| E|CS|TAMS 0x000000008d200000, 0x000000008d200000| Complete 
| 211|0x000000008d300000, 0x000000008d400000, 0x000000008d400000|100%| E|CS|TAMS 0x000000008d300000, 0x000000008d300000| Complete 
| 212|0x000000008d400000, 0x000000008d500000, 0x000000008d500000|100%| E|CS|TAMS 0x000000008d400000, 0x000000008d400000| Complete 
| 213|0x000000008d500000, 0x000000008d600000, 0x000000008d600000|100%| E|CS|TAMS 0x000000008d500000, 0x000000008d500000| Complete 
| 214|0x000000008d600000, 0x000000008d700000, 0x000000008d700000|100%| E|CS|TAMS 0x000000008d600000, 0x000000008d600000| Complete 
| 215|0x000000008d700000, 0x000000008d800000, 0x000000008d800000|100%| E|CS|TAMS 0x000000008d700000, 0x000000008d700000| Complete 
| 216|0x000000008d800000, 0x000000008d900000, 0x000000008d900000|100%| E|CS|TAMS 0x000000008d800000, 0x000000008d800000| Complete 
| 217|0x000000008d900000, 0x000000008da00000, 0x000000008da00000|100%| E|CS|TAMS 0x000000008d900000, 0x000000008d900000| Complete 
| 218|0x000000008da00000, 0x000000008db00000, 0x000000008db00000|100%| E|CS|TAMS 0x000000008da00000, 0x000000008da00000| Complete 
| 249|0x000000008f900000, 0x000000008fa00000, 0x000000008fa00000|100%| E|CS|TAMS 0x000000008f900000, 0x000000008f900000| Complete 

Card table byte_map: [0x000001be4b830000,0x000001be4bc30000] _byte_map_base: 0x000001be4b430000

Marking Bits (Prev, Next): (CMBitMap*) 0x000001be38c84f60, (CMBitMap*) 0x000001be38c84f20
 Prev Bits: [0x000001be4e030000, 0x000001be50030000)
 Next Bits: [0x000001be4c030000, 0x000001be4e030000)

Polling page: 0x000001be36bd0000

Metaspace:

Usage:
  Non-class:     65.24 MB used.
      Class:     10.22 MB used.
       Both:     75.46 MB used.

Virtual space:
  Non-class space:       72.00 MB reserved,      65.56 MB ( 91%) committed,  9 nodes.
      Class space:        1.00 GB reserved,      10.56 MB (  1%) committed,  1 nodes.
             Both:        1.07 GB reserved,      76.12 MB (  7%) committed. 

Chunk freelists:
   Non-Class:  1.88 MB
       Class:  1.42 MB
        Both:  3.30 MB

MaxMetaspaceSize: unlimited
CompressedClassSpaceSize: 1.00 GB
Initial GC threshold: 21.00 MB
Current GC threshold: 120.31 MB
CDS: off
MetaspaceReclaimPolicy: balanced
 - commit_granule_bytes: 65536.
 - commit_granule_words: 8192.
 - virtual_space_node_default_size: 1048576.
 - enlarge_chunks_in_place: 1.
 - new_chunks_are_fully_committed: 0.
 - uncommit_free_chunks: 1.
 - use_allocation_guard: 0.
 - handle_deallocations: 1.


Internal statistics:

num_allocs_failed_limit: 3.
num_arena_births: 714.
num_arena_deaths: 0.
num_vsnodes_births: 10.
num_vsnodes_deaths: 0.
num_space_committed: 1218.
num_space_uncommitted: 0.
num_chunks_returned_to_freelist: 3.
num_chunks_taken_from_freelist: 3423.
num_chunk_merges: 3.
num_chunk_splits: 2270.
num_chunks_enlarged: 1541.
num_purges: 0.
num_inconsistent_stats: 0.

CodeHeap 'non-profiled nmethods': size=120000Kb used=4693Kb max_used=4693Kb free=115306Kb
 bounds [0x000001be43bc0000, 0x000001be44060000, 0x000001be4b0f0000]
CodeHeap 'profiled nmethods': size=120000Kb used=14208Kb max_used=14208Kb free=105791Kb
 bounds [0x000001be3c0f0000, 0x000001be3cee0000, 0x000001be43620000]
CodeHeap 'non-nmethods': size=5760Kb used=2379Kb max_used=2432Kb free=3380Kb
 bounds [0x000001be43620000, 0x000001be43890000, 0x000001be43bc0000]
 total_blobs=8138 nmethods=7240 adapters=810
 compilation: enabled
              stopped_count=0, restarted_count=0
 full_count=0

Compilation events (20 events):
Event: 16.201 Thread 0x000001be534895b0 7984       3       java.lang.invoke.MethodHandles::privateLookupIn (333 bytes)
Event: 16.206 Thread 0x000001be534895b0 nmethod 7984 0x000001be3cec3f90 code [0x000001be3cec45e0, 0x000001be3cec7278]
Event: 16.206 Thread 0x000001be534895b0 7985       3       jdk.proxy1.$Proxy13::<init> (6 bytes)
Event: 16.207 Thread 0x000001be534895b0 nmethod 7985 0x000001be3cec8310 code [0x000001be3cec84e0, 0x000001be3cec8868]
Event: 16.214 Thread 0x000001be534895b0 7986       3       sun.reflect.generics.parser.SignatureParser::parseFormalTypeParameters (119 bytes)
Event: 16.217 Thread 0x000001be534895b0 nmethod 7986 0x000001be3cec8a10 code [0x000001be3cec8da0, 0x000001be3ceca438]
Event: 16.220 Thread 0x000001be534895b0 7987       3       java.lang.invoke.MethodHandles$Lookup::checkUnprivilegedlookupClass (38 bytes)
Event: 16.221 Thread 0x000001be534895b0 nmethod 7987 0x000001be3cecac90 code [0x000001be3cecaf20, 0x000001be3cecb888]
Event: 16.272 Thread 0x000001be534895b0 7990       3       org.gradle.internal.reflect.ClassInspector::visitGraph (98 bytes)
Event: 16.275 Thread 0x000001be534895b0 nmethod 7990 0x000001be3cecbc10 code [0x000001be3cecbf40, 0x000001be3cecd3a8]
Event: 16.275 Thread 0x000001be534895b0 7992       3       java.lang.Class::getFactory (9 bytes)
Event: 16.275 Thread 0x000001be534895b0 nmethod 7992 0x000001be3cecdb90 code [0x000001be3cecdd60, 0x000001be3cece2b8]
Event: 16.276 Thread 0x000001be534895b0 7993       3       org.objectweb.asm.AnnotationVisitor::<init> (94 bytes)
Event: 16.278 Thread 0x000001be534895b0 nmethod 7993 0x000001be3cece490 code [0x000001be3cece6e0, 0x000001be3cecefe8]
Event: 16.286 Thread 0x000001be534895b0 7994       3       org.gradle.internal.snapshot.impl.IsolatedImmutableManagedValue::equals (6 bytes)
Event: 16.286 Thread 0x000001be534895b0 nmethod 7994 0x000001be3cecf290 code [0x000001be3cecf420, 0x000001be3cecf568]
Event: 16.286 Thread 0x000001be534895b0 7995       3       org.gradle.api.internal.artifacts.configurations.DefaultConfiguration_Decorated::setCanBeConsumed (12 bytes)
Event: 16.287 Thread 0x000001be534895b0 nmethod 7995 0x000001be3cecf610 code [0x000001be3cecf7e0, 0x000001be3cecfb58]
Event: 16.287 Thread 0x000001be534895b0 7996       3       org.gradle.api.internal.artifacts.configurations.DefaultConfiguration::setCanBeConsumed (13 bytes)
Event: 16.288 Thread 0x000001be534895b0 nmethod 7996 0x000001be3cecfd10 code [0x000001be3cecfee0, 0x000001be3ced01f8]

GC Heap History (20 events):
Event: 8.758 GC heap before
{Heap before GC invocations=20 (full 0):
 garbage-first heap   total 179200K, used 132998K [0x0000000080000000, 0x0000000100000000)
  region size 1024K, 35 young (35840K), 4 survivors (4096K)
 Metaspace       used 53741K, committed 54336K, reserved 1097728K
  class space    used 7155K, committed 7424K, reserved 1048576K
}
Event: 8.767 GC heap after
{Heap after GC invocations=21 (full 0):
 garbage-first heap   total 179200K, used 103889K [0x0000000080000000, 0x0000000100000000)
  region size 1024K, 2 young (2048K), 2 survivors (2048K)
 Metaspace       used 53741K, committed 54336K, reserved 1097728K
  class space    used 7155K, committed 7424K, reserved 1048576K
}
Event: 8.922 GC heap before
{Heap before GC invocations=22 (full 0):
 garbage-first heap   total 186368K, used 112081K [0x0000000080000000, 0x0000000100000000)
  region size 1024K, 8 young (8192K), 2 survivors (2048K)
 Metaspace       used 53895K, committed 54464K, reserved 1097728K
  class space    used 7173K, committed 7424K, reserved 1048576K
}
Event: 8.927 GC heap after
{Heap after GC invocations=23 (full 0):
 garbage-first heap   total 186368K, used 111191K [0x0000000080000000, 0x0000000100000000)
  region size 1024K, 5 young (5120K), 5 survivors (5120K)
 Metaspace       used 53895K, committed 54464K, reserved 1097728K
  class space    used 7173K, committed 7424K, reserved 1048576K
}
Event: 9.706 GC heap before
{Heap before GC invocations=24 (full 0):
 garbage-first heap   total 198656K, used 140887K [0x0000000080000000, 0x0000000100000000)
  region size 1024K, 30 young (30720K), 5 survivors (5120K)
 Metaspace       used 56862K, committed 57472K, reserved 1105920K
  class space    used 7584K, committed 7872K, reserved 1048576K
}
Event: 9.712 GC heap after
{Heap after GC invocations=25 (full 0):
 garbage-first heap   total 198656K, used 119409K [0x0000000080000000, 0x0000000100000000)
  region size 1024K, 4 young (4096K), 4 survivors (4096K)
 Metaspace       used 56862K, committed 57472K, reserved 1105920K
  class space    used 7584K, committed 7872K, reserved 1048576K
}
Event: 10.842 GC heap before
{Heap before GC invocations=25 (full 0):
 garbage-first heap   total 198656K, used 147057K [0x0000000080000000, 0x0000000100000000)
  region size 1024K, 32 young (32768K), 4 survivors (4096K)
 Metaspace       used 61889K, committed 62464K, reserved 1105920K
  class space    used 8237K, committed 8512K, reserved 1048576K
}
Event: 10.850 GC heap after
{Heap after GC invocations=26 (full 0):
 garbage-first heap   total 198656K, used 120667K [0x0000000080000000, 0x0000000100000000)
  region size 1024K, 2 young (2048K), 2 survivors (2048K)
 Metaspace       used 61889K, committed 62464K, reserved 1105920K
  class space    used 8237K, committed 8512K, reserved 1048576K
}
Event: 11.925 GC heap before
{Heap before GC invocations=27 (full 0):
 garbage-first heap   total 208896K, used 156507K [0x0000000080000000, 0x0000000100000000)
  region size 1024K, 31 young (31744K), 2 survivors (2048K)
 Metaspace       used 64782K, committed 65472K, reserved 1105920K
  class space    used 8607K, committed 8896K, reserved 1048576K
}
Event: 11.935 GC heap after
{Heap after GC invocations=28 (full 0):
 garbage-first heap   total 208896K, used 124404K [0x0000000080000000, 0x0000000100000000)
  region size 1024K, 4 young (4096K), 4 survivors (4096K)
 Metaspace       used 64782K, committed 65472K, reserved 1105920K
  class space    used 8607K, committed 8896K, reserved 1048576K
}
Event: 12.156 GC heap before
{Heap before GC invocations=28 (full 0):
 garbage-first heap   total 208896K, used 130548K [0x0000000080000000, 0x0000000100000000)
  region size 1024K, 10 young (10240K), 4 survivors (4096K)
 Metaspace       used 65473K, committed 66112K, reserved 1114112K
  class space    used 8698K, committed 8960K, reserved 1048576K
}
Event: 12.164 GC heap after
{Heap after GC invocations=29 (full 0):
 garbage-first heap   total 208896K, used 124645K [0x0000000080000000, 0x0000000100000000)
  region size 1024K, 1 young (1024K), 1 survivors (1024K)
 Metaspace       used 65473K, committed 66112K, reserved 1114112K
  class space    used 8698K, committed 8960K, reserved 1048576K
}
Event: 12.812 GC heap before
{Heap before GC invocations=29 (full 0):
 garbage-first heap   total 208896K, used 147173K [0x0000000080000000, 0x0000000100000000)
  region size 1024K, 24 young (24576K), 1 survivors (1024K)
 Metaspace       used 67364K, committed 68032K, reserved 1114112K
  class space    used 8916K, committed 9216K, reserved 1048576K
}
Event: 12.817 GC heap after
{Heap after GC invocations=30 (full 0):
 garbage-first heap   total 208896K, used 126076K [0x0000000080000000, 0x0000000100000000)
  region size 1024K, 3 young (3072K), 3 survivors (3072K)
 Metaspace       used 67364K, committed 68032K, reserved 1114112K
  class space    used 8916K, committed 9216K, reserved 1048576K
}
Event: 13.996 GC heap before
{Heap before GC invocations=31 (full 0):
 garbage-first heap   total 219136K, used 163964K [0x0000000080000000, 0x0000000100000000)
  region size 1024K, 39 young (39936K), 3 survivors (3072K)
 Metaspace       used 70765K, committed 71488K, reserved 1114112K
  class space    used 9386K, committed 9728K, reserved 1048576K
}
Event: 14.007 GC heap after
{Heap after GC invocations=32 (full 0):
 garbage-first heap   total 219136K, used 128321K [0x0000000080000000, 0x0000000100000000)
  region size 1024K, 5 young (5120K), 5 survivors (5120K)
 Metaspace       used 70765K, committed 71488K, reserved 1114112K
  class space    used 9386K, committed 9728K, reserved 1048576K
}
Event: 14.095 GC heap before
{Heap before GC invocations=32 (full 0):
 garbage-first heap   total 219136K, used 133441K [0x0000000080000000, 0x0000000100000000)
  region size 1024K, 10 young (10240K), 5 survivors (5120K)
 Metaspace       used 70779K, committed 71488K, reserved 1114112K
  class space    used 9387K, committed 9728K, reserved 1048576K
}
Event: 14.113 GC heap after
{Heap after GC invocations=33 (full 0):
 garbage-first heap   total 219136K, used 128379K [0x0000000080000000, 0x0000000100000000)
  region size 1024K, 1 young (1024K), 1 survivors (1024K)
 Metaspace       used 70779K, committed 71488K, reserved 1114112K
  class space    used 9387K, committed 9728K, reserved 1048576K
}
Event: 15.074 GC heap before
{Heap before GC invocations=33 (full 0):
 garbage-first heap   total 219136K, used 171387K [0x0000000080000000, 0x0000000100000000)
  region size 1024K, 43 young (44032K), 1 survivors (1024K)
 Metaspace       used 72973K, committed 73600K, reserved 1114112K
  class space    used 9679K, committed 9984K, reserved 1048576K
}
Event: 15.082 GC heap after
{Heap after GC invocations=34 (full 0):
 garbage-first heap   total 219136K, used 131143K [0x0000000080000000, 0x0000000100000000)
  region size 1024K, 4 young (4096K), 4 survivors (4096K)
 Metaspace       used 72973K, committed 73600K, reserved 1114112K
  class space    used 9679K, committed 9984K, reserved 1048576K
}

Dll operation events (2 events):
Event: 0.012 Loaded shared library C:\Program Files\Android\Android Studio\jbr\bin\java.dll
Event: 0.746 Loaded shared library C:\Program Files\Android\Android Studio\jbr\bin\verify.dll

Deoptimization events (20 events):
Event: 14.400 Thread 0x000001be539e6a60 Uncommon trap: trap_request=0xfffffff4 fr.pc=0x000001be43fe6b30 relative=0x0000000000000ab0
Event: 14.400 Thread 0x000001be539e6a60 Uncommon trap: reason=null_check action=make_not_entrant pc=0x000001be43fe6b30 method=com.sun.beans.introspect.MethodInfo$MethodOrder.compare(Ljava/lang/reflect/Method;Ljava/lang/reflect/Method;)I @ 145 c2
Event: 14.400 Thread 0x000001be539e6a60 DEOPT PACKING pc=0x000001be43fe6b30 sp=0x0000001451ff3180
Event: 14.400 Thread 0x000001be539e6a60 DEOPT UNPACKING pc=0x000001be4367a1a3 sp=0x0000001451ff3120 mode 2
Event: 14.940 Thread 0x000001be539e6a60 DEOPT PACKING pc=0x000001be3cb9c713 sp=0x0000001451ff7d10
Event: 14.940 Thread 0x000001be539e6a60 DEOPT UNPACKING pc=0x000001be4367ace3 sp=0x0000001451ff72b0 mode 0
Event: 15.462 Thread 0x000001be539e6a60 Uncommon trap: trap_request=0xffffff45 fr.pc=0x000001be43fbd000 relative=0x00000000000001e0
Event: 15.462 Thread 0x000001be539e6a60 Uncommon trap: reason=unstable_if action=reinterpret pc=0x000001be43fbd000 method=java.io.WinNTFileSystem.prefixLength(Ljava/lang/String;)I @ 11 c2
Event: 15.462 Thread 0x000001be539e6a60 DEOPT PACKING pc=0x000001be43fbd000 sp=0x0000001451ff8610
Event: 15.462 Thread 0x000001be539e6a60 DEOPT UNPACKING pc=0x000001be4367a1a3 sp=0x0000001451ff85a0 mode 2
Event: 15.676 Thread 0x000001be539e6a60 DEOPT PACKING pc=0x000001be3cd807f5 sp=0x0000001451ff7d10
Event: 15.676 Thread 0x000001be539e6a60 DEOPT UNPACKING pc=0x000001be4367ace3 sp=0x0000001451ff7238 mode 0
Event: 15.739 Thread 0x000001be539e6a60 DEOPT PACKING pc=0x000001be3cd8084e sp=0x0000001451ff8460
Event: 15.739 Thread 0x000001be539e6a60 DEOPT UNPACKING pc=0x000001be4367ace3 sp=0x0000001451ff7988 mode 0
Event: 15.741 Thread 0x000001be539e6a60 DEOPT PACKING pc=0x000001be3cd8084e sp=0x0000001451ff7cc0
Event: 15.742 Thread 0x000001be539e6a60 DEOPT UNPACKING pc=0x000001be4367ace3 sp=0x0000001451ff71e8 mode 0
Event: 16.169 Thread 0x000001be539e6a60 Uncommon trap: trap_request=0xffffffde fr.pc=0x000001be44009724 relative=0x0000000000002824
Event: 16.169 Thread 0x000001be539e6a60 Uncommon trap: reason=class_check action=maybe_recompile pc=0x000001be44009724 method=org.gradle.internal.instantiation.generator.AbstractClassGenerator$InjectionAnnotationValidator.validateMethod(Ljava/lang/reflect/Method;Lorg/gradle/internal/reflect/Pro
Event: 16.169 Thread 0x000001be539e6a60 DEOPT PACKING pc=0x000001be44009724 sp=0x0000001451ff7c70
Event: 16.169 Thread 0x000001be539e6a60 DEOPT UNPACKING pc=0x000001be4367a1a3 sp=0x0000001451ff7c88 mode 2

Classes unloaded (0 events):
No events

Classes redefined (0 events):
No events

Internal exceptions (20 events):
Event: 14.444 Thread 0x000001be539e6a60 Exception <a 'java/lang/ClassNotFoundException'{0x000000008be7e958}: com/android/build/gradle/internal/CompileOptionsBeanInfo> (0x000000008be7e958) 
thrown [s\src\hotspot\share\classfile\systemDictionary.cpp, line 256]
Event: 14.445 Thread 0x000001be539e6a60 Exception <a 'java/lang/ClassNotFoundException'{0x000000008be8b0b8}: com/android/build/gradle/internal/CompileOptionsCustomizer> (0x000000008be8b0b8) 
thrown [s\src\hotspot\share\classfile\systemDictionary.cpp, line 256]
Event: 14.447 Thread 0x000001be539e6a60 Exception <a 'java/lang/ClassNotFoundException'{0x000000008bea3d20}: com/android/build/gradle/internal/CompileOptions$AgpDecoratedCustomizer> (0x000000008bea3d20) 
thrown [s\src\hotspot\share\classfile\systemDictionary.cpp, line 256]
Event: 14.448 Thread 0x000001be539e6a60 Exception <a 'java/lang/ClassNotFoundException'{0x000000008bebf6c8}: com/android/build/gradle/internal/CompileOptions$AgpDecorated_DecoratedCustomizer> (0x000000008bebf6c8) 
thrown [s\src\hotspot\share\classfile\systemDictionary.cpp, line 256]
Event: 14.481 Thread 0x000001be539e6a60 Exception <a 'java/lang/ClassNotFoundException'{0x000000008bdfa4c8}: org/jetbrains/kotlin/gradle/dsl/KotlinJvmOptionsImplBeanInfo> (0x000000008bdfa4c8) 
thrown [s\src\hotspot\share\classfile\systemDictionary.cpp, line 256]
Event: 14.482 Thread 0x000001be539e6a60 Exception <a 'java/lang/ClassNotFoundException'{0x000000008bc06e98}: org/jetbrains/kotlin/gradle/dsl/KotlinJvmOptionsBaseBeanInfo> (0x000000008bc06e98) 
thrown [s\src\hotspot\share\classfile\systemDictionary.cpp, line 256]
Event: 14.483 Thread 0x000001be539e6a60 Exception <a 'java/lang/ClassNotFoundException'{0x000000008bc13358}: org/jetbrains/kotlin/gradle/dsl/KotlinJvmOptionsBaseCustomizer> (0x000000008bc13358) 
thrown [s\src\hotspot\share\classfile\systemDictionary.cpp, line 256]
Event: 14.485 Thread 0x000001be539e6a60 Exception <a 'java/lang/ClassNotFoundException'{0x000000008bc327c8}: org/jetbrains/kotlin/gradle/dsl/KotlinJvmOptionsImplCustomizer> (0x000000008bc327c8) 
thrown [s\src\hotspot\share\classfile\systemDictionary.cpp, line 256]
Event: 14.496 Thread 0x000001be539e6a60 Exception <a 'java/lang/ClassNotFoundException'{0x000000008bc961d0}: com/android/build/gradle/internal/dsl/ApplicationBuildFeaturesImpl_DecoratedBeanInfo> (0x000000008bc961d0) 
thrown [s\src\hotspot\share\classfile\systemDictionary.cpp, line 256]
Event: 14.497 Thread 0x000001be539e6a60 Exception <a 'java/lang/ClassNotFoundException'{0x000000008bca2958}: com/android/build/gradle/internal/dsl/ApplicationBuildFeaturesImplBeanInfo> (0x000000008bca2958) 
thrown [s\src\hotspot\share\classfile\systemDictionary.cpp, line 256]
Event: 14.498 Thread 0x000001be539e6a60 Exception <a 'java/lang/ClassNotFoundException'{0x000000008bcaf220}: com/android/build/gradle/internal/dsl/BuildFeaturesImplBeanInfo> (0x000000008bcaf220) 
thrown [s\src\hotspot\share\classfile\systemDictionary.cpp, line 256]
Event: 14.499 Thread 0x000001be539e6a60 Exception <a 'java/lang/ClassNotFoundException'{0x000000008bcbb858}: com/android/build/gradle/internal/dsl/BuildFeaturesImplCustomizer> (0x000000008bcbb858) 
thrown [s\src\hotspot\share\classfile\systemDictionary.cpp, line 256]
Event: 14.501 Thread 0x000001be539e6a60 Exception <a 'java/lang/ClassNotFoundException'{0x000000008bcd3ae0}: com/android/build/gradle/internal/dsl/ApplicationBuildFeaturesImplCustomizer> (0x000000008bcd3ae0) 
thrown [s\src\hotspot\share\classfile\systemDictionary.cpp, line 256]
Event: 14.503 Thread 0x000001be539e6a60 Exception <a 'java/lang/ClassNotFoundException'{0x000000008bce6290}: com/android/build/gradle/internal/dsl/ApplicationBuildFeaturesImpl_DecoratedCustomizer> (0x000000008bce6290) 
thrown [s\src\hotspot\share\classfile\systemDictionary.cpp, line 256]
Event: 16.227 Thread 0x000001be539e6a60 Exception <a 'java/lang/ClassNotFoundException'{0x000000008bbdc0c0}: com/android/build/gradle/internal/api/ApkVariantOutputImpl_DecoratedBeanInfo> (0x000000008bbdc0c0) 
thrown [s\src\hotspot\share\classfile\systemDictionary.cpp, line 256]
Event: 16.228 Thread 0x000001be539e6a60 Exception <a 'java/lang/ClassNotFoundException'{0x000000008bbe8f38}: com/android/build/gradle/internal/api/ApkVariantOutputImplBeanInfo> (0x000000008bbe8f38) 
thrown [s\src\hotspot\share\classfile\systemDictionary.cpp, line 256]
Event: 16.229 Thread 0x000001be539e6a60 Exception <a 'java/lang/ClassNotFoundException'{0x000000008bbf5dc0}: com/android/build/gradle/internal/api/BaseVariantOutputImplBeanInfo> (0x000000008bbf5dc0) 
thrown [s\src\hotspot\share\classfile\systemDictionary.cpp, line 256]
Event: 16.231 Thread 0x000001be539e6a60 Exception <a 'java/lang/ClassNotFoundException'{0x000000008ba03110}: com/android/build/gradle/internal/api/BaseVariantOutputImplCustomizer> (0x000000008ba03110) 
thrown [s\src\hotspot\share\classfile\systemDictionary.cpp, line 256]
Event: 16.233 Thread 0x000001be539e6a60 Exception <a 'java/lang/ClassNotFoundException'{0x000000008ba22e70}: com/android/build/gradle/internal/api/ApkVariantOutputImplCustomizer> (0x000000008ba22e70) 
thrown [s\src\hotspot\share\classfile\systemDictionary.cpp, line 256]
Event: 16.235 Thread 0x000001be539e6a60 Exception <a 'java/lang/ClassNotFoundException'{0x000000008ba3dba8}: com/android/build/gradle/internal/api/ApkVariantOutputImpl_DecoratedCustomizer> (0x000000008ba3dba8) 
thrown [s\src\hotspot\share\classfile\systemDictionary.cpp, line 256]

VM Operations (20 events):
Event: 12.921 Executing VM operation: G1Concurrent
Event: 12.928 Executing VM operation: G1Concurrent done
Event: 12.982 Executing VM operation: G1Concurrent
Event: 12.982 Executing VM operation: G1Concurrent done
Event: 13.141 Executing VM operation: HandshakeAllThreads
Event: 13.142 Executing VM operation: HandshakeAllThreads done
Event: 13.996 Executing VM operation: G1CollectForAllocation
Event: 14.007 Executing VM operation: G1CollectForAllocation done
Event: 14.095 Executing VM operation: G1CollectForAllocation
Event: 14.114 Executing VM operation: G1CollectForAllocation done
Event: 14.603 Executing VM operation: HandshakeAllThreads
Event: 14.604 Executing VM operation: HandshakeAllThreads done
Event: 15.073 Executing VM operation: G1CollectForAllocation
Event: 15.082 Executing VM operation: G1CollectForAllocation done
Event: 15.219 Executing VM operation: G1Concurrent
Event: 15.228 Executing VM operation: G1Concurrent done
Event: 15.283 Executing VM operation: G1Concurrent
Event: 15.284 Executing VM operation: G1Concurrent done
Event: 16.284 Executing VM operation: Cleanup
Event: 16.285 Executing VM operation: Cleanup done

Events (20 events):
Event: 13.209 loading class org/xml/sax/DTDHandler
Event: 13.209 loading class org/xml/sax/DTDHandler done
Event: 13.228 loading class java/util/Spliterators$IntArraySpliterator
Event: 13.229 loading class java/util/Spliterators$IntArraySpliterator done
Event: 13.235 loading class java/text/ParsePosition
Event: 13.235 loading class java/text/ParsePosition done
Event: 13.250 loading class java/text/CharacterIterator
Event: 13.250 loading class java/text/CharacterIterator done
Event: 13.252 loading class java/text/StringCharacterIterator
Event: 13.252 loading class java/text/StringCharacterIterator done
Event: 13.347 loading class java/time/format/DateTimeFormatterBuilder$WeekBasedFieldPrinterParser
Event: 13.347 loading class java/time/format/DateTimeFormatterBuilder$WeekBasedFieldPrinterParser done
Event: 13.376 loading class com/sun/jmx/mbeanserver/StandardMBeanSupport
Event: 13.376 loading class com/sun/jmx/mbeanserver/StandardMBeanSupport done
Event: 13.376 loading class com/sun/jmx/mbeanserver/StandardMBeanIntrospector
Event: 13.377 loading class com/sun/jmx/mbeanserver/StandardMBeanIntrospector done
Event: 13.891 loading class java/util/regex/Pattern$Neg
Event: 13.891 loading class java/util/regex/Pattern$Neg done
Event: 14.241 loading class java/beans/IntrospectionException
Event: 14.241 loading class java/beans/IntrospectionException done


Dynamic libraries:
0x00007ff616aa0000 - 0x00007ff616aaa000 	C:\Program Files\Android\Android Studio\jbr\bin\java.exe
0x00007fff2f450000 - 0x00007fff2f664000 	C:\WINDOWS\SYSTEM32\ntdll.dll
0x00007fff2da40000 - 0x00007fff2db02000 	C:\WINDOWS\System32\KERNEL32.DLL
0x00007fff2cdd0000 - 0x00007fff2d16c000 	C:\WINDOWS\System32\KERNELBASE.dll
0x00007fff2cc10000 - 0x00007fff2cd21000 	C:\WINDOWS\System32\ucrtbase.dll
0x00007ffeefe00000 - 0x00007ffeefe17000 	C:\Program Files\Android\Android Studio\jbr\bin\jli.dll
0x00007ffefb010000 - 0x00007ffefb02b000 	C:\Program Files\Android\Android Studio\jbr\bin\VCRUNTIME140.dll
0x00007fff2d380000 - 0x00007fff2d52b000 	C:\WINDOWS\System32\USER32.dll
0x00007fff1edc0000 - 0x00007fff1f04e000 	C:\WINDOWS\WinSxS\amd64_microsoft.windows.common-controls_6595b64144ccf1df_6.0.22621.608_none_a9444ca7c10bb01d\COMCTL32.dll
0x00007fff2cb20000 - 0x00007fff2cb46000 	C:\WINDOWS\System32\win32u.dll
0x00007fff2f150000 - 0x00007fff2f1f7000 	C:\WINDOWS\System32\msvcrt.dll
0x00007fff2e2c0000 - 0x00007fff2e2e9000 	C:\WINDOWS\System32\GDI32.dll
0x00007fff2c890000 - 0x00007fff2c9a3000 	C:\WINDOWS\System32\gdi32full.dll
0x00007fff2cd30000 - 0x00007fff2cdca000 	C:\WINDOWS\System32\msvcp_win.dll
0x00007fff2d340000 - 0x00007fff2d371000 	C:\WINDOWS\System32\IMM32.DLL
0x00007fff21ad0000 - 0x00007fff21adc000 	C:\Program Files\Android\Android Studio\jbr\bin\vcruntime140_1.dll
0x00007ffee04c0000 - 0x00007ffee054d000 	C:\Program Files\Android\Android Studio\jbr\bin\msvcp140.dll
0x00007ffe9b930000 - 0x00007ffe9c59d000 	C:\Program Files\Android\Android Studio\jbr\bin\server\jvm.dll
0x00007fff2dc90000 - 0x00007fff2dd3e000 	C:\WINDOWS\System32\ADVAPI32.dll
0x00007fff2d930000 - 0x00007fff2d9d4000 	C:\WINDOWS\System32\sechost.dll
0x00007fff2e680000 - 0x00007fff2e797000 	C:\WINDOWS\System32\RPCRT4.dll
0x00007fff21940000 - 0x00007fff21974000 	C:\WINDOWS\SYSTEM32\WINMM.dll
0x00007fff27900000 - 0x00007fff27909000 	C:\WINDOWS\SYSTEM32\WSOCK32.dll
0x00007fff2f260000 - 0x00007fff2f2d1000 	C:\WINDOWS\System32\WS2_32.dll
0x00007fff241e0000 - 0x00007fff241ea000 	C:\WINDOWS\SYSTEM32\VERSION.dll
0x00007fff2b9d0000 - 0x00007fff2b9e8000 	C:\WINDOWS\SYSTEM32\kernel.appcore.dll
0x00007fff278d0000 - 0x00007fff278da000 	C:\Program Files\Android\Android Studio\jbr\bin\jimage.dll
0x00007fff29ba0000 - 0x00007fff29dce000 	C:\WINDOWS\SYSTEM32\DBGHELP.DLL
0x00007fff2e2f0000 - 0x00007fff2e679000 	C:\WINDOWS\System32\combase.dll
0x00007fff2d260000 - 0x00007fff2d337000 	C:\WINDOWS\System32\OLEAUT32.dll
0x00007fff03a90000 - 0x00007fff03ac2000 	C:\WINDOWS\SYSTEM32\dbgcore.DLL
0x00007fff2d1e0000 - 0x00007fff2d25b000 	C:\WINDOWS\System32\bcryptPrimitives.dll
0x00007fff17bf0000 - 0x00007fff17c15000 	C:\Program Files\Android\Android Studio\jbr\bin\java.dll
0x00007fff20e50000 - 0x00007fff20e68000 	C:\Program Files\Android\Android Studio\jbr\bin\zip.dll
0x00007fff2e7a0000 - 0x00007fff2ef90000 	C:\WINDOWS\System32\SHELL32.dll
0x00007fff2a8a0000 - 0x00007fff2b16d000 	C:\WINDOWS\SYSTEM32\windows.storage.dll
0x00007fff2a760000 - 0x00007fff2a89e000 	C:\WINDOWS\SYSTEM32\wintypes.dll
0x00007fff2f2e0000 - 0x00007fff2f3d1000 	C:\WINDOWS\System32\SHCORE.dll
0x00007fff2d9e0000 - 0x00007fff2da3e000 	C:\WINDOWS\System32\shlwapi.dll
0x00007fff2c7c0000 - 0x00007fff2c7e1000 	C:\WINDOWS\SYSTEM32\profapi.dll
0x00007fff19930000 - 0x00007fff19949000 	C:\Program Files\Android\Android Studio\jbr\bin\net.dll
0x00007fff26480000 - 0x00007fff265b7000 	C:\WINDOWS\SYSTEM32\WINHTTP.dll
0x00007fff2be40000 - 0x00007fff2bea9000 	C:\WINDOWS\system32\mswsock.dll
0x00007fff197f0000 - 0x00007fff19806000 	C:\Program Files\Android\Android Studio\jbr\bin\nio.dll
0x00007fff240d0000 - 0x00007fff240e0000 	C:\Program Files\Android\Android Studio\jbr\bin\verify.dll
0x00007ffedf8f0000 - 0x00007ffedf917000 	C:\Users\georg\Documents\edistynytmobiiliohjelmointi-master (1)\edistynytmobiiliohjelmointi-master\native\e1d6ef7f7dcc3fd88c89a11ec53ec762bb8ba0a96d01ffa2cd45eb1d1d8dd5c5\windows-amd64\native-platform.dll
0x00007ffe99f30000 - 0x00007ffe9a074000 	C:\Users\georg\Documents\edistynytmobiiliohjelmointi-master (1)\edistynytmobiiliohjelmointi-master\native\0d407fdbe67a94daf76414ababcb853783967236a71b16ec16e742cd7a986fd3\windows-amd64\native-platform-file-events.dll
0x00007fff278b0000 - 0x00007fff278b9000 	C:\Program Files\Android\Android Studio\jbr\bin\management.dll
0x00007fff27850000 - 0x00007fff2785b000 	C:\Program Files\Android\Android Studio\jbr\bin\management_ext.dll
0x00007fff2d920000 - 0x00007fff2d928000 	C:\WINDOWS\System32\PSAPI.DLL
0x00007fff2c0a0000 - 0x00007fff2c0bb000 	C:\WINDOWS\SYSTEM32\CRYPTSP.dll
0x00007fff2b940000 - 0x00007fff2b975000 	C:\WINDOWS\system32\rsaenh.dll
0x00007fff2bf40000 - 0x00007fff2bf68000 	C:\WINDOWS\SYSTEM32\USERENV.dll
0x00007fff2c260000 - 0x00007fff2c288000 	C:\WINDOWS\SYSTEM32\bcrypt.dll
0x00007fff2c0c0000 - 0x00007fff2c0cc000 	C:\WINDOWS\SYSTEM32\CRYPTBASE.dll
0x00007fff2b480000 - 0x00007fff2b4ad000 	C:\WINDOWS\SYSTEM32\IPHLPAPI.DLL
0x00007fff2e2b0000 - 0x00007fff2e2b9000 	C:\WINDOWS\System32\NSI.dll
0x00007fff25640000 - 0x00007fff25659000 	C:\WINDOWS\SYSTEM32\dhcpcsvc6.DLL
0x00007fff25620000 - 0x00007fff2563f000 	C:\WINDOWS\SYSTEM32\dhcpcsvc.DLL
0x00007fff2b500000 - 0x00007fff2b5f3000 	C:\WINDOWS\SYSTEM32\DNSAPI.dll
0x00007fff05bf0000 - 0x00007fff05bf8000 	C:\WINDOWS\system32\wshunix.dll

dbghelp: loaded successfully - version: 4.0.5 - missing functions: none
symbol engine: initialized successfully - sym options: 0x614 - pdb path: .;C:\Program Files\Android\Android Studio\jbr\bin;C:\WINDOWS\SYSTEM32;C:\WINDOWS\WinSxS\amd64_microsoft.windows.common-controls_6595b64144ccf1df_6.0.22621.608_none_a9444ca7c10bb01d;C:\Program Files\Android\Android Studio\jbr\bin\server;C:\Users\georg\Documents\edistynytmobiiliohjelmointi-master (1)\edistynytmobiiliohjelmointi-master\native\e1d6ef7f7dcc3fd88c89a11ec53ec762bb8ba0a96d01ffa2cd45eb1d1d8dd5c5\windows-amd64;C:\Users\georg\Documents\edistynytmobiiliohjelmointi-master (1)\edistynytmobiiliohjelmointi-master\native\0d407fdbe67a94daf76414ababcb853783967236a71b16ec16e742cd7a986fd3\windows-amd64

VM Arguments:
jvm_args: --add-opens=java.base/java.util=ALL-UNNAMED --add-opens=java.base/java.lang=ALL-UNNAMED --add-opens=java.base/java.lang.invoke=ALL-UNNAMED --add-opens=java.base/java.util=ALL-UNNAMED --add-opens=java.prefs/java.util.prefs=ALL-UNNAMED --add-opens=java.prefs/java.util.prefs=ALL-UNNAMED --add-opens=java.base/java.nio.charset=ALL-UNNAMED --add-opens=java.base/java.net=ALL-UNNAMED --add-opens=java.base/java.util.concurrent.atomic=ALL-UNNAMED -Xmx2048m -Dfile.encoding=UTF-8 -Duser.country=US -Duser.language=en -Duser.variant 
java_command: org.gradle.launcher.daemon.bootstrap.GradleDaemon 7.5
java_class_path (initial): C:\Users\georg\Documents\edistynytmobiiliohjelmointi-master (1)\edistynytmobiiliohjelmointi-master\wrapper\dists\gradle-7.5-bin\f1w0cc9nuo0eivz97x2xlu9sv\gradle-7.5\lib\gradle-launcher-7.5.jar
Launcher Type: SUN_STANDARD

[Global flags]
     intx CICompilerCount                          = 4                                         {product} {ergonomic}
     uint ConcGCThreads                            = 2                                         {product} {ergonomic}
     uint G1ConcRefinementThreads                  = 8                                         {product} {ergonomic}
   size_t G1HeapRegionSize                         = 1048576                                   {product} {ergonomic}
    uintx GCDrainStackTargetSize                   = 64                                        {product} {ergonomic}
   size_t InitialHeapSize                          = 262144000                                 {product} {ergonomic}
   size_t MarkStackSize                            = 4194304                                   {product} {ergonomic}
   size_t MaxHeapSize                              = 2147483648                                {product} {command line}
   size_t MaxNewSize                               = 1287651328                                {product} {ergonomic}
   size_t MinHeapDeltaBytes                        = 1048576                                   {product} {ergonomic}
   size_t MinHeapSize                              = 8388608                                   {product} {ergonomic}
    uintx NonNMethodCodeHeapSize                   = 5839372                                {pd product} {ergonomic}
    uintx NonProfiledCodeHeapSize                  = 122909434                              {pd product} {ergonomic}
    uintx ProfiledCodeHeapSize                     = 122909434                              {pd product} {ergonomic}
    uintx ReservedCodeCacheSize                    = 251658240                              {pd product} {ergonomic}
     bool SegmentedCodeCache                       = true                                      {product} {ergonomic}
   size_t SoftMaxHeapSize                          = 2147483648                             {manageable} {ergonomic}
     bool UseCompressedClassPointers               = true                           {product lp64_product} {ergonomic}
     bool UseCompressedOops                        = true                           {product lp64_product} {ergonomic}
     bool UseG1GC                                  = true                                      {product} {ergonomic}
     bool UseLargePagesIndividualAllocation        = false                                  {pd product} {ergonomic}

Logging:
Log output configuration:
 #0: stdout all=warning uptime,level,tags
 #1: stderr all=off uptime,level,tags

Environment Variables:
PATH=C:\WINDOWS\system32;C:\WINDOWS;C:\WINDOWS\System32\Wbem;C:\WINDOWS\System32\WindowsPowerShell\v1.0\;C:\WINDOWS\System32\OpenSSH\;C:\Users\georg\AppData\Local\Microsoft\WindowsApps;C:\Users\georg\AppData\Local\GitHubDesktop\bin
USERNAME=georg
OS=Windows_NT
PROCESSOR_IDENTIFIER=Intel64 Family 6 Model 140 Stepping 1, GenuineIntel
TMP=C:\Users\georg\AppData\Local\Temp
TEMP=C:\Users\georg\AppData\Local\Temp



---------------  S Y S T E M  ---------------

OS:
 Windows 11 , 64 bit Build 22621 (10.0.22621.1485)
OS uptime: 3 days 8:25 hours

CPU: total 8 (initial active 8) (4 cores per cpu, 2 threads per core) family 6 model 140 stepping 1 microcode 0xa4, cx8, cmov, fxsr, ht, mmx, 3dnowpref, sse, sse2, sse3, ssse3, sse4.1, sse4.2, popcnt, lzcnt, tsc, tscinvbit, avx, avx2, aes, erms, clmul, bmi1, bmi2, adx, avx512f, avx512dq, avx512cd, avx512bw, avx512vl, sha, fma, vzeroupper, avx512_vpopcntdq, avx512_vpclmulqdq, avx512_vaes, avx512_vnni, clflush, clflushopt, clwb, avx512_vbmi2, avx512_vbmi

Memory: 4k page, system-wide physical 15963M (3401M free)
TotalPageFile size 15963M (AvailPageFile size 5M)
current process WorkingSet (physical memory assigned to process): 451M, peak: 461M
current process commit charge ("private bytes"): 492M, peak: 504M

vm_info: OpenJDK 64-Bit Server VM (17.0.6+0-b2043.56-9586694) for windows-amd64 JRE (17.0.6+0-b2043.56-9586694), built on Feb  9 2023 20:06:20 by "androidbuild" with MS VC++ 16.10 / 16.11 (VS2019)

END.
